-- Found ament_cmake: 2.5.5 (/opt/ros/jazzy/share/ament_cmake/cmake)
-- Found webots_ros2_driver: 2025.0.1 (/MRTP/MRTP/src/install/webots_ros2_driver/share/webots_ros2_driver/cmake)
-- Found rosidl_generator_c: 4.6.7 (/opt/ros/jazzy/share/rosidl_generator_c/cmake)
-- Found rosidl_generator_cpp: 4.6.7 (/opt/ros/jazzy/share/rosidl_generator_cpp/cmake)
-- Using all available rosidl_typesupport_c: rosidl_typesupport_fastrtps_c;rosidl_typesupport_introspection_c
-- Using all available rosidl_typesupport_cpp: rosidl_typesupport_fastrtps_cpp;rosidl_typesupport_introspection_cpp
-- Found rmw_implementation_cmake: 7.3.3 (/opt/ros/jazzy/share/rmw_implementation_cmake/cmake)
-- Found rmw_fastrtps_cpp: 8.4.3 (/opt/ros/jazzy/share/rmw_fastrtps_cpp/cmake)
-- Using RMW implementation 'rmw_fastrtps_cpp' as default
-- Found eigen3_cmake_module: 0.3.0 (/opt/ros/jazzy/share/eigen3_cmake_module/cmake)
-- Ensuring Eigen3 include directory is part of orocos-kdl CMake target
-- Found nav_msgs: 5.3.6 (/opt/ros/jazzy/share/nav_msgs/cmake)
-- Configuring done (2.5s)
-- Generating done (0.3s)
-- Build files have been written to: /MRTP/MRTP/build/my_package
[ 25%] [32mBuilding CXX object CMakeFiles/autopilot_node.dir/src/autopilot_node.cpp.o[0m
[ 50%] [32m[1mLinking CXX executable autopilot_node[0m
[ 50%] Built target autopilot_node
[100%] Built target mavic2pro_patrol
-- Install configuration: ""
-- Installing: /MRTP/MRTP/install/my_package/lib/my_package/autopilot_node
-- Set non-toolchain portion of runtime path of "/MRTP/MRTP/install/my_package/lib/my_package/autopilot_node" to ""
-- Up-to-date: /MRTP/MRTP/install/my_package/lib/my_package/mavic2pro_patrol
-- Up-to-date: /MRTP/MRTP/install/my_package/share/my_package/launch
-- Up-to-date: /MRTP/MRTP/install/my_package/share/my_package/launch/robot_launch.py
-- Up-to-date: /MRTP/MRTP/install/my_package/share/my_package/resource
-- Up-to-date: /MRTP/MRTP/install/my_package/share/my_package/resource/my_robot.urdf
-- Up-to-date: /MRTP/MRTP/install/my_package/share/my_package/worlds
-- Up-to-date: /MRTP/MRTP/install/my_package/share/my_package/worlds/wharehouse.wbt
-- Installing: /MRTP/MRTP/install/my_package/share/ament_index/resource_index/package_run_dependencies/my_package
-- Installing: /MRTP/MRTP/install/my_package/share/ament_index/resource_index/parent_prefix_path/my_package
-- Up-to-date: /MRTP/MRTP/install/my_package/share/my_package/environment/ament_prefix_path.sh
-- Up-to-date: /MRTP/MRTP/install/my_package/share/my_package/environment/ament_prefix_path.dsv
-- Up-to-date: /MRTP/MRTP/install/my_package/share/my_package/environment/path.sh
-- Up-to-date: /MRTP/MRTP/install/my_package/share/my_package/environment/path.dsv
-- Up-to-date: /MRTP/MRTP/install/my_package/share/my_package/local_setup.bash
-- Up-to-date: /MRTP/MRTP/install/my_package/share/my_package/local_setup.sh
-- Up-to-date: /MRTP/MRTP/install/my_package/share/my_package/local_setup.zsh
-- Up-to-date: /MRTP/MRTP/install/my_package/share/my_package/local_setup.dsv
-- Installing: /MRTP/MRTP/install/my_package/share/my_package/package.dsv
-- Up-to-date: /MRTP/MRTP/install/my_package/share/ament_index/resource_index/packages/my_package
-- Up-to-date: /MRTP/MRTP/install/my_package/share/my_package/cmake/my_packageConfig.cmake
-- Up-to-date: /MRTP/MRTP/install/my_package/share/my_package/cmake/my_packageConfig-version.cmake
-- Installing: /MRTP/MRTP/install/my_package/share/my_package/package.xml
