[0.072s] Invoking command in '/MRTP/MRTP/build/my_package': CMAKE_PREFIX_PATH=${CMAKE_PREFIX_PATH}:/MRTP/MRTP/install/webots_ros2_mavic:/MRTP/MRTP/install/gazeboenvs:/MRTP/MRTP/src/install/webots_ros2:/MRTP/MRTP/src/install/webots_ros2_universal_robot:/MRTP/MRTP/src/install/webots_ros2_turtlebot:/MRTP/MRTP/src/install/webots_ros2_tiago:/MRTP/MRTP/src/install/webots_ros2_tests:/MRTP/MRTP/src/install/webots_ros2_tesla:/MRTP/MRTP/src/install/webots_ros2_mavic:/MRTP/MRTP/src/install/webots_ros2_husarion:/MRTP/MRTP/src/install/webots_ros2_epuck:/MRTP/MRTP/src/install/webots_ros2_crazyflie:/MRTP/MRTP/src/install/webots_ros2_importer:/MRTP/MRTP/src/install/gazeboenvs:/opt/ros/jazzy PS1=(.venv) \[\e]0;\u@\h: \w\a\]${debian_chroot:+($debian_chroot)}\u@\h:\w\$ VIRTUAL_ENV_PROMPT=(.venv) /usr/bin/cmake --build /MRTP/MRTP/build/my_package -- -j12 -l12
[0.358s] -- Found ament_cmake: 2.5.5 (/opt/ros/jazzy/share/ament_cmake/cmake)
[1.363s] -- Found rclcpp: 28.1.16 (/opt/ros/jazzy/share/rclcpp/cmake)
[1.440s] -- Found rosidl_generator_c: 4.6.7 (/opt/ros/jazzy/share/rosidl_generator_c/cmake)
[1.475s] -- Found rosidl_generator_cpp: 4.6.7 (/opt/ros/jazzy/share/rosidl_generator_cpp/cmake)
[1.487s] -- Using all available rosidl_typesupport_c: rosidl_typesupport_fastrtps_c;rosidl_typesupport_introspection_c
[1.510s] -- Using all available rosidl_typesupport_cpp: rosidl_typesupport_fastrtps_cpp;rosidl_typesupport_introspection_cpp
[1.732s] -- Found rmw_implementation_cmake: 7.3.3 (/opt/ros/jazzy/share/rmw_implementation_cmake/cmake)
[1.736s] -- Found rmw_fastrtps_cpp: 8.4.3 (/opt/ros/jazzy/share/rmw_fastrtps_cpp/cmake)
[1.900s] -- Using RMW implementation 'rmw_fastrtps_cpp' as default
[2.100s] -- Found geometry_msgs: 5.3.6 (/opt/ros/jazzy/share/geometry_msgs/cmake)
[3.117s] -- Configuring done (2.8s)
[3.268s] -- Generating done (0.1s)
[3.392s] -- Build files have been written to: /MRTP/MRTP/build/my_package
[3.879s] [100%] Built target autopilot_node
[4.025s] [100%] Built target ament_cmake_python_copy_my_package
[4.882s] running egg_info
[4.888s] creating my_package.egg-info
[4.929s] writing my_package.egg-info/PKG-INFO
[4.930s] writing dependency_links to my_package.egg-info/dependency_links.txt
[4.931s] writing top-level names to my_package.egg-info/top_level.txt
[4.932s] writing manifest file 'my_package.egg-info/SOURCES.txt'
[5.125s] reading manifest file 'my_package.egg-info/SOURCES.txt'
[5.128s] writing manifest file 'my_package.egg-info/SOURCES.txt'
[5.225s] [100%] Built target ament_cmake_python_build_my_package_egg
[5.372s] Invoked command in '/MRTP/MRTP/build/my_package' returned '0': CMAKE_PREFIX_PATH=${CMAKE_PREFIX_PATH}:/MRTP/MRTP/install/webots_ros2_mavic:/MRTP/MRTP/install/gazeboenvs:/MRTP/MRTP/src/install/webots_ros2:/MRTP/MRTP/src/install/webots_ros2_universal_robot:/MRTP/MRTP/src/install/webots_ros2_turtlebot:/MRTP/MRTP/src/install/webots_ros2_tiago:/MRTP/MRTP/src/install/webots_ros2_tests:/MRTP/MRTP/src/install/webots_ros2_tesla:/MRTP/MRTP/src/install/webots_ros2_mavic:/MRTP/MRTP/src/install/webots_ros2_husarion:/MRTP/MRTP/src/install/webots_ros2_epuck:/MRTP/MRTP/src/install/webots_ros2_crazyflie:/MRTP/MRTP/src/install/webots_ros2_importer:/MRTP/MRTP/src/install/gazeboenvs:/opt/ros/jazzy PS1=(.venv) \[\e]0;\u@\h: \w\a\]${debian_chroot:+($debian_chroot)}\u@\h:\w\$ VIRTUAL_ENV_PROMPT=(.venv) /usr/bin/cmake --build /MRTP/MRTP/build/my_package -- -j12 -l12
[5.423s] Invoking command in '/MRTP/MRTP/build/my_package': CMAKE_PREFIX_PATH=${CMAKE_PREFIX_PATH}:/MRTP/MRTP/install/webots_ros2_mavic:/MRTP/MRTP/install/gazeboenvs:/MRTP/MRTP/src/install/webots_ros2:/MRTP/MRTP/src/install/webots_ros2_universal_robot:/MRTP/MRTP/src/install/webots_ros2_turtlebot:/MRTP/MRTP/src/install/webots_ros2_tiago:/MRTP/MRTP/src/install/webots_ros2_tests:/MRTP/MRTP/src/install/webots_ros2_tesla:/MRTP/MRTP/src/install/webots_ros2_mavic:/MRTP/MRTP/src/install/webots_ros2_husarion:/MRTP/MRTP/src/install/webots_ros2_epuck:/MRTP/MRTP/src/install/webots_ros2_crazyflie:/MRTP/MRTP/src/install/webots_ros2_importer:/MRTP/MRTP/src/install/gazeboenvs:/opt/ros/jazzy PS1=(.venv) \[\e]0;\u@\h: \w\a\]${debian_chroot:+($debian_chroot)}\u@\h:\w\$ VIRTUAL_ENV_PROMPT=(.venv) /usr/bin/cmake --install /MRTP/MRTP/build/my_package
[5.602s] -- Install configuration: ""
[5.603s] -- Up-to-date: /MRTP/MRTP/install/my_package/lib/my_package/autopilot_node
[5.606s] -- Installing: /MRTP/MRTP/install/my_package/share/my_package/environment/pythonpath.sh
[5.616s] -- Installing: /MRTP/MRTP/install/my_package/share/my_package/environment/pythonpath.dsv
[5.619s] -- Installing: /MRTP/MRTP/install/my_package/lib/python3.12/site-packages/my_package-0.0.0-py3.12.egg-info
[5.621s] -- Installing: /MRTP/MRTP/install/my_package/lib/python3.12/site-packages/my_package-0.0.0-py3.12.egg-info/PKG-INFO
[5.624s] -- Installing: /MRTP/MRTP/install/my_package/lib/python3.12/site-packages/my_package-0.0.0-py3.12.egg-info/SOURCES.txt
[5.626s] -- Installing: /MRTP/MRTP/install/my_package/lib/python3.12/site-packages/my_package-0.0.0-py3.12.egg-info/top_level.txt
[5.636s] -- Installing: /MRTP/MRTP/install/my_package/lib/python3.12/site-packages/my_package-0.0.0-py3.12.egg-info/dependency_links.txt
[5.639s] -- Installing: /MRTP/MRTP/install/my_package/lib/python3.12/site-packages/my_package
[5.647s] -- Installing: /MRTP/MRTP/install/my_package/lib/python3.12/site-packages/my_package/__init__.py
[5.651s] -- Installing: /MRTP/MRTP/install/my_package/lib/python3.12/site-packages/my_package/mavic_driver.py
[5.866s] Listing '/MRTP/MRTP/install/my_package/lib/python3.12/site-packages/my_package'...
[5.867s] Compiling '/MRTP/MRTP/install/my_package/lib/python3.12/site-packages/my_package/__init__.py'...
[5.867s] Compiling '/MRTP/MRTP/install/my_package/lib/python3.12/site-packages/my_package/mavic_driver.py'...
[5.882s] -- Up-to-date: /MRTP/MRTP/install/my_package/share/my_package/launch
[5.883s] -- Up-to-date: /MRTP/MRTP/install/my_package/share/my_package/launch/robot_launch.py
[5.883s] -- Up-to-date: /MRTP/MRTP/install/my_package/share/my_package/resource
[5.884s] -- Installing: /MRTP/MRTP/install/my_package/share/my_package/resource/mavic_webots.urdf
[5.887s] -- Up-to-date: /MRTP/MRTP/install/my_package/share/my_package/worlds
[5.891s] -- Up-to-date: /MRTP/MRTP/install/my_package/share/my_package/worlds/wharehouse.wbt
[5.892s] -- Installing: /MRTP/MRTP/install/my_package/share/ament_index/resource_index/package_run_dependencies/my_package
[5.895s] -- Up-to-date: /MRTP/MRTP/install/my_package/share/ament_index/resource_index/parent_prefix_path/my_package
[5.900s] -- Up-to-date: /MRTP/MRTP/install/my_package/share/my_package/environment/ament_prefix_path.sh
[5.901s] -- Up-to-date: /MRTP/MRTP/install/my_package/share/my_package/environment/ament_prefix_path.dsv
[5.901s] -- Up-to-date: /MRTP/MRTP/install/my_package/share/my_package/environment/path.sh
[5.902s] -- Up-to-date: /MRTP/MRTP/install/my_package/share/my_package/environment/path.dsv
[5.903s] -- Up-to-date: /MRTP/MRTP/install/my_package/share/my_package/local_setup.bash
[5.905s] -- Installing: /MRTP/MRTP/install/my_package/share/my_package/local_setup.sh
[5.908s] -- Up-to-date: /MRTP/MRTP/install/my_package/share/my_package/local_setup.zsh
[5.913s] -- Installing: /MRTP/MRTP/install/my_package/share/my_package/local_setup.dsv
[5.916s] -- Installing: /MRTP/MRTP/install/my_package/share/my_package/package.dsv
[5.921s] -- Up-to-date: /MRTP/MRTP/install/my_package/share/ament_index/resource_index/packages/my_package
[5.923s] -- Up-to-date: /MRTP/MRTP/install/my_package/share/my_package/cmake/my_packageConfig.cmake
[5.923s] -- Up-to-date: /MRTP/MRTP/install/my_package/share/my_package/cmake/my_packageConfig-version.cmake
[5.924s] -- Installing: /MRTP/MRTP/install/my_package/share/my_package/package.xml
[5.946s] Invoked command in '/MRTP/MRTP/build/my_package' returned '0': CMAKE_PREFIX_PATH=${CMAKE_PREFIX_PATH}:/MRTP/MRTP/install/webots_ros2_mavic:/MRTP/MRTP/install/gazeboenvs:/MRTP/MRTP/src/install/webots_ros2:/MRTP/MRTP/src/install/webots_ros2_universal_robot:/MRTP/MRTP/src/install/webots_ros2_turtlebot:/MRTP/MRTP/src/install/webots_ros2_tiago:/MRTP/MRTP/src/install/webots_ros2_tests:/MRTP/MRTP/src/install/webots_ros2_tesla:/MRTP/MRTP/src/install/webots_ros2_mavic:/MRTP/MRTP/src/install/webots_ros2_husarion:/MRTP/MRTP/src/install/webots_ros2_epuck:/MRTP/MRTP/src/install/webots_ros2_crazyflie:/MRTP/MRTP/src/install/webots_ros2_importer:/MRTP/MRTP/src/install/gazeboenvs:/opt/ros/jazzy PS1=(.venv) \[\e]0;\u@\h: \w\a\]${debian_chroot:+($debian_chroot)}\u@\h:\w\$ VIRTUAL_ENV_PROMPT=(.venv) /usr/bin/cmake --install /MRTP/MRTP/build/my_package
