[0.911s] Invoking command in '/MRTP/MRTP/src/build/webots_ros2_universal_robot': AMENT_PREFIX_PATH=/MRTP/MRTP/src/install/webots_ros2_control:/MRTP/MRTP/src/install/webots_ros2_driver:/MRTP/MRTP/src/install/webots_ros2_msgs:/MRTP/MRTP/src/install/webots_ros2_importer:${AMENT_PREFIX_PATH} CMAKE_PREFIX_PATH=/MRTP/MRTP/src/install/webots_ros2_control:/MRTP/MRTP/src/install/webots_ros2_driver:/MRTP/MRTP/src/install/webots_ros2_msgs:${CMAKE_PREFIX_PATH} LD_LIBRARY_PATH=/MRTP/MRTP/src/install/webots_ros2_control/lib:/MRTP/MRTP/src/install/webots_ros2_driver/lib:/MRTP/MRTP/src/install/webots_ros2_msgs/lib:${LD_LIBRARY_PATH} PS1=(.venv) \[\e]0;\u@\h: \w\a\]${debian_chroot:+($debian_chroot)}\u@\h:\w\$ PYTHONPATH=/MRTP/MRTP/src/build/webots_ros2_universal_robot/prefix_override:/usr/lib/python3/dist-packages/colcon_core/task/python/colcon_distutils_commands:/MRTP/MRTP/src/install/webots_ros2_universal_robot/lib/python3.12/site-packages:/MRTP/MRTP/src/install/webots_ros2_driver/lib/python3.12/site-packages:/MRTP/MRTP/src/install/webots_ros2_msgs/lib/python3.12/site-packages:/MRTP/MRTP/src/build/webots_ros2_importer:/MRTP/MRTP/src/install/webots_ros2_importer/lib/python3.12/site-packages:${PYTHONPATH} VIRTUAL_ENV_PROMPT=(.venv) /usr/bin/python3 -W ignore:setup.py install is deprecated -W ignore:easy_install command is deprecated setup.py develop --editable --build-directory /MRTP/MRTP/src/build/webots_ros2_universal_robot/build --no-deps symlink_data
[1.139s] running develop
[1.299s] running egg_info
[1.300s] creating webots_ros2_universal_robot.egg-info
[1.306s] writing webots_ros2_universal_robot.egg-info/PKG-INFO
[1.318s] writing dependency_links to webots_ros2_universal_robot.egg-info/dependency_links.txt
[1.322s] writing entry points to webots_ros2_universal_robot.egg-info/entry_points.txt
[1.333s] writing requirements to webots_ros2_universal_robot.egg-info/requires.txt
[1.334s] writing top-level names to webots_ros2_universal_robot.egg-info/top_level.txt
[1.336s] writing manifest file 'webots_ros2_universal_robot.egg-info/SOURCES.txt'
[1.384s] reading manifest file 'webots_ros2_universal_robot.egg-info/SOURCES.txt'
[1.387s] writing manifest file 'webots_ros2_universal_robot.egg-info/SOURCES.txt'
[1.399s] running build_ext
[1.399s] Creating /MRTP/MRTP/src/install/webots_ros2_universal_robot/lib/python3.12/site-packages/webots-ros2-universal-robot.egg-link (link to .)
[1.402s] Installing abb_controller script to /MRTP/MRTP/src/install/webots_ros2_universal_robot/lib/webots_ros2_universal_robot
[1.403s] Installing ur5e_controller script to /MRTP/MRTP/src/install/webots_ros2_universal_robot/lib/webots_ros2_universal_robot
[1.404s] 
[1.404s] Installed /MRTP/MRTP/src/build/webots_ros2_universal_robot
[1.404s] running symlink_data
[1.405s] creating /MRTP/MRTP/src/install/webots_ros2_universal_robot/share/ament_index
[1.405s] creating /MRTP/MRTP/src/install/webots_ros2_universal_robot/share/ament_index/resource_index
[1.406s] creating /MRTP/MRTP/src/install/webots_ros2_universal_robot/share/ament_index/resource_index/packages
[1.406s] symbolically linking /MRTP/MRTP/src/build/webots_ros2_universal_robot/resource/webots_ros2_universal_robot -> /MRTP/MRTP/src/install/webots_ros2_universal_robot/share/ament_index/resource_index/packages
[1.407s] creating /MRTP/MRTP/src/install/webots_ros2_universal_robot/share/webots_ros2_universal_robot/launch
[1.407s] symbolically linking /MRTP/MRTP/src/build/webots_ros2_universal_robot/launch/robot_launch/robot_nodes_launch.py -> /MRTP/MRTP/src/install/webots_ros2_universal_robot/share/webots_ros2_universal_robot/launch
[1.411s] symbolically linking /MRTP/MRTP/src/build/webots_ros2_universal_robot/launch/robot_launch/robot_world_launch.py -> /MRTP/MRTP/src/install/webots_ros2_universal_robot/share/webots_ros2_universal_robot/launch
[1.411s] symbolically linking /MRTP/MRTP/src/build/webots_ros2_universal_robot/launch/robot_launch/robot_moveit_nodes_launch.py -> /MRTP/MRTP/src/install/webots_ros2_universal_robot/share/webots_ros2_universal_robot/launch
[1.412s] symbolically linking /MRTP/MRTP/src/build/webots_ros2_universal_robot/launch/multirobot_launch.py -> /MRTP/MRTP/src/install/webots_ros2_universal_robot/share/webots_ros2_universal_robot/launch
[1.412s] creating /MRTP/MRTP/src/install/webots_ros2_universal_robot/share/webots_ros2_universal_robot/worlds
[1.412s] symbolically linking /MRTP/MRTP/src/build/webots_ros2_universal_robot/worlds/universal_robot.wbt -> /MRTP/MRTP/src/install/webots_ros2_universal_robot/share/webots_ros2_universal_robot/worlds
[1.413s] symbolically linking /MRTP/MRTP/src/build/webots_ros2_universal_robot/worlds/.universal_robot.wbproj -> /MRTP/MRTP/src/install/webots_ros2_universal_robot/share/webots_ros2_universal_robot/worlds
[1.413s] symbolically linking /MRTP/MRTP/src/build/webots_ros2_universal_robot/worlds/robotic_arms.wbt -> /MRTP/MRTP/src/install/webots_ros2_universal_robot/share/webots_ros2_universal_robot/worlds
[1.413s] symbolically linking /MRTP/MRTP/src/build/webots_ros2_universal_robot/worlds/.robotic_arms.wbproj -> /MRTP/MRTP/src/install/webots_ros2_universal_robot/share/webots_ros2_universal_robot/worlds
[1.414s] symbolically linking /MRTP/MRTP/src/build/webots_ros2_universal_robot/package.xml -> /MRTP/MRTP/src/install/webots_ros2_universal_robot/share/webots_ros2_universal_robot
[1.414s] creating /MRTP/MRTP/src/install/webots_ros2_universal_robot/share/webots_ros2_universal_robot/resource
[1.414s] symbolically linking /MRTP/MRTP/src/build/webots_ros2_universal_robot/resource/moveit_visualization.rviz -> /MRTP/MRTP/src/install/webots_ros2_universal_robot/share/webots_ros2_universal_robot/resource
[1.414s] symbolically linking /MRTP/MRTP/src/build/webots_ros2_universal_robot/resource/ur5e_with_gripper.urdf.xacro -> /MRTP/MRTP/src/install/webots_ros2_universal_robot/share/webots_ros2_universal_robot/resource
[1.415s] symbolically linking /MRTP/MRTP/src/build/webots_ros2_universal_robot/resource/moveit_kinematics.yaml -> /MRTP/MRTP/src/install/webots_ros2_universal_robot/share/webots_ros2_universal_robot/resource
[1.415s] symbolically linking /MRTP/MRTP/src/build/webots_ros2_universal_robot/resource/webots_abb_description.urdf -> /MRTP/MRTP/src/install/webots_ros2_universal_robot/share/webots_ros2_universal_robot/resource
[1.415s] symbolically linking /MRTP/MRTP/src/build/webots_ros2_universal_robot/resource/ros2_control_abb_config.yaml -> /MRTP/MRTP/src/install/webots_ros2_universal_robot/share/webots_ros2_universal_robot/resource
[1.416s] symbolically linking /MRTP/MRTP/src/build/webots_ros2_universal_robot/resource/moveit_movegroup.yaml -> /MRTP/MRTP/src/install/webots_ros2_universal_robot/share/webots_ros2_universal_robot/resource
[1.416s] symbolically linking /MRTP/MRTP/src/build/webots_ros2_universal_robot/resource/moveit_controllers.yaml -> /MRTP/MRTP/src/install/webots_ros2_universal_robot/share/webots_ros2_universal_robot/resource
[1.416s] symbolically linking /MRTP/MRTP/src/build/webots_ros2_universal_robot/resource/ur5e_with_gripper.urdf -> /MRTP/MRTP/src/install/webots_ros2_universal_robot/share/webots_ros2_universal_robot/resource
[1.416s] symbolically linking /MRTP/MRTP/src/build/webots_ros2_universal_robot/resource/moveit_ur5e.srdf -> /MRTP/MRTP/src/install/webots_ros2_universal_robot/share/webots_ros2_universal_robot/resource
[1.417s] symbolically linking /MRTP/MRTP/src/build/webots_ros2_universal_robot/resource/ros2_control_config.yaml -> /MRTP/MRTP/src/install/webots_ros2_universal_robot/share/webots_ros2_universal_robot/resource
[1.417s] creating /MRTP/MRTP/src/install/webots_ros2_universal_robot/share/webots_ros2_universal_robot/resource/robotiq
[1.417s] creating /MRTP/MRTP/src/install/webots_ros2_universal_robot/share/webots_ros2_universal_robot/resource/robotiq/robotiq_3f_gripper_visualization
[1.417s] creating /MRTP/MRTP/src/install/webots_ros2_universal_robot/share/webots_ros2_universal_robot/resource/robotiq/robotiq_3f_gripper_visualization/cfg
[1.418s] symbolically linking /MRTP/MRTP/src/build/webots_ros2_universal_robot/resource/robotiq/robotiq_3f_gripper_visualization/cfg/robotiq-3f-gripper_finger_articulated_macro.xacro -> /MRTP/MRTP/src/install/webots_ros2_universal_robot/share/webots_ros2_universal_robot/resource/robotiq/robotiq_3f_gripper_visualization/cfg
[1.418s] symbolically linking /MRTP/MRTP/src/build/webots_ros2_universal_robot/resource/robotiq/robotiq_3f_gripper_visualization/cfg/robotiq-3f-gripper_articulated_macro.xacro -> /MRTP/MRTP/src/install/webots_ros2_universal_robot/share/webots_ros2_universal_robot/resource/robotiq/robotiq_3f_gripper_visualization/cfg
[1.418s] creating /MRTP/MRTP/src/install/webots_ros2_universal_robot/share/webots_ros2_universal_robot/resource/robotiq/robotiq_3f_gripper_visualization/meshes
[1.419s] creating /MRTP/MRTP/src/install/webots_ros2_universal_robot/share/webots_ros2_universal_robot/resource/robotiq/robotiq_3f_gripper_visualization/meshes/robotiq-3f-gripper_articulated
[1.419s] creating /MRTP/MRTP/src/install/webots_ros2_universal_robot/share/webots_ros2_universal_robot/resource/robotiq/robotiq_3f_gripper_visualization/meshes/robotiq-3f-gripper_articulated/visual
[1.419s] symbolically linking /MRTP/MRTP/src/build/webots_ros2_universal_robot/resource/robotiq/robotiq_3f_gripper_visualization/meshes/robotiq-3f-gripper_articulated/visual/link_1.dae -> /MRTP/MRTP/src/install/webots_ros2_universal_robot/share/webots_ros2_universal_robot/resource/robotiq/robotiq_3f_gripper_visualization/meshes/robotiq-3f-gripper_articulated/visual
[1.420s] symbolically linking /MRTP/MRTP/src/build/webots_ros2_universal_robot/resource/robotiq/robotiq_3f_gripper_visualization/meshes/robotiq-3f-gripper_articulated/visual/link_0.dae -> /MRTP/MRTP/src/install/webots_ros2_universal_robot/share/webots_ros2_universal_robot/resource/robotiq/robotiq_3f_gripper_visualization/meshes/robotiq-3f-gripper_articulated/visual
[1.420s] symbolically linking /MRTP/MRTP/src/build/webots_ros2_universal_robot/resource/robotiq/robotiq_3f_gripper_visualization/meshes/robotiq-3f-gripper_articulated/visual/link_2.dae -> /MRTP/MRTP/src/install/webots_ros2_universal_robot/share/webots_ros2_universal_robot/resource/robotiq/robotiq_3f_gripper_visualization/meshes/robotiq-3f-gripper_articulated/visual
[1.421s] symbolically linking /MRTP/MRTP/src/build/webots_ros2_universal_robot/resource/robotiq/robotiq_3f_gripper_visualization/meshes/robotiq-3f-gripper_articulated/visual/link_3.dae -> /MRTP/MRTP/src/install/webots_ros2_universal_robot/share/webots_ros2_universal_robot/resource/robotiq/robotiq_3f_gripper_visualization/meshes/robotiq-3f-gripper_articulated/visual
[1.421s] symbolically linking /MRTP/MRTP/src/build/webots_ros2_universal_robot/resource/robotiq/robotiq_3f_gripper_visualization/meshes/robotiq-3f-gripper_articulated/visual/palm.dae -> /MRTP/MRTP/src/install/webots_ros2_universal_robot/share/webots_ros2_universal_robot/resource/robotiq/robotiq_3f_gripper_visualization/meshes/robotiq-3f-gripper_articulated/visual
[1.421s] creating /MRTP/MRTP/src/install/webots_ros2_universal_robot/share/webots_ros2_universal_robot/resource/robotiq/robotiq_3f_gripper_visualization/meshes/robotiq-3f-gripper_articulated/collision
[1.422s] symbolically linking /MRTP/MRTP/src/build/webots_ros2_universal_robot/resource/robotiq/robotiq_3f_gripper_visualization/meshes/robotiq-3f-gripper_articulated/collision/palm.STL -> /MRTP/MRTP/src/install/webots_ros2_universal_robot/share/webots_ros2_universal_robot/resource/robotiq/robotiq_3f_gripper_visualization/meshes/robotiq-3f-gripper_articulated/collision
[1.422s] symbolically linking /MRTP/MRTP/src/build/webots_ros2_universal_robot/resource/robotiq/robotiq_3f_gripper_visualization/meshes/robotiq-3f-gripper_articulated/collision/link_0.STL -> /MRTP/MRTP/src/install/webots_ros2_universal_robot/share/webots_ros2_universal_robot/resource/robotiq/robotiq_3f_gripper_visualization/meshes/robotiq-3f-gripper_articulated/collision
[1.422s] symbolically linking /MRTP/MRTP/src/build/webots_ros2_universal_robot/resource/robotiq/robotiq_3f_gripper_visualization/meshes/robotiq-3f-gripper_articulated/collision/link_1.STL -> /MRTP/MRTP/src/install/webots_ros2_universal_robot/share/webots_ros2_universal_robot/resource/robotiq/robotiq_3f_gripper_visualization/meshes/robotiq-3f-gripper_articulated/collision
[1.422s] symbolically linking /MRTP/MRTP/src/build/webots_ros2_universal_robot/resource/robotiq/robotiq_3f_gripper_visualization/meshes/robotiq-3f-gripper_articulated/collision/link_3.STL -> /MRTP/MRTP/src/install/webots_ros2_universal_robot/share/webots_ros2_universal_robot/resource/robotiq/robotiq_3f_gripper_visualization/meshes/robotiq-3f-gripper_articulated/collision
[1.423s] symbolically linking /MRTP/MRTP/src/build/webots_ros2_universal_robot/resource/robotiq/robotiq_3f_gripper_visualization/meshes/robotiq-3f-gripper_articulated/collision/link_2.STL -> /MRTP/MRTP/src/install/webots_ros2_universal_robot/share/webots_ros2_universal_robot/resource/robotiq/robotiq_3f_gripper_visualization/meshes/robotiq-3f-gripper_articulated/collision
[1.423s] creating /MRTP/MRTP/src/install/webots_ros2_universal_robot/share/webots_ros2_universal_robot/resource/Universal_Robots_ROS2_Driver
[1.424s] creating /MRTP/MRTP/src/install/webots_ros2_universal_robot/share/webots_ros2_universal_robot/resource/Universal_Robots_ROS2_Driver/ur_description
[1.424s] creating /MRTP/MRTP/src/install/webots_ros2_universal_robot/share/webots_ros2_universal_robot/resource/Universal_Robots_ROS2_Driver/ur_description/config
[1.424s] symbolically linking /MRTP/MRTP/src/build/webots_ros2_universal_robot/resource/Universal_Robots_ROS2_Driver/ur_description/config/initial_positions.yaml -> /MRTP/MRTP/src/install/webots_ros2_universal_robot/share/webots_ros2_universal_robot/resource/Universal_Robots_ROS2_Driver/ur_description/config
[1.425s] creating /MRTP/MRTP/src/install/webots_ros2_universal_robot/share/webots_ros2_universal_robot/resource/Universal_Robots_ROS2_Driver/ur_description/config/ur5e
[1.425s] symbolically linking /MRTP/MRTP/src/build/webots_ros2_universal_robot/resource/Universal_Robots_ROS2_Driver/ur_description/config/ur5e/joint_limits.yaml -> /MRTP/MRTP/src/install/webots_ros2_universal_robot/share/webots_ros2_universal_robot/resource/Universal_Robots_ROS2_Driver/ur_description/config/ur5e
[1.425s] symbolically linking /MRTP/MRTP/src/build/webots_ros2_universal_robot/resource/Universal_Robots_ROS2_Driver/ur_description/config/ur5e/default_kinematics.yaml -> /MRTP/MRTP/src/install/webots_ros2_universal_robot/share/webots_ros2_universal_robot/resource/Universal_Robots_ROS2_Driver/ur_description/config/ur5e
[1.426s] symbolically linking /MRTP/MRTP/src/build/webots_ros2_universal_robot/resource/Universal_Robots_ROS2_Driver/ur_description/config/ur5e/physical_parameters.yaml -> /MRTP/MRTP/src/install/webots_ros2_universal_robot/share/webots_ros2_universal_robot/resource/Universal_Robots_ROS2_Driver/ur_description/config/ur5e
[1.426s] symbolically linking /MRTP/MRTP/src/build/webots_ros2_universal_robot/resource/Universal_Robots_ROS2_Driver/ur_description/config/ur5e/visual_parameters.yaml -> /MRTP/MRTP/src/install/webots_ros2_universal_robot/share/webots_ros2_universal_robot/resource/Universal_Robots_ROS2_Driver/ur_description/config/ur5e
[1.426s] creating /MRTP/MRTP/src/install/webots_ros2_universal_robot/share/webots_ros2_universal_robot/resource/Universal_Robots_ROS2_Driver/ur_description/urdf
[1.427s] symbolically linking /MRTP/MRTP/src/build/webots_ros2_universal_robot/resource/Universal_Robots_ROS2_Driver/ur_description/urdf/ur.ros2_control.xacro -> /MRTP/MRTP/src/install/webots_ros2_universal_robot/share/webots_ros2_universal_robot/resource/Universal_Robots_ROS2_Driver/ur_description/urdf
[1.427s] symbolically linking /MRTP/MRTP/src/build/webots_ros2_universal_robot/resource/Universal_Robots_ROS2_Driver/ur_description/urdf/ur_macro.xacro -> /MRTP/MRTP/src/install/webots_ros2_universal_robot/share/webots_ros2_universal_robot/resource/Universal_Robots_ROS2_Driver/ur_description/urdf
[1.429s] symbolically linking /MRTP/MRTP/src/build/webots_ros2_universal_robot/resource/Universal_Robots_ROS2_Driver/ur_description/urdf/ur.urdf.xacro -> /MRTP/MRTP/src/install/webots_ros2_universal_robot/share/webots_ros2_universal_robot/resource/Universal_Robots_ROS2_Driver/ur_description/urdf
[1.430s] creating /MRTP/MRTP/src/install/webots_ros2_universal_robot/share/webots_ros2_universal_robot/resource/Universal_Robots_ROS2_Driver/ur_description/urdf/inc
[1.430s] symbolically linking /MRTP/MRTP/src/build/webots_ros2_universal_robot/resource/Universal_Robots_ROS2_Driver/ur_description/urdf/inc/ur_common.xacro -> /MRTP/MRTP/src/install/webots_ros2_universal_robot/share/webots_ros2_universal_robot/resource/Universal_Robots_ROS2_Driver/ur_description/urdf/inc
[1.431s] symbolically linking /MRTP/MRTP/src/build/webots_ros2_universal_robot/resource/Universal_Robots_ROS2_Driver/ur_description/urdf/inc/ur_transmissions.xacro -> /MRTP/MRTP/src/install/webots_ros2_universal_robot/share/webots_ros2_universal_robot/resource/Universal_Robots_ROS2_Driver/ur_description/urdf/inc
[1.431s] creating /MRTP/MRTP/src/install/webots_ros2_universal_robot/share/webots_ros2_universal_robot/resource/Universal_Robots_ROS2_Driver/ur_description/meshes
[1.432s] creating /MRTP/MRTP/src/install/webots_ros2_universal_robot/share/webots_ros2_universal_robot/resource/Universal_Robots_ROS2_Driver/ur_description/meshes/ur5e
[1.432s] creating /MRTP/MRTP/src/install/webots_ros2_universal_robot/share/webots_ros2_universal_robot/resource/Universal_Robots_ROS2_Driver/ur_description/meshes/ur5e/visual
[1.434s] symbolically linking /MRTP/MRTP/src/build/webots_ros2_universal_robot/resource/Universal_Robots_ROS2_Driver/ur_description/meshes/ur5e/visual/base.dae -> /MRTP/MRTP/src/install/webots_ros2_universal_robot/share/webots_ros2_universal_robot/resource/Universal_Robots_ROS2_Driver/ur_description/meshes/ur5e/visual
[1.435s] symbolically linking /MRTP/MRTP/src/build/webots_ros2_universal_robot/resource/Universal_Robots_ROS2_Driver/ur_description/meshes/ur5e/visual/wrist3.dae -> /MRTP/MRTP/src/install/webots_ros2_universal_robot/share/webots_ros2_universal_robot/resource/Universal_Robots_ROS2_Driver/ur_description/meshes/ur5e/visual
[1.436s] symbolically linking /MRTP/MRTP/src/build/webots_ros2_universal_robot/resource/Universal_Robots_ROS2_Driver/ur_description/meshes/ur5e/visual/wrist2.dae -> /MRTP/MRTP/src/install/webots_ros2_universal_robot/share/webots_ros2_universal_robot/resource/Universal_Robots_ROS2_Driver/ur_description/meshes/ur5e/visual
[1.436s] symbolically linking /MRTP/MRTP/src/build/webots_ros2_universal_robot/resource/Universal_Robots_ROS2_Driver/ur_description/meshes/ur5e/visual/wrist1.dae -> /MRTP/MRTP/src/install/webots_ros2_universal_robot/share/webots_ros2_universal_robot/resource/Universal_Robots_ROS2_Driver/ur_description/meshes/ur5e/visual
[1.436s] symbolically linking /MRTP/MRTP/src/build/webots_ros2_universal_robot/resource/Universal_Robots_ROS2_Driver/ur_description/meshes/ur5e/visual/upperarm.dae -> /MRTP/MRTP/src/install/webots_ros2_universal_robot/share/webots_ros2_universal_robot/resource/Universal_Robots_ROS2_Driver/ur_description/meshes/ur5e/visual
[1.437s] symbolically linking /MRTP/MRTP/src/build/webots_ros2_universal_robot/resource/Universal_Robots_ROS2_Driver/ur_description/meshes/ur5e/visual/shoulder.dae -> /MRTP/MRTP/src/install/webots_ros2_universal_robot/share/webots_ros2_universal_robot/resource/Universal_Robots_ROS2_Driver/ur_description/meshes/ur5e/visual
[1.437s] symbolically linking /MRTP/MRTP/src/build/webots_ros2_universal_robot/resource/Universal_Robots_ROS2_Driver/ur_description/meshes/ur5e/visual/forearm.dae -> /MRTP/MRTP/src/install/webots_ros2_universal_robot/share/webots_ros2_universal_robot/resource/Universal_Robots_ROS2_Driver/ur_description/meshes/ur5e/visual
[1.437s] creating /MRTP/MRTP/src/install/webots_ros2_universal_robot/share/webots_ros2_universal_robot/resource/Universal_Robots_ROS2_Driver/ur_description/meshes/ur5e/collision
[1.437s] symbolically linking /MRTP/MRTP/src/build/webots_ros2_universal_robot/resource/Universal_Robots_ROS2_Driver/ur_description/meshes/ur5e/collision/forearm.stl -> /MRTP/MRTP/src/install/webots_ros2_universal_robot/share/webots_ros2_universal_robot/resource/Universal_Robots_ROS2_Driver/ur_description/meshes/ur5e/collision
[1.438s] symbolically linking /MRTP/MRTP/src/build/webots_ros2_universal_robot/resource/Universal_Robots_ROS2_Driver/ur_description/meshes/ur5e/collision/shoulder.stl -> /MRTP/MRTP/src/install/webots_ros2_universal_robot/share/webots_ros2_universal_robot/resource/Universal_Robots_ROS2_Driver/ur_description/meshes/ur5e/collision
[1.438s] symbolically linking /MRTP/MRTP/src/build/webots_ros2_universal_robot/resource/Universal_Robots_ROS2_Driver/ur_description/meshes/ur5e/collision/upperarm.stl -> /MRTP/MRTP/src/install/webots_ros2_universal_robot/share/webots_ros2_universal_robot/resource/Universal_Robots_ROS2_Driver/ur_description/meshes/ur5e/collision
[1.438s] symbolically linking /MRTP/MRTP/src/build/webots_ros2_universal_robot/resource/Universal_Robots_ROS2_Driver/ur_description/meshes/ur5e/collision/base.stl -> /MRTP/MRTP/src/install/webots_ros2_universal_robot/share/webots_ros2_universal_robot/resource/Universal_Robots_ROS2_Driver/ur_description/meshes/ur5e/collision
[1.438s] symbolically linking /MRTP/MRTP/src/build/webots_ros2_universal_robot/resource/Universal_Robots_ROS2_Driver/ur_description/meshes/ur5e/collision/wrist2.stl -> /MRTP/MRTP/src/install/webots_ros2_universal_robot/share/webots_ros2_universal_robot/resource/Universal_Robots_ROS2_Driver/ur_description/meshes/ur5e/collision
[1.438s] symbolically linking /MRTP/MRTP/src/build/webots_ros2_universal_robot/resource/Universal_Robots_ROS2_Driver/ur_description/meshes/ur5e/collision/wrist3.stl -> /MRTP/MRTP/src/install/webots_ros2_universal_robot/share/webots_ros2_universal_robot/resource/Universal_Robots_ROS2_Driver/ur_description/meshes/ur5e/collision
[1.438s] symbolically linking /MRTP/MRTP/src/build/webots_ros2_universal_robot/resource/Universal_Robots_ROS2_Driver/ur_description/meshes/ur5e/collision/wrist1.stl -> /MRTP/MRTP/src/install/webots_ros2_universal_robot/share/webots_ros2_universal_robot/resource/Universal_Robots_ROS2_Driver/ur_description/meshes/ur5e/collision
[1.460s] Invoked command in '/MRTP/MRTP/src/build/webots_ros2_universal_robot' returned '0': AMENT_PREFIX_PATH=/MRTP/MRTP/src/install/webots_ros2_control:/MRTP/MRTP/src/install/webots_ros2_driver:/MRTP/MRTP/src/install/webots_ros2_msgs:/MRTP/MRTP/src/install/webots_ros2_importer:${AMENT_PREFIX_PATH} CMAKE_PREFIX_PATH=/MRTP/MRTP/src/install/webots_ros2_control:/MRTP/MRTP/src/install/webots_ros2_driver:/MRTP/MRTP/src/install/webots_ros2_msgs:${CMAKE_PREFIX_PATH} LD_LIBRARY_PATH=/MRTP/MRTP/src/install/webots_ros2_control/lib:/MRTP/MRTP/src/install/webots_ros2_driver/lib:/MRTP/MRTP/src/install/webots_ros2_msgs/lib:${LD_LIBRARY_PATH} PS1=(.venv) \[\e]0;\u@\h: \w\a\]${debian_chroot:+($debian_chroot)}\u@\h:\w\$ PYTHONPATH=/MRTP/MRTP/src/build/webots_ros2_universal_robot/prefix_override:/usr/lib/python3/dist-packages/colcon_core/task/python/colcon_distutils_commands:/MRTP/MRTP/src/install/webots_ros2_universal_robot/lib/python3.12/site-packages:/MRTP/MRTP/src/install/webots_ros2_driver/lib/python3.12/site-packages:/MRTP/MRTP/src/install/webots_ros2_msgs/lib/python3.12/site-packages:/MRTP/MRTP/src/build/webots_ros2_importer:/MRTP/MRTP/src/install/webots_ros2_importer/lib/python3.12/site-packages:${PYTHONPATH} VIRTUAL_ENV_PROMPT=(.venv) /usr/bin/python3 -W ignore:setup.py install is deprecated -W ignore:easy_install command is deprecated setup.py develop --editable --build-directory /MRTP/MRTP/src/build/webots_ros2_universal_robot/build --no-deps symlink_data
