[0.376s] Invoking command in '/MRTP/MRTP/src/build/webots_ros2_msgs': CMAKE_PREFIX_PATH=${CMAKE_PREFIX_PATH}:/MRTP/MRTP/src/install/webots_ros2:/MRTP/MRTP/src/install/webots_ros2_universal_robot:/MRTP/MRTP/src/install/webots_ros2_turtlebot:/MRTP/MRTP/src/install/webots_ros2_tiago:/MRTP/MRTP/src/install/webots_ros2_tests:/MRTP/MRTP/src/install/webots_ros2_tesla:/MRTP/MRTP/src/install/webots_ros2_mavic:/MRTP/MRTP/src/install/webots_ros2_husarion:/MRTP/MRTP/src/install/webots_ros2_epuck:/MRTP/MRTP/src/install/webots_ros2_crazyflie:/MRTP/MRTP/src/install/webots_ros2_importer:/MRTP/MRTP/src/install/gazeboenvs:/opt/ros/jazzy PS1=(.venv) \[\e]0;\u@\h: \w\a\]${debian_chroot:+($debian_chroot)}\u@\h:\w\$ VIRTUAL_ENV_PROMPT=(.venv) /usr/bin/cmake --build /MRTP/MRTP/src/build/webots_ros2_msgs -- -j12 -l12
[0.698s] [  1%] Built target webots_ros2_msgs__rosidl_generator_type_description
[0.748s] [  1%] Built target ament_cmake_python_symlink_webots_ros2_msgs
[1.020s] [ 27%] Built target webots_ros2_msgs__cpp
[1.021s] [ 27%] Built target webots_ros2_msgs__rosidl_generator_c
[1.415s] [ 37%] Built target webots_ros2_msgs__rosidl_typesupport_c
[1.463s] [ 47%] Built target webots_ros2_msgs__rosidl_typesupport_fastrtps_c
[1.526s] [ 66%] Built target webots_ros2_msgs__rosidl_typesupport_introspection_cpp
[1.530s] [ 66%] Built target webots_ros2_msgs__rosidl_typesupport_introspection_c
[1.565s] running egg_info
[1.631s] writing webots_ros2_msgs.egg-info/PKG-INFO
[1.633s] writing dependency_links to webots_ros2_msgs.egg-info/dependency_links.txt
[1.638s] writing top-level names to webots_ros2_msgs.egg-info/top_level.txt
[1.757s] [ 77%] Built target webots_ros2_msgs__rosidl_typesupport_cpp
[1.810s] [ 85%] Built target webots_ros2_msgs__rosidl_typesupport_fastrtps_cpp
[1.852s] reading manifest file 'webots_ros2_msgs.egg-info/SOURCES.txt'
[1.865s] writing manifest file 'webots_ros2_msgs.egg-info/SOURCES.txt'
[1.961s] [ 85%] Built target webots_ros2_msgs
[1.973s] [ 85%] Built target ament_cmake_python_build_webots_ros2_msgs_egg
[2.182s] [ 86%] Built target webots_ros2_msgs__py
[2.331s] [ 95%] Built target webots_ros2_msgs__rosidl_generator_py
[2.503s] [ 98%] Built target webots_ros2_msgs_s__rosidl_typesupport_fastrtps_c
[2.505s] [ 98%] Built target webots_ros2_msgs_s__rosidl_typesupport_introspection_c
[2.523s] [100%] Built target webots_ros2_msgs_s__rosidl_typesupport_c
[2.622s] Invoked command in '/MRTP/MRTP/src/build/webots_ros2_msgs' returned '0': CMAKE_PREFIX_PATH=${CMAKE_PREFIX_PATH}:/MRTP/MRTP/src/install/webots_ros2:/MRTP/MRTP/src/install/webots_ros2_universal_robot:/MRTP/MRTP/src/install/webots_ros2_turtlebot:/MRTP/MRTP/src/install/webots_ros2_tiago:/MRTP/MRTP/src/install/webots_ros2_tests:/MRTP/MRTP/src/install/webots_ros2_tesla:/MRTP/MRTP/src/install/webots_ros2_mavic:/MRTP/MRTP/src/install/webots_ros2_husarion:/MRTP/MRTP/src/install/webots_ros2_epuck:/MRTP/MRTP/src/install/webots_ros2_crazyflie:/MRTP/MRTP/src/install/webots_ros2_importer:/MRTP/MRTP/src/install/gazeboenvs:/opt/ros/jazzy PS1=(.venv) \[\e]0;\u@\h: \w\a\]${debian_chroot:+($debian_chroot)}\u@\h:\w\$ VIRTUAL_ENV_PROMPT=(.venv) /usr/bin/cmake --build /MRTP/MRTP/src/build/webots_ros2_msgs -- -j12 -l12
[2.685s] Invoking command in '/MRTP/MRTP/src/build/webots_ros2_msgs': CMAKE_PREFIX_PATH=${CMAKE_PREFIX_PATH}:/MRTP/MRTP/src/install/webots_ros2:/MRTP/MRTP/src/install/webots_ros2_universal_robot:/MRTP/MRTP/src/install/webots_ros2_turtlebot:/MRTP/MRTP/src/install/webots_ros2_tiago:/MRTP/MRTP/src/install/webots_ros2_tests:/MRTP/MRTP/src/install/webots_ros2_tesla:/MRTP/MRTP/src/install/webots_ros2_mavic:/MRTP/MRTP/src/install/webots_ros2_husarion:/MRTP/MRTP/src/install/webots_ros2_epuck:/MRTP/MRTP/src/install/webots_ros2_crazyflie:/MRTP/MRTP/src/install/webots_ros2_importer:/MRTP/MRTP/src/install/gazeboenvs:/opt/ros/jazzy PS1=(.venv) \[\e]0;\u@\h: \w\a\]${debian_chroot:+($debian_chroot)}\u@\h:\w\$ VIRTUAL_ENV_PROMPT=(.venv) /usr/bin/cmake --install /MRTP/MRTP/src/build/webots_ros2_msgs
[2.735s] -- Install configuration: ""
[2.738s] -- Execute custom install script
[2.739s] -- Up-to-date symlink: /MRTP/MRTP/src/install/webots_ros2_msgs/share/ament_index/resource_index/rosidl_interfaces/webots_ros2_msgs
[2.741s] -- Up-to-date symlink: /MRTP/MRTP/src/install/webots_ros2_msgs/share/webots_ros2_msgs/msg/BoolStamped.json
[2.743s] -- Up-to-date symlink: /MRTP/MRTP/src/install/webots_ros2_msgs/share/webots_ros2_msgs/msg/FloatStamped.json
[2.744s] -- Up-to-date symlink: /MRTP/MRTP/src/install/webots_ros2_msgs/share/webots_ros2_msgs/msg/StringStamped.json
[2.749s] -- Up-to-date symlink: /MRTP/MRTP/src/install/webots_ros2_msgs/share/webots_ros2_msgs/msg/CameraRecognitionObject.json
[2.751s] -- Up-to-date symlink: /MRTP/MRTP/src/install/webots_ros2_msgs/share/webots_ros2_msgs/msg/CameraRecognitionObjects.json
[2.757s] -- Up-to-date symlink: /MRTP/MRTP/src/install/webots_ros2_msgs/share/webots_ros2_msgs/msg/UrdfRobot.json
[2.759s] -- Up-to-date symlink: /MRTP/MRTP/src/install/webots_ros2_msgs/share/webots_ros2_msgs/msg/PenInkProperties.json
[2.760s] -- Up-to-date symlink: /MRTP/MRTP/src/install/webots_ros2_msgs/share/webots_ros2_msgs/srv/EmitterSendString.json
[2.763s] -- Up-to-date symlink: /MRTP/MRTP/src/install/webots_ros2_msgs/share/webots_ros2_msgs/srv/GetBool.json
[2.765s] -- Up-to-date symlink: /MRTP/MRTP/src/install/webots_ros2_msgs/share/webots_ros2_msgs/srv/SetString.json
[2.773s] -- Up-to-date symlink: /MRTP/MRTP/src/install/webots_ros2_msgs/share/webots_ros2_msgs/srv/SpawnNodeFromString.json
[2.775s] -- Up-to-date symlink: /MRTP/MRTP/src/install/webots_ros2_msgs/share/webots_ros2_msgs/srv/SpawnUrdfRobot.json
[2.788s] -- Up-to-date symlink: /MRTP/MRTP/src/install/webots_ros2_msgs/include/webots_ros2_msgs/webots_ros2_msgs/msg/bool_stamped.h
[2.790s] -- Up-to-date symlink: /MRTP/MRTP/src/install/webots_ros2_msgs/include/webots_ros2_msgs/webots_ros2_msgs/msg/camera_recognition_object.h
[2.792s] -- Up-to-date symlink: /MRTP/MRTP/src/install/webots_ros2_msgs/include/webots_ros2_msgs/webots_ros2_msgs/msg/camera_recognition_objects.h
[2.794s] -- Up-to-date symlink: /MRTP/MRTP/src/install/webots_ros2_msgs/include/webots_ros2_msgs/webots_ros2_msgs/msg/detail/bool_stamped__functions.h
[2.795s] -- Up-to-date symlink: /MRTP/MRTP/src/install/webots_ros2_msgs/include/webots_ros2_msgs/webots_ros2_msgs/msg/detail/bool_stamped__struct.h
[2.797s] -- Up-to-date symlink: /MRTP/MRTP/src/install/webots_ros2_msgs/include/webots_ros2_msgs/webots_ros2_msgs/msg/detail/bool_stamped__type_support.h
[2.799s] -- Up-to-date symlink: /MRTP/MRTP/src/install/webots_ros2_msgs/include/webots_ros2_msgs/webots_ros2_msgs/msg/detail/camera_recognition_object__functions.h
[2.802s] -- Up-to-date symlink: /MRTP/MRTP/src/install/webots_ros2_msgs/include/webots_ros2_msgs/webots_ros2_msgs/msg/detail/camera_recognition_object__struct.h
[2.808s] -- Up-to-date symlink: /MRTP/MRTP/src/install/webots_ros2_msgs/include/webots_ros2_msgs/webots_ros2_msgs/msg/detail/camera_recognition_object__type_support.h
[2.812s] -- Up-to-date symlink: /MRTP/MRTP/src/install/webots_ros2_msgs/include/webots_ros2_msgs/webots_ros2_msgs/msg/detail/camera_recognition_objects__functions.h
[2.817s] -- Up-to-date symlink: /MRTP/MRTP/src/install/webots_ros2_msgs/include/webots_ros2_msgs/webots_ros2_msgs/msg/detail/camera_recognition_objects__struct.h
[2.821s] -- Up-to-date symlink: /MRTP/MRTP/src/install/webots_ros2_msgs/include/webots_ros2_msgs/webots_ros2_msgs/msg/detail/camera_recognition_objects__type_support.h
[2.822s] -- Up-to-date symlink: /MRTP/MRTP/src/install/webots_ros2_msgs/include/webots_ros2_msgs/webots_ros2_msgs/msg/detail/float_stamped__functions.h
[2.824s] -- Up-to-date symlink: /MRTP/MRTP/src/install/webots_ros2_msgs/include/webots_ros2_msgs/webots_ros2_msgs/msg/detail/float_stamped__struct.h
[2.828s] -- Up-to-date symlink: /MRTP/MRTP/src/install/webots_ros2_msgs/include/webots_ros2_msgs/webots_ros2_msgs/msg/detail/float_stamped__type_support.h
[2.832s] -- Up-to-date symlink: /MRTP/MRTP/src/install/webots_ros2_msgs/include/webots_ros2_msgs/webots_ros2_msgs/msg/detail/pen_ink_properties__functions.h
[2.837s] -- Up-to-date symlink: /MRTP/MRTP/src/install/webots_ros2_msgs/include/webots_ros2_msgs/webots_ros2_msgs/msg/detail/pen_ink_properties__struct.h
[2.840s] -- Up-to-date symlink: /MRTP/MRTP/src/install/webots_ros2_msgs/include/webots_ros2_msgs/webots_ros2_msgs/msg/detail/pen_ink_properties__type_support.h
[2.842s] -- Up-to-date symlink: /MRTP/MRTP/src/install/webots_ros2_msgs/include/webots_ros2_msgs/webots_ros2_msgs/msg/detail/string_stamped__functions.h
[2.845s] -- Up-to-date symlink: /MRTP/MRTP/src/install/webots_ros2_msgs/include/webots_ros2_msgs/webots_ros2_msgs/msg/detail/string_stamped__struct.h
[2.848s] -- Up-to-date symlink: /MRTP/MRTP/src/install/webots_ros2_msgs/include/webots_ros2_msgs/webots_ros2_msgs/msg/detail/string_stamped__type_support.h
[2.850s] -- Up-to-date symlink: /MRTP/MRTP/src/install/webots_ros2_msgs/include/webots_ros2_msgs/webots_ros2_msgs/msg/detail/urdf_robot__functions.h
[2.851s] -- Up-to-date symlink: /MRTP/MRTP/src/install/webots_ros2_msgs/include/webots_ros2_msgs/webots_ros2_msgs/msg/detail/urdf_robot__struct.h
[2.854s] -- Up-to-date symlink: /MRTP/MRTP/src/install/webots_ros2_msgs/include/webots_ros2_msgs/webots_ros2_msgs/msg/detail/urdf_robot__type_support.h
[2.858s] -- Up-to-date symlink: /MRTP/MRTP/src/install/webots_ros2_msgs/include/webots_ros2_msgs/webots_ros2_msgs/msg/float_stamped.h
[2.859s] -- Up-to-date symlink: /MRTP/MRTP/src/install/webots_ros2_msgs/include/webots_ros2_msgs/webots_ros2_msgs/msg/pen_ink_properties.h
[2.865s] -- Up-to-date symlink: /MRTP/MRTP/src/install/webots_ros2_msgs/include/webots_ros2_msgs/webots_ros2_msgs/msg/rosidl_generator_c__visibility_control.h
[2.867s] -- Up-to-date symlink: /MRTP/MRTP/src/install/webots_ros2_msgs/include/webots_ros2_msgs/webots_ros2_msgs/msg/string_stamped.h
[2.869s] -- Up-to-date symlink: /MRTP/MRTP/src/install/webots_ros2_msgs/include/webots_ros2_msgs/webots_ros2_msgs/msg/urdf_robot.h
[2.870s] -- Up-to-date symlink: /MRTP/MRTP/src/install/webots_ros2_msgs/include/webots_ros2_msgs/webots_ros2_msgs/srv/detail/emitter_send_string__functions.h
[2.873s] -- Up-to-date symlink: /MRTP/MRTP/src/install/webots_ros2_msgs/include/webots_ros2_msgs/webots_ros2_msgs/srv/detail/emitter_send_string__struct.h
[2.876s] -- Up-to-date symlink: /MRTP/MRTP/src/install/webots_ros2_msgs/include/webots_ros2_msgs/webots_ros2_msgs/srv/detail/emitter_send_string__type_support.h
[2.877s] -- Up-to-date symlink: /MRTP/MRTP/src/install/webots_ros2_msgs/include/webots_ros2_msgs/webots_ros2_msgs/srv/detail/get_bool__functions.h
[2.878s] -- Up-to-date symlink: /MRTP/MRTP/src/install/webots_ros2_msgs/include/webots_ros2_msgs/webots_ros2_msgs/srv/detail/get_bool__struct.h
[2.881s] -- Up-to-date symlink: /MRTP/MRTP/src/install/webots_ros2_msgs/include/webots_ros2_msgs/webots_ros2_msgs/srv/detail/get_bool__type_support.h
[2.886s] -- Up-to-date symlink: /MRTP/MRTP/src/install/webots_ros2_msgs/include/webots_ros2_msgs/webots_ros2_msgs/srv/detail/set_string__functions.h
[2.892s] -- Up-to-date symlink: /MRTP/MRTP/src/install/webots_ros2_msgs/include/webots_ros2_msgs/webots_ros2_msgs/srv/detail/set_string__struct.h
[2.894s] -- Up-to-date symlink: /MRTP/MRTP/src/install/webots_ros2_msgs/include/webots_ros2_msgs/webots_ros2_msgs/srv/detail/set_string__type_support.h
[2.896s] -- Up-to-date symlink: /MRTP/MRTP/src/install/webots_ros2_msgs/include/webots_ros2_msgs/webots_ros2_msgs/srv/detail/spawn_node_from_string__functions.h
[2.898s] -- Up-to-date symlink: /MRTP/MRTP/src/install/webots_ros2_msgs/include/webots_ros2_msgs/webots_ros2_msgs/srv/detail/spawn_node_from_string__struct.h
[2.899s] -- Up-to-date symlink: /MRTP/MRTP/src/install/webots_ros2_msgs/include/webots_ros2_msgs/webots_ros2_msgs/srv/detail/spawn_node_from_string__type_support.h
[2.909s] -- Up-to-date symlink: /MRTP/MRTP/src/install/webots_ros2_msgs/include/webots_ros2_msgs/webots_ros2_msgs/srv/detail/spawn_urdf_robot__functions.h
[2.910s] -- Up-to-date symlink: /MRTP/MRTP/src/install/webots_ros2_msgs/include/webots_ros2_msgs/webots_ros2_msgs/srv/detail/spawn_urdf_robot__struct.h
[2.928s] -- Up-to-date symlink: /MRTP/MRTP/src/install/webots_ros2_msgs/include/webots_ros2_msgs/webots_ros2_msgs/srv/detail/spawn_urdf_robot__type_support.h
[2.933s] -- Up-to-date symlink: /MRTP/MRTP/src/install/webots_ros2_msgs/include/webots_ros2_msgs/webots_ros2_msgs/srv/emitter_send_string.h
[2.936s] -- Up-to-date symlink: /MRTP/MRTP/src/install/webots_ros2_msgs/include/webots_ros2_msgs/webots_ros2_msgs/srv/get_bool.h
[2.940s] -- Up-to-date symlink: /MRTP/MRTP/src/install/webots_ros2_msgs/include/webots_ros2_msgs/webots_ros2_msgs/srv/set_string.h
[2.943s] -- Up-to-date symlink: /MRTP/MRTP/src/install/webots_ros2_msgs/include/webots_ros2_msgs/webots_ros2_msgs/srv/spawn_node_from_string.h
[2.945s] -- Up-to-date symlink: /MRTP/MRTP/src/install/webots_ros2_msgs/include/webots_ros2_msgs/webots_ros2_msgs/srv/spawn_urdf_robot.h
[2.953s] -- Up-to-date symlink: /MRTP/MRTP/src/install/webots_ros2_msgs/share/webots_ros2_msgs/environment/library_path.sh
[2.957s] -- Up-to-date symlink: /MRTP/MRTP/src/install/webots_ros2_msgs/share/webots_ros2_msgs/environment/library_path.dsv
[2.979s] -- Up-to-date symlink: /MRTP/MRTP/src/install/webots_ros2_msgs/include/webots_ros2_msgs/webots_ros2_msgs/msg/detail/bool_stamped__rosidl_typesupport_fastrtps_c.h
[2.982s] -- Up-to-date symlink: /MRTP/MRTP/src/install/webots_ros2_msgs/include/webots_ros2_msgs/webots_ros2_msgs/msg/detail/camera_recognition_object__rosidl_typesupport_fastrtps_c.h
[2.983s] -- Up-to-date symlink: /MRTP/MRTP/src/install/webots_ros2_msgs/include/webots_ros2_msgs/webots_ros2_msgs/msg/detail/camera_recognition_objects__rosidl_typesupport_fastrtps_c.h
[2.984s] -- Up-to-date symlink: /MRTP/MRTP/src/install/webots_ros2_msgs/include/webots_ros2_msgs/webots_ros2_msgs/msg/detail/float_stamped__rosidl_typesupport_fastrtps_c.h
[2.986s] -- Up-to-date symlink: /MRTP/MRTP/src/install/webots_ros2_msgs/include/webots_ros2_msgs/webots_ros2_msgs/msg/detail/pen_ink_properties__rosidl_typesupport_fastrtps_c.h
[2.987s] -- Up-to-date symlink: /MRTP/MRTP/src/install/webots_ros2_msgs/include/webots_ros2_msgs/webots_ros2_msgs/msg/detail/string_stamped__rosidl_typesupport_fastrtps_c.h
[2.988s] -- Up-to-date symlink: /MRTP/MRTP/src/install/webots_ros2_msgs/include/webots_ros2_msgs/webots_ros2_msgs/msg/detail/urdf_robot__rosidl_typesupport_fastrtps_c.h
[2.990s] -- Up-to-date symlink: /MRTP/MRTP/src/install/webots_ros2_msgs/include/webots_ros2_msgs/webots_ros2_msgs/msg/rosidl_typesupport_fastrtps_c__visibility_control.h
[2.992s] -- Up-to-date symlink: /MRTP/MRTP/src/install/webots_ros2_msgs/include/webots_ros2_msgs/webots_ros2_msgs/srv/detail/emitter_send_string__rosidl_typesupport_fastrtps_c.h
[3.000s] -- Up-to-date symlink: /MRTP/MRTP/src/install/webots_ros2_msgs/include/webots_ros2_msgs/webots_ros2_msgs/srv/detail/get_bool__rosidl_typesupport_fastrtps_c.h
[3.002s] -- Up-to-date symlink: /MRTP/MRTP/src/install/webots_ros2_msgs/include/webots_ros2_msgs/webots_ros2_msgs/srv/detail/set_string__rosidl_typesupport_fastrtps_c.h
[3.003s] -- Up-to-date symlink: /MRTP/MRTP/src/install/webots_ros2_msgs/include/webots_ros2_msgs/webots_ros2_msgs/srv/detail/spawn_node_from_string__rosidl_typesupport_fastrtps_c.h
[3.005s] -- Up-to-date symlink: /MRTP/MRTP/src/install/webots_ros2_msgs/include/webots_ros2_msgs/webots_ros2_msgs/srv/detail/spawn_urdf_robot__rosidl_typesupport_fastrtps_c.h
[3.014s] -- Up-to-date symlink: /MRTP/MRTP/src/install/webots_ros2_msgs/include/webots_ros2_msgs/webots_ros2_msgs/msg/bool_stamped.hpp
[3.015s] -- Up-to-date symlink: /MRTP/MRTP/src/install/webots_ros2_msgs/include/webots_ros2_msgs/webots_ros2_msgs/msg/camera_recognition_object.hpp
[3.016s] -- Up-to-date symlink: /MRTP/MRTP/src/install/webots_ros2_msgs/include/webots_ros2_msgs/webots_ros2_msgs/msg/camera_recognition_objects.hpp
[3.017s] -- Up-to-date symlink: /MRTP/MRTP/src/install/webots_ros2_msgs/include/webots_ros2_msgs/webots_ros2_msgs/msg/detail/bool_stamped__builder.hpp
[3.019s] -- Up-to-date symlink: /MRTP/MRTP/src/install/webots_ros2_msgs/include/webots_ros2_msgs/webots_ros2_msgs/msg/detail/bool_stamped__struct.hpp
[3.022s] -- Up-to-date symlink: /MRTP/MRTP/src/install/webots_ros2_msgs/include/webots_ros2_msgs/webots_ros2_msgs/msg/detail/bool_stamped__traits.hpp
[3.023s] -- Up-to-date symlink: /MRTP/MRTP/src/install/webots_ros2_msgs/include/webots_ros2_msgs/webots_ros2_msgs/msg/detail/bool_stamped__type_support.hpp
[3.025s] -- Up-to-date symlink: /MRTP/MRTP/src/install/webots_ros2_msgs/include/webots_ros2_msgs/webots_ros2_msgs/msg/detail/camera_recognition_object__builder.hpp
[3.035s] -- Up-to-date symlink: /MRTP/MRTP/src/install/webots_ros2_msgs/include/webots_ros2_msgs/webots_ros2_msgs/msg/detail/camera_recognition_object__struct.hpp
[3.038s] -- Up-to-date symlink: /MRTP/MRTP/src/install/webots_ros2_msgs/include/webots_ros2_msgs/webots_ros2_msgs/msg/detail/camera_recognition_object__traits.hpp
[3.041s] -- Up-to-date symlink: /MRTP/MRTP/src/install/webots_ros2_msgs/include/webots_ros2_msgs/webots_ros2_msgs/msg/detail/camera_recognition_object__type_support.hpp
[3.046s] -- Up-to-date symlink: /MRTP/MRTP/src/install/webots_ros2_msgs/include/webots_ros2_msgs/webots_ros2_msgs/msg/detail/camera_recognition_objects__builder.hpp
[3.048s] -- Up-to-date symlink: /MRTP/MRTP/src/install/webots_ros2_msgs/include/webots_ros2_msgs/webots_ros2_msgs/msg/detail/camera_recognition_objects__struct.hpp
[3.050s] -- Up-to-date symlink: /MRTP/MRTP/src/install/webots_ros2_msgs/include/webots_ros2_msgs/webots_ros2_msgs/msg/detail/camera_recognition_objects__traits.hpp
[3.053s] -- Up-to-date symlink: /MRTP/MRTP/src/install/webots_ros2_msgs/include/webots_ros2_msgs/webots_ros2_msgs/msg/detail/camera_recognition_objects__type_support.hpp
[3.055s] -- Up-to-date symlink: /MRTP/MRTP/src/install/webots_ros2_msgs/include/webots_ros2_msgs/webots_ros2_msgs/msg/detail/float_stamped__builder.hpp
[3.058s] -- Up-to-date symlink: /MRTP/MRTP/src/install/webots_ros2_msgs/include/webots_ros2_msgs/webots_ros2_msgs/msg/detail/float_stamped__struct.hpp
[3.059s] -- Up-to-date symlink: /MRTP/MRTP/src/install/webots_ros2_msgs/include/webots_ros2_msgs/webots_ros2_msgs/msg/detail/float_stamped__traits.hpp
[3.061s] -- Up-to-date symlink: /MRTP/MRTP/src/install/webots_ros2_msgs/include/webots_ros2_msgs/webots_ros2_msgs/msg/detail/float_stamped__type_support.hpp
[3.067s] -- Up-to-date symlink: /MRTP/MRTP/src/install/webots_ros2_msgs/include/webots_ros2_msgs/webots_ros2_msgs/msg/detail/pen_ink_properties__builder.hpp
[3.071s] -- Up-to-date symlink: /MRTP/MRTP/src/install/webots_ros2_msgs/include/webots_ros2_msgs/webots_ros2_msgs/msg/detail/pen_ink_properties__struct.hpp
[3.073s] -- Up-to-date symlink: /MRTP/MRTP/src/install/webots_ros2_msgs/include/webots_ros2_msgs/webots_ros2_msgs/msg/detail/pen_ink_properties__traits.hpp
[3.075s] -- Up-to-date symlink: /MRTP/MRTP/src/install/webots_ros2_msgs/include/webots_ros2_msgs/webots_ros2_msgs/msg/detail/pen_ink_properties__type_support.hpp
[3.078s] -- Up-to-date symlink: /MRTP/MRTP/src/install/webots_ros2_msgs/include/webots_ros2_msgs/webots_ros2_msgs/msg/detail/string_stamped__builder.hpp
[3.080s] -- Up-to-date symlink: /MRTP/MRTP/src/install/webots_ros2_msgs/include/webots_ros2_msgs/webots_ros2_msgs/msg/detail/string_stamped__struct.hpp
[3.080s] -- Up-to-date symlink: /MRTP/MRTP/src/install/webots_ros2_msgs/include/webots_ros2_msgs/webots_ros2_msgs/msg/detail/string_stamped__traits.hpp
[3.084s] -- Up-to-date symlink: /MRTP/MRTP/src/install/webots_ros2_msgs/include/webots_ros2_msgs/webots_ros2_msgs/msg/detail/string_stamped__type_support.hpp
[3.085s] -- Up-to-date symlink: /MRTP/MRTP/src/install/webots_ros2_msgs/include/webots_ros2_msgs/webots_ros2_msgs/msg/detail/urdf_robot__builder.hpp
[3.087s] -- Up-to-date symlink: /MRTP/MRTP/src/install/webots_ros2_msgs/include/webots_ros2_msgs/webots_ros2_msgs/msg/detail/urdf_robot__struct.hpp
[3.088s] -- Up-to-date symlink: /MRTP/MRTP/src/install/webots_ros2_msgs/include/webots_ros2_msgs/webots_ros2_msgs/msg/detail/urdf_robot__traits.hpp
[3.089s] -- Up-to-date symlink: /MRTP/MRTP/src/install/webots_ros2_msgs/include/webots_ros2_msgs/webots_ros2_msgs/msg/detail/urdf_robot__type_support.hpp
[3.091s] -- Up-to-date symlink: /MRTP/MRTP/src/install/webots_ros2_msgs/include/webots_ros2_msgs/webots_ros2_msgs/msg/float_stamped.hpp
[3.094s] -- Up-to-date symlink: /MRTP/MRTP/src/install/webots_ros2_msgs/include/webots_ros2_msgs/webots_ros2_msgs/msg/pen_ink_properties.hpp
[3.098s] -- Up-to-date symlink: /MRTP/MRTP/src/install/webots_ros2_msgs/include/webots_ros2_msgs/webots_ros2_msgs/msg/rosidl_generator_cpp__visibility_control.hpp
[3.104s] -- Up-to-date symlink: /MRTP/MRTP/src/install/webots_ros2_msgs/include/webots_ros2_msgs/webots_ros2_msgs/msg/string_stamped.hpp
[3.106s] -- Up-to-date symlink: /MRTP/MRTP/src/install/webots_ros2_msgs/include/webots_ros2_msgs/webots_ros2_msgs/msg/urdf_robot.hpp
[3.108s] -- Up-to-date symlink: /MRTP/MRTP/src/install/webots_ros2_msgs/include/webots_ros2_msgs/webots_ros2_msgs/srv/detail/emitter_send_string__builder.hpp
[3.109s] -- Up-to-date symlink: /MRTP/MRTP/src/install/webots_ros2_msgs/include/webots_ros2_msgs/webots_ros2_msgs/srv/detail/emitter_send_string__struct.hpp
[3.112s] -- Up-to-date symlink: /MRTP/MRTP/src/install/webots_ros2_msgs/include/webots_ros2_msgs/webots_ros2_msgs/srv/detail/emitter_send_string__traits.hpp
[3.112s] -- Up-to-date symlink: /MRTP/MRTP/src/install/webots_ros2_msgs/include/webots_ros2_msgs/webots_ros2_msgs/srv/detail/emitter_send_string__type_support.hpp
[3.113s] -- Up-to-date symlink: /MRTP/MRTP/src/install/webots_ros2_msgs/include/webots_ros2_msgs/webots_ros2_msgs/srv/detail/get_bool__builder.hpp
[3.114s] -- Up-to-date symlink: /MRTP/MRTP/src/install/webots_ros2_msgs/include/webots_ros2_msgs/webots_ros2_msgs/srv/detail/get_bool__struct.hpp
[3.115s] -- Up-to-date symlink: /MRTP/MRTP/src/install/webots_ros2_msgs/include/webots_ros2_msgs/webots_ros2_msgs/srv/detail/get_bool__traits.hpp
[3.123s] -- Up-to-date symlink: /MRTP/MRTP/src/install/webots_ros2_msgs/include/webots_ros2_msgs/webots_ros2_msgs/srv/detail/get_bool__type_support.hpp
[3.133s] -- Up-to-date symlink: /MRTP/MRTP/src/install/webots_ros2_msgs/include/webots_ros2_msgs/webots_ros2_msgs/srv/detail/set_string__builder.hpp
[3.134s] -- Up-to-date symlink: /MRTP/MRTP/src/install/webots_ros2_msgs/include/webots_ros2_msgs/webots_ros2_msgs/srv/detail/set_string__struct.hpp
[3.136s] -- Up-to-date symlink: /MRTP/MRTP/src/install/webots_ros2_msgs/include/webots_ros2_msgs/webots_ros2_msgs/srv/detail/set_string__traits.hpp
[3.139s] -- Up-to-date symlink: /MRTP/MRTP/src/install/webots_ros2_msgs/include/webots_ros2_msgs/webots_ros2_msgs/srv/detail/set_string__type_support.hpp
[3.149s] -- Up-to-date symlink: /MRTP/MRTP/src/install/webots_ros2_msgs/include/webots_ros2_msgs/webots_ros2_msgs/srv/detail/spawn_node_from_string__builder.hpp
[3.159s] -- Up-to-date symlink: /MRTP/MRTP/src/install/webots_ros2_msgs/include/webots_ros2_msgs/webots_ros2_msgs/srv/detail/spawn_node_from_string__struct.hpp
[3.161s] -- Up-to-date symlink: /MRTP/MRTP/src/install/webots_ros2_msgs/include/webots_ros2_msgs/webots_ros2_msgs/srv/detail/spawn_node_from_string__traits.hpp
[3.172s] -- Up-to-date symlink: /MRTP/MRTP/src/install/webots_ros2_msgs/include/webots_ros2_msgs/webots_ros2_msgs/srv/detail/spawn_node_from_string__type_support.hpp
[3.184s] -- Up-to-date symlink: /MRTP/MRTP/src/install/webots_ros2_msgs/include/webots_ros2_msgs/webots_ros2_msgs/srv/detail/spawn_urdf_robot__builder.hpp
[3.185s] -- Up-to-date symlink: /MRTP/MRTP/src/install/webots_ros2_msgs/include/webots_ros2_msgs/webots_ros2_msgs/srv/detail/spawn_urdf_robot__struct.hpp
[3.194s] -- Up-to-date symlink: /MRTP/MRTP/src/install/webots_ros2_msgs/include/webots_ros2_msgs/webots_ros2_msgs/srv/detail/spawn_urdf_robot__traits.hpp
[3.196s] -- Up-to-date symlink: /MRTP/MRTP/src/install/webots_ros2_msgs/include/webots_ros2_msgs/webots_ros2_msgs/srv/detail/spawn_urdf_robot__type_support.hpp
[3.199s] -- Up-to-date symlink: /MRTP/MRTP/src/install/webots_ros2_msgs/include/webots_ros2_msgs/webots_ros2_msgs/srv/emitter_send_string.hpp
[3.206s] -- Up-to-date symlink: /MRTP/MRTP/src/install/webots_ros2_msgs/include/webots_ros2_msgs/webots_ros2_msgs/srv/get_bool.hpp
[3.216s] -- Up-to-date symlink: /MRTP/MRTP/src/install/webots_ros2_msgs/include/webots_ros2_msgs/webots_ros2_msgs/srv/set_string.hpp
[3.217s] -- Up-to-date symlink: /MRTP/MRTP/src/install/webots_ros2_msgs/include/webots_ros2_msgs/webots_ros2_msgs/srv/spawn_node_from_string.hpp
[3.219s] -- Up-to-date symlink: /MRTP/MRTP/src/install/webots_ros2_msgs/include/webots_ros2_msgs/webots_ros2_msgs/srv/spawn_urdf_robot.hpp
[3.238s] -- Up-to-date symlink: /MRTP/MRTP/src/install/webots_ros2_msgs/include/webots_ros2_msgs/webots_ros2_msgs/msg/detail/bool_stamped__rosidl_typesupport_fastrtps_cpp.hpp
[3.240s] -- Up-to-date symlink: /MRTP/MRTP/src/install/webots_ros2_msgs/include/webots_ros2_msgs/webots_ros2_msgs/msg/detail/camera_recognition_object__rosidl_typesupport_fastrtps_cpp.hpp
[3.242s] -- Up-to-date symlink: /MRTP/MRTP/src/install/webots_ros2_msgs/include/webots_ros2_msgs/webots_ros2_msgs/msg/detail/camera_recognition_objects__rosidl_typesupport_fastrtps_cpp.hpp
[3.244s] -- Up-to-date symlink: /MRTP/MRTP/src/install/webots_ros2_msgs/include/webots_ros2_msgs/webots_ros2_msgs/msg/detail/float_stamped__rosidl_typesupport_fastrtps_cpp.hpp
[3.247s] -- Up-to-date symlink: /MRTP/MRTP/src/install/webots_ros2_msgs/include/webots_ros2_msgs/webots_ros2_msgs/msg/detail/pen_ink_properties__rosidl_typesupport_fastrtps_cpp.hpp
[3.249s] -- Up-to-date symlink: /MRTP/MRTP/src/install/webots_ros2_msgs/include/webots_ros2_msgs/webots_ros2_msgs/msg/detail/string_stamped__rosidl_typesupport_fastrtps_cpp.hpp
[3.251s] -- Up-to-date symlink: /MRTP/MRTP/src/install/webots_ros2_msgs/include/webots_ros2_msgs/webots_ros2_msgs/msg/detail/urdf_robot__rosidl_typesupport_fastrtps_cpp.hpp
[3.252s] -- Up-to-date symlink: /MRTP/MRTP/src/install/webots_ros2_msgs/include/webots_ros2_msgs/webots_ros2_msgs/msg/rosidl_typesupport_fastrtps_cpp__visibility_control.h
[3.255s] -- Up-to-date symlink: /MRTP/MRTP/src/install/webots_ros2_msgs/include/webots_ros2_msgs/webots_ros2_msgs/srv/detail/emitter_send_string__rosidl_typesupport_fastrtps_cpp.hpp
[3.257s] -- Up-to-date symlink: /MRTP/MRTP/src/install/webots_ros2_msgs/include/webots_ros2_msgs/webots_ros2_msgs/srv/detail/get_bool__rosidl_typesupport_fastrtps_cpp.hpp
[3.259s] -- Up-to-date symlink: /MRTP/MRTP/src/install/webots_ros2_msgs/include/webots_ros2_msgs/webots_ros2_msgs/srv/detail/set_string__rosidl_typesupport_fastrtps_cpp.hpp
[3.261s] -- Up-to-date symlink: /MRTP/MRTP/src/install/webots_ros2_msgs/include/webots_ros2_msgs/webots_ros2_msgs/srv/detail/spawn_node_from_string__rosidl_typesupport_fastrtps_cpp.hpp
[3.263s] -- Up-to-date symlink: /MRTP/MRTP/src/install/webots_ros2_msgs/include/webots_ros2_msgs/webots_ros2_msgs/srv/detail/spawn_urdf_robot__rosidl_typesupport_fastrtps_cpp.hpp
[3.269s] -- Up-to-date symlink: /MRTP/MRTP/src/install/webots_ros2_msgs/include/webots_ros2_msgs/webots_ros2_msgs/msg/detail/bool_stamped__rosidl_typesupport_introspection_c.h
[3.271s] -- Up-to-date symlink: /MRTP/MRTP/src/install/webots_ros2_msgs/include/webots_ros2_msgs/webots_ros2_msgs/msg/detail/camera_recognition_object__rosidl_typesupport_introspection_c.h
[3.274s] -- Up-to-date symlink: /MRTP/MRTP/src/install/webots_ros2_msgs/include/webots_ros2_msgs/webots_ros2_msgs/msg/detail/camera_recognition_objects__rosidl_typesupport_introspection_c.h
[3.276s] -- Up-to-date symlink: /MRTP/MRTP/src/install/webots_ros2_msgs/include/webots_ros2_msgs/webots_ros2_msgs/msg/detail/float_stamped__rosidl_typesupport_introspection_c.h
[3.278s] -- Up-to-date symlink: /MRTP/MRTP/src/install/webots_ros2_msgs/include/webots_ros2_msgs/webots_ros2_msgs/msg/detail/pen_ink_properties__rosidl_typesupport_introspection_c.h
[3.280s] -- Up-to-date symlink: /MRTP/MRTP/src/install/webots_ros2_msgs/include/webots_ros2_msgs/webots_ros2_msgs/msg/detail/string_stamped__rosidl_typesupport_introspection_c.h
[3.282s] -- Up-to-date symlink: /MRTP/MRTP/src/install/webots_ros2_msgs/include/webots_ros2_msgs/webots_ros2_msgs/msg/detail/urdf_robot__rosidl_typesupport_introspection_c.h
[3.284s] -- Up-to-date symlink: /MRTP/MRTP/src/install/webots_ros2_msgs/include/webots_ros2_msgs/webots_ros2_msgs/msg/rosidl_typesupport_introspection_c__visibility_control.h
[3.286s] -- Up-to-date symlink: /MRTP/MRTP/src/install/webots_ros2_msgs/include/webots_ros2_msgs/webots_ros2_msgs/srv/detail/emitter_send_string__rosidl_typesupport_introspection_c.h
[3.288s] -- Up-to-date symlink: /MRTP/MRTP/src/install/webots_ros2_msgs/include/webots_ros2_msgs/webots_ros2_msgs/srv/detail/get_bool__rosidl_typesupport_introspection_c.h
[3.290s] -- Up-to-date symlink: /MRTP/MRTP/src/install/webots_ros2_msgs/include/webots_ros2_msgs/webots_ros2_msgs/srv/detail/set_string__rosidl_typesupport_introspection_c.h
[3.291s] -- Up-to-date symlink: /MRTP/MRTP/src/install/webots_ros2_msgs/include/webots_ros2_msgs/webots_ros2_msgs/srv/detail/spawn_node_from_string__rosidl_typesupport_introspection_c.h
[3.293s] -- Up-to-date symlink: /MRTP/MRTP/src/install/webots_ros2_msgs/include/webots_ros2_msgs/webots_ros2_msgs/srv/detail/spawn_urdf_robot__rosidl_typesupport_introspection_c.h
[3.300s] -- Up-to-date symlink: /MRTP/MRTP/src/install/webots_ros2_msgs/include/webots_ros2_msgs/webots_ros2_msgs/msg/detail/bool_stamped__rosidl_typesupport_introspection_cpp.hpp
[3.302s] -- Up-to-date symlink: /MRTP/MRTP/src/install/webots_ros2_msgs/include/webots_ros2_msgs/webots_ros2_msgs/msg/detail/camera_recognition_object__rosidl_typesupport_introspection_cpp.hpp
[3.303s] -- Up-to-date symlink: /MRTP/MRTP/src/install/webots_ros2_msgs/include/webots_ros2_msgs/webots_ros2_msgs/msg/detail/camera_recognition_objects__rosidl_typesupport_introspection_cpp.hpp
[3.305s] -- Up-to-date symlink: /MRTP/MRTP/src/install/webots_ros2_msgs/include/webots_ros2_msgs/webots_ros2_msgs/msg/detail/float_stamped__rosidl_typesupport_introspection_cpp.hpp
[3.307s] -- Up-to-date symlink: /MRTP/MRTP/src/install/webots_ros2_msgs/include/webots_ros2_msgs/webots_ros2_msgs/msg/detail/pen_ink_properties__rosidl_typesupport_introspection_cpp.hpp
[3.311s] -- Up-to-date symlink: /MRTP/MRTP/src/install/webots_ros2_msgs/include/webots_ros2_msgs/webots_ros2_msgs/msg/detail/string_stamped__rosidl_typesupport_introspection_cpp.hpp
[3.312s] -- Up-to-date symlink: /MRTP/MRTP/src/install/webots_ros2_msgs/include/webots_ros2_msgs/webots_ros2_msgs/msg/detail/urdf_robot__rosidl_typesupport_introspection_cpp.hpp
[3.314s] -- Up-to-date symlink: /MRTP/MRTP/src/install/webots_ros2_msgs/include/webots_ros2_msgs/webots_ros2_msgs/srv/detail/emitter_send_string__rosidl_typesupport_introspection_cpp.hpp
[3.318s] -- Up-to-date symlink: /MRTP/MRTP/src/install/webots_ros2_msgs/include/webots_ros2_msgs/webots_ros2_msgs/srv/detail/get_bool__rosidl_typesupport_introspection_cpp.hpp
[3.322s] -- Up-to-date symlink: /MRTP/MRTP/src/install/webots_ros2_msgs/include/webots_ros2_msgs/webots_ros2_msgs/srv/detail/set_string__rosidl_typesupport_introspection_cpp.hpp
[3.325s] -- Up-to-date symlink: /MRTP/MRTP/src/install/webots_ros2_msgs/include/webots_ros2_msgs/webots_ros2_msgs/srv/detail/spawn_node_from_string__rosidl_typesupport_introspection_cpp.hpp
[3.329s] -- Up-to-date symlink: /MRTP/MRTP/src/install/webots_ros2_msgs/include/webots_ros2_msgs/webots_ros2_msgs/srv/detail/spawn_urdf_robot__rosidl_typesupport_introspection_cpp.hpp
[3.335s] -- Up-to-date symlink: /MRTP/MRTP/src/install/webots_ros2_msgs/share/webots_ros2_msgs/environment/pythonpath.sh
[3.338s] -- Up-to-date symlink: /MRTP/MRTP/src/install/webots_ros2_msgs/share/webots_ros2_msgs/environment/pythonpath.dsv
[3.351s] -- Up-to-date symlink: /MRTP/MRTP/src/install/webots_ros2_msgs/lib/python3.12/site-packages/webots_ros2_msgs-2025.0.1-py3.12.egg-info/PKG-INFO
[3.355s] -- Up-to-date symlink: /MRTP/MRTP/src/install/webots_ros2_msgs/lib/python3.12/site-packages/webots_ros2_msgs-2025.0.1-py3.12.egg-info/SOURCES.txt
[3.359s] -- Up-to-date symlink: /MRTP/MRTP/src/install/webots_ros2_msgs/lib/python3.12/site-packages/webots_ros2_msgs-2025.0.1-py3.12.egg-info/dependency_links.txt
[3.367s] -- Up-to-date symlink: /MRTP/MRTP/src/install/webots_ros2_msgs/lib/python3.12/site-packages/webots_ros2_msgs-2025.0.1-py3.12.egg-info/top_level.txt
[3.411s] -- Up-to-date symlink: /MRTP/MRTP/src/install/webots_ros2_msgs/lib/python3.12/site-packages/webots_ros2_msgs/__init__.py
[3.413s] -- Up-to-date symlink: /MRTP/MRTP/src/install/webots_ros2_msgs/lib/python3.12/site-packages/webots_ros2_msgs/_webots_ros2_msgs_s.ep.rosidl_typesupport_c.c
[3.419s] -- Up-to-date symlink: /MRTP/MRTP/src/install/webots_ros2_msgs/lib/python3.12/site-packages/webots_ros2_msgs/_webots_ros2_msgs_s.ep.rosidl_typesupport_fastrtps_c.c
[3.420s] -- Up-to-date symlink: /MRTP/MRTP/src/install/webots_ros2_msgs/lib/python3.12/site-packages/webots_ros2_msgs/_webots_ros2_msgs_s.ep.rosidl_typesupport_introspection_c.c
[3.423s] -- Up-to-date symlink: /MRTP/MRTP/src/install/webots_ros2_msgs/lib/python3.12/site-packages/webots_ros2_msgs/msg/__init__.py
[3.424s] -- Up-to-date symlink: /MRTP/MRTP/src/install/webots_ros2_msgs/lib/python3.12/site-packages/webots_ros2_msgs/msg/_bool_stamped.py
[3.425s] -- Up-to-date symlink: /MRTP/MRTP/src/install/webots_ros2_msgs/lib/python3.12/site-packages/webots_ros2_msgs/msg/_bool_stamped_s.c
[3.426s] -- Up-to-date symlink: /MRTP/MRTP/src/install/webots_ros2_msgs/lib/python3.12/site-packages/webots_ros2_msgs/msg/_camera_recognition_object.py
[3.435s] -- Up-to-date symlink: /MRTP/MRTP/src/install/webots_ros2_msgs/lib/python3.12/site-packages/webots_ros2_msgs/msg/_camera_recognition_object_s.c
[3.436s] -- Up-to-date symlink: /MRTP/MRTP/src/install/webots_ros2_msgs/lib/python3.12/site-packages/webots_ros2_msgs/msg/_camera_recognition_objects.py
[3.436s] -- Up-to-date symlink: /MRTP/MRTP/src/install/webots_ros2_msgs/lib/python3.12/site-packages/webots_ros2_msgs/msg/_camera_recognition_objects_s.c
[3.438s] -- Up-to-date symlink: /MRTP/MRTP/src/install/webots_ros2_msgs/lib/python3.12/site-packages/webots_ros2_msgs/msg/_float_stamped.py
[3.441s] -- Up-to-date symlink: /MRTP/MRTP/src/install/webots_ros2_msgs/lib/python3.12/site-packages/webots_ros2_msgs/msg/_float_stamped_s.c
[3.442s] -- Up-to-date symlink: /MRTP/MRTP/src/install/webots_ros2_msgs/lib/python3.12/site-packages/webots_ros2_msgs/msg/_pen_ink_properties.py
[3.444s] -- Up-to-date symlink: /MRTP/MRTP/src/install/webots_ros2_msgs/lib/python3.12/site-packages/webots_ros2_msgs/msg/_pen_ink_properties_s.c
[3.447s] -- Up-to-date symlink: /MRTP/MRTP/src/install/webots_ros2_msgs/lib/python3.12/site-packages/webots_ros2_msgs/msg/_string_stamped.py
[3.448s] -- Up-to-date symlink: /MRTP/MRTP/src/install/webots_ros2_msgs/lib/python3.12/site-packages/webots_ros2_msgs/msg/_string_stamped_s.c
[3.450s] -- Up-to-date symlink: /MRTP/MRTP/src/install/webots_ros2_msgs/lib/python3.12/site-packages/webots_ros2_msgs/msg/_urdf_robot.py
[3.452s] -- Up-to-date symlink: /MRTP/MRTP/src/install/webots_ros2_msgs/lib/python3.12/site-packages/webots_ros2_msgs/msg/_urdf_robot_s.c
[3.454s] -- Up-to-date symlink: /MRTP/MRTP/src/install/webots_ros2_msgs/lib/python3.12/site-packages/webots_ros2_msgs/srv/__init__.py
[3.457s] -- Up-to-date symlink: /MRTP/MRTP/src/install/webots_ros2_msgs/lib/python3.12/site-packages/webots_ros2_msgs/srv/_emitter_send_string.py
[3.458s] -- Up-to-date symlink: /MRTP/MRTP/src/install/webots_ros2_msgs/lib/python3.12/site-packages/webots_ros2_msgs/srv/_emitter_send_string_s.c
[3.460s] -- Up-to-date symlink: /MRTP/MRTP/src/install/webots_ros2_msgs/lib/python3.12/site-packages/webots_ros2_msgs/srv/_get_bool.py
[3.462s] -- Up-to-date symlink: /MRTP/MRTP/src/install/webots_ros2_msgs/lib/python3.12/site-packages/webots_ros2_msgs/srv/_get_bool_s.c
[3.464s] -- Up-to-date symlink: /MRTP/MRTP/src/install/webots_ros2_msgs/lib/python3.12/site-packages/webots_ros2_msgs/srv/_set_string.py
[3.466s] -- Up-to-date symlink: /MRTP/MRTP/src/install/webots_ros2_msgs/lib/python3.12/site-packages/webots_ros2_msgs/srv/_set_string_s.c
[3.467s] -- Up-to-date symlink: /MRTP/MRTP/src/install/webots_ros2_msgs/lib/python3.12/site-packages/webots_ros2_msgs/srv/_spawn_node_from_string.py
[3.469s] -- Up-to-date symlink: /MRTP/MRTP/src/install/webots_ros2_msgs/lib/python3.12/site-packages/webots_ros2_msgs/srv/_spawn_node_from_string_s.c
[3.472s] -- Up-to-date symlink: /MRTP/MRTP/src/install/webots_ros2_msgs/lib/python3.12/site-packages/webots_ros2_msgs/srv/_spawn_urdf_robot.py
[3.473s] -- Up-to-date symlink: /MRTP/MRTP/src/install/webots_ros2_msgs/lib/python3.12/site-packages/webots_ros2_msgs/srv/_spawn_urdf_robot_s.c
[3.475s] -- Up-to-date symlink: /MRTP/MRTP/src/install/webots_ros2_msgs/lib/python3.12/site-packages/webots_ros2_msgs/webots_ros2_msgs_s__rosidl_typesupport_c.so
[3.477s] -- Up-to-date symlink: /MRTP/MRTP/src/install/webots_ros2_msgs/lib/python3.12/site-packages/webots_ros2_msgs/webots_ros2_msgs_s__rosidl_typesupport_fastrtps_c.so
[3.478s] -- Up-to-date symlink: /MRTP/MRTP/src/install/webots_ros2_msgs/lib/python3.12/site-packages/webots_ros2_msgs/webots_ros2_msgs_s__rosidl_typesupport_introspection_c.so
[3.482s] -- Up-to-date symlink: /MRTP/MRTP/src/install/webots_ros2_msgs/lib/python3.12/site-packages/webots_ros2_msgs/webots_ros2_msgs_s__rosidl_typesupport_fastrtps_c.so
[3.485s] -- Up-to-date symlink: /MRTP/MRTP/src/install/webots_ros2_msgs/lib/python3.12/site-packages/webots_ros2_msgs/webots_ros2_msgs_s__rosidl_typesupport_introspection_c.so
[3.488s] -- Up-to-date symlink: /MRTP/MRTP/src/install/webots_ros2_msgs/lib/python3.12/site-packages/webots_ros2_msgs/webots_ros2_msgs_s__rosidl_typesupport_c.so
[3.490s] -- Up-to-date symlink: /MRTP/MRTP/src/install/webots_ros2_msgs/share/webots_ros2_msgs/msg/BoolStamped.idl
[3.492s] -- Up-to-date symlink: /MRTP/MRTP/src/install/webots_ros2_msgs/share/webots_ros2_msgs/msg/FloatStamped.idl
[3.494s] -- Up-to-date symlink: /MRTP/MRTP/src/install/webots_ros2_msgs/share/webots_ros2_msgs/msg/StringStamped.idl
[3.496s] -- Up-to-date symlink: /MRTP/MRTP/src/install/webots_ros2_msgs/share/webots_ros2_msgs/msg/CameraRecognitionObject.idl
[3.499s] -- Up-to-date symlink: /MRTP/MRTP/src/install/webots_ros2_msgs/share/webots_ros2_msgs/msg/CameraRecognitionObjects.idl
[3.501s] -- Up-to-date symlink: /MRTP/MRTP/src/install/webots_ros2_msgs/share/webots_ros2_msgs/msg/UrdfRobot.idl
[3.502s] -- Up-to-date symlink: /MRTP/MRTP/src/install/webots_ros2_msgs/share/webots_ros2_msgs/msg/PenInkProperties.idl
[3.505s] -- Up-to-date symlink: /MRTP/MRTP/src/install/webots_ros2_msgs/share/webots_ros2_msgs/srv/EmitterSendString.idl
[3.509s] -- Up-to-date symlink: /MRTP/MRTP/src/install/webots_ros2_msgs/share/webots_ros2_msgs/srv/GetBool.idl
[3.514s] -- Up-to-date symlink: /MRTP/MRTP/src/install/webots_ros2_msgs/share/webots_ros2_msgs/srv/SetString.idl
[3.515s] -- Up-to-date symlink: /MRTP/MRTP/src/install/webots_ros2_msgs/share/webots_ros2_msgs/srv/SpawnNodeFromString.idl
[3.518s] -- Up-to-date symlink: /MRTP/MRTP/src/install/webots_ros2_msgs/share/webots_ros2_msgs/srv/SpawnUrdfRobot.idl
[3.521s] -- Up-to-date symlink: /MRTP/MRTP/src/install/webots_ros2_msgs/share/webots_ros2_msgs/msg/BoolStamped.msg
[3.522s] -- Up-to-date symlink: /MRTP/MRTP/src/install/webots_ros2_msgs/share/webots_ros2_msgs/msg/FloatStamped.msg
[3.524s] -- Up-to-date symlink: /MRTP/MRTP/src/install/webots_ros2_msgs/share/webots_ros2_msgs/msg/StringStamped.msg
[3.529s] -- Up-to-date symlink: /MRTP/MRTP/src/install/webots_ros2_msgs/share/webots_ros2_msgs/msg/CameraRecognitionObject.msg
[3.532s] -- Up-to-date symlink: /MRTP/MRTP/src/install/webots_ros2_msgs/share/webots_ros2_msgs/msg/CameraRecognitionObjects.msg
[3.533s] -- Up-to-date symlink: /MRTP/MRTP/src/install/webots_ros2_msgs/share/webots_ros2_msgs/msg/UrdfRobot.msg
[3.534s] -- Up-to-date symlink: /MRTP/MRTP/src/install/webots_ros2_msgs/share/webots_ros2_msgs/msg/PenInkProperties.msg
[3.535s] -- Up-to-date symlink: /MRTP/MRTP/src/install/webots_ros2_msgs/share/webots_ros2_msgs/srv/EmitterSendString.srv
[3.541s] -- Up-to-date symlink: /MRTP/MRTP/src/install/webots_ros2_msgs/share/webots_ros2_msgs/srv/GetBool.srv
[3.547s] -- Up-to-date symlink: /MRTP/MRTP/src/install/webots_ros2_msgs/share/webots_ros2_msgs/srv/SetString.srv
[3.548s] -- Up-to-date symlink: /MRTP/MRTP/src/install/webots_ros2_msgs/share/webots_ros2_msgs/srv/SpawnNodeFromString.srv
[3.551s] -- Up-to-date symlink: /MRTP/MRTP/src/install/webots_ros2_msgs/share/webots_ros2_msgs/srv/SpawnUrdfRobot.srv
[3.555s] -- Up-to-date symlink: /MRTP/MRTP/src/install/webots_ros2_msgs/share/ament_index/resource_index/package_run_dependencies/webots_ros2_msgs
[3.557s] -- Up-to-date symlink: /MRTP/MRTP/src/install/webots_ros2_msgs/share/ament_index/resource_index/parent_prefix_path/webots_ros2_msgs
[3.558s] -- Up-to-date symlink: /MRTP/MRTP/src/install/webots_ros2_msgs/share/webots_ros2_msgs/environment/ament_prefix_path.sh
[3.559s] -- Up-to-date symlink: /MRTP/MRTP/src/install/webots_ros2_msgs/share/webots_ros2_msgs/environment/ament_prefix_path.dsv
[3.561s] -- Up-to-date symlink: /MRTP/MRTP/src/install/webots_ros2_msgs/share/webots_ros2_msgs/environment/path.sh
[3.561s] -- Up-to-date symlink: /MRTP/MRTP/src/install/webots_ros2_msgs/share/webots_ros2_msgs/environment/path.dsv
[3.565s] -- Up-to-date symlink: /MRTP/MRTP/src/install/webots_ros2_msgs/share/webots_ros2_msgs/local_setup.bash
[3.571s] -- Up-to-date symlink: /MRTP/MRTP/src/install/webots_ros2_msgs/share/webots_ros2_msgs/local_setup.sh
[3.574s] -- Up-to-date symlink: /MRTP/MRTP/src/install/webots_ros2_msgs/share/webots_ros2_msgs/local_setup.zsh
[3.576s] -- Up-to-date symlink: /MRTP/MRTP/src/install/webots_ros2_msgs/share/webots_ros2_msgs/local_setup.dsv
[3.577s] -- Symlinking: /MRTP/MRTP/src/install/webots_ros2_msgs/share/webots_ros2_msgs/package.dsv
[3.620s] -- Up-to-date symlink: /MRTP/MRTP/src/install/webots_ros2_msgs/share/ament_index/resource_index/packages/webots_ros2_msgs
[3.623s] -- Up-to-date symlink: /MRTP/MRTP/src/install/webots_ros2_msgs/share/webots_ros2_msgs/cmake/rosidl_cmake-extras.cmake
[3.628s] -- Up-to-date symlink: /MRTP/MRTP/src/install/webots_ros2_msgs/share/webots_ros2_msgs/cmake/ament_cmake_export_dependencies-extras.cmake
[3.631s] -- Up-to-date symlink: /MRTP/MRTP/src/install/webots_ros2_msgs/share/webots_ros2_msgs/cmake/ament_cmake_export_include_directories-extras.cmake
[3.632s] -- Up-to-date symlink: /MRTP/MRTP/src/install/webots_ros2_msgs/share/webots_ros2_msgs/cmake/ament_cmake_export_libraries-extras.cmake
[3.634s] -- Up-to-date symlink: /MRTP/MRTP/src/install/webots_ros2_msgs/share/webots_ros2_msgs/cmake/ament_cmake_export_targets-extras.cmake
[3.637s] -- Up-to-date symlink: /MRTP/MRTP/src/install/webots_ros2_msgs/share/webots_ros2_msgs/cmake/rosidl_cmake_export_typesupport_targets-extras.cmake
[3.640s] -- Up-to-date symlink: /MRTP/MRTP/src/install/webots_ros2_msgs/share/webots_ros2_msgs/cmake/rosidl_cmake_export_typesupport_libraries-extras.cmake
[3.641s] -- Up-to-date symlink: /MRTP/MRTP/src/install/webots_ros2_msgs/share/webots_ros2_msgs/cmake/webots_ros2_msgsConfig.cmake
[3.642s] -- Up-to-date symlink: /MRTP/MRTP/src/install/webots_ros2_msgs/share/webots_ros2_msgs/cmake/webots_ros2_msgsConfig-version.cmake
[3.644s] -- Up-to-date symlink: /MRTP/MRTP/src/install/webots_ros2_msgs/share/webots_ros2_msgs/package.xml
[3.648s] -- Up-to-date: /MRTP/MRTP/src/install/webots_ros2_msgs/lib/libwebots_ros2_msgs__rosidl_generator_c.so
[3.653s] -- Up-to-date: /MRTP/MRTP/src/install/webots_ros2_msgs/lib/libwebots_ros2_msgs__rosidl_typesupport_fastrtps_c.so
[3.657s] -- Up-to-date: /MRTP/MRTP/src/install/webots_ros2_msgs/lib/libwebots_ros2_msgs__rosidl_typesupport_fastrtps_cpp.so
[3.659s] -- Up-to-date: /MRTP/MRTP/src/install/webots_ros2_msgs/lib/libwebots_ros2_msgs__rosidl_typesupport_introspection_c.so
[3.676s] -- Up-to-date: /MRTP/MRTP/src/install/webots_ros2_msgs/lib/libwebots_ros2_msgs__rosidl_typesupport_c.so
[3.681s] -- Up-to-date: /MRTP/MRTP/src/install/webots_ros2_msgs/lib/libwebots_ros2_msgs__rosidl_typesupport_introspection_cpp.so
[3.683s] -- Up-to-date: /MRTP/MRTP/src/install/webots_ros2_msgs/lib/libwebots_ros2_msgs__rosidl_typesupport_cpp.so
[3.762s] Listing '/MRTP/MRTP/src/install/webots_ros2_msgs/lib/python3.12/site-packages/webots_ros2_msgs'...
[3.764s] Listing '/MRTP/MRTP/src/install/webots_ros2_msgs/lib/python3.12/site-packages/webots_ros2_msgs/msg'...
[3.765s] Listing '/MRTP/MRTP/src/install/webots_ros2_msgs/lib/python3.12/site-packages/webots_ros2_msgs/srv'...
[3.768s] -- Up-to-date: /MRTP/MRTP/src/install/webots_ros2_msgs/lib/libwebots_ros2_msgs__rosidl_generator_py.so
[3.769s] -- Up-to-date: /MRTP/MRTP/src/install/webots_ros2_msgs/share/webots_ros2_msgs/cmake/export_webots_ros2_msgs__rosidl_generator_cExport.cmake
[3.771s] -- Up-to-date: /MRTP/MRTP/src/install/webots_ros2_msgs/share/webots_ros2_msgs/cmake/export_webots_ros2_msgs__rosidl_generator_cExport-noconfig.cmake
[3.773s] -- Up-to-date: /MRTP/MRTP/src/install/webots_ros2_msgs/share/webots_ros2_msgs/cmake/export_webots_ros2_msgs__rosidl_typesupport_fastrtps_cExport.cmake
[3.775s] -- Up-to-date: /MRTP/MRTP/src/install/webots_ros2_msgs/share/webots_ros2_msgs/cmake/export_webots_ros2_msgs__rosidl_typesupport_fastrtps_cExport-noconfig.cmake
[3.778s] -- Up-to-date: /MRTP/MRTP/src/install/webots_ros2_msgs/share/webots_ros2_msgs/cmake/export_webots_ros2_msgs__rosidl_generator_cppExport.cmake
[3.781s] -- Up-to-date: /MRTP/MRTP/src/install/webots_ros2_msgs/share/webots_ros2_msgs/cmake/export_webots_ros2_msgs__rosidl_typesupport_fastrtps_cppExport.cmake
[3.782s] -- Up-to-date: /MRTP/MRTP/src/install/webots_ros2_msgs/share/webots_ros2_msgs/cmake/export_webots_ros2_msgs__rosidl_typesupport_fastrtps_cppExport-noconfig.cmake
[3.786s] -- Up-to-date: /MRTP/MRTP/src/install/webots_ros2_msgs/share/webots_ros2_msgs/cmake/webots_ros2_msgs__rosidl_typesupport_introspection_cExport.cmake
[3.788s] -- Up-to-date: /MRTP/MRTP/src/install/webots_ros2_msgs/share/webots_ros2_msgs/cmake/webots_ros2_msgs__rosidl_typesupport_introspection_cExport-noconfig.cmake
[3.790s] -- Up-to-date: /MRTP/MRTP/src/install/webots_ros2_msgs/share/webots_ros2_msgs/cmake/webots_ros2_msgs__rosidl_typesupport_cExport.cmake
[3.792s] -- Up-to-date: /MRTP/MRTP/src/install/webots_ros2_msgs/share/webots_ros2_msgs/cmake/webots_ros2_msgs__rosidl_typesupport_cExport-noconfig.cmake
[3.802s] -- Up-to-date: /MRTP/MRTP/src/install/webots_ros2_msgs/share/webots_ros2_msgs/cmake/webots_ros2_msgs__rosidl_typesupport_introspection_cppExport.cmake
[3.809s] -- Up-to-date: /MRTP/MRTP/src/install/webots_ros2_msgs/share/webots_ros2_msgs/cmake/webots_ros2_msgs__rosidl_typesupport_introspection_cppExport-noconfig.cmake
[3.811s] -- Up-to-date: /MRTP/MRTP/src/install/webots_ros2_msgs/share/webots_ros2_msgs/cmake/webots_ros2_msgs__rosidl_typesupport_cppExport.cmake
[3.813s] -- Up-to-date: /MRTP/MRTP/src/install/webots_ros2_msgs/share/webots_ros2_msgs/cmake/webots_ros2_msgs__rosidl_typesupport_cppExport-noconfig.cmake
[3.818s] -- Up-to-date: /MRTP/MRTP/src/install/webots_ros2_msgs/share/webots_ros2_msgs/cmake/export_webots_ros2_msgs__rosidl_generator_pyExport.cmake
[3.820s] -- Up-to-date: /MRTP/MRTP/src/install/webots_ros2_msgs/share/webots_ros2_msgs/cmake/export_webots_ros2_msgs__rosidl_generator_pyExport-noconfig.cmake
[3.823s] Invoked command in '/MRTP/MRTP/src/build/webots_ros2_msgs' returned '0': CMAKE_PREFIX_PATH=${CMAKE_PREFIX_PATH}:/MRTP/MRTP/src/install/webots_ros2:/MRTP/MRTP/src/install/webots_ros2_universal_robot:/MRTP/MRTP/src/install/webots_ros2_turtlebot:/MRTP/MRTP/src/install/webots_ros2_tiago:/MRTP/MRTP/src/install/webots_ros2_tests:/MRTP/MRTP/src/install/webots_ros2_tesla:/MRTP/MRTP/src/install/webots_ros2_mavic:/MRTP/MRTP/src/install/webots_ros2_husarion:/MRTP/MRTP/src/install/webots_ros2_epuck:/MRTP/MRTP/src/install/webots_ros2_crazyflie:/MRTP/MRTP/src/install/webots_ros2_importer:/MRTP/MRTP/src/install/gazeboenvs:/opt/ros/jazzy PS1=(.venv) \[\e]0;\u@\h: \w\a\]${debian_chroot:+($debian_chroot)}\u@\h:\w\$ VIRTUAL_ENV_PROMPT=(.venv) /usr/bin/cmake --install /MRTP/MRTP/src/build/webots_ros2_msgs
