[0.066s] Invoking command in '/MRTP/MRTP/src/build/webots_ros2_driver': AMENT_PREFIX_PATH=/MRTP/MRTP/src/install/webots_ros2_importer:/MRTP/MRTP/src/install/webots_ros2:/MRTP/MRTP/src/install/webots_ros2_universal_robot:/MRTP/MRTP/src/install/webots_ros2_turtlebot:/MRTP/MRTP/src/install/webots_ros2_tiago:/MRTP/MRTP/src/install/webots_ros2_tests:/MRTP/MRTP/src/install/webots_ros2_tesla:/MRTP/MRTP/src/install/webots_ros2_mavic:/MRTP/MRTP/src/install/webots_ros2_husarion:/MRTP/MRTP/src/install/webots_ros2_epuck:/MRTP/MRTP/src/install/webots_ros2_crazyflie:/MRTP/MRTP/src/install/webots_ros2_control:/MRTP/MRTP/src/install/my_package:/MRTP/MRTP/src/install/webots_ros2_driver:/MRTP/MRTP/src/install/webots_ros2_msgs:/MRTP/MRTP/src/install/gazeboenvs:/opt/ros/jazzy CMAKE_PREFIX_PATH=/MRTP/MRTP/src/install/webots_ros2_msgs:/MRTP/MRTP/src/install/webots_ros2_control:/MRTP/MRTP/src/install/my_package:/MRTP/MRTP/src/install/webots_ros2_driver:/opt/ros/jazzy/opt/gz_sim_vendor:/opt/ros/jazzy/opt/gz_sensors_vendor:/opt/ros/jazzy/opt/gz_physics_vendor:/opt/ros/jazzy/opt/sdformat_vendor:/opt/ros/jazzy/opt/gz_gui_vendor:/opt/ros/jazzy/opt/gz_transport_vendor:/opt/ros/jazzy/opt/gz_rendering_vendor:/opt/ros/jazzy/opt/gz_plugin_vendor:/opt/ros/jazzy/opt/gz_fuel_tools_vendor:/opt/ros/jazzy/opt/gz_msgs_vendor:/opt/ros/jazzy/opt/gz_common_vendor:/opt/ros/jazzy/opt/gz_math_vendor:/opt/ros/jazzy/opt/gz_utils_vendor:/opt/ros/jazzy/opt/gz_tools_vendor:/opt/ros/jazzy/opt/gz_ogre_next_vendor:/opt/ros/jazzy/opt/gz_dartsim_vendor:/opt/ros/jazzy/opt/gz_cmake_vendor:/MRTP/MRTP/src/install/webots_ros2:/MRTP/MRTP/src/install/webots_ros2_universal_robot:/MRTP/MRTP/src/install/webots_ros2_turtlebot:/MRTP/MRTP/src/install/webots_ros2_tiago:/MRTP/MRTP/src/install/webots_ros2_tests:/MRTP/MRTP/src/install/webots_ros2_tesla:/MRTP/MRTP/src/install/webots_ros2_mavic:/MRTP/MRTP/src/install/webots_ros2_husarion:/MRTP/MRTP/src/install/webots_ros2_epuck:/MRTP/MRTP/src/install/webots_ros2_crazyflie:/MRTP/MRTP/src/install/webots_ros2_importer:/MRTP/MRTP/src/install/gazeboenvs:/opt/ros/jazzy LD_LIBRARY_PATH=/MRTP/MRTP/src/install/webots_ros2_msgs/lib:/MRTP/MRTP/src/install/webots_ros2_control/lib:/MRTP/MRTP/src/install/my_package/lib:/MRTP/MRTP/src/install/webots_ros2_driver/lib:/opt/ros/jazzy/opt/gz_sim_vendor/lib:/opt/ros/jazzy/opt/gz_sensors_vendor/lib:/opt/ros/jazzy/opt/gz_physics_vendor/lib:/opt/ros/jazzy/opt/sdformat_vendor/lib:/opt/ros/jazzy/opt/rviz_ogre_vendor/lib:/opt/ros/jazzy/lib/aarch64-linux-gnu:/opt/ros/jazzy/opt/gz_gui_vendor/lib:/opt/ros/jazzy/opt/gz_transport_vendor/lib:/opt/ros/jazzy/opt/gz_rendering_vendor/lib:/opt/ros/jazzy/opt/gz_plugin_vendor/lib:/opt/ros/jazzy/opt/gz_fuel_tools_vendor/lib:/opt/ros/jazzy/opt/gz_msgs_vendor/lib:/opt/ros/jazzy/opt/gz_common_vendor/lib:/opt/ros/jazzy/opt/gz_math_vendor/lib:/opt/ros/jazzy/opt/gz_utils_vendor/lib:/opt/ros/jazzy/opt/gz_tools_vendor/lib:/opt/ros/jazzy/opt/gz_ogre_next_vendor/lib:/opt/ros/jazzy/opt/gz_dartsim_vendor/lib:/opt/ros/jazzy/opt/gz_cmake_vendor/lib:/opt/ros/jazzy/lib PS1=(.venv) \[\e]0;\u@\h: \w\a\]${debian_chroot:+($debian_chroot)}\u@\h:\w\$ PYTHONPATH=/MRTP/MRTP/src/install/webots_ros2_msgs/lib/python3.12/site-packages:/MRTP/MRTP/src/build/webots_ros2_importer:/MRTP/MRTP/src/install/webots_ros2_importer/lib/python3.12/site-packages:/MRTP/MRTP/src/build/webots_ros2:/MRTP/MRTP/src/install/webots_ros2/lib/python3.12/site-packages:/MRTP/MRTP/src/build/webots_ros2_universal_robot:/MRTP/MRTP/src/install/webots_ros2_universal_robot/lib/python3.12/site-packages:/MRTP/MRTP/src/build/webots_ros2_turtlebot:/MRTP/MRTP/src/install/webots_ros2_turtlebot/lib/python3.12/site-packages:/MRTP/MRTP/src/build/webots_ros2_tiago:/MRTP/MRTP/src/install/webots_ros2_tiago/lib/python3.12/site-packages:/MRTP/MRTP/src/build/webots_ros2_tests:/MRTP/MRTP/src/install/webots_ros2_tests/lib/python3.12/site-packages:/MRTP/MRTP/src/build/webots_ros2_tesla:/MRTP/MRTP/src/install/webots_ros2_tesla/lib/python3.12/site-packages:/MRTP/MRTP/src/build/webots_ros2_mavic:/MRTP/MRTP/src/install/webots_ros2_mavic/lib/python3.12/site-packages:/MRTP/MRTP/src/build/webots_ros2_husarion:/MRTP/MRTP/src/install/webots_ros2_husarion/lib/python3.12/site-packages:/MRTP/MRTP/src/build/webots_ros2_epuck:/MRTP/MRTP/src/install/webots_ros2_epuck/lib/python3.12/site-packages:/MRTP/MRTP/src/build/webots_ros2_crazyflie:/MRTP/MRTP/src/install/webots_ros2_crazyflie/lib/python3.12/site-packages:/MRTP/MRTP/src/install/my_package/lib/python3.12/site-packages:/MRTP/MRTP/src/install/webots_ros2_driver/lib/python3.12/site-packages:/MRTP/MRTP/src/build/gazeboenvs:/MRTP/MRTP/src/install/gazeboenvs/lib/python3.12/site-packages:/usr/lib/python3/dist-packages:/opt/ros/jazzy/lib/python3.12/site-packages VIRTUAL_ENV_PROMPT=(.venv) /usr/bin/cmake --build /MRTP/MRTP/src/build/webots_ros2_driver -- -j12 -l12
[0.217s] Using bundled prebuilt Webots controller libraries.
[0.242s] [  0%] Built target ament_cmake_python_symlink_vehicle
[0.243s] [  0%] Built target ament_cmake_python_symlink_webots_ros2_driver
[0.244s] [  0%] Built target ament_cmake_python_symlink_controller
[0.246s] [  0%] Built target compile-lib-controller
[0.318s] Using bundled prebuilt Webots vehicle libraries.
[0.320s] Using bundled prebuilt Webots generic robot window library.
[0.408s] [  0%] Built target compile-lib-vehicle
[0.409s] [  0%] Built target compile-generic-window
[0.526s] [ 18%] Built target webots_ros2_driver_rgbd
[0.532s] [ 29%] Built target webots_ros2_driver_imu
[0.585s] [100%] Built target driver
[0.598s] running egg_info
[0.621s] writing controller.egg-info/PKG-INFO
[0.622s] writing dependency_links to controller.egg-info/dependency_links.txt
[0.623s] writing top-level names to controller.egg-info/top_level.txt
[0.627s] running egg_info
[0.661s] running egg_info
[0.663s] writing webots_ros2_driver.egg-info/PKG-INFO
[0.663s] writing dependency_links to webots_ros2_driver.egg-info/dependency_links.txt
[0.666s] writing top-level names to webots_ros2_driver.egg-info/top_level.txt
[0.688s] writing vehicle.egg-info/PKG-INFO
[0.689s] writing dependency_links to vehicle.egg-info/dependency_links.txt
[0.691s] writing top-level names to vehicle.egg-info/top_level.txt
[0.708s] reading manifest file 'controller.egg-info/SOURCES.txt'
[0.717s] writing manifest file 'controller.egg-info/SOURCES.txt'
[0.744s] reading manifest file 'webots_ros2_driver.egg-info/SOURCES.txt'
[0.748s] writing manifest file 'webots_ros2_driver.egg-info/SOURCES.txt'
[0.764s] [100%] Built target ament_cmake_python_build_controller_egg
[0.784s] reading manifest file 'vehicle.egg-info/SOURCES.txt'
[0.787s] writing manifest file 'vehicle.egg-info/SOURCES.txt'
[0.796s] [100%] Built target ament_cmake_python_build_webots_ros2_driver_egg
[0.830s] [100%] Built target ament_cmake_python_build_vehicle_egg
[0.858s] Invoked command in '/MRTP/MRTP/src/build/webots_ros2_driver' returned '0': AMENT_PREFIX_PATH=/MRTP/MRTP/src/install/webots_ros2_importer:/MRTP/MRTP/src/install/webots_ros2:/MRTP/MRTP/src/install/webots_ros2_universal_robot:/MRTP/MRTP/src/install/webots_ros2_turtlebot:/MRTP/MRTP/src/install/webots_ros2_tiago:/MRTP/MRTP/src/install/webots_ros2_tests:/MRTP/MRTP/src/install/webots_ros2_tesla:/MRTP/MRTP/src/install/webots_ros2_mavic:/MRTP/MRTP/src/install/webots_ros2_husarion:/MRTP/MRTP/src/install/webots_ros2_epuck:/MRTP/MRTP/src/install/webots_ros2_crazyflie:/MRTP/MRTP/src/install/webots_ros2_control:/MRTP/MRTP/src/install/my_package:/MRTP/MRTP/src/install/webots_ros2_driver:/MRTP/MRTP/src/install/webots_ros2_msgs:/MRTP/MRTP/src/install/gazeboenvs:/opt/ros/jazzy CMAKE_PREFIX_PATH=/MRTP/MRTP/src/install/webots_ros2_msgs:/MRTP/MRTP/src/install/webots_ros2_control:/MRTP/MRTP/src/install/my_package:/MRTP/MRTP/src/install/webots_ros2_driver:/opt/ros/jazzy/opt/gz_sim_vendor:/opt/ros/jazzy/opt/gz_sensors_vendor:/opt/ros/jazzy/opt/gz_physics_vendor:/opt/ros/jazzy/opt/sdformat_vendor:/opt/ros/jazzy/opt/gz_gui_vendor:/opt/ros/jazzy/opt/gz_transport_vendor:/opt/ros/jazzy/opt/gz_rendering_vendor:/opt/ros/jazzy/opt/gz_plugin_vendor:/opt/ros/jazzy/opt/gz_fuel_tools_vendor:/opt/ros/jazzy/opt/gz_msgs_vendor:/opt/ros/jazzy/opt/gz_common_vendor:/opt/ros/jazzy/opt/gz_math_vendor:/opt/ros/jazzy/opt/gz_utils_vendor:/opt/ros/jazzy/opt/gz_tools_vendor:/opt/ros/jazzy/opt/gz_ogre_next_vendor:/opt/ros/jazzy/opt/gz_dartsim_vendor:/opt/ros/jazzy/opt/gz_cmake_vendor:/MRTP/MRTP/src/install/webots_ros2:/MRTP/MRTP/src/install/webots_ros2_universal_robot:/MRTP/MRTP/src/install/webots_ros2_turtlebot:/MRTP/MRTP/src/install/webots_ros2_tiago:/MRTP/MRTP/src/install/webots_ros2_tests:/MRTP/MRTP/src/install/webots_ros2_tesla:/MRTP/MRTP/src/install/webots_ros2_mavic:/MRTP/MRTP/src/install/webots_ros2_husarion:/MRTP/MRTP/src/install/webots_ros2_epuck:/MRTP/MRTP/src/install/webots_ros2_crazyflie:/MRTP/MRTP/src/install/webots_ros2_importer:/MRTP/MRTP/src/install/gazeboenvs:/opt/ros/jazzy LD_LIBRARY_PATH=/MRTP/MRTP/src/install/webots_ros2_msgs/lib:/MRTP/MRTP/src/install/webots_ros2_control/lib:/MRTP/MRTP/src/install/my_package/lib:/MRTP/MRTP/src/install/webots_ros2_driver/lib:/opt/ros/jazzy/opt/gz_sim_vendor/lib:/opt/ros/jazzy/opt/gz_sensors_vendor/lib:/opt/ros/jazzy/opt/gz_physics_vendor/lib:/opt/ros/jazzy/opt/sdformat_vendor/lib:/opt/ros/jazzy/opt/rviz_ogre_vendor/lib:/opt/ros/jazzy/lib/aarch64-linux-gnu:/opt/ros/jazzy/opt/gz_gui_vendor/lib:/opt/ros/jazzy/opt/gz_transport_vendor/lib:/opt/ros/jazzy/opt/gz_rendering_vendor/lib:/opt/ros/jazzy/opt/gz_plugin_vendor/lib:/opt/ros/jazzy/opt/gz_fuel_tools_vendor/lib:/opt/ros/jazzy/opt/gz_msgs_vendor/lib:/opt/ros/jazzy/opt/gz_common_vendor/lib:/opt/ros/jazzy/opt/gz_math_vendor/lib:/opt/ros/jazzy/opt/gz_utils_vendor/lib:/opt/ros/jazzy/opt/gz_tools_vendor/lib:/opt/ros/jazzy/opt/gz_ogre_next_vendor/lib:/opt/ros/jazzy/opt/gz_dartsim_vendor/lib:/opt/ros/jazzy/opt/gz_cmake_vendor/lib:/opt/ros/jazzy/lib PS1=(.venv) \[\e]0;\u@\h: \w\a\]${debian_chroot:+($debian_chroot)}\u@\h:\w\$ PYTHONPATH=/MRTP/MRTP/src/install/webots_ros2_msgs/lib/python3.12/site-packages:/MRTP/MRTP/src/build/webots_ros2_importer:/MRTP/MRTP/src/install/webots_ros2_importer/lib/python3.12/site-packages:/MRTP/MRTP/src/build/webots_ros2:/MRTP/MRTP/src/install/webots_ros2/lib/python3.12/site-packages:/MRTP/MRTP/src/build/webots_ros2_universal_robot:/MRTP/MRTP/src/install/webots_ros2_universal_robot/lib/python3.12/site-packages:/MRTP/MRTP/src/build/webots_ros2_turtlebot:/MRTP/MRTP/src/install/webots_ros2_turtlebot/lib/python3.12/site-packages:/MRTP/MRTP/src/build/webots_ros2_tiago:/MRTP/MRTP/src/install/webots_ros2_tiago/lib/python3.12/site-packages:/MRTP/MRTP/src/build/webots_ros2_tests:/MRTP/MRTP/src/install/webots_ros2_tests/lib/python3.12/site-packages:/MRTP/MRTP/src/build/webots_ros2_tesla:/MRTP/MRTP/src/install/webots_ros2_tesla/lib/python3.12/site-packages:/MRTP/MRTP/src/build/webots_ros2_mavic:/MRTP/MRTP/src/install/webots_ros2_mavic/lib/python3.12/site-packages:/MRTP/MRTP/src/build/webots_ros2_husarion:/MRTP/MRTP/src/install/webots_ros2_husarion/lib/python3.12/site-packages:/MRTP/MRTP/src/build/webots_ros2_epuck:/MRTP/MRTP/src/install/webots_ros2_epuck/lib/python3.12/site-packages:/MRTP/MRTP/src/build/webots_ros2_crazyflie:/MRTP/MRTP/src/install/webots_ros2_crazyflie/lib/python3.12/site-packages:/MRTP/MRTP/src/install/my_package/lib/python3.12/site-packages:/MRTP/MRTP/src/install/webots_ros2_driver/lib/python3.12/site-packages:/MRTP/MRTP/src/build/gazeboenvs:/MRTP/MRTP/src/install/gazeboenvs/lib/python3.12/site-packages:/usr/lib/python3/dist-packages:/opt/ros/jazzy/lib/python3.12/site-packages VIRTUAL_ENV_PROMPT=(.venv) /usr/bin/cmake --build /MRTP/MRTP/src/build/webots_ros2_driver -- -j12 -l12
[0.861s] Invoking command in '/MRTP/MRTP/src/build/webots_ros2_driver': AMENT_PREFIX_PATH=/MRTP/MRTP/src/install/webots_ros2_importer:/MRTP/MRTP/src/install/webots_ros2:/MRTP/MRTP/src/install/webots_ros2_universal_robot:/MRTP/MRTP/src/install/webots_ros2_turtlebot:/MRTP/MRTP/src/install/webots_ros2_tiago:/MRTP/MRTP/src/install/webots_ros2_tests:/MRTP/MRTP/src/install/webots_ros2_tesla:/MRTP/MRTP/src/install/webots_ros2_mavic:/MRTP/MRTP/src/install/webots_ros2_husarion:/MRTP/MRTP/src/install/webots_ros2_epuck:/MRTP/MRTP/src/install/webots_ros2_crazyflie:/MRTP/MRTP/src/install/webots_ros2_control:/MRTP/MRTP/src/install/my_package:/MRTP/MRTP/src/install/webots_ros2_driver:/MRTP/MRTP/src/install/webots_ros2_msgs:/MRTP/MRTP/src/install/gazeboenvs:/opt/ros/jazzy CMAKE_PREFIX_PATH=/MRTP/MRTP/src/install/webots_ros2_msgs:/MRTP/MRTP/src/install/webots_ros2_control:/MRTP/MRTP/src/install/my_package:/MRTP/MRTP/src/install/webots_ros2_driver:/opt/ros/jazzy/opt/gz_sim_vendor:/opt/ros/jazzy/opt/gz_sensors_vendor:/opt/ros/jazzy/opt/gz_physics_vendor:/opt/ros/jazzy/opt/sdformat_vendor:/opt/ros/jazzy/opt/gz_gui_vendor:/opt/ros/jazzy/opt/gz_transport_vendor:/opt/ros/jazzy/opt/gz_rendering_vendor:/opt/ros/jazzy/opt/gz_plugin_vendor:/opt/ros/jazzy/opt/gz_fuel_tools_vendor:/opt/ros/jazzy/opt/gz_msgs_vendor:/opt/ros/jazzy/opt/gz_common_vendor:/opt/ros/jazzy/opt/gz_math_vendor:/opt/ros/jazzy/opt/gz_utils_vendor:/opt/ros/jazzy/opt/gz_tools_vendor:/opt/ros/jazzy/opt/gz_ogre_next_vendor:/opt/ros/jazzy/opt/gz_dartsim_vendor:/opt/ros/jazzy/opt/gz_cmake_vendor:/MRTP/MRTP/src/install/webots_ros2:/MRTP/MRTP/src/install/webots_ros2_universal_robot:/MRTP/MRTP/src/install/webots_ros2_turtlebot:/MRTP/MRTP/src/install/webots_ros2_tiago:/MRTP/MRTP/src/install/webots_ros2_tests:/MRTP/MRTP/src/install/webots_ros2_tesla:/MRTP/MRTP/src/install/webots_ros2_mavic:/MRTP/MRTP/src/install/webots_ros2_husarion:/MRTP/MRTP/src/install/webots_ros2_epuck:/MRTP/MRTP/src/install/webots_ros2_crazyflie:/MRTP/MRTP/src/install/webots_ros2_importer:/MRTP/MRTP/src/install/gazeboenvs:/opt/ros/jazzy LD_LIBRARY_PATH=/MRTP/MRTP/src/install/webots_ros2_msgs/lib:/MRTP/MRTP/src/install/webots_ros2_control/lib:/MRTP/MRTP/src/install/my_package/lib:/MRTP/MRTP/src/install/webots_ros2_driver/lib:/opt/ros/jazzy/opt/gz_sim_vendor/lib:/opt/ros/jazzy/opt/gz_sensors_vendor/lib:/opt/ros/jazzy/opt/gz_physics_vendor/lib:/opt/ros/jazzy/opt/sdformat_vendor/lib:/opt/ros/jazzy/opt/rviz_ogre_vendor/lib:/opt/ros/jazzy/lib/aarch64-linux-gnu:/opt/ros/jazzy/opt/gz_gui_vendor/lib:/opt/ros/jazzy/opt/gz_transport_vendor/lib:/opt/ros/jazzy/opt/gz_rendering_vendor/lib:/opt/ros/jazzy/opt/gz_plugin_vendor/lib:/opt/ros/jazzy/opt/gz_fuel_tools_vendor/lib:/opt/ros/jazzy/opt/gz_msgs_vendor/lib:/opt/ros/jazzy/opt/gz_common_vendor/lib:/opt/ros/jazzy/opt/gz_math_vendor/lib:/opt/ros/jazzy/opt/gz_utils_vendor/lib:/opt/ros/jazzy/opt/gz_tools_vendor/lib:/opt/ros/jazzy/opt/gz_ogre_next_vendor/lib:/opt/ros/jazzy/opt/gz_dartsim_vendor/lib:/opt/ros/jazzy/opt/gz_cmake_vendor/lib:/opt/ros/jazzy/lib PS1=(.venv) \[\e]0;\u@\h: \w\a\]${debian_chroot:+($debian_chroot)}\u@\h:\w\$ PYTHONPATH=/MRTP/MRTP/src/install/webots_ros2_msgs/lib/python3.12/site-packages:/MRTP/MRTP/src/build/webots_ros2_importer:/MRTP/MRTP/src/install/webots_ros2_importer/lib/python3.12/site-packages:/MRTP/MRTP/src/build/webots_ros2:/MRTP/MRTP/src/install/webots_ros2/lib/python3.12/site-packages:/MRTP/MRTP/src/build/webots_ros2_universal_robot:/MRTP/MRTP/src/install/webots_ros2_universal_robot/lib/python3.12/site-packages:/MRTP/MRTP/src/build/webots_ros2_turtlebot:/MRTP/MRTP/src/install/webots_ros2_turtlebot/lib/python3.12/site-packages:/MRTP/MRTP/src/build/webots_ros2_tiago:/MRTP/MRTP/src/install/webots_ros2_tiago/lib/python3.12/site-packages:/MRTP/MRTP/src/build/webots_ros2_tests:/MRTP/MRTP/src/install/webots_ros2_tests/lib/python3.12/site-packages:/MRTP/MRTP/src/build/webots_ros2_tesla:/MRTP/MRTP/src/install/webots_ros2_tesla/lib/python3.12/site-packages:/MRTP/MRTP/src/build/webots_ros2_mavic:/MRTP/MRTP/src/install/webots_ros2_mavic/lib/python3.12/site-packages:/MRTP/MRTP/src/build/webots_ros2_husarion:/MRTP/MRTP/src/install/webots_ros2_husarion/lib/python3.12/site-packages:/MRTP/MRTP/src/build/webots_ros2_epuck:/MRTP/MRTP/src/install/webots_ros2_epuck/lib/python3.12/site-packages:/MRTP/MRTP/src/build/webots_ros2_crazyflie:/MRTP/MRTP/src/install/webots_ros2_crazyflie/lib/python3.12/site-packages:/MRTP/MRTP/src/install/my_package/lib/python3.12/site-packages:/MRTP/MRTP/src/install/webots_ros2_driver/lib/python3.12/site-packages:/MRTP/MRTP/src/build/gazeboenvs:/MRTP/MRTP/src/install/gazeboenvs/lib/python3.12/site-packages:/usr/lib/python3/dist-packages:/opt/ros/jazzy/lib/python3.12/site-packages VIRTUAL_ENV_PROMPT=(.venv) /usr/bin/cmake --install /MRTP/MRTP/src/build/webots_ros2_driver
[0.883s] -- Install configuration: ""
[0.887s] -- Execute custom install script
[0.888s] -- Up-to-date symlink: /MRTP/MRTP/src/install/webots_ros2_driver/share/webots_ros2_driver/environment/pythonpath.sh
[0.889s] -- Up-to-date symlink: /MRTP/MRTP/src/install/webots_ros2_driver/share/webots_ros2_driver/environment/pythonpath.dsv
[0.890s] -- Up-to-date symlink: /MRTP/MRTP/src/install/webots_ros2_driver/lib/python3.12/site-packages/controller-2025.0.1-py3.12.egg-info/PKG-INFO
[0.890s] -- Up-to-date symlink: /MRTP/MRTP/src/install/webots_ros2_driver/lib/python3.12/site-packages/controller-2025.0.1-py3.12.egg-info/SOURCES.txt
[0.891s] -- Up-to-date symlink: /MRTP/MRTP/src/install/webots_ros2_driver/lib/python3.12/site-packages/controller-2025.0.1-py3.12.egg-info/dependency_links.txt
[0.892s] -- Up-to-date symlink: /MRTP/MRTP/src/install/webots_ros2_driver/lib/python3.12/site-packages/controller-2025.0.1-py3.12.egg-info/top_level.txt
[0.894s] -- Up-to-date symlink: /MRTP/MRTP/src/install/webots_ros2_driver/lib/python3.12/site-packages/controller/__init__.py
[0.895s] -- Up-to-date symlink: /MRTP/MRTP/src/install/webots_ros2_driver/lib/python3.12/site-packages/controller/accelerometer.py
[0.895s] -- Up-to-date symlink: /MRTP/MRTP/src/install/webots_ros2_driver/lib/python3.12/site-packages/controller/altimeter.py
[0.896s] -- Up-to-date symlink: /MRTP/MRTP/src/install/webots_ros2_driver/lib/python3.12/site-packages/controller/ansi_codes.py
[0.897s] -- Up-to-date symlink: /MRTP/MRTP/src/install/webots_ros2_driver/lib/python3.12/site-packages/controller/brake.py
[0.898s] -- Up-to-date symlink: /MRTP/MRTP/src/install/webots_ros2_driver/lib/python3.12/site-packages/controller/camera.py
[0.899s] -- Up-to-date symlink: /MRTP/MRTP/src/install/webots_ros2_driver/lib/python3.12/site-packages/controller/compass.py
[0.900s] -- Up-to-date symlink: /MRTP/MRTP/src/install/webots_ros2_driver/lib/python3.12/site-packages/controller/connector.py
[0.900s] -- Up-to-date symlink: /MRTP/MRTP/src/install/webots_ros2_driver/lib/python3.12/site-packages/controller/constants.py
[0.901s] -- Up-to-date symlink: /MRTP/MRTP/src/install/webots_ros2_driver/lib/python3.12/site-packages/controller/device.py
[0.902s] -- Up-to-date symlink: /MRTP/MRTP/src/install/webots_ros2_driver/lib/python3.12/site-packages/controller/display.py
[0.902s] -- Up-to-date symlink: /MRTP/MRTP/src/install/webots_ros2_driver/lib/python3.12/site-packages/controller/distance_sensor.py
[0.903s] -- Up-to-date symlink: /MRTP/MRTP/src/install/webots_ros2_driver/lib/python3.12/site-packages/controller/emitter.py
[0.904s] -- Up-to-date symlink: /MRTP/MRTP/src/install/webots_ros2_driver/lib/python3.12/site-packages/controller/field.py
[0.904s] -- Up-to-date symlink: /MRTP/MRTP/src/install/webots_ros2_driver/lib/python3.12/site-packages/controller/gps.py
[0.905s] -- Up-to-date symlink: /MRTP/MRTP/src/install/webots_ros2_driver/lib/python3.12/site-packages/controller/gyro.py
[0.906s] -- Up-to-date symlink: /MRTP/MRTP/src/install/webots_ros2_driver/lib/python3.12/site-packages/controller/inertial_unit.py
[0.906s] -- Up-to-date symlink: /MRTP/MRTP/src/install/webots_ros2_driver/lib/python3.12/site-packages/controller/joystick.py
[0.907s] -- Up-to-date symlink: /MRTP/MRTP/src/install/webots_ros2_driver/lib/python3.12/site-packages/controller/keyboard.py
[0.908s] -- Up-to-date symlink: /MRTP/MRTP/src/install/webots_ros2_driver/lib/python3.12/site-packages/controller/led.py
[0.908s] -- Up-to-date symlink: /MRTP/MRTP/src/install/webots_ros2_driver/lib/python3.12/site-packages/controller/lidar.py
[0.909s] -- Up-to-date symlink: /MRTP/MRTP/src/install/webots_ros2_driver/lib/python3.12/site-packages/controller/lidar_point.py
[0.910s] -- Up-to-date symlink: /MRTP/MRTP/src/install/webots_ros2_driver/lib/python3.12/site-packages/controller/light_sensor.py
[0.911s] -- Up-to-date symlink: /MRTP/MRTP/src/install/webots_ros2_driver/lib/python3.12/site-packages/controller/motion.py
[0.911s] -- Up-to-date symlink: /MRTP/MRTP/src/install/webots_ros2_driver/lib/python3.12/site-packages/controller/motor.py
[0.912s] -- Up-to-date symlink: /MRTP/MRTP/src/install/webots_ros2_driver/lib/python3.12/site-packages/controller/mouse.py
[0.913s] -- Up-to-date symlink: /MRTP/MRTP/src/install/webots_ros2_driver/lib/python3.12/site-packages/controller/node.py
[0.913s] -- Up-to-date symlink: /MRTP/MRTP/src/install/webots_ros2_driver/lib/python3.12/site-packages/controller/pen.py
[0.914s] -- Up-to-date symlink: /MRTP/MRTP/src/install/webots_ros2_driver/lib/python3.12/site-packages/controller/position_sensor.py
[0.915s] -- Up-to-date symlink: /MRTP/MRTP/src/install/webots_ros2_driver/lib/python3.12/site-packages/controller/proto.py
[0.915s] -- Up-to-date symlink: /MRTP/MRTP/src/install/webots_ros2_driver/lib/python3.12/site-packages/controller/radar.py
[0.916s] -- Up-to-date symlink: /MRTP/MRTP/src/install/webots_ros2_driver/lib/python3.12/site-packages/controller/radar_target.py
[0.916s] -- Up-to-date symlink: /MRTP/MRTP/src/install/webots_ros2_driver/lib/python3.12/site-packages/controller/range_finder.py
[0.917s] -- Up-to-date symlink: /MRTP/MRTP/src/install/webots_ros2_driver/lib/python3.12/site-packages/controller/receiver.py
[0.918s] -- Up-to-date symlink: /MRTP/MRTP/src/install/webots_ros2_driver/lib/python3.12/site-packages/controller/robot.py
[0.919s] -- Up-to-date symlink: /MRTP/MRTP/src/install/webots_ros2_driver/lib/python3.12/site-packages/controller/sensor.py
[0.920s] -- Up-to-date symlink: /MRTP/MRTP/src/install/webots_ros2_driver/lib/python3.12/site-packages/controller/skin.py
[0.921s] -- Up-to-date symlink: /MRTP/MRTP/src/install/webots_ros2_driver/lib/python3.12/site-packages/controller/speaker.py
[0.923s] -- Up-to-date symlink: /MRTP/MRTP/src/install/webots_ros2_driver/lib/python3.12/site-packages/controller/supervisor.py
[0.924s] -- Up-to-date symlink: /MRTP/MRTP/src/install/webots_ros2_driver/lib/python3.12/site-packages/controller/touch_sensor.py
[0.925s] -- Up-to-date symlink: /MRTP/MRTP/src/install/webots_ros2_driver/lib/python3.12/site-packages/controller/vacuum_gripper.py
[0.926s] -- Up-to-date symlink: /MRTP/MRTP/src/install/webots_ros2_driver/lib/python3.12/site-packages/controller/wb.py
[0.928s] -- Up-to-date symlink: /MRTP/MRTP/src/install/webots_ros2_driver/lib/python3.12/site-packages/vehicle-2025.0.1-py3.12.egg-info/PKG-INFO
[0.928s] -- Up-to-date symlink: /MRTP/MRTP/src/install/webots_ros2_driver/lib/python3.12/site-packages/vehicle-2025.0.1-py3.12.egg-info/SOURCES.txt
[0.929s] -- Up-to-date symlink: /MRTP/MRTP/src/install/webots_ros2_driver/lib/python3.12/site-packages/vehicle-2025.0.1-py3.12.egg-info/dependency_links.txt
[0.930s] -- Up-to-date symlink: /MRTP/MRTP/src/install/webots_ros2_driver/lib/python3.12/site-packages/vehicle-2025.0.1-py3.12.egg-info/top_level.txt
[0.932s] -- Up-to-date symlink: /MRTP/MRTP/src/install/webots_ros2_driver/lib/python3.12/site-packages/vehicle/__init__.py
[0.933s] -- Up-to-date symlink: /MRTP/MRTP/src/install/webots_ros2_driver/lib/python3.12/site-packages/vehicle/car.py
[0.934s] -- Up-to-date symlink: /MRTP/MRTP/src/install/webots_ros2_driver/lib/python3.12/site-packages/vehicle/driver.py
[0.935s] -- Up-to-date symlink: /MRTP/MRTP/src/install/webots_ros2_driver/lib/python3.12/site-packages/webots_ros2_driver-2025.0.1-py3.12.egg-info/PKG-INFO
[0.936s] -- Up-to-date symlink: /MRTP/MRTP/src/install/webots_ros2_driver/lib/python3.12/site-packages/webots_ros2_driver-2025.0.1-py3.12.egg-info/SOURCES.txt
[0.937s] -- Up-to-date symlink: /MRTP/MRTP/src/install/webots_ros2_driver/lib/python3.12/site-packages/webots_ros2_driver-2025.0.1-py3.12.egg-info/dependency_links.txt
[0.938s] -- Up-to-date symlink: /MRTP/MRTP/src/install/webots_ros2_driver/lib/python3.12/site-packages/webots_ros2_driver-2025.0.1-py3.12.egg-info/top_level.txt
[0.939s] -- Up-to-date symlink: /MRTP/MRTP/src/install/webots_ros2_driver/lib/python3.12/site-packages/webots_ros2_driver/__init__.py
[0.940s] -- Up-to-date symlink: /MRTP/MRTP/src/install/webots_ros2_driver/lib/python3.12/site-packages/webots_ros2_driver/ros2_supervisor.py
[0.941s] -- Up-to-date symlink: /MRTP/MRTP/src/install/webots_ros2_driver/lib/python3.12/site-packages/webots_ros2_driver/urdf_spawner.py
[0.941s] -- Up-to-date symlink: /MRTP/MRTP/src/install/webots_ros2_driver/lib/python3.12/site-packages/webots_ros2_driver/utils.py
[0.942s] -- Up-to-date symlink: /MRTP/MRTP/src/install/webots_ros2_driver/lib/python3.12/site-packages/webots_ros2_driver/wait_for_controller_connection.py
[0.943s] -- Up-to-date symlink: /MRTP/MRTP/src/install/webots_ros2_driver/lib/python3.12/site-packages/webots_ros2_driver/webots_controller.py
[0.944s] -- Up-to-date symlink: /MRTP/MRTP/src/install/webots_ros2_driver/lib/python3.12/site-packages/webots_ros2_driver/webots_launcher.py
[0.948s] -- Up-to-date symlink: /MRTP/MRTP/src/install/webots_ros2_driver/include/webots_ros2_driver/PluginInterface.hpp
[0.948s] -- Up-to-date symlink: /MRTP/MRTP/src/install/webots_ros2_driver/include/webots_ros2_driver/PythonPlugin.hpp
[0.949s] -- Up-to-date symlink: /MRTP/MRTP/src/install/webots_ros2_driver/include/webots_ros2_driver/WebotsNode.hpp
[0.950s] -- Up-to-date symlink: /MRTP/MRTP/src/install/webots_ros2_driver/include/webots_ros2_driver/plugins/Ros2SensorPlugin.hpp
[0.950s] -- Up-to-date symlink: /MRTP/MRTP/src/install/webots_ros2_driver/include/webots_ros2_driver/plugins/dynamic/Ros2IMU.hpp
[0.951s] -- Up-to-date symlink: /MRTP/MRTP/src/install/webots_ros2_driver/include/webots_ros2_driver/plugins/dynamic/Ros2RGBD.hpp
[0.952s] -- Up-to-date symlink: /MRTP/MRTP/src/install/webots_ros2_driver/include/webots_ros2_driver/plugins/static/Ros2Camera.hpp
[0.953s] -- Up-to-date symlink: /MRTP/MRTP/src/install/webots_ros2_driver/include/webots_ros2_driver/plugins/static/Ros2Compass.hpp
[0.956s] -- Up-to-date symlink: /MRTP/MRTP/src/install/webots_ros2_driver/include/webots_ros2_driver/plugins/static/Ros2DistanceSensor.hpp
[0.957s] -- Up-to-date symlink: /MRTP/MRTP/src/install/webots_ros2_driver/include/webots_ros2_driver/plugins/static/Ros2Emitter.hpp
[0.958s] -- Up-to-date symlink: /MRTP/MRTP/src/install/webots_ros2_driver/include/webots_ros2_driver/plugins/static/Ros2GPS.hpp
[0.959s] -- Up-to-date symlink: /MRTP/MRTP/src/install/webots_ros2_driver/include/webots_ros2_driver/plugins/static/Ros2LED.hpp
[0.960s] -- Up-to-date symlink: /MRTP/MRTP/src/install/webots_ros2_driver/include/webots_ros2_driver/plugins/static/Ros2Lidar.hpp
[0.961s] -- Up-to-date symlink: /MRTP/MRTP/src/install/webots_ros2_driver/include/webots_ros2_driver/plugins/static/Ros2LightSensor.hpp
[0.961s] -- Up-to-date symlink: /MRTP/MRTP/src/install/webots_ros2_driver/include/webots_ros2_driver/plugins/static/Ros2Pen.hpp
[0.962s] -- Up-to-date symlink: /MRTP/MRTP/src/install/webots_ros2_driver/include/webots_ros2_driver/plugins/static/Ros2RangeFinder.hpp
[0.963s] -- Up-to-date symlink: /MRTP/MRTP/src/install/webots_ros2_driver/include/webots_ros2_driver/plugins/static/Ros2Receiver.hpp
[0.964s] -- Up-to-date symlink: /MRTP/MRTP/src/install/webots_ros2_driver/include/webots_ros2_driver/plugins/static/Ros2VacuumGripper.hpp
[0.964s] -- Up-to-date symlink: /MRTP/MRTP/src/install/webots_ros2_driver/include/webots_ros2_driver/utils/Math.hpp
[0.965s] -- Up-to-date symlink: /MRTP/MRTP/src/install/webots_ros2_driver/include/webots_ros2_driver/utils/Utils.hpp
[0.966s] -- Up-to-date symlink: /MRTP/MRTP/src/install/webots_ros2_driver/lib/webots_ros2_driver/driver
[0.967s] -- Up-to-date symlink: /MRTP/MRTP/src/install/webots_ros2_driver/lib/libwebots_ros2_driver_imu.so
[0.969s] -- Up-to-date symlink: /MRTP/MRTP/src/install/webots_ros2_driver/lib/libwebots_ros2_driver_rgbd.so
[0.975s] -- Up-to-date symlink: /MRTP/MRTP/src/install/webots_ros2_driver/include/webots/c/webots/accelerometer.h
[0.976s] -- Up-to-date symlink: /MRTP/MRTP/src/install/webots_ros2_driver/include/webots/c/webots/altimeter.h
[0.976s] -- Up-to-date symlink: /MRTP/MRTP/src/install/webots_ros2_driver/include/webots/c/webots/brake.h
[0.977s] -- Up-to-date symlink: /MRTP/MRTP/src/install/webots_ros2_driver/include/webots/c/webots/camera.h
[0.977s] -- Up-to-date symlink: /MRTP/MRTP/src/install/webots_ros2_driver/include/webots/c/webots/camera_recognition_object.h
[0.978s] -- Up-to-date symlink: /MRTP/MRTP/src/install/webots_ros2_driver/include/webots/c/webots/compass.h
[0.979s] -- Up-to-date symlink: /MRTP/MRTP/src/install/webots_ros2_driver/include/webots/c/webots/connector.h
[0.980s] -- Up-to-date symlink: /MRTP/MRTP/src/install/webots_ros2_driver/include/webots/c/webots/console.h
[0.981s] -- Up-to-date symlink: /MRTP/MRTP/src/install/webots_ros2_driver/include/webots/c/webots/contact_point.h
[0.982s] -- Up-to-date symlink: /MRTP/MRTP/src/install/webots_ros2_driver/include/webots/c/webots/device.h
[0.983s] -- Up-to-date symlink: /MRTP/MRTP/src/install/webots_ros2_driver/include/webots/c/webots/display.h
[0.984s] -- Up-to-date symlink: /MRTP/MRTP/src/install/webots_ros2_driver/include/webots/c/webots/distance_sensor.h
[0.985s] -- Up-to-date symlink: /MRTP/MRTP/src/install/webots_ros2_driver/include/webots/c/webots/emitter.h
[0.986s] -- Up-to-date symlink: /MRTP/MRTP/src/install/webots_ros2_driver/include/webots/c/webots/gps.h
[0.987s] -- Up-to-date symlink: /MRTP/MRTP/src/install/webots_ros2_driver/include/webots/c/webots/gyro.h
[0.988s] -- Up-to-date symlink: /MRTP/MRTP/src/install/webots_ros2_driver/include/webots/c/webots/inertial_unit.h
[0.988s] -- Up-to-date symlink: /MRTP/MRTP/src/install/webots_ros2_driver/include/webots/c/webots/joystick.h
[0.989s] -- Up-to-date symlink: /MRTP/MRTP/src/install/webots_ros2_driver/include/webots/c/webots/keyboard.h
[0.989s] -- Up-to-date symlink: /MRTP/MRTP/src/install/webots_ros2_driver/include/webots/c/webots/led.h
[0.990s] -- Up-to-date symlink: /MRTP/MRTP/src/install/webots_ros2_driver/include/webots/c/webots/lidar.h
[0.991s] -- Up-to-date symlink: /MRTP/MRTP/src/install/webots_ros2_driver/include/webots/c/webots/lidar_point.h
[0.992s] -- Up-to-date symlink: /MRTP/MRTP/src/install/webots_ros2_driver/include/webots/c/webots/light_sensor.h
[0.993s] -- Up-to-date symlink: /MRTP/MRTP/src/install/webots_ros2_driver/include/webots/c/webots/microphone.h
[0.994s] -- Up-to-date symlink: /MRTP/MRTP/src/install/webots_ros2_driver/include/webots/c/webots/motor.h
[0.994s] -- Up-to-date symlink: /MRTP/MRTP/src/install/webots_ros2_driver/include/webots/c/webots/mouse.h
[0.995s] -- Up-to-date symlink: /MRTP/MRTP/src/install/webots_ros2_driver/include/webots/c/webots/mouse_state.h
[0.996s] -- Up-to-date symlink: /MRTP/MRTP/src/install/webots_ros2_driver/include/webots/c/webots/nodes.h
[0.996s] -- Up-to-date symlink: /MRTP/MRTP/src/install/webots_ros2_driver/include/webots/c/webots/pen.h
[0.997s] -- Up-to-date symlink: /MRTP/MRTP/src/install/webots_ros2_driver/include/webots/c/webots/plugins/robot_window/default.h
[0.998s] -- Up-to-date symlink: /MRTP/MRTP/src/install/webots_ros2_driver/include/webots/c/webots/plugins/robot_window/generic_robot_window/generic.h
[0.998s] -- Up-to-date symlink: /MRTP/MRTP/src/install/webots_ros2_driver/include/webots/c/webots/plugins/robot_window/robot_window.h
[0.999s] -- Up-to-date symlink: /MRTP/MRTP/src/install/webots_ros2_driver/include/webots/c/webots/plugins/robot_window/robot_wwi.h
[1.000s] -- Up-to-date symlink: /MRTP/MRTP/src/install/webots_ros2_driver/include/webots/c/webots/position_sensor.h
[1.000s] -- Up-to-date symlink: /MRTP/MRTP/src/install/webots_ros2_driver/include/webots/c/webots/radar.h
[1.001s] -- Up-to-date symlink: /MRTP/MRTP/src/install/webots_ros2_driver/include/webots/c/webots/radar_target.h
[1.002s] -- Up-to-date symlink: /MRTP/MRTP/src/install/webots_ros2_driver/include/webots/c/webots/radio.h
[1.004s] -- Up-to-date symlink: /MRTP/MRTP/src/install/webots_ros2_driver/include/webots/c/webots/range_finder.h
[1.005s] -- Up-to-date symlink: /MRTP/MRTP/src/install/webots_ros2_driver/include/webots/c/webots/receiver.h
[1.006s] -- Up-to-date symlink: /MRTP/MRTP/src/install/webots_ros2_driver/include/webots/c/webots/remote_control.h
[1.007s] -- Up-to-date symlink: /MRTP/MRTP/src/install/webots_ros2_driver/include/webots/c/webots/robot.h
[1.008s] -- Up-to-date symlink: /MRTP/MRTP/src/install/webots_ros2_driver/include/webots/c/webots/skin.h
[1.009s] -- Up-to-date symlink: /MRTP/MRTP/src/install/webots_ros2_driver/include/webots/c/webots/speaker.h
[1.009s] -- Up-to-date symlink: /MRTP/MRTP/src/install/webots_ros2_driver/include/webots/c/webots/supervisor.h
[1.010s] -- Up-to-date symlink: /MRTP/MRTP/src/install/webots_ros2_driver/include/webots/c/webots/touch_sensor.h
[1.011s] -- Up-to-date symlink: /MRTP/MRTP/src/install/webots_ros2_driver/include/webots/c/webots/types.h
[1.011s] -- Up-to-date symlink: /MRTP/MRTP/src/install/webots_ros2_driver/include/webots/c/webots/utils/ansi_codes.h
[1.013s] -- Up-to-date symlink: /MRTP/MRTP/src/install/webots_ros2_driver/include/webots/c/webots/utils/motion.h
[1.013s] -- Up-to-date symlink: /MRTP/MRTP/src/install/webots_ros2_driver/include/webots/c/webots/utils/string.h
[1.014s] -- Up-to-date symlink: /MRTP/MRTP/src/install/webots_ros2_driver/include/webots/c/webots/utils/system.h
[1.015s] -- Up-to-date symlink: /MRTP/MRTP/src/install/webots_ros2_driver/include/webots/c/webots/vacuum_gripper.h
[1.015s] -- Up-to-date symlink: /MRTP/MRTP/src/install/webots_ros2_driver/include/webots/c/webots/vehicle/car.h
[1.016s] -- Up-to-date symlink: /MRTP/MRTP/src/install/webots_ros2_driver/include/webots/c/webots/vehicle/driver.h
[1.023s] -- Up-to-date symlink: /MRTP/MRTP/src/install/webots_ros2_driver/include/webots/cpp/webots/Accelerometer.hpp
[1.024s] -- Up-to-date symlink: /MRTP/MRTP/src/install/webots_ros2_driver/include/webots/cpp/webots/Altimeter.hpp
[1.025s] -- Up-to-date symlink: /MRTP/MRTP/src/install/webots_ros2_driver/include/webots/cpp/webots/Brake.hpp
[1.026s] -- Up-to-date symlink: /MRTP/MRTP/src/install/webots_ros2_driver/include/webots/cpp/webots/Camera.hpp
[1.026s] -- Up-to-date symlink: /MRTP/MRTP/src/install/webots_ros2_driver/include/webots/cpp/webots/Compass.hpp
[1.027s] -- Up-to-date symlink: /MRTP/MRTP/src/install/webots_ros2_driver/include/webots/cpp/webots/Connector.hpp
[1.028s] -- Up-to-date symlink: /MRTP/MRTP/src/install/webots_ros2_driver/include/webots/cpp/webots/Device.hpp
[1.028s] -- Up-to-date symlink: /MRTP/MRTP/src/install/webots_ros2_driver/include/webots/cpp/webots/Display.hpp
[1.029s] -- Up-to-date symlink: /MRTP/MRTP/src/install/webots_ros2_driver/include/webots/cpp/webots/DistanceSensor.hpp
[1.030s] -- Up-to-date symlink: /MRTP/MRTP/src/install/webots_ros2_driver/include/webots/cpp/webots/Emitter.hpp
[1.030s] -- Up-to-date symlink: /MRTP/MRTP/src/install/webots_ros2_driver/include/webots/cpp/webots/Field.hpp
[1.031s] -- Up-to-date symlink: /MRTP/MRTP/src/install/webots_ros2_driver/include/webots/cpp/webots/GPS.hpp
[1.032s] -- Up-to-date symlink: /MRTP/MRTP/src/install/webots_ros2_driver/include/webots/cpp/webots/Gyro.hpp
[1.032s] -- Up-to-date symlink: /MRTP/MRTP/src/install/webots_ros2_driver/include/webots/cpp/webots/ImageRef.hpp
[1.033s] -- Up-to-date symlink: /MRTP/MRTP/src/install/webots_ros2_driver/include/webots/cpp/webots/InertialUnit.hpp
[1.033s] -- Up-to-date symlink: /MRTP/MRTP/src/install/webots_ros2_driver/include/webots/cpp/webots/Joystick.hpp
[1.034s] -- Up-to-date symlink: /MRTP/MRTP/src/install/webots_ros2_driver/include/webots/cpp/webots/Keyboard.hpp
[1.035s] -- Up-to-date symlink: /MRTP/MRTP/src/install/webots_ros2_driver/include/webots/cpp/webots/LED.hpp
[1.036s] -- Up-to-date symlink: /MRTP/MRTP/src/install/webots_ros2_driver/include/webots/cpp/webots/Lidar.hpp
[1.037s] -- Up-to-date symlink: /MRTP/MRTP/src/install/webots_ros2_driver/include/webots/cpp/webots/LightSensor.hpp
[1.038s] -- Up-to-date symlink: /MRTP/MRTP/src/install/webots_ros2_driver/include/webots/cpp/webots/Motor.hpp
[1.039s] -- Up-to-date symlink: /MRTP/MRTP/src/install/webots_ros2_driver/include/webots/cpp/webots/Mouse.hpp
[1.040s] -- Up-to-date symlink: /MRTP/MRTP/src/install/webots_ros2_driver/include/webots/cpp/webots/Node.hpp
[1.041s] -- Up-to-date symlink: /MRTP/MRTP/src/install/webots_ros2_driver/include/webots/cpp/webots/Pen.hpp
[1.042s] -- Up-to-date symlink: /MRTP/MRTP/src/install/webots_ros2_driver/include/webots/cpp/webots/PositionSensor.hpp
[1.042s] -- Up-to-date symlink: /MRTP/MRTP/src/install/webots_ros2_driver/include/webots/cpp/webots/Proto.hpp
[1.043s] -- Up-to-date symlink: /MRTP/MRTP/src/install/webots_ros2_driver/include/webots/cpp/webots/Radar.hpp
[1.044s] -- Up-to-date symlink: /MRTP/MRTP/src/install/webots_ros2_driver/include/webots/cpp/webots/RangeFinder.hpp
[1.045s] -- Up-to-date symlink: /MRTP/MRTP/src/install/webots_ros2_driver/include/webots/cpp/webots/Receiver.hpp
[1.045s] -- Up-to-date symlink: /MRTP/MRTP/src/install/webots_ros2_driver/include/webots/cpp/webots/Robot.hpp
[1.046s] -- Up-to-date symlink: /MRTP/MRTP/src/install/webots_ros2_driver/include/webots/cpp/webots/Skin.hpp
[1.047s] -- Up-to-date symlink: /MRTP/MRTP/src/install/webots_ros2_driver/include/webots/cpp/webots/Speaker.hpp
[1.048s] -- Up-to-date symlink: /MRTP/MRTP/src/install/webots_ros2_driver/include/webots/cpp/webots/Supervisor.hpp
[1.049s] -- Up-to-date symlink: /MRTP/MRTP/src/install/webots_ros2_driver/include/webots/cpp/webots/TouchSensor.hpp
[1.050s] -- Up-to-date symlink: /MRTP/MRTP/src/install/webots_ros2_driver/include/webots/cpp/webots/VacuumGripper.hpp
[1.050s] -- Up-to-date symlink: /MRTP/MRTP/src/install/webots_ros2_driver/include/webots/cpp/webots/utils/AnsiCodes.hpp
[1.051s] -- Up-to-date symlink: /MRTP/MRTP/src/install/webots_ros2_driver/include/webots/cpp/webots/utils/Motion.hpp
[1.051s] -- Up-to-date symlink: /MRTP/MRTP/src/install/webots_ros2_driver/include/webots/cpp/webots/vehicle/Car.hpp
[1.052s] -- Up-to-date symlink: /MRTP/MRTP/src/install/webots_ros2_driver/include/webots/cpp/webots/vehicle/Driver.hpp
[1.068s] -- Up-to-date symlink: /MRTP/MRTP/src/install/webots_ros2_driver/lib/controller/libController.so
[1.069s] -- Up-to-date symlink: /MRTP/MRTP/src/install/webots_ros2_driver/lib/controller/libCppCar.so
[1.070s] -- Up-to-date symlink: /MRTP/MRTP/src/install/webots_ros2_driver/lib/controller/libCppController.so
[1.071s] -- Up-to-date symlink: /MRTP/MRTP/src/install/webots_ros2_driver/lib/controller/libCppController.so
[1.072s] -- Up-to-date symlink: /MRTP/MRTP/src/install/webots_ros2_driver/lib/controller/libCppDriver.so
[1.073s] -- Up-to-date symlink: /MRTP/MRTP/src/install/webots_ros2_driver/lib/controller/libcar.so
[1.074s] -- Up-to-date symlink: /MRTP/MRTP/src/install/webots_ros2_driver/lib/controller/libdriver.so
[1.074s] -- Up-to-date symlink: /MRTP/MRTP/src/install/webots_ros2_driver/lib/controller/libgeneric_robot_window.so
[1.075s] -- Up-to-date symlink: /MRTP/MRTP/src/install/webots_ros2_driver/lib/controller/python/vehicle/car.py
[1.076s] -- Up-to-date symlink: /MRTP/MRTP/src/install/webots_ros2_driver/lib/controller/python/vehicle/driver.py
[1.077s] -- Up-to-date symlink: /MRTP/MRTP/src/install/webots_ros2_driver/share/webots_ros2_driver//webots_ros2_imu.xml
[1.077s] -- Up-to-date symlink: /MRTP/MRTP/src/install/webots_ros2_driver/share/webots_ros2_driver//webots_ros2_rgbd.xml
[1.080s] -- Up-to-date symlink: /MRTP/MRTP/src/install/webots_ros2_driver/lib/webots_ros2_driver/ros2_supervisor.py
[1.082s] -- Up-to-date symlink: /MRTP/MRTP/src/install/webots_ros2_driver/share/webots_ros2_driver/scripts/webots_tcp_client.py
[1.083s] -- Up-to-date symlink: /MRTP/MRTP/src/install/webots_ros2_driver/share/webots_ros2_driver/scripts/webots-controller
[1.084s] -- Up-to-date symlink: /MRTP/MRTP/src/install/webots_ros2_driver/share/webots_ros2_driver/environment/library_path.sh
[1.085s] -- Up-to-date symlink: /MRTP/MRTP/src/install/webots_ros2_driver/share/webots_ros2_driver/environment/library_path.dsv
[1.086s] -- Up-to-date symlink: /MRTP/MRTP/src/install/webots_ros2_driver/share/ament_index/resource_index/package_run_dependencies/webots_ros2_driver
[1.087s] -- Up-to-date symlink: /MRTP/MRTP/src/install/webots_ros2_driver/share/ament_index/resource_index/parent_prefix_path/webots_ros2_driver
[1.088s] -- Up-to-date symlink: /MRTP/MRTP/src/install/webots_ros2_driver/share/webots_ros2_driver/environment/ament_prefix_path.sh
[1.089s] -- Up-to-date symlink: /MRTP/MRTP/src/install/webots_ros2_driver/share/webots_ros2_driver/environment/ament_prefix_path.dsv
[1.089s] -- Up-to-date symlink: /MRTP/MRTP/src/install/webots_ros2_driver/share/webots_ros2_driver/environment/path.sh
[1.090s] -- Up-to-date symlink: /MRTP/MRTP/src/install/webots_ros2_driver/share/webots_ros2_driver/environment/path.dsv
[1.091s] -- Up-to-date symlink: /MRTP/MRTP/src/install/webots_ros2_driver/share/webots_ros2_driver/local_setup.bash
[1.092s] -- Up-to-date symlink: /MRTP/MRTP/src/install/webots_ros2_driver/share/webots_ros2_driver/local_setup.sh
[1.092s] -- Up-to-date symlink: /MRTP/MRTP/src/install/webots_ros2_driver/share/webots_ros2_driver/local_setup.zsh
[1.094s] -- Up-to-date symlink: /MRTP/MRTP/src/install/webots_ros2_driver/share/webots_ros2_driver/local_setup.dsv
[1.095s] -- Symlinking: /MRTP/MRTP/src/install/webots_ros2_driver/share/webots_ros2_driver/package.dsv
[1.120s] -- Up-to-date symlink: /MRTP/MRTP/src/install/webots_ros2_driver/share/ament_index/resource_index/packages/webots_ros2_driver
[1.121s] -- Up-to-date symlink: /MRTP/MRTP/src/install/webots_ros2_driver/share/ament_index/resource_index/webots_ros2_driver__pluginlib__plugin/webots_ros2_driver
[1.121s] -- Up-to-date symlink: /MRTP/MRTP/src/install/webots_ros2_driver/share/webots_ros2_driver/cmake/ament_cmake_export_include_directories-extras.cmake
[1.122s] -- Up-to-date symlink: /MRTP/MRTP/src/install/webots_ros2_driver/share/webots_ros2_driver/cmake/ament_cmake_export_dependencies-extras.cmake
[1.123s] -- Up-to-date symlink: /MRTP/MRTP/src/install/webots_ros2_driver/share/webots_ros2_driver/cmake/ament_cmake_export_libraries-extras.cmake
[1.124s] -- Up-to-date symlink: /MRTP/MRTP/src/install/webots_ros2_driver/share/webots_ros2_driver/cmake/webots_ros2_driverConfig.cmake
[1.124s] -- Up-to-date symlink: /MRTP/MRTP/src/install/webots_ros2_driver/share/webots_ros2_driver/cmake/webots_ros2_driverConfig-version.cmake
[1.126s] -- Up-to-date symlink: /MRTP/MRTP/src/install/webots_ros2_driver/share/webots_ros2_driver/package.xml
[1.238s] Listing '/MRTP/MRTP/src/install/webots_ros2_driver/lib/python3.12/site-packages/controller'...
[1.318s] Listing '/MRTP/MRTP/src/install/webots_ros2_driver/lib/python3.12/site-packages/vehicle'...
[1.379s] Listing '/MRTP/MRTP/src/install/webots_ros2_driver/lib/python3.12/site-packages/webots_ros2_driver'...
[1.384s] Invoked command in '/MRTP/MRTP/src/build/webots_ros2_driver' returned '0': AMENT_PREFIX_PATH=/MRTP/MRTP/src/install/webots_ros2_importer:/MRTP/MRTP/src/install/webots_ros2:/MRTP/MRTP/src/install/webots_ros2_universal_robot:/MRTP/MRTP/src/install/webots_ros2_turtlebot:/MRTP/MRTP/src/install/webots_ros2_tiago:/MRTP/MRTP/src/install/webots_ros2_tests:/MRTP/MRTP/src/install/webots_ros2_tesla:/MRTP/MRTP/src/install/webots_ros2_mavic:/MRTP/MRTP/src/install/webots_ros2_husarion:/MRTP/MRTP/src/install/webots_ros2_epuck:/MRTP/MRTP/src/install/webots_ros2_crazyflie:/MRTP/MRTP/src/install/webots_ros2_control:/MRTP/MRTP/src/install/my_package:/MRTP/MRTP/src/install/webots_ros2_driver:/MRTP/MRTP/src/install/webots_ros2_msgs:/MRTP/MRTP/src/install/gazeboenvs:/opt/ros/jazzy CMAKE_PREFIX_PATH=/MRTP/MRTP/src/install/webots_ros2_msgs:/MRTP/MRTP/src/install/webots_ros2_control:/MRTP/MRTP/src/install/my_package:/MRTP/MRTP/src/install/webots_ros2_driver:/opt/ros/jazzy/opt/gz_sim_vendor:/opt/ros/jazzy/opt/gz_sensors_vendor:/opt/ros/jazzy/opt/gz_physics_vendor:/opt/ros/jazzy/opt/sdformat_vendor:/opt/ros/jazzy/opt/gz_gui_vendor:/opt/ros/jazzy/opt/gz_transport_vendor:/opt/ros/jazzy/opt/gz_rendering_vendor:/opt/ros/jazzy/opt/gz_plugin_vendor:/opt/ros/jazzy/opt/gz_fuel_tools_vendor:/opt/ros/jazzy/opt/gz_msgs_vendor:/opt/ros/jazzy/opt/gz_common_vendor:/opt/ros/jazzy/opt/gz_math_vendor:/opt/ros/jazzy/opt/gz_utils_vendor:/opt/ros/jazzy/opt/gz_tools_vendor:/opt/ros/jazzy/opt/gz_ogre_next_vendor:/opt/ros/jazzy/opt/gz_dartsim_vendor:/opt/ros/jazzy/opt/gz_cmake_vendor:/MRTP/MRTP/src/install/webots_ros2:/MRTP/MRTP/src/install/webots_ros2_universal_robot:/MRTP/MRTP/src/install/webots_ros2_turtlebot:/MRTP/MRTP/src/install/webots_ros2_tiago:/MRTP/MRTP/src/install/webots_ros2_tests:/MRTP/MRTP/src/install/webots_ros2_tesla:/MRTP/MRTP/src/install/webots_ros2_mavic:/MRTP/MRTP/src/install/webots_ros2_husarion:/MRTP/MRTP/src/install/webots_ros2_epuck:/MRTP/MRTP/src/install/webots_ros2_crazyflie:/MRTP/MRTP/src/install/webots_ros2_importer:/MRTP/MRTP/src/install/gazeboenvs:/opt/ros/jazzy LD_LIBRARY_PATH=/MRTP/MRTP/src/install/webots_ros2_msgs/lib:/MRTP/MRTP/src/install/webots_ros2_control/lib:/MRTP/MRTP/src/install/my_package/lib:/MRTP/MRTP/src/install/webots_ros2_driver/lib:/opt/ros/jazzy/opt/gz_sim_vendor/lib:/opt/ros/jazzy/opt/gz_sensors_vendor/lib:/opt/ros/jazzy/opt/gz_physics_vendor/lib:/opt/ros/jazzy/opt/sdformat_vendor/lib:/opt/ros/jazzy/opt/rviz_ogre_vendor/lib:/opt/ros/jazzy/lib/aarch64-linux-gnu:/opt/ros/jazzy/opt/gz_gui_vendor/lib:/opt/ros/jazzy/opt/gz_transport_vendor/lib:/opt/ros/jazzy/opt/gz_rendering_vendor/lib:/opt/ros/jazzy/opt/gz_plugin_vendor/lib:/opt/ros/jazzy/opt/gz_fuel_tools_vendor/lib:/opt/ros/jazzy/opt/gz_msgs_vendor/lib:/opt/ros/jazzy/opt/gz_common_vendor/lib:/opt/ros/jazzy/opt/gz_math_vendor/lib:/opt/ros/jazzy/opt/gz_utils_vendor/lib:/opt/ros/jazzy/opt/gz_tools_vendor/lib:/opt/ros/jazzy/opt/gz_ogre_next_vendor/lib:/opt/ros/jazzy/opt/gz_dartsim_vendor/lib:/opt/ros/jazzy/opt/gz_cmake_vendor/lib:/opt/ros/jazzy/lib PS1=(.venv) \[\e]0;\u@\h: \w\a\]${debian_chroot:+($debian_chroot)}\u@\h:\w\$ PYTHONPATH=/MRTP/MRTP/src/install/webots_ros2_msgs/lib/python3.12/site-packages:/MRTP/MRTP/src/build/webots_ros2_importer:/MRTP/MRTP/src/install/webots_ros2_importer/lib/python3.12/site-packages:/MRTP/MRTP/src/build/webots_ros2:/MRTP/MRTP/src/install/webots_ros2/lib/python3.12/site-packages:/MRTP/MRTP/src/build/webots_ros2_universal_robot:/MRTP/MRTP/src/install/webots_ros2_universal_robot/lib/python3.12/site-packages:/MRTP/MRTP/src/build/webots_ros2_turtlebot:/MRTP/MRTP/src/install/webots_ros2_turtlebot/lib/python3.12/site-packages:/MRTP/MRTP/src/build/webots_ros2_tiago:/MRTP/MRTP/src/install/webots_ros2_tiago/lib/python3.12/site-packages:/MRTP/MRTP/src/build/webots_ros2_tests:/MRTP/MRTP/src/install/webots_ros2_tests/lib/python3.12/site-packages:/MRTP/MRTP/src/build/webots_ros2_tesla:/MRTP/MRTP/src/install/webots_ros2_tesla/lib/python3.12/site-packages:/MRTP/MRTP/src/build/webots_ros2_mavic:/MRTP/MRTP/src/install/webots_ros2_mavic/lib/python3.12/site-packages:/MRTP/MRTP/src/build/webots_ros2_husarion:/MRTP/MRTP/src/install/webots_ros2_husarion/lib/python3.12/site-packages:/MRTP/MRTP/src/build/webots_ros2_epuck:/MRTP/MRTP/src/install/webots_ros2_epuck/lib/python3.12/site-packages:/MRTP/MRTP/src/build/webots_ros2_crazyflie:/MRTP/MRTP/src/install/webots_ros2_crazyflie/lib/python3.12/site-packages:/MRTP/MRTP/src/install/my_package/lib/python3.12/site-packages:/MRTP/MRTP/src/install/webots_ros2_driver/lib/python3.12/site-packages:/MRTP/MRTP/src/build/gazeboenvs:/MRTP/MRTP/src/install/gazeboenvs/lib/python3.12/site-packages:/usr/lib/python3/dist-packages:/opt/ros/jazzy/lib/python3.12/site-packages VIRTUAL_ENV_PROMPT=(.venv) /usr/bin/cmake --install /MRTP/MRTP/src/build/webots_ros2_driver
