[0.098s] Invoking command in '/MRTP/MRTP/src/build/webots_ros2_msgs': CMAKE_PREFIX_PATH=${CMAKE_PREFIX_PATH}:/opt/ros/jazzy PS1=(.venv) \[\e]0;\u@\h: \w\a\]${debian_chroot:+($debian_chroot)}\u@\h:\w\$ VIRTUAL_ENV_PROMPT=(.venv) /usr/bin/cmake --build /MRTP/MRTP/src/build/webots_ros2_msgs -- -j12 -l12
[0.133s] [  1%] Built target webots_ros2_msgs__rosidl_generator_type_description
[0.137s] [  1%] Built target ament_cmake_python_symlink_webots_ros2_msgs
[0.148s] [  1%] Built target webots_ros2_msgs__cpp
[0.246s] running egg_info
[0.253s] writing webots_ros2_msgs.egg-info/PKG-INFO
[0.254s] writing dependency_links to webots_ros2_msgs.egg-info/dependency_links.txt
[0.254s] writing top-level names to webots_ros2_msgs.egg-info/top_level.txt
[0.280s] reading manifest file 'webots_ros2_msgs.egg-info/SOURCES.txt'
[0.282s] writing manifest file 'webots_ros2_msgs.egg-info/SOURCES.txt'
[0.298s] [ 27%] Built target webots_ros2_msgs__rosidl_generator_c
[0.304s] [ 27%] Built target ament_cmake_python_build_webots_ros2_msgs_egg
[0.429s] [ 47%] Built target webots_ros2_msgs__rosidl_typesupport_c
[0.429s] [ 47%] Built target webots_ros2_msgs__rosidl_typesupport_introspection_c
[0.517s] [ 57%] Built target webots_ros2_msgs__rosidl_typesupport_cpp
[0.519s] [ 65%] Built target webots_ros2_msgs__rosidl_typesupport_introspection_cpp
[0.544s] [ 75%] Built target webots_ros2_msgs__rosidl_typesupport_fastrtps_c
[0.546s] [ 85%] Built target webots_ros2_msgs__rosidl_typesupport_fastrtps_cpp
[0.558s] [ 85%] Built target webots_ros2_msgs
[0.570s] [ 86%] Built target webots_ros2_msgs__py
[0.669s] [ 95%] Built target webots_ros2_msgs__rosidl_generator_py
[0.715s] [100%] Built target webots_ros2_msgs_s__rosidl_typesupport_fastrtps_c
[0.715s] [100%] Built target webots_ros2_msgs_s__rosidl_typesupport_c
[0.716s] [100%] Built target webots_ros2_msgs_s__rosidl_typesupport_introspection_c
[0.734s] Invoked command in '/MRTP/MRTP/src/build/webots_ros2_msgs' returned '0': CMAKE_PREFIX_PATH=${CMAKE_PREFIX_PATH}:/opt/ros/jazzy PS1=(.venv) \[\e]0;\u@\h: \w\a\]${debian_chroot:+($debian_chroot)}\u@\h:\w\$ VIRTUAL_ENV_PROMPT=(.venv) /usr/bin/cmake --build /MRTP/MRTP/src/build/webots_ros2_msgs -- -j12 -l12
[0.749s] Invoking command in '/MRTP/MRTP/src/build/webots_ros2_msgs': CMAKE_PREFIX_PATH=${CMAKE_PREFIX_PATH}:/opt/ros/jazzy PS1=(.venv) \[\e]0;\u@\h: \w\a\]${debian_chroot:+($debian_chroot)}\u@\h:\w\$ VIRTUAL_ENV_PROMPT=(.venv) /usr/bin/cmake --install /MRTP/MRTP/src/build/webots_ros2_msgs
[0.756s] -- Install configuration: ""
[0.757s] -- Execute custom install script
[0.758s] -- Up-to-date symlink: /MRTP/MRTP/src/install/webots_ros2_msgs/share/ament_index/resource_index/rosidl_interfaces/webots_ros2_msgs
[0.758s] -- Up-to-date symlink: /MRTP/MRTP/src/install/webots_ros2_msgs/share/webots_ros2_msgs/msg/BoolStamped.json
[0.759s] -- Up-to-date symlink: /MRTP/MRTP/src/install/webots_ros2_msgs/share/webots_ros2_msgs/msg/FloatStamped.json
[0.759s] -- Up-to-date symlink: /MRTP/MRTP/src/install/webots_ros2_msgs/share/webots_ros2_msgs/msg/StringStamped.json
[0.760s] -- Up-to-date symlink: /MRTP/MRTP/src/install/webots_ros2_msgs/share/webots_ros2_msgs/msg/CameraRecognitionObject.json
[0.760s] -- Up-to-date symlink: /MRTP/MRTP/src/install/webots_ros2_msgs/share/webots_ros2_msgs/msg/CameraRecognitionObjects.json
[0.760s] -- Up-to-date symlink: /MRTP/MRTP/src/install/webots_ros2_msgs/share/webots_ros2_msgs/msg/UrdfRobot.json
[0.760s] -- Up-to-date symlink: /MRTP/MRTP/src/install/webots_ros2_msgs/share/webots_ros2_msgs/msg/PenInkProperties.json
[0.761s] -- Up-to-date symlink: /MRTP/MRTP/src/install/webots_ros2_msgs/share/webots_ros2_msgs/srv/EmitterSendString.json
[0.761s] -- Up-to-date symlink: /MRTP/MRTP/src/install/webots_ros2_msgs/share/webots_ros2_msgs/srv/GetBool.json
[0.762s] -- Up-to-date symlink: /MRTP/MRTP/src/install/webots_ros2_msgs/share/webots_ros2_msgs/srv/SetString.json
[0.762s] -- Up-to-date symlink: /MRTP/MRTP/src/install/webots_ros2_msgs/share/webots_ros2_msgs/srv/SpawnNodeFromString.json
[0.762s] -- Up-to-date symlink: /MRTP/MRTP/src/install/webots_ros2_msgs/share/webots_ros2_msgs/srv/SpawnUrdfRobot.json
[0.764s] -- Up-to-date symlink: /MRTP/MRTP/src/install/webots_ros2_msgs/include/webots_ros2_msgs/webots_ros2_msgs/msg/bool_stamped.h
[0.764s] -- Up-to-date symlink: /MRTP/MRTP/src/install/webots_ros2_msgs/include/webots_ros2_msgs/webots_ros2_msgs/msg/camera_recognition_object.h
[0.765s] -- Up-to-date symlink: /MRTP/MRTP/src/install/webots_ros2_msgs/include/webots_ros2_msgs/webots_ros2_msgs/msg/camera_recognition_objects.h
[0.765s] -- Up-to-date symlink: /MRTP/MRTP/src/install/webots_ros2_msgs/include/webots_ros2_msgs/webots_ros2_msgs/msg/detail/bool_stamped__functions.h
[0.765s] -- Up-to-date symlink: /MRTP/MRTP/src/install/webots_ros2_msgs/include/webots_ros2_msgs/webots_ros2_msgs/msg/detail/bool_stamped__struct.h
[0.766s] -- Up-to-date symlink: /MRTP/MRTP/src/install/webots_ros2_msgs/include/webots_ros2_msgs/webots_ros2_msgs/msg/detail/bool_stamped__type_support.h
[0.766s] -- Up-to-date symlink: /MRTP/MRTP/src/install/webots_ros2_msgs/include/webots_ros2_msgs/webots_ros2_msgs/msg/detail/camera_recognition_object__functions.h
[0.766s] -- Up-to-date symlink: /MRTP/MRTP/src/install/webots_ros2_msgs/include/webots_ros2_msgs/webots_ros2_msgs/msg/detail/camera_recognition_object__struct.h
[0.766s] -- Up-to-date symlink: /MRTP/MRTP/src/install/webots_ros2_msgs/include/webots_ros2_msgs/webots_ros2_msgs/msg/detail/camera_recognition_object__type_support.h
[0.766s] -- Up-to-date symlink: /MRTP/MRTP/src/install/webots_ros2_msgs/include/webots_ros2_msgs/webots_ros2_msgs/msg/detail/camera_recognition_objects__functions.h
[0.767s] -- Up-to-date symlink: /MRTP/MRTP/src/install/webots_ros2_msgs/include/webots_ros2_msgs/webots_ros2_msgs/msg/detail/camera_recognition_objects__struct.h
[0.767s] -- Up-to-date symlink: /MRTP/MRTP/src/install/webots_ros2_msgs/include/webots_ros2_msgs/webots_ros2_msgs/msg/detail/camera_recognition_objects__type_support.h
[0.767s] -- Up-to-date symlink: /MRTP/MRTP/src/install/webots_ros2_msgs/include/webots_ros2_msgs/webots_ros2_msgs/msg/detail/float_stamped__functions.h
[0.768s] -- Up-to-date symlink: /MRTP/MRTP/src/install/webots_ros2_msgs/include/webots_ros2_msgs/webots_ros2_msgs/msg/detail/float_stamped__struct.h
[0.768s] -- Up-to-date symlink: /MRTP/MRTP/src/install/webots_ros2_msgs/include/webots_ros2_msgs/webots_ros2_msgs/msg/detail/float_stamped__type_support.h
[0.768s] -- Up-to-date symlink: /MRTP/MRTP/src/install/webots_ros2_msgs/include/webots_ros2_msgs/webots_ros2_msgs/msg/detail/pen_ink_properties__functions.h
[0.768s] -- Up-to-date symlink: /MRTP/MRTP/src/install/webots_ros2_msgs/include/webots_ros2_msgs/webots_ros2_msgs/msg/detail/pen_ink_properties__struct.h
[0.769s] -- Up-to-date symlink: /MRTP/MRTP/src/install/webots_ros2_msgs/include/webots_ros2_msgs/webots_ros2_msgs/msg/detail/pen_ink_properties__type_support.h
[0.769s] -- Up-to-date symlink: /MRTP/MRTP/src/install/webots_ros2_msgs/include/webots_ros2_msgs/webots_ros2_msgs/msg/detail/string_stamped__functions.h
[0.769s] -- Up-to-date symlink: /MRTP/MRTP/src/install/webots_ros2_msgs/include/webots_ros2_msgs/webots_ros2_msgs/msg/detail/string_stamped__struct.h
[0.769s] -- Up-to-date symlink: /MRTP/MRTP/src/install/webots_ros2_msgs/include/webots_ros2_msgs/webots_ros2_msgs/msg/detail/string_stamped__type_support.h
[0.770s] -- Up-to-date symlink: /MRTP/MRTP/src/install/webots_ros2_msgs/include/webots_ros2_msgs/webots_ros2_msgs/msg/detail/urdf_robot__functions.h
[0.770s] -- Up-to-date symlink: /MRTP/MRTP/src/install/webots_ros2_msgs/include/webots_ros2_msgs/webots_ros2_msgs/msg/detail/urdf_robot__struct.h
[0.770s] -- Up-to-date symlink: /MRTP/MRTP/src/install/webots_ros2_msgs/include/webots_ros2_msgs/webots_ros2_msgs/msg/detail/urdf_robot__type_support.h
[0.770s] -- Up-to-date symlink: /MRTP/MRTP/src/install/webots_ros2_msgs/include/webots_ros2_msgs/webots_ros2_msgs/msg/float_stamped.h
[0.771s] -- Up-to-date symlink: /MRTP/MRTP/src/install/webots_ros2_msgs/include/webots_ros2_msgs/webots_ros2_msgs/msg/pen_ink_properties.h
[0.771s] -- Up-to-date symlink: /MRTP/MRTP/src/install/webots_ros2_msgs/include/webots_ros2_msgs/webots_ros2_msgs/msg/rosidl_generator_c__visibility_control.h
[0.771s] -- Up-to-date symlink: /MRTP/MRTP/src/install/webots_ros2_msgs/include/webots_ros2_msgs/webots_ros2_msgs/msg/string_stamped.h
[0.771s] -- Up-to-date symlink: /MRTP/MRTP/src/install/webots_ros2_msgs/include/webots_ros2_msgs/webots_ros2_msgs/msg/urdf_robot.h
[0.772s] -- Up-to-date symlink: /MRTP/MRTP/src/install/webots_ros2_msgs/include/webots_ros2_msgs/webots_ros2_msgs/srv/detail/emitter_send_string__functions.h
[0.772s] -- Up-to-date symlink: /MRTP/MRTP/src/install/webots_ros2_msgs/include/webots_ros2_msgs/webots_ros2_msgs/srv/detail/emitter_send_string__struct.h
[0.772s] -- Up-to-date symlink: /MRTP/MRTP/src/install/webots_ros2_msgs/include/webots_ros2_msgs/webots_ros2_msgs/srv/detail/emitter_send_string__type_support.h
[0.772s] -- Up-to-date symlink: /MRTP/MRTP/src/install/webots_ros2_msgs/include/webots_ros2_msgs/webots_ros2_msgs/srv/detail/get_bool__functions.h
[0.773s] -- Up-to-date symlink: /MRTP/MRTP/src/install/webots_ros2_msgs/include/webots_ros2_msgs/webots_ros2_msgs/srv/detail/get_bool__struct.h
[0.773s] -- Up-to-date symlink: /MRTP/MRTP/src/install/webots_ros2_msgs/include/webots_ros2_msgs/webots_ros2_msgs/srv/detail/get_bool__type_support.h
[0.774s] -- Up-to-date symlink: /MRTP/MRTP/src/install/webots_ros2_msgs/include/webots_ros2_msgs/webots_ros2_msgs/srv/detail/set_string__functions.h
[0.774s] -- Up-to-date symlink: /MRTP/MRTP/src/install/webots_ros2_msgs/include/webots_ros2_msgs/webots_ros2_msgs/srv/detail/set_string__struct.h
[0.774s] -- Up-to-date symlink: /MRTP/MRTP/src/install/webots_ros2_msgs/include/webots_ros2_msgs/webots_ros2_msgs/srv/detail/set_string__type_support.h
[0.774s] -- Up-to-date symlink: /MRTP/MRTP/src/install/webots_ros2_msgs/include/webots_ros2_msgs/webots_ros2_msgs/srv/detail/spawn_node_from_string__functions.h
[0.775s] -- Up-to-date symlink: /MRTP/MRTP/src/install/webots_ros2_msgs/include/webots_ros2_msgs/webots_ros2_msgs/srv/detail/spawn_node_from_string__struct.h
[0.775s] -- Up-to-date symlink: /MRTP/MRTP/src/install/webots_ros2_msgs/include/webots_ros2_msgs/webots_ros2_msgs/srv/detail/spawn_node_from_string__type_support.h
[0.775s] -- Up-to-date symlink: /MRTP/MRTP/src/install/webots_ros2_msgs/include/webots_ros2_msgs/webots_ros2_msgs/srv/detail/spawn_urdf_robot__functions.h
[0.775s] -- Up-to-date symlink: /MRTP/MRTP/src/install/webots_ros2_msgs/include/webots_ros2_msgs/webots_ros2_msgs/srv/detail/spawn_urdf_robot__struct.h
[0.776s] -- Up-to-date symlink: /MRTP/MRTP/src/install/webots_ros2_msgs/include/webots_ros2_msgs/webots_ros2_msgs/srv/detail/spawn_urdf_robot__type_support.h
[0.776s] -- Up-to-date symlink: /MRTP/MRTP/src/install/webots_ros2_msgs/include/webots_ros2_msgs/webots_ros2_msgs/srv/emitter_send_string.h
[0.776s] -- Up-to-date symlink: /MRTP/MRTP/src/install/webots_ros2_msgs/include/webots_ros2_msgs/webots_ros2_msgs/srv/get_bool.h
[0.777s] -- Up-to-date symlink: /MRTP/MRTP/src/install/webots_ros2_msgs/include/webots_ros2_msgs/webots_ros2_msgs/srv/set_string.h
[0.777s] -- Up-to-date symlink: /MRTP/MRTP/src/install/webots_ros2_msgs/include/webots_ros2_msgs/webots_ros2_msgs/srv/spawn_node_from_string.h
[0.777s] -- Up-to-date symlink: /MRTP/MRTP/src/install/webots_ros2_msgs/include/webots_ros2_msgs/webots_ros2_msgs/srv/spawn_urdf_robot.h
[0.778s] -- Up-to-date symlink: /MRTP/MRTP/src/install/webots_ros2_msgs/share/webots_ros2_msgs/environment/library_path.sh
[0.778s] -- Up-to-date symlink: /MRTP/MRTP/src/install/webots_ros2_msgs/share/webots_ros2_msgs/environment/library_path.dsv
[0.779s] -- Up-to-date symlink: /MRTP/MRTP/src/install/webots_ros2_msgs/include/webots_ros2_msgs/webots_ros2_msgs/msg/detail/bool_stamped__rosidl_typesupport_fastrtps_c.h
[0.780s] -- Up-to-date symlink: /MRTP/MRTP/src/install/webots_ros2_msgs/include/webots_ros2_msgs/webots_ros2_msgs/msg/detail/camera_recognition_object__rosidl_typesupport_fastrtps_c.h
[0.780s] -- Up-to-date symlink: /MRTP/MRTP/src/install/webots_ros2_msgs/include/webots_ros2_msgs/webots_ros2_msgs/msg/detail/camera_recognition_objects__rosidl_typesupport_fastrtps_c.h
[0.780s] -- Up-to-date symlink: /MRTP/MRTP/src/install/webots_ros2_msgs/include/webots_ros2_msgs/webots_ros2_msgs/msg/detail/float_stamped__rosidl_typesupport_fastrtps_c.h
[0.780s] -- Up-to-date symlink: /MRTP/MRTP/src/install/webots_ros2_msgs/include/webots_ros2_msgs/webots_ros2_msgs/msg/detail/pen_ink_properties__rosidl_typesupport_fastrtps_c.h
[0.781s] -- Up-to-date symlink: /MRTP/MRTP/src/install/webots_ros2_msgs/include/webots_ros2_msgs/webots_ros2_msgs/msg/detail/string_stamped__rosidl_typesupport_fastrtps_c.h
[0.781s] -- Up-to-date symlink: /MRTP/MRTP/src/install/webots_ros2_msgs/include/webots_ros2_msgs/webots_ros2_msgs/msg/detail/urdf_robot__rosidl_typesupport_fastrtps_c.h
[0.781s] -- Up-to-date symlink: /MRTP/MRTP/src/install/webots_ros2_msgs/include/webots_ros2_msgs/webots_ros2_msgs/msg/rosidl_typesupport_fastrtps_c__visibility_control.h
[0.782s] -- Up-to-date symlink: /MRTP/MRTP/src/install/webots_ros2_msgs/include/webots_ros2_msgs/webots_ros2_msgs/srv/detail/emitter_send_string__rosidl_typesupport_fastrtps_c.h
[0.782s] -- Up-to-date symlink: /MRTP/MRTP/src/install/webots_ros2_msgs/include/webots_ros2_msgs/webots_ros2_msgs/srv/detail/get_bool__rosidl_typesupport_fastrtps_c.h
[0.782s] -- Up-to-date symlink: /MRTP/MRTP/src/install/webots_ros2_msgs/include/webots_ros2_msgs/webots_ros2_msgs/srv/detail/set_string__rosidl_typesupport_fastrtps_c.h
[0.782s] -- Up-to-date symlink: /MRTP/MRTP/src/install/webots_ros2_msgs/include/webots_ros2_msgs/webots_ros2_msgs/srv/detail/spawn_node_from_string__rosidl_typesupport_fastrtps_c.h
[0.783s] -- Up-to-date symlink: /MRTP/MRTP/src/install/webots_ros2_msgs/include/webots_ros2_msgs/webots_ros2_msgs/srv/detail/spawn_urdf_robot__rosidl_typesupport_fastrtps_c.h
[0.788s] -- Up-to-date symlink: /MRTP/MRTP/src/install/webots_ros2_msgs/include/webots_ros2_msgs/webots_ros2_msgs/msg/bool_stamped.hpp
[0.789s] -- Up-to-date symlink: /MRTP/MRTP/src/install/webots_ros2_msgs/include/webots_ros2_msgs/webots_ros2_msgs/msg/camera_recognition_object.hpp
[0.789s] -- Up-to-date symlink: /MRTP/MRTP/src/install/webots_ros2_msgs/include/webots_ros2_msgs/webots_ros2_msgs/msg/camera_recognition_objects.hpp
[0.789s] -- Up-to-date symlink: /MRTP/MRTP/src/install/webots_ros2_msgs/include/webots_ros2_msgs/webots_ros2_msgs/msg/detail/bool_stamped__builder.hpp
[0.789s] -- Up-to-date symlink: /MRTP/MRTP/src/install/webots_ros2_msgs/include/webots_ros2_msgs/webots_ros2_msgs/msg/detail/bool_stamped__struct.hpp
[0.790s] -- Up-to-date symlink: /MRTP/MRTP/src/install/webots_ros2_msgs/include/webots_ros2_msgs/webots_ros2_msgs/msg/detail/bool_stamped__traits.hpp
[0.792s] -- Up-to-date symlink: /MRTP/MRTP/src/install/webots_ros2_msgs/include/webots_ros2_msgs/webots_ros2_msgs/msg/detail/bool_stamped__type_support.hpp
[0.793s] -- Up-to-date symlink: /MRTP/MRTP/src/install/webots_ros2_msgs/include/webots_ros2_msgs/webots_ros2_msgs/msg/detail/camera_recognition_object__builder.hpp
[0.794s] -- Up-to-date symlink: /MRTP/MRTP/src/install/webots_ros2_msgs/include/webots_ros2_msgs/webots_ros2_msgs/msg/detail/camera_recognition_object__struct.hpp
[0.796s] -- Up-to-date symlink: /MRTP/MRTP/src/install/webots_ros2_msgs/include/webots_ros2_msgs/webots_ros2_msgs/msg/detail/camera_recognition_object__traits.hpp
[0.796s] -- Up-to-date symlink: /MRTP/MRTP/src/install/webots_ros2_msgs/include/webots_ros2_msgs/webots_ros2_msgs/msg/detail/camera_recognition_object__type_support.hpp
[0.796s] -- Up-to-date symlink: /MRTP/MRTP/src/install/webots_ros2_msgs/include/webots_ros2_msgs/webots_ros2_msgs/msg/detail/camera_recognition_objects__builder.hpp
[0.797s] -- Up-to-date symlink: /MRTP/MRTP/src/install/webots_ros2_msgs/include/webots_ros2_msgs/webots_ros2_msgs/msg/detail/camera_recognition_objects__struct.hpp
[0.797s] -- Up-to-date symlink: /MRTP/MRTP/src/install/webots_ros2_msgs/include/webots_ros2_msgs/webots_ros2_msgs/msg/detail/camera_recognition_objects__traits.hpp
[0.798s] -- Up-to-date symlink: /MRTP/MRTP/src/install/webots_ros2_msgs/include/webots_ros2_msgs/webots_ros2_msgs/msg/detail/camera_recognition_objects__type_support.hpp
[0.798s] -- Up-to-date symlink: /MRTP/MRTP/src/install/webots_ros2_msgs/include/webots_ros2_msgs/webots_ros2_msgs/msg/detail/float_stamped__builder.hpp
[0.798s] -- Up-to-date symlink: /MRTP/MRTP/src/install/webots_ros2_msgs/include/webots_ros2_msgs/webots_ros2_msgs/msg/detail/float_stamped__struct.hpp
[0.799s] -- Up-to-date symlink: /MRTP/MRTP/src/install/webots_ros2_msgs/include/webots_ros2_msgs/webots_ros2_msgs/msg/detail/float_stamped__traits.hpp
[0.799s] -- Up-to-date symlink: /MRTP/MRTP/src/install/webots_ros2_msgs/include/webots_ros2_msgs/webots_ros2_msgs/msg/detail/float_stamped__type_support.hpp
[0.799s] -- Up-to-date symlink: /MRTP/MRTP/src/install/webots_ros2_msgs/include/webots_ros2_msgs/webots_ros2_msgs/msg/detail/pen_ink_properties__builder.hpp
[0.799s] -- Up-to-date symlink: /MRTP/MRTP/src/install/webots_ros2_msgs/include/webots_ros2_msgs/webots_ros2_msgs/msg/detail/pen_ink_properties__struct.hpp
[0.799s] -- Up-to-date symlink: /MRTP/MRTP/src/install/webots_ros2_msgs/include/webots_ros2_msgs/webots_ros2_msgs/msg/detail/pen_ink_properties__traits.hpp
[0.800s] -- Up-to-date symlink: /MRTP/MRTP/src/install/webots_ros2_msgs/include/webots_ros2_msgs/webots_ros2_msgs/msg/detail/pen_ink_properties__type_support.hpp
[0.800s] -- Up-to-date symlink: /MRTP/MRTP/src/install/webots_ros2_msgs/include/webots_ros2_msgs/webots_ros2_msgs/msg/detail/string_stamped__builder.hpp
[0.800s] -- Up-to-date symlink: /MRTP/MRTP/src/install/webots_ros2_msgs/include/webots_ros2_msgs/webots_ros2_msgs/msg/detail/string_stamped__struct.hpp
[0.800s] -- Up-to-date symlink: /MRTP/MRTP/src/install/webots_ros2_msgs/include/webots_ros2_msgs/webots_ros2_msgs/msg/detail/string_stamped__traits.hpp
[0.801s] -- Up-to-date symlink: /MRTP/MRTP/src/install/webots_ros2_msgs/include/webots_ros2_msgs/webots_ros2_msgs/msg/detail/string_stamped__type_support.hpp
[0.801s] -- Up-to-date symlink: /MRTP/MRTP/src/install/webots_ros2_msgs/include/webots_ros2_msgs/webots_ros2_msgs/msg/detail/urdf_robot__builder.hpp
[0.801s] -- Up-to-date symlink: /MRTP/MRTP/src/install/webots_ros2_msgs/include/webots_ros2_msgs/webots_ros2_msgs/msg/detail/urdf_robot__struct.hpp
[0.801s] -- Up-to-date symlink: /MRTP/MRTP/src/install/webots_ros2_msgs/include/webots_ros2_msgs/webots_ros2_msgs/msg/detail/urdf_robot__traits.hpp
[0.802s] -- Up-to-date symlink: /MRTP/MRTP/src/install/webots_ros2_msgs/include/webots_ros2_msgs/webots_ros2_msgs/msg/detail/urdf_robot__type_support.hpp
[0.802s] -- Up-to-date symlink: /MRTP/MRTP/src/install/webots_ros2_msgs/include/webots_ros2_msgs/webots_ros2_msgs/msg/float_stamped.hpp
[0.802s] -- Up-to-date symlink: /MRTP/MRTP/src/install/webots_ros2_msgs/include/webots_ros2_msgs/webots_ros2_msgs/msg/pen_ink_properties.hpp
[0.802s] -- Up-to-date symlink: /MRTP/MRTP/src/install/webots_ros2_msgs/include/webots_ros2_msgs/webots_ros2_msgs/msg/rosidl_generator_cpp__visibility_control.hpp
[0.802s] -- Up-to-date symlink: /MRTP/MRTP/src/install/webots_ros2_msgs/include/webots_ros2_msgs/webots_ros2_msgs/msg/string_stamped.hpp
[0.803s] -- Up-to-date symlink: /MRTP/MRTP/src/install/webots_ros2_msgs/include/webots_ros2_msgs/webots_ros2_msgs/msg/urdf_robot.hpp
[0.803s] -- Up-to-date symlink: /MRTP/MRTP/src/install/webots_ros2_msgs/include/webots_ros2_msgs/webots_ros2_msgs/srv/detail/emitter_send_string__builder.hpp
[0.803s] -- Up-to-date symlink: /MRTP/MRTP/src/install/webots_ros2_msgs/include/webots_ros2_msgs/webots_ros2_msgs/srv/detail/emitter_send_string__struct.hpp
[0.803s] -- Up-to-date symlink: /MRTP/MRTP/src/install/webots_ros2_msgs/include/webots_ros2_msgs/webots_ros2_msgs/srv/detail/emitter_send_string__traits.hpp
[0.804s] -- Up-to-date symlink: /MRTP/MRTP/src/install/webots_ros2_msgs/include/webots_ros2_msgs/webots_ros2_msgs/srv/detail/emitter_send_string__type_support.hpp
[0.804s] -- Up-to-date symlink: /MRTP/MRTP/src/install/webots_ros2_msgs/include/webots_ros2_msgs/webots_ros2_msgs/srv/detail/get_bool__builder.hpp
[0.804s] -- Up-to-date symlink: /MRTP/MRTP/src/install/webots_ros2_msgs/include/webots_ros2_msgs/webots_ros2_msgs/srv/detail/get_bool__struct.hpp
[0.804s] -- Up-to-date symlink: /MRTP/MRTP/src/install/webots_ros2_msgs/include/webots_ros2_msgs/webots_ros2_msgs/srv/detail/get_bool__traits.hpp
[0.805s] -- Up-to-date symlink: /MRTP/MRTP/src/install/webots_ros2_msgs/include/webots_ros2_msgs/webots_ros2_msgs/srv/detail/get_bool__type_support.hpp
[0.805s] -- Up-to-date symlink: /MRTP/MRTP/src/install/webots_ros2_msgs/include/webots_ros2_msgs/webots_ros2_msgs/srv/detail/set_string__builder.hpp
[0.805s] -- Up-to-date symlink: /MRTP/MRTP/src/install/webots_ros2_msgs/include/webots_ros2_msgs/webots_ros2_msgs/srv/detail/set_string__struct.hpp
[0.805s] -- Up-to-date symlink: /MRTP/MRTP/src/install/webots_ros2_msgs/include/webots_ros2_msgs/webots_ros2_msgs/srv/detail/set_string__traits.hpp
[0.806s] -- Up-to-date symlink: /MRTP/MRTP/src/install/webots_ros2_msgs/include/webots_ros2_msgs/webots_ros2_msgs/srv/detail/set_string__type_support.hpp
[0.806s] -- Up-to-date symlink: /MRTP/MRTP/src/install/webots_ros2_msgs/include/webots_ros2_msgs/webots_ros2_msgs/srv/detail/spawn_node_from_string__builder.hpp
[0.806s] -- Up-to-date symlink: /MRTP/MRTP/src/install/webots_ros2_msgs/include/webots_ros2_msgs/webots_ros2_msgs/srv/detail/spawn_node_from_string__struct.hpp
[0.807s] -- Up-to-date symlink: /MRTP/MRTP/src/install/webots_ros2_msgs/include/webots_ros2_msgs/webots_ros2_msgs/srv/detail/spawn_node_from_string__traits.hpp
[0.807s] -- Up-to-date symlink: /MRTP/MRTP/src/install/webots_ros2_msgs/include/webots_ros2_msgs/webots_ros2_msgs/srv/detail/spawn_node_from_string__type_support.hpp
[0.807s] -- Up-to-date symlink: /MRTP/MRTP/src/install/webots_ros2_msgs/include/webots_ros2_msgs/webots_ros2_msgs/srv/detail/spawn_urdf_robot__builder.hpp
[0.808s] -- Up-to-date symlink: /MRTP/MRTP/src/install/webots_ros2_msgs/include/webots_ros2_msgs/webots_ros2_msgs/srv/detail/spawn_urdf_robot__struct.hpp
[0.808s] -- Up-to-date symlink: /MRTP/MRTP/src/install/webots_ros2_msgs/include/webots_ros2_msgs/webots_ros2_msgs/srv/detail/spawn_urdf_robot__traits.hpp
[0.808s] -- Up-to-date symlink: /MRTP/MRTP/src/install/webots_ros2_msgs/include/webots_ros2_msgs/webots_ros2_msgs/srv/detail/spawn_urdf_robot__type_support.hpp
[0.808s] -- Up-to-date symlink: /MRTP/MRTP/src/install/webots_ros2_msgs/include/webots_ros2_msgs/webots_ros2_msgs/srv/emitter_send_string.hpp
[0.809s] -- Up-to-date symlink: /MRTP/MRTP/src/install/webots_ros2_msgs/include/webots_ros2_msgs/webots_ros2_msgs/srv/get_bool.hpp
[0.809s] -- Up-to-date symlink: /MRTP/MRTP/src/install/webots_ros2_msgs/include/webots_ros2_msgs/webots_ros2_msgs/srv/set_string.hpp
[0.809s] -- Up-to-date symlink: /MRTP/MRTP/src/install/webots_ros2_msgs/include/webots_ros2_msgs/webots_ros2_msgs/srv/spawn_node_from_string.hpp
[0.809s] -- Up-to-date symlink: /MRTP/MRTP/src/install/webots_ros2_msgs/include/webots_ros2_msgs/webots_ros2_msgs/srv/spawn_urdf_robot.hpp
[0.812s] -- Up-to-date symlink: /MRTP/MRTP/src/install/webots_ros2_msgs/include/webots_ros2_msgs/webots_ros2_msgs/msg/detail/bool_stamped__rosidl_typesupport_fastrtps_cpp.hpp
[0.812s] -- Up-to-date symlink: /MRTP/MRTP/src/install/webots_ros2_msgs/include/webots_ros2_msgs/webots_ros2_msgs/msg/detail/camera_recognition_object__rosidl_typesupport_fastrtps_cpp.hpp
[0.812s] -- Up-to-date symlink: /MRTP/MRTP/src/install/webots_ros2_msgs/include/webots_ros2_msgs/webots_ros2_msgs/msg/detail/camera_recognition_objects__rosidl_typesupport_fastrtps_cpp.hpp
[0.813s] -- Up-to-date symlink: /MRTP/MRTP/src/install/webots_ros2_msgs/include/webots_ros2_msgs/webots_ros2_msgs/msg/detail/float_stamped__rosidl_typesupport_fastrtps_cpp.hpp
[0.813s] -- Up-to-date symlink: /MRTP/MRTP/src/install/webots_ros2_msgs/include/webots_ros2_msgs/webots_ros2_msgs/msg/detail/pen_ink_properties__rosidl_typesupport_fastrtps_cpp.hpp
[0.813s] -- Up-to-date symlink: /MRTP/MRTP/src/install/webots_ros2_msgs/include/webots_ros2_msgs/webots_ros2_msgs/msg/detail/string_stamped__rosidl_typesupport_fastrtps_cpp.hpp
[0.813s] -- Up-to-date symlink: /MRTP/MRTP/src/install/webots_ros2_msgs/include/webots_ros2_msgs/webots_ros2_msgs/msg/detail/urdf_robot__rosidl_typesupport_fastrtps_cpp.hpp
[0.814s] -- Up-to-date symlink: /MRTP/MRTP/src/install/webots_ros2_msgs/include/webots_ros2_msgs/webots_ros2_msgs/msg/rosidl_typesupport_fastrtps_cpp__visibility_control.h
[0.814s] -- Up-to-date symlink: /MRTP/MRTP/src/install/webots_ros2_msgs/include/webots_ros2_msgs/webots_ros2_msgs/srv/detail/emitter_send_string__rosidl_typesupport_fastrtps_cpp.hpp
[0.814s] -- Up-to-date symlink: /MRTP/MRTP/src/install/webots_ros2_msgs/include/webots_ros2_msgs/webots_ros2_msgs/srv/detail/get_bool__rosidl_typesupport_fastrtps_cpp.hpp
[0.814s] -- Up-to-date symlink: /MRTP/MRTP/src/install/webots_ros2_msgs/include/webots_ros2_msgs/webots_ros2_msgs/srv/detail/set_string__rosidl_typesupport_fastrtps_cpp.hpp
[0.815s] -- Up-to-date symlink: /MRTP/MRTP/src/install/webots_ros2_msgs/include/webots_ros2_msgs/webots_ros2_msgs/srv/detail/spawn_node_from_string__rosidl_typesupport_fastrtps_cpp.hpp
[0.815s] -- Up-to-date symlink: /MRTP/MRTP/src/install/webots_ros2_msgs/include/webots_ros2_msgs/webots_ros2_msgs/srv/detail/spawn_urdf_robot__rosidl_typesupport_fastrtps_cpp.hpp
[0.816s] -- Up-to-date symlink: /MRTP/MRTP/src/install/webots_ros2_msgs/include/webots_ros2_msgs/webots_ros2_msgs/msg/detail/bool_stamped__rosidl_typesupport_introspection_c.h
[0.816s] -- Up-to-date symlink: /MRTP/MRTP/src/install/webots_ros2_msgs/include/webots_ros2_msgs/webots_ros2_msgs/msg/detail/camera_recognition_object__rosidl_typesupport_introspection_c.h
[0.817s] -- Up-to-date symlink: /MRTP/MRTP/src/install/webots_ros2_msgs/include/webots_ros2_msgs/webots_ros2_msgs/msg/detail/camera_recognition_objects__rosidl_typesupport_introspection_c.h
[0.817s] -- Up-to-date symlink: /MRTP/MRTP/src/install/webots_ros2_msgs/include/webots_ros2_msgs/webots_ros2_msgs/msg/detail/float_stamped__rosidl_typesupport_introspection_c.h
[0.817s] -- Up-to-date symlink: /MRTP/MRTP/src/install/webots_ros2_msgs/include/webots_ros2_msgs/webots_ros2_msgs/msg/detail/pen_ink_properties__rosidl_typesupport_introspection_c.h
[0.818s] -- Up-to-date symlink: /MRTP/MRTP/src/install/webots_ros2_msgs/include/webots_ros2_msgs/webots_ros2_msgs/msg/detail/string_stamped__rosidl_typesupport_introspection_c.h
[0.818s] -- Up-to-date symlink: /MRTP/MRTP/src/install/webots_ros2_msgs/include/webots_ros2_msgs/webots_ros2_msgs/msg/detail/urdf_robot__rosidl_typesupport_introspection_c.h
[0.818s] -- Up-to-date symlink: /MRTP/MRTP/src/install/webots_ros2_msgs/include/webots_ros2_msgs/webots_ros2_msgs/msg/rosidl_typesupport_introspection_c__visibility_control.h
[0.818s] -- Up-to-date symlink: /MRTP/MRTP/src/install/webots_ros2_msgs/include/webots_ros2_msgs/webots_ros2_msgs/srv/detail/emitter_send_string__rosidl_typesupport_introspection_c.h
[0.819s] -- Up-to-date symlink: /MRTP/MRTP/src/install/webots_ros2_msgs/include/webots_ros2_msgs/webots_ros2_msgs/srv/detail/get_bool__rosidl_typesupport_introspection_c.h
[0.819s] -- Up-to-date symlink: /MRTP/MRTP/src/install/webots_ros2_msgs/include/webots_ros2_msgs/webots_ros2_msgs/srv/detail/set_string__rosidl_typesupport_introspection_c.h
[0.819s] -- Up-to-date symlink: /MRTP/MRTP/src/install/webots_ros2_msgs/include/webots_ros2_msgs/webots_ros2_msgs/srv/detail/spawn_node_from_string__rosidl_typesupport_introspection_c.h
[0.819s] -- Up-to-date symlink: /MRTP/MRTP/src/install/webots_ros2_msgs/include/webots_ros2_msgs/webots_ros2_msgs/srv/detail/spawn_urdf_robot__rosidl_typesupport_introspection_c.h
[0.821s] -- Up-to-date symlink: /MRTP/MRTP/src/install/webots_ros2_msgs/include/webots_ros2_msgs/webots_ros2_msgs/msg/detail/bool_stamped__rosidl_typesupport_introspection_cpp.hpp
[0.822s] -- Up-to-date symlink: /MRTP/MRTP/src/install/webots_ros2_msgs/include/webots_ros2_msgs/webots_ros2_msgs/msg/detail/camera_recognition_object__rosidl_typesupport_introspection_cpp.hpp
[0.822s] -- Up-to-date symlink: /MRTP/MRTP/src/install/webots_ros2_msgs/include/webots_ros2_msgs/webots_ros2_msgs/msg/detail/camera_recognition_objects__rosidl_typesupport_introspection_cpp.hpp
[0.823s] -- Up-to-date symlink: /MRTP/MRTP/src/install/webots_ros2_msgs/include/webots_ros2_msgs/webots_ros2_msgs/msg/detail/float_stamped__rosidl_typesupport_introspection_cpp.hpp
[0.823s] -- Up-to-date symlink: /MRTP/MRTP/src/install/webots_ros2_msgs/include/webots_ros2_msgs/webots_ros2_msgs/msg/detail/pen_ink_properties__rosidl_typesupport_introspection_cpp.hpp
[0.824s] -- Up-to-date symlink: /MRTP/MRTP/src/install/webots_ros2_msgs/include/webots_ros2_msgs/webots_ros2_msgs/msg/detail/string_stamped__rosidl_typesupport_introspection_cpp.hpp
[0.824s] -- Up-to-date symlink: /MRTP/MRTP/src/install/webots_ros2_msgs/include/webots_ros2_msgs/webots_ros2_msgs/msg/detail/urdf_robot__rosidl_typesupport_introspection_cpp.hpp
[0.824s] -- Up-to-date symlink: /MRTP/MRTP/src/install/webots_ros2_msgs/include/webots_ros2_msgs/webots_ros2_msgs/srv/detail/emitter_send_string__rosidl_typesupport_introspection_cpp.hpp
[0.824s] -- Up-to-date symlink: /MRTP/MRTP/src/install/webots_ros2_msgs/include/webots_ros2_msgs/webots_ros2_msgs/srv/detail/get_bool__rosidl_typesupport_introspection_cpp.hpp
[0.825s] -- Up-to-date symlink: /MRTP/MRTP/src/install/webots_ros2_msgs/include/webots_ros2_msgs/webots_ros2_msgs/srv/detail/set_string__rosidl_typesupport_introspection_cpp.hpp
[0.825s] -- Up-to-date symlink: /MRTP/MRTP/src/install/webots_ros2_msgs/include/webots_ros2_msgs/webots_ros2_msgs/srv/detail/spawn_node_from_string__rosidl_typesupport_introspection_cpp.hpp
[0.825s] -- Up-to-date symlink: /MRTP/MRTP/src/install/webots_ros2_msgs/include/webots_ros2_msgs/webots_ros2_msgs/srv/detail/spawn_urdf_robot__rosidl_typesupport_introspection_cpp.hpp
[0.826s] -- Up-to-date symlink: /MRTP/MRTP/src/install/webots_ros2_msgs/share/webots_ros2_msgs/environment/pythonpath.sh
[0.826s] -- Up-to-date symlink: /MRTP/MRTP/src/install/webots_ros2_msgs/share/webots_ros2_msgs/environment/pythonpath.dsv
[0.827s] -- Up-to-date symlink: /MRTP/MRTP/src/install/webots_ros2_msgs/lib/python3.12/site-packages/webots_ros2_msgs-2025.0.1-py3.12.egg-info/PKG-INFO
[0.827s] -- Up-to-date symlink: /MRTP/MRTP/src/install/webots_ros2_msgs/lib/python3.12/site-packages/webots_ros2_msgs-2025.0.1-py3.12.egg-info/SOURCES.txt
[0.827s] -- Up-to-date symlink: /MRTP/MRTP/src/install/webots_ros2_msgs/lib/python3.12/site-packages/webots_ros2_msgs-2025.0.1-py3.12.egg-info/dependency_links.txt
[0.828s] -- Up-to-date symlink: /MRTP/MRTP/src/install/webots_ros2_msgs/lib/python3.12/site-packages/webots_ros2_msgs-2025.0.1-py3.12.egg-info/top_level.txt
[0.831s] -- Up-to-date symlink: /MRTP/MRTP/src/install/webots_ros2_msgs/lib/python3.12/site-packages/webots_ros2_msgs/__init__.py
[0.831s] -- Up-to-date symlink: /MRTP/MRTP/src/install/webots_ros2_msgs/lib/python3.12/site-packages/webots_ros2_msgs/_webots_ros2_msgs_s.ep.rosidl_typesupport_c.c
[0.831s] -- Up-to-date symlink: /MRTP/MRTP/src/install/webots_ros2_msgs/lib/python3.12/site-packages/webots_ros2_msgs/_webots_ros2_msgs_s.ep.rosidl_typesupport_fastrtps_c.c
[0.832s] -- Up-to-date symlink: /MRTP/MRTP/src/install/webots_ros2_msgs/lib/python3.12/site-packages/webots_ros2_msgs/_webots_ros2_msgs_s.ep.rosidl_typesupport_introspection_c.c
[0.832s] -- Up-to-date symlink: /MRTP/MRTP/src/install/webots_ros2_msgs/lib/python3.12/site-packages/webots_ros2_msgs/msg/__init__.py
[0.833s] -- Up-to-date symlink: /MRTP/MRTP/src/install/webots_ros2_msgs/lib/python3.12/site-packages/webots_ros2_msgs/msg/_bool_stamped.py
[0.833s] -- Up-to-date symlink: /MRTP/MRTP/src/install/webots_ros2_msgs/lib/python3.12/site-packages/webots_ros2_msgs/msg/_bool_stamped_s.c
[0.833s] -- Up-to-date symlink: /MRTP/MRTP/src/install/webots_ros2_msgs/lib/python3.12/site-packages/webots_ros2_msgs/msg/_camera_recognition_object.py
[0.833s] -- Up-to-date symlink: /MRTP/MRTP/src/install/webots_ros2_msgs/lib/python3.12/site-packages/webots_ros2_msgs/msg/_camera_recognition_object_s.c
[0.834s] -- Up-to-date symlink: /MRTP/MRTP/src/install/webots_ros2_msgs/lib/python3.12/site-packages/webots_ros2_msgs/msg/_camera_recognition_objects.py
[0.834s] -- Up-to-date symlink: /MRTP/MRTP/src/install/webots_ros2_msgs/lib/python3.12/site-packages/webots_ros2_msgs/msg/_camera_recognition_objects_s.c
[0.835s] -- Up-to-date symlink: /MRTP/MRTP/src/install/webots_ros2_msgs/lib/python3.12/site-packages/webots_ros2_msgs/msg/_float_stamped.py
[0.835s] -- Up-to-date symlink: /MRTP/MRTP/src/install/webots_ros2_msgs/lib/python3.12/site-packages/webots_ros2_msgs/msg/_float_stamped_s.c
[0.835s] -- Up-to-date symlink: /MRTP/MRTP/src/install/webots_ros2_msgs/lib/python3.12/site-packages/webots_ros2_msgs/msg/_pen_ink_properties.py
[0.836s] -- Up-to-date symlink: /MRTP/MRTP/src/install/webots_ros2_msgs/lib/python3.12/site-packages/webots_ros2_msgs/msg/_pen_ink_properties_s.c
[0.836s] -- Up-to-date symlink: /MRTP/MRTP/src/install/webots_ros2_msgs/lib/python3.12/site-packages/webots_ros2_msgs/msg/_string_stamped.py
[0.836s] -- Up-to-date symlink: /MRTP/MRTP/src/install/webots_ros2_msgs/lib/python3.12/site-packages/webots_ros2_msgs/msg/_string_stamped_s.c
[0.837s] -- Up-to-date symlink: /MRTP/MRTP/src/install/webots_ros2_msgs/lib/python3.12/site-packages/webots_ros2_msgs/msg/_urdf_robot.py
[0.839s] -- Up-to-date symlink: /MRTP/MRTP/src/install/webots_ros2_msgs/lib/python3.12/site-packages/webots_ros2_msgs/msg/_urdf_robot_s.c
[0.840s] -- Up-to-date symlink: /MRTP/MRTP/src/install/webots_ros2_msgs/lib/python3.12/site-packages/webots_ros2_msgs/srv/__init__.py
[0.840s] -- Up-to-date symlink: /MRTP/MRTP/src/install/webots_ros2_msgs/lib/python3.12/site-packages/webots_ros2_msgs/srv/_emitter_send_string.py
[0.840s] -- Up-to-date symlink: /MRTP/MRTP/src/install/webots_ros2_msgs/lib/python3.12/site-packages/webots_ros2_msgs/srv/_emitter_send_string_s.c
[0.841s] -- Up-to-date symlink: /MRTP/MRTP/src/install/webots_ros2_msgs/lib/python3.12/site-packages/webots_ros2_msgs/srv/_get_bool.py
[0.841s] -- Up-to-date symlink: /MRTP/MRTP/src/install/webots_ros2_msgs/lib/python3.12/site-packages/webots_ros2_msgs/srv/_get_bool_s.c
[0.841s] -- Up-to-date symlink: /MRTP/MRTP/src/install/webots_ros2_msgs/lib/python3.12/site-packages/webots_ros2_msgs/srv/_set_string.py
[0.841s] -- Up-to-date symlink: /MRTP/MRTP/src/install/webots_ros2_msgs/lib/python3.12/site-packages/webots_ros2_msgs/srv/_set_string_s.c
[0.842s] -- Up-to-date symlink: /MRTP/MRTP/src/install/webots_ros2_msgs/lib/python3.12/site-packages/webots_ros2_msgs/srv/_spawn_node_from_string.py
[0.842s] -- Up-to-date symlink: /MRTP/MRTP/src/install/webots_ros2_msgs/lib/python3.12/site-packages/webots_ros2_msgs/srv/_spawn_node_from_string_s.c
[0.842s] -- Up-to-date symlink: /MRTP/MRTP/src/install/webots_ros2_msgs/lib/python3.12/site-packages/webots_ros2_msgs/srv/_spawn_urdf_robot.py
[0.842s] -- Up-to-date symlink: /MRTP/MRTP/src/install/webots_ros2_msgs/lib/python3.12/site-packages/webots_ros2_msgs/srv/_spawn_urdf_robot_s.c
[0.843s] -- Up-to-date symlink: /MRTP/MRTP/src/install/webots_ros2_msgs/lib/python3.12/site-packages/webots_ros2_msgs/webots_ros2_msgs_s__rosidl_typesupport_c.so
[0.843s] -- Up-to-date symlink: /MRTP/MRTP/src/install/webots_ros2_msgs/lib/python3.12/site-packages/webots_ros2_msgs/webots_ros2_msgs_s__rosidl_typesupport_fastrtps_c.so
[0.844s] -- Up-to-date symlink: /MRTP/MRTP/src/install/webots_ros2_msgs/lib/python3.12/site-packages/webots_ros2_msgs/webots_ros2_msgs_s__rosidl_typesupport_introspection_c.so
[0.844s] -- Up-to-date symlink: /MRTP/MRTP/src/install/webots_ros2_msgs/lib/python3.12/site-packages/webots_ros2_msgs/webots_ros2_msgs_s__rosidl_typesupport_fastrtps_c.so
[0.845s] -- Up-to-date symlink: /MRTP/MRTP/src/install/webots_ros2_msgs/lib/python3.12/site-packages/webots_ros2_msgs/webots_ros2_msgs_s__rosidl_typesupport_introspection_c.so
[0.845s] -- Up-to-date symlink: /MRTP/MRTP/src/install/webots_ros2_msgs/lib/python3.12/site-packages/webots_ros2_msgs/webots_ros2_msgs_s__rosidl_typesupport_c.so
[0.846s] -- Up-to-date symlink: /MRTP/MRTP/src/install/webots_ros2_msgs/share/webots_ros2_msgs/msg/BoolStamped.idl
[0.847s] -- Up-to-date symlink: /MRTP/MRTP/src/install/webots_ros2_msgs/share/webots_ros2_msgs/msg/FloatStamped.idl
[0.847s] -- Up-to-date symlink: /MRTP/MRTP/src/install/webots_ros2_msgs/share/webots_ros2_msgs/msg/StringStamped.idl
[0.847s] -- Up-to-date symlink: /MRTP/MRTP/src/install/webots_ros2_msgs/share/webots_ros2_msgs/msg/CameraRecognitionObject.idl
[0.848s] -- Up-to-date symlink: /MRTP/MRTP/src/install/webots_ros2_msgs/share/webots_ros2_msgs/msg/CameraRecognitionObjects.idl
[0.848s] -- Up-to-date symlink: /MRTP/MRTP/src/install/webots_ros2_msgs/share/webots_ros2_msgs/msg/UrdfRobot.idl
[0.848s] -- Up-to-date symlink: /MRTP/MRTP/src/install/webots_ros2_msgs/share/webots_ros2_msgs/msg/PenInkProperties.idl
[0.849s] -- Up-to-date symlink: /MRTP/MRTP/src/install/webots_ros2_msgs/share/webots_ros2_msgs/srv/EmitterSendString.idl
[0.849s] -- Up-to-date symlink: /MRTP/MRTP/src/install/webots_ros2_msgs/share/webots_ros2_msgs/srv/GetBool.idl
[0.850s] -- Up-to-date symlink: /MRTP/MRTP/src/install/webots_ros2_msgs/share/webots_ros2_msgs/srv/SetString.idl
[0.850s] -- Up-to-date symlink: /MRTP/MRTP/src/install/webots_ros2_msgs/share/webots_ros2_msgs/srv/SpawnNodeFromString.idl
[0.850s] -- Up-to-date symlink: /MRTP/MRTP/src/install/webots_ros2_msgs/share/webots_ros2_msgs/srv/SpawnUrdfRobot.idl
[0.850s] -- Up-to-date symlink: /MRTP/MRTP/src/install/webots_ros2_msgs/share/webots_ros2_msgs/msg/BoolStamped.msg
[0.851s] -- Up-to-date symlink: /MRTP/MRTP/src/install/webots_ros2_msgs/share/webots_ros2_msgs/msg/FloatStamped.msg
[0.851s] -- Up-to-date symlink: /MRTP/MRTP/src/install/webots_ros2_msgs/share/webots_ros2_msgs/msg/StringStamped.msg
[0.851s] -- Up-to-date symlink: /MRTP/MRTP/src/install/webots_ros2_msgs/share/webots_ros2_msgs/msg/CameraRecognitionObject.msg
[0.852s] -- Up-to-date symlink: /MRTP/MRTP/src/install/webots_ros2_msgs/share/webots_ros2_msgs/msg/CameraRecognitionObjects.msg
[0.852s] -- Up-to-date symlink: /MRTP/MRTP/src/install/webots_ros2_msgs/share/webots_ros2_msgs/msg/UrdfRobot.msg
[0.852s] -- Up-to-date symlink: /MRTP/MRTP/src/install/webots_ros2_msgs/share/webots_ros2_msgs/msg/PenInkProperties.msg
[0.852s] -- Up-to-date symlink: /MRTP/MRTP/src/install/webots_ros2_msgs/share/webots_ros2_msgs/srv/EmitterSendString.srv
[0.853s] -- Up-to-date symlink: /MRTP/MRTP/src/install/webots_ros2_msgs/share/webots_ros2_msgs/srv/GetBool.srv
[0.853s] -- Up-to-date symlink: /MRTP/MRTP/src/install/webots_ros2_msgs/share/webots_ros2_msgs/srv/SetString.srv
[0.854s] -- Up-to-date symlink: /MRTP/MRTP/src/install/webots_ros2_msgs/share/webots_ros2_msgs/srv/SpawnNodeFromString.srv
[0.854s] -- Up-to-date symlink: /MRTP/MRTP/src/install/webots_ros2_msgs/share/webots_ros2_msgs/srv/SpawnUrdfRobot.srv
[0.854s] -- Up-to-date symlink: /MRTP/MRTP/src/install/webots_ros2_msgs/share/ament_index/resource_index/package_run_dependencies/webots_ros2_msgs
[0.854s] -- Up-to-date symlink: /MRTP/MRTP/src/install/webots_ros2_msgs/share/ament_index/resource_index/parent_prefix_path/webots_ros2_msgs
[0.855s] -- Up-to-date symlink: /MRTP/MRTP/src/install/webots_ros2_msgs/share/webots_ros2_msgs/environment/ament_prefix_path.sh
[0.855s] -- Up-to-date symlink: /MRTP/MRTP/src/install/webots_ros2_msgs/share/webots_ros2_msgs/environment/ament_prefix_path.dsv
[0.857s] -- Up-to-date symlink: /MRTP/MRTP/src/install/webots_ros2_msgs/share/webots_ros2_msgs/environment/path.sh
[0.857s] -- Up-to-date symlink: /MRTP/MRTP/src/install/webots_ros2_msgs/share/webots_ros2_msgs/environment/path.dsv
[0.857s] -- Up-to-date symlink: /MRTP/MRTP/src/install/webots_ros2_msgs/share/webots_ros2_msgs/local_setup.bash
[0.858s] -- Up-to-date symlink: /MRTP/MRTP/src/install/webots_ros2_msgs/share/webots_ros2_msgs/local_setup.sh
[0.858s] -- Up-to-date symlink: /MRTP/MRTP/src/install/webots_ros2_msgs/share/webots_ros2_msgs/local_setup.zsh
[0.858s] -- Up-to-date symlink: /MRTP/MRTP/src/install/webots_ros2_msgs/share/webots_ros2_msgs/local_setup.dsv
[0.858s] -- Symlinking: /MRTP/MRTP/src/install/webots_ros2_msgs/share/webots_ros2_msgs/package.dsv
[0.863s] -- Up-to-date symlink: /MRTP/MRTP/src/install/webots_ros2_msgs/share/ament_index/resource_index/packages/webots_ros2_msgs
[0.863s] -- Up-to-date symlink: /MRTP/MRTP/src/install/webots_ros2_msgs/share/webots_ros2_msgs/cmake/rosidl_cmake-extras.cmake
[0.864s] -- Up-to-date symlink: /MRTP/MRTP/src/install/webots_ros2_msgs/share/webots_ros2_msgs/cmake/ament_cmake_export_dependencies-extras.cmake
[0.864s] -- Up-to-date symlink: /MRTP/MRTP/src/install/webots_ros2_msgs/share/webots_ros2_msgs/cmake/ament_cmake_export_include_directories-extras.cmake
[0.864s] -- Up-to-date symlink: /MRTP/MRTP/src/install/webots_ros2_msgs/share/webots_ros2_msgs/cmake/ament_cmake_export_libraries-extras.cmake
[0.864s] -- Up-to-date symlink: /MRTP/MRTP/src/install/webots_ros2_msgs/share/webots_ros2_msgs/cmake/ament_cmake_export_targets-extras.cmake
[0.865s] -- Up-to-date symlink: /MRTP/MRTP/src/install/webots_ros2_msgs/share/webots_ros2_msgs/cmake/rosidl_cmake_export_typesupport_targets-extras.cmake
[0.865s] -- Up-to-date symlink: /MRTP/MRTP/src/install/webots_ros2_msgs/share/webots_ros2_msgs/cmake/rosidl_cmake_export_typesupport_libraries-extras.cmake
[0.865s] -- Up-to-date symlink: /MRTP/MRTP/src/install/webots_ros2_msgs/share/webots_ros2_msgs/cmake/webots_ros2_msgsConfig.cmake
[0.866s] -- Up-to-date symlink: /MRTP/MRTP/src/install/webots_ros2_msgs/share/webots_ros2_msgs/cmake/webots_ros2_msgsConfig-version.cmake
[0.866s] -- Up-to-date symlink: /MRTP/MRTP/src/install/webots_ros2_msgs/share/webots_ros2_msgs/package.xml
[0.866s] -- Up-to-date: /MRTP/MRTP/src/install/webots_ros2_msgs/lib/libwebots_ros2_msgs__rosidl_generator_c.so
[0.867s] -- Up-to-date: /MRTP/MRTP/src/install/webots_ros2_msgs/lib/libwebots_ros2_msgs__rosidl_typesupport_fastrtps_c.so
[0.867s] -- Up-to-date: /MRTP/MRTP/src/install/webots_ros2_msgs/lib/libwebots_ros2_msgs__rosidl_typesupport_fastrtps_cpp.so
[0.868s] -- Up-to-date: /MRTP/MRTP/src/install/webots_ros2_msgs/lib/libwebots_ros2_msgs__rosidl_typesupport_introspection_c.so
[0.868s] -- Up-to-date: /MRTP/MRTP/src/install/webots_ros2_msgs/lib/libwebots_ros2_msgs__rosidl_typesupport_c.so
[0.869s] -- Up-to-date: /MRTP/MRTP/src/install/webots_ros2_msgs/lib/libwebots_ros2_msgs__rosidl_typesupport_introspection_cpp.so
[0.870s] -- Up-to-date: /MRTP/MRTP/src/install/webots_ros2_msgs/lib/libwebots_ros2_msgs__rosidl_typesupport_cpp.so
[0.894s] Listing '/MRTP/MRTP/src/install/webots_ros2_msgs/lib/python3.12/site-packages/webots_ros2_msgs'...
[0.894s] Listing '/MRTP/MRTP/src/install/webots_ros2_msgs/lib/python3.12/site-packages/webots_ros2_msgs/msg'...
[0.895s] Listing '/MRTP/MRTP/src/install/webots_ros2_msgs/lib/python3.12/site-packages/webots_ros2_msgs/srv'...
[0.895s] -- Up-to-date: /MRTP/MRTP/src/install/webots_ros2_msgs/lib/libwebots_ros2_msgs__rosidl_generator_py.so
[0.895s] -- Up-to-date: /MRTP/MRTP/src/install/webots_ros2_msgs/share/webots_ros2_msgs/cmake/export_webots_ros2_msgs__rosidl_generator_cExport.cmake
[0.896s] -- Up-to-date: /MRTP/MRTP/src/install/webots_ros2_msgs/share/webots_ros2_msgs/cmake/export_webots_ros2_msgs__rosidl_generator_cExport-noconfig.cmake
[0.896s] -- Up-to-date: /MRTP/MRTP/src/install/webots_ros2_msgs/share/webots_ros2_msgs/cmake/export_webots_ros2_msgs__rosidl_typesupport_fastrtps_cExport.cmake
[0.896s] -- Up-to-date: /MRTP/MRTP/src/install/webots_ros2_msgs/share/webots_ros2_msgs/cmake/export_webots_ros2_msgs__rosidl_typesupport_fastrtps_cExport-noconfig.cmake
[0.896s] -- Up-to-date: /MRTP/MRTP/src/install/webots_ros2_msgs/share/webots_ros2_msgs/cmake/export_webots_ros2_msgs__rosidl_generator_cppExport.cmake
[0.897s] -- Up-to-date: /MRTP/MRTP/src/install/webots_ros2_msgs/share/webots_ros2_msgs/cmake/export_webots_ros2_msgs__rosidl_typesupport_fastrtps_cppExport.cmake
[0.897s] -- Up-to-date: /MRTP/MRTP/src/install/webots_ros2_msgs/share/webots_ros2_msgs/cmake/export_webots_ros2_msgs__rosidl_typesupport_fastrtps_cppExport-noconfig.cmake
[0.898s] -- Up-to-date: /MRTP/MRTP/src/install/webots_ros2_msgs/share/webots_ros2_msgs/cmake/webots_ros2_msgs__rosidl_typesupport_introspection_cExport.cmake
[0.898s] -- Up-to-date: /MRTP/MRTP/src/install/webots_ros2_msgs/share/webots_ros2_msgs/cmake/webots_ros2_msgs__rosidl_typesupport_introspection_cExport-noconfig.cmake
[0.898s] -- Up-to-date: /MRTP/MRTP/src/install/webots_ros2_msgs/share/webots_ros2_msgs/cmake/webots_ros2_msgs__rosidl_typesupport_cExport.cmake
[0.898s] -- Up-to-date: /MRTP/MRTP/src/install/webots_ros2_msgs/share/webots_ros2_msgs/cmake/webots_ros2_msgs__rosidl_typesupport_cExport-noconfig.cmake
[0.899s] -- Up-to-date: /MRTP/MRTP/src/install/webots_ros2_msgs/share/webots_ros2_msgs/cmake/webots_ros2_msgs__rosidl_typesupport_introspection_cppExport.cmake
[0.899s] -- Up-to-date: /MRTP/MRTP/src/install/webots_ros2_msgs/share/webots_ros2_msgs/cmake/webots_ros2_msgs__rosidl_typesupport_introspection_cppExport-noconfig.cmake
[0.899s] -- Up-to-date: /MRTP/MRTP/src/install/webots_ros2_msgs/share/webots_ros2_msgs/cmake/webots_ros2_msgs__rosidl_typesupport_cppExport.cmake
[0.900s] -- Up-to-date: /MRTP/MRTP/src/install/webots_ros2_msgs/share/webots_ros2_msgs/cmake/webots_ros2_msgs__rosidl_typesupport_cppExport-noconfig.cmake
[0.900s] -- Up-to-date: /MRTP/MRTP/src/install/webots_ros2_msgs/share/webots_ros2_msgs/cmake/export_webots_ros2_msgs__rosidl_generator_pyExport.cmake
[0.900s] -- Up-to-date: /MRTP/MRTP/src/install/webots_ros2_msgs/share/webots_ros2_msgs/cmake/export_webots_ros2_msgs__rosidl_generator_pyExport-noconfig.cmake
[0.902s] Invoked command in '/MRTP/MRTP/src/build/webots_ros2_msgs' returned '0': CMAKE_PREFIX_PATH=${CMAKE_PREFIX_PATH}:/opt/ros/jazzy PS1=(.venv) \[\e]0;\u@\h: \w\a\]${debian_chroot:+($debian_chroot)}\u@\h:\w\$ VIRTUAL_ENV_PROMPT=(.venv) /usr/bin/cmake --install /MRTP/MRTP/src/build/webots_ros2_msgs
