[01m[K/MRTP/MRTP/src/webots_ros2/webots_ros2_control/src/Ros2ControlSystem.cpp:[m[K In member function ‘[01m[Kvirtual rclcpp_lifecycle::node_interfaces::LifecycleNodeInterface::CallbackReturn webots_ros2_control::Ros2ControlSystem::[01;32m[Kon_init[m[K(const hardware_interface::HardwareInfo&)[m[K’:
[01m[K/MRTP/MRTP/src/webots_ros2/webots_ros2_control/src/Ros2ControlSystem.cpp:95:53:[m[K [01;35m[Kwarning: [m[K‘[01m[Kvirtual rclcpp_lifecycle::node_interfaces::LifecycleNodeInterface::CallbackReturn hardware_interface::HardwareComponentInterface::[01;32m[Kon_init[m[K(const hardware_interface::HardwareInfo&)[m[K’ is deprecated: Use on_init(const HardwareComponentInterfaceParams & params) instead. [[01;35m[K-Wdeprecated-declarations[m[K]
   95 |     if ([01;35m[Khardware_interface::SystemInterface::on_init(info)[m[K !=
      |         [01;35m[K~~~~~~~~~~~~~~~~~~~~~~~~~~~~~~~~~~~~~~~~~~~~^~~~~~[m[K
In file included from [01m[K/opt/ros/jazzy/include/hardware_interface/hardware_interface/system_interface.hpp:18[m[K,
                 from [01m[K/MRTP/MRTP/src/webots_ros2/webots_ros2_control/include/webots_ros2_control/Ros2ControlSystem.hpp:24[m[K,
                 from [01m[K/MRTP/MRTP/src/webots_ros2/webots_ros2_control/src/Ros2ControlSystem.cpp:15[m[K:
[01m[K/opt/ros/jazzy/include/hardware_interface/hardware_interface/hardware_component_interface.hpp:140:26:[m[K [01;36m[Knote: [m[Kdeclared here
  140 |   virtual CallbackReturn [01;36m[Kon_init[m[K(const HardwareInfo & hardware_info);
      |                          [01;36m[K^~~~~~~[m[K
[01m[K/MRTP/MRTP/src/webots_ros2/webots_ros2_control/src/Ros2Control.cpp:[m[K In member function ‘[01m[Kvirtual bool webots_ros2_control::WebotsResourceManager::[01;32m[Kload_and_initialize_components[m[K(const std::string&, unsigned int)[m[K’:
[01m[K/MRTP/MRTP/src/webots_ros2/webots_ros2_control/src/Ros2Control.cpp:122:25:[m[K [01;35m[Kwarning: [m[K‘[01m[Kvoid hardware_interface::ResourceManager::[01;32m[Kimport_component[m[K(std::unique_ptr<hardware_interface::SystemInterface>, const hardware_interface::HardwareInfo&)[m[K’ is deprecated: Use import_component(std::unique_ptr<SystemInterface> system, const HardwareComponentParams & params) instead [[01;35m[K-Wdeprecated-declarations[m[K]
  122 |         [01;35m[Kimport_component(std::move(webotsSystem), controlHardware[i])[m[K;
      |         [01;35m[K~~~~~~~~~~~~~~~~^~~~~~~~~~~~~~~~~~~~~~~~~~~~~~~~~~~~~~~~~~~~~[m[K
In file included from [01m[K/opt/ros/jazzy/include/controller_manager/controller_manager/controller_manager.hpp:45[m[K,
                 from [01m[K/MRTP/MRTP/src/webots_ros2/webots_ros2_control/include/webots_ros2_control/Ros2Control.hpp:23[m[K,
                 from [01m[K/MRTP/MRTP/src/webots_ros2/webots_ros2_control/src/Ros2Control.cpp:15[m[K:
[01m[K/opt/ros/jazzy/include/hardware_interface/hardware_interface/resource_manager.hpp:458:3:[m[K [01;36m[Knote: [m[Kdeclared here
  458 |   [01;36m[Kimport_component[m[K(std::unique_ptr<SystemInterface> system, const HardwareInfo & hardware_info);
      |   [01;36m[K^~~~~~~~~~~~~~~~[m[K
