-- The C compiler identification is GNU 13.3.0
-- The CXX compiler identification is GNU 13.3.0
-- Detecting C compiler ABI info
-- Detecting C compiler ABI info - done
-- Check for working C compiler: /usr/bin/cc - skipped
-- Detecting C compile features
-- Detecting C compile features - done
-- Detecting CXX compiler ABI info
-- Detecting CXX compiler ABI info - done
-- Check for working CXX compiler: /usr/bin/c++ - skipped
-- Detecting CXX compile features
-- Detecting CXX compile features - done
-- Found ament_cmake: 2.5.5 (/opt/ros/jazzy/share/ament_cmake/cmake)
-- Found Python3: /.venv/bin/python3 (found version "3.12.3") found components: Interpreter 
-- Override CMake install command with custom implementation using symlinks instead of copying resources
-- Found hardware_interface: 4.42.2 (/opt/ros/jazzy/share/hardware_interface/cmake)
-- Found rosidl_generator_c: 4.6.7 (/opt/ros/jazzy/share/rosidl_generator_c/cmake)
-- Found rosidl_generator_cpp: 4.6.7 (/opt/ros/jazzy/share/rosidl_generator_cpp/cmake)
-- Using all available rosidl_typesupport_c: rosidl_typesupport_fastrtps_c;rosidl_typesupport_introspection_c
-- Using all available rosidl_typesupport_cpp: rosidl_typesupport_fastrtps_cpp;rosidl_typesupport_introspection_cpp
-- Found TinyXML2 via Config file: /usr/lib/aarch64-linux-gnu/cmake/tinyxml2
-- Found rmw_implementation_cmake: 7.3.3 (/opt/ros/jazzy/share/rmw_implementation_cmake/cmake)
-- Found rmw_fastrtps_cpp: 8.4.3 (/opt/ros/jazzy/share/rmw_fastrtps_cpp/cmake)
-- Found TinyXML2 via Config file: /usr/lib/aarch64-linux-gnu/cmake/tinyxml2
-- Found OpenSSL: /usr/lib/aarch64-linux-gnu/libcrypto.so (found version "3.0.13")  
-- Found TinyXML2 via Config file: /usr/lib/aarch64-linux-gnu/cmake/tinyxml2
-- Found FastRTPS: /opt/ros/jazzy/include (Required is at least version "2.13") 
-- Found TinyXML2 via Config file: /usr/lib/aarch64-linux-gnu/cmake/tinyxml2
-- Found TinyXML2 via Config file: /usr/lib/aarch64-linux-gnu/cmake/tinyxml2
-- Using RMW implementation 'rmw_fastrtps_cpp' as default
-- Found controller_manager: 4.42.2 (/opt/ros/jazzy/share/controller_manager/cmake)
-- Found webots_ros2_driver: 2025.0.1 (/MRTP/MRTP/src/install/webots_ros2_driver/share/webots_ros2_driver/cmake)
-- Found eigen3_cmake_module: 0.3.0 (/opt/ros/jazzy/share/eigen3_cmake_module/cmake)
-- Found Eigen3: TRUE (found version "3.4.0") 
-- Ensuring Eigen3 include directory is part of orocos-kdl CMake target
-- Configuring done (2.0s)
-- Generating done (0.1s)
-- Build files have been written to: /MRTP/MRTP/src/build/webots_ros2_control
[ 50%] [32mBuilding CXX object CMakeFiles/webots_ros2_control.dir/src/Ros2Control.cpp.o[0m
[ 50%] [32mBuilding CXX object CMakeFiles/webots_ros2_control_system.dir/src/Ros2ControlSystem.cpp.o[0m
[01m[K/MRTP/MRTP/src/webots_ros2/webots_ros2_control/src/Ros2ControlSystem.cpp:[m[K In member function ‘[01m[Kvirtual rclcpp_lifecycle::node_interfaces::LifecycleNodeInterface::CallbackReturn webots_ros2_control::Ros2ControlSystem::[01;32m[Kon_init[m[K(const hardware_interface::HardwareInfo&)[m[K’:
[01m[K/MRTP/MRTP/src/webots_ros2/webots_ros2_control/src/Ros2ControlSystem.cpp:95:53:[m[K [01;35m[Kwarning: [m[K‘[01m[Kvirtual rclcpp_lifecycle::node_interfaces::LifecycleNodeInterface::CallbackReturn hardware_interface::HardwareComponentInterface::[01;32m[Kon_init[m[K(const hardware_interface::HardwareInfo&)[m[K’ is deprecated: Use on_init(const HardwareComponentInterfaceParams & params) instead. [[01;35m[K-Wdeprecated-declarations[m[K]
   95 |     if ([01;35m[Khardware_interface::SystemInterface::on_init(info)[m[K !=
      |         [01;35m[K~~~~~~~~~~~~~~~~~~~~~~~~~~~~~~~~~~~~~~~~~~~~^~~~~~[m[K
In file included from [01m[K/opt/ros/jazzy/include/hardware_interface/hardware_interface/system_interface.hpp:18[m[K,
                 from [01m[K/MRTP/MRTP/src/webots_ros2/webots_ros2_control/include/webots_ros2_control/Ros2ControlSystem.hpp:24[m[K,
                 from [01m[K/MRTP/MRTP/src/webots_ros2/webots_ros2_control/src/Ros2ControlSystem.cpp:15[m[K:
[01m[K/opt/ros/jazzy/include/hardware_interface/hardware_interface/hardware_component_interface.hpp:140:26:[m[K [01;36m[Knote: [m[Kdeclared here
  140 |   virtual CallbackReturn [01;36m[Kon_init[m[K(const HardwareInfo & hardware_info);
      |                          [01;36m[K^~~~~~~[m[K
[01m[K/MRTP/MRTP/src/webots_ros2/webots_ros2_control/src/Ros2Control.cpp:[m[K In member function ‘[01m[Kvirtual bool webots_ros2_control::WebotsResourceManager::[01;32m[Kload_and_initialize_components[m[K(const std::string&, unsigned int)[m[K’:
[01m[K/MRTP/MRTP/src/webots_ros2/webots_ros2_control/src/Ros2Control.cpp:122:25:[m[K [01;35m[Kwarning: [m[K‘[01m[Kvoid hardware_interface::ResourceManager::[01;32m[Kimport_component[m[K(std::unique_ptr<hardware_interface::SystemInterface>, const hardware_interface::HardwareInfo&)[m[K’ is deprecated: Use import_component(std::unique_ptr<SystemInterface> system, const HardwareComponentParams & params) instead [[01;35m[K-Wdeprecated-declarations[m[K]
  122 |         [01;35m[Kimport_component(std::move(webotsSystem), controlHardware[i])[m[K;
      |         [01;35m[K~~~~~~~~~~~~~~~~^~~~~~~~~~~~~~~~~~~~~~~~~~~~~~~~~~~~~~~~~~~~~[m[K
In file included from [01m[K/opt/ros/jazzy/include/controller_manager/controller_manager/controller_manager.hpp:45[m[K,
                 from [01m[K/MRTP/MRTP/src/webots_ros2/webots_ros2_control/include/webots_ros2_control/Ros2Control.hpp:23[m[K,
                 from [01m[K/MRTP/MRTP/src/webots_ros2/webots_ros2_control/src/Ros2Control.cpp:15[m[K:
[01m[K/opt/ros/jazzy/include/hardware_interface/hardware_interface/resource_manager.hpp:458:3:[m[K [01;36m[Knote: [m[Kdeclared here
  458 |   [01;36m[Kimport_component[m[K(std::unique_ptr<SystemInterface> system, const HardwareInfo & hardware_info);
      |   [01;36m[K^~~~~~~~~~~~~~~~[m[K
[ 75%] [32m[1mLinking CXX shared library libwebots_ros2_control_system.so[0m
[ 75%] Built target webots_ros2_control_system
[100%] [32m[1mLinking CXX shared library libwebots_ros2_control.so[0m
[100%] Built target webots_ros2_control
-- Install configuration: ""
-- Execute custom install script
-- Symlinking: /MRTP/MRTP/src/install/webots_ros2_control/share/webots_ros2_control//webots_ros2_control.xml
-- Symlinking: /MRTP/MRTP/src/install/webots_ros2_control/share/webots_ros2_control//webots_ros2_control_system.xml
-- Symlinking: /MRTP/MRTP/src/install/webots_ros2_control/lib/libwebots_ros2_control.so
-- Symlinking: /MRTP/MRTP/src/install/webots_ros2_control/lib/libwebots_ros2_control_system.so
-- Symlinking: /MRTP/MRTP/src/install/webots_ros2_control/include/webots_ros2_control/Ros2Control.hpp
-- Symlinking: /MRTP/MRTP/src/install/webots_ros2_control/include/webots_ros2_control/Ros2ControlSystem.hpp
-- Symlinking: /MRTP/MRTP/src/install/webots_ros2_control/include/webots_ros2_control/Ros2ControlSystemInterface.hpp
-- Symlinking: /MRTP/MRTP/src/install/webots_ros2_control/share/webots_ros2_control/environment/library_path.sh
-- Symlinking: /MRTP/MRTP/src/install/webots_ros2_control/share/webots_ros2_control/environment/library_path.dsv
-- Symlinking: /MRTP/MRTP/src/install/webots_ros2_control/share/ament_index/resource_index/package_run_dependencies/webots_ros2_control
-- Symlinking: /MRTP/MRTP/src/install/webots_ros2_control/share/ament_index/resource_index/parent_prefix_path/webots_ros2_control
-- Symlinking: /MRTP/MRTP/src/install/webots_ros2_control/share/webots_ros2_control/environment/ament_prefix_path.sh
-- Symlinking: /MRTP/MRTP/src/install/webots_ros2_control/share/webots_ros2_control/environment/ament_prefix_path.dsv
-- Symlinking: /MRTP/MRTP/src/install/webots_ros2_control/share/webots_ros2_control/environment/path.sh
-- Symlinking: /MRTP/MRTP/src/install/webots_ros2_control/share/webots_ros2_control/environment/path.dsv
-- Symlinking: /MRTP/MRTP/src/install/webots_ros2_control/share/webots_ros2_control/local_setup.bash
-- Symlinking: /MRTP/MRTP/src/install/webots_ros2_control/share/webots_ros2_control/local_setup.sh
-- Symlinking: /MRTP/MRTP/src/install/webots_ros2_control/share/webots_ros2_control/local_setup.zsh
-- Symlinking: /MRTP/MRTP/src/install/webots_ros2_control/share/webots_ros2_control/local_setup.dsv
-- Symlinking: /MRTP/MRTP/src/install/webots_ros2_control/share/webots_ros2_control/package.dsv
-- Symlinking: /MRTP/MRTP/src/install/webots_ros2_control/share/ament_index/resource_index/packages/webots_ros2_control
-- Symlinking: /MRTP/MRTP/src/install/webots_ros2_control/share/ament_index/resource_index/webots_ros2_driver__pluginlib__plugin/webots_ros2_control
-- Symlinking: /MRTP/MRTP/src/install/webots_ros2_control/share/ament_index/resource_index/webots_ros2_control__pluginlib__plugin/webots_ros2_control
-- Symlinking: /MRTP/MRTP/src/install/webots_ros2_control/share/webots_ros2_control/cmake/ament_cmake_export_include_directories-extras.cmake
-- Symlinking: /MRTP/MRTP/src/install/webots_ros2_control/share/webots_ros2_control/cmake/ament_cmake_export_dependencies-extras.cmake
-- Symlinking: /MRTP/MRTP/src/install/webots_ros2_control/share/webots_ros2_control/cmake/ament_cmake_export_libraries-extras.cmake
-- Symlinking: /MRTP/MRTP/src/install/webots_ros2_control/share/webots_ros2_control/cmake/webots_ros2_controlConfig.cmake
-- Symlinking: /MRTP/MRTP/src/install/webots_ros2_control/share/webots_ros2_control/cmake/webots_ros2_controlConfig-version.cmake
-- Symlinking: /MRTP/MRTP/src/install/webots_ros2_control/share/webots_ros2_control/package.xml
