[0.178s] Invoking command in '/MRTP/MRTP/build/my_package': CMAKE_PREFIX_PATH=${CMAKE_PREFIX_PATH}:/MRTP/MRTP/install/webots_ros2_mavic:/MRTP/MRTP/install/gazeboenvs:/MRTP/MRTP/src/install/webots_ros2:/MRTP/MRTP/src/install/webots_ros2_universal_robot:/MRTP/MRTP/src/install/webots_ros2_turtlebot:/MRTP/MRTP/src/install/webots_ros2_tiago:/MRTP/MRTP/src/install/webots_ros2_tests:/MRTP/MRTP/src/install/webots_ros2_tesla:/MRTP/MRTP/src/install/webots_ros2_mavic:/MRTP/MRTP/src/install/webots_ros2_husarion:/MRTP/MRTP/src/install/webots_ros2_epuck:/MRTP/MRTP/src/install/webots_ros2_crazyflie:/MRTP/MRTP/src/install/webots_ros2_importer:/MRTP/MRTP/src/install/gazeboenvs:/opt/ros/jazzy PS1=(.venv) \[\e]0;\u@\h: \w\a\]${debian_chroot:+($debian_chroot)}\u@\h:\w\$ VIRTUAL_ENV_PROMPT=(.venv) /usr/bin/cmake --build /MRTP/MRTP/build/my_package -- -j12 -l12
[0.684s] [100%] Built target autopilot_node
[1.003s] [100%] Built target ament_cmake_python_copy_my_package
[2.049s] running egg_info
[2.085s] writing my_package.egg-info/PKG-INFO
[2.088s] writing dependency_links to my_package.egg-info/dependency_links.txt
[2.091s] writing top-level names to my_package.egg-info/top_level.txt
[2.332s] reading manifest file 'my_package.egg-info/SOURCES.txt'
[2.340s] writing manifest file 'my_package.egg-info/SOURCES.txt'
[2.547s] [100%] Built target ament_cmake_python_build_my_package_egg
[2.581s] Invoked command in '/MRTP/MRTP/build/my_package' returned '0': CMAKE_PREFIX_PATH=${CMAKE_PREFIX_PATH}:/MRTP/MRTP/install/webots_ros2_mavic:/MRTP/MRTP/install/gazeboenvs:/MRTP/MRTP/src/install/webots_ros2:/MRTP/MRTP/src/install/webots_ros2_universal_robot:/MRTP/MRTP/src/install/webots_ros2_turtlebot:/MRTP/MRTP/src/install/webots_ros2_tiago:/MRTP/MRTP/src/install/webots_ros2_tests:/MRTP/MRTP/src/install/webots_ros2_tesla:/MRTP/MRTP/src/install/webots_ros2_mavic:/MRTP/MRTP/src/install/webots_ros2_husarion:/MRTP/MRTP/src/install/webots_ros2_epuck:/MRTP/MRTP/src/install/webots_ros2_crazyflie:/MRTP/MRTP/src/install/webots_ros2_importer:/MRTP/MRTP/src/install/gazeboenvs:/opt/ros/jazzy PS1=(.venv) \[\e]0;\u@\h: \w\a\]${debian_chroot:+($debian_chroot)}\u@\h:\w\$ VIRTUAL_ENV_PROMPT=(.venv) /usr/bin/cmake --build /MRTP/MRTP/build/my_package -- -j12 -l12
[2.639s] Invoking command in '/MRTP/MRTP/build/my_package': CMAKE_PREFIX_PATH=${CMAKE_PREFIX_PATH}:/MRTP/MRTP/install/webots_ros2_mavic:/MRTP/MRTP/install/gazeboenvs:/MRTP/MRTP/src/install/webots_ros2:/MRTP/MRTP/src/install/webots_ros2_universal_robot:/MRTP/MRTP/src/install/webots_ros2_turtlebot:/MRTP/MRTP/src/install/webots_ros2_tiago:/MRTP/MRTP/src/install/webots_ros2_tests:/MRTP/MRTP/src/install/webots_ros2_tesla:/MRTP/MRTP/src/install/webots_ros2_mavic:/MRTP/MRTP/src/install/webots_ros2_husarion:/MRTP/MRTP/src/install/webots_ros2_epuck:/MRTP/MRTP/src/install/webots_ros2_crazyflie:/MRTP/MRTP/src/install/webots_ros2_importer:/MRTP/MRTP/src/install/gazeboenvs:/opt/ros/jazzy PS1=(.venv) \[\e]0;\u@\h: \w\a\]${debian_chroot:+($debian_chroot)}\u@\h:\w\$ VIRTUAL_ENV_PROMPT=(.venv) /usr/bin/cmake --install /MRTP/MRTP/build/my_package
[2.668s] -- Install configuration: ""
[2.670s] -- Up-to-date: /MRTP/MRTP/install/my_package/lib/my_package/autopilot_node
[2.670s] -- Up-to-date: /MRTP/MRTP/install/my_package/share/my_package/environment/pythonpath.sh
[2.671s] -- Up-to-date: /MRTP/MRTP/install/my_package/share/my_package/environment/pythonpath.dsv
[2.672s] -- Up-to-date: /MRTP/MRTP/install/my_package/lib/python3.12/site-packages/my_package-0.0.0-py3.12.egg-info
[2.672s] -- Installing: /MRTP/MRTP/install/my_package/lib/python3.12/site-packages/my_package-0.0.0-py3.12.egg-info/PKG-INFO
[2.677s] -- Installing: /MRTP/MRTP/install/my_package/lib/python3.12/site-packages/my_package-0.0.0-py3.12.egg-info/SOURCES.txt
[2.696s] -- Installing: /MRTP/MRTP/install/my_package/lib/python3.12/site-packages/my_package-0.0.0-py3.12.egg-info/top_level.txt
[2.698s] -- Installing: /MRTP/MRTP/install/my_package/lib/python3.12/site-packages/my_package-0.0.0-py3.12.egg-info/dependency_links.txt
[2.702s] -- Up-to-date: /MRTP/MRTP/install/my_package/lib/python3.12/site-packages/my_package
[2.705s] -- Up-to-date: /MRTP/MRTP/install/my_package/lib/python3.12/site-packages/my_package/__init__.py
[2.708s] -- Up-to-date: /MRTP/MRTP/install/my_package/lib/python3.12/site-packages/my_package/mavic_driver.py
[2.885s] Listing '/MRTP/MRTP/install/my_package/lib/python3.12/site-packages/my_package'...
[2.904s] -- Up-to-date: /MRTP/MRTP/install/my_package/share/my_package/launch
[2.904s] -- Up-to-date: /MRTP/MRTP/install/my_package/share/my_package/launch/robot_launch.py
[2.905s] -- Up-to-date: /MRTP/MRTP/install/my_package/share/my_package/resource
[2.905s] -- Up-to-date: /MRTP/MRTP/install/my_package/share/my_package/resource/mavic_webots.urdf
[2.907s] -- Up-to-date: /MRTP/MRTP/install/my_package/share/my_package/worlds
[2.908s] -- Up-to-date: /MRTP/MRTP/install/my_package/share/my_package/worlds/wharehouse.wbt
[2.909s] -- Up-to-date: /MRTP/MRTP/install/my_package/share/ament_index/resource_index/package_run_dependencies/my_package
[2.910s] -- Up-to-date: /MRTP/MRTP/install/my_package/share/ament_index/resource_index/parent_prefix_path/my_package
[2.910s] -- Up-to-date: /MRTP/MRTP/install/my_package/share/my_package/environment/ament_prefix_path.sh
[2.911s] -- Up-to-date: /MRTP/MRTP/install/my_package/share/my_package/environment/ament_prefix_path.dsv
[2.911s] -- Up-to-date: /MRTP/MRTP/install/my_package/share/my_package/environment/path.sh
[2.912s] -- Up-to-date: /MRTP/MRTP/install/my_package/share/my_package/environment/path.dsv
[2.913s] -- Up-to-date: /MRTP/MRTP/install/my_package/share/my_package/local_setup.bash
[2.914s] -- Up-to-date: /MRTP/MRTP/install/my_package/share/my_package/local_setup.sh
[2.915s] -- Up-to-date: /MRTP/MRTP/install/my_package/share/my_package/local_setup.zsh
[2.915s] -- Up-to-date: /MRTP/MRTP/install/my_package/share/my_package/local_setup.dsv
[2.915s] -- Installing: /MRTP/MRTP/install/my_package/share/my_package/package.dsv
[2.920s] -- Up-to-date: /MRTP/MRTP/install/my_package/share/ament_index/resource_index/packages/my_package
[2.920s] -- Up-to-date: /MRTP/MRTP/install/my_package/share/my_package/cmake/my_packageConfig.cmake
[2.920s] -- Up-to-date: /MRTP/MRTP/install/my_package/share/my_package/cmake/my_packageConfig-version.cmake
[2.921s] -- Up-to-date: /MRTP/MRTP/install/my_package/share/my_package/package.xml
[2.931s] Invoked command in '/MRTP/MRTP/build/my_package' returned '0': CMAKE_PREFIX_PATH=${CMAKE_PREFIX_PATH}:/MRTP/MRTP/install/webots_ros2_mavic:/MRTP/MRTP/install/gazeboenvs:/MRTP/MRTP/src/install/webots_ros2:/MRTP/MRTP/src/install/webots_ros2_universal_robot:/MRTP/MRTP/src/install/webots_ros2_turtlebot:/MRTP/MRTP/src/install/webots_ros2_tiago:/MRTP/MRTP/src/install/webots_ros2_tests:/MRTP/MRTP/src/install/webots_ros2_tesla:/MRTP/MRTP/src/install/webots_ros2_mavic:/MRTP/MRTP/src/install/webots_ros2_husarion:/MRTP/MRTP/src/install/webots_ros2_epuck:/MRTP/MRTP/src/install/webots_ros2_crazyflie:/MRTP/MRTP/src/install/webots_ros2_importer:/MRTP/MRTP/src/install/gazeboenvs:/opt/ros/jazzy PS1=(.venv) \[\e]0;\u@\h: \w\a\]${debian_chroot:+($debian_chroot)}\u@\h:\w\$ VIRTUAL_ENV_PROMPT=(.venv) /usr/bin/cmake --install /MRTP/MRTP/build/my_package
