[0.094s] Invoking command in '/MRTP/MRTP/build/my_package': CMAKE_PREFIX_PATH=${CMAKE_PREFIX_PATH}:/MRTP/MRTP/install/webots_ros2_mavic:/MRTP/MRTP/install/gazeboenvs:/MRTP/MRTP/src/install/webots_ros2:/MRTP/MRTP/src/install/webots_ros2_universal_robot:/MRTP/MRTP/src/install/webots_ros2_turtlebot:/MRTP/MRTP/src/install/webots_ros2_tiago:/MRTP/MRTP/src/install/webots_ros2_tests:/MRTP/MRTP/src/install/webots_ros2_tesla:/MRTP/MRTP/src/install/webots_ros2_mavic:/MRTP/MRTP/src/install/webots_ros2_husarion:/MRTP/MRTP/src/install/webots_ros2_epuck:/MRTP/MRTP/src/install/webots_ros2_crazyflie:/MRTP/MRTP/src/install/webots_ros2_importer:/MRTP/MRTP/src/install/gazeboenvs:/opt/ros/jazzy PS1=(.venv) \[\e]0;\u@\h: \w\a\]${debian_chroot:+($debian_chroot)}\u@\h:\w\$ VIRTUAL_ENV_PROMPT=(.venv) /usr/bin/cmake --build /MRTP/MRTP/build/my_package -- -j12 -l12
[0.531s] [100%] Built target autopilot_node
[0.611s] [100%] Built target ament_cmake_python_copy_my_package
[1.479s] running egg_info
[1.503s] writing my_package.egg-info/PKG-INFO
[1.505s] writing dependency_links to my_package.egg-info/dependency_links.txt
[1.511s] writing top-level names to my_package.egg-info/top_level.txt
[1.588s] reading manifest file 'my_package.egg-info/SOURCES.txt'
[1.590s] writing manifest file 'my_package.egg-info/SOURCES.txt'
[1.757s] [100%] Built target ament_cmake_python_build_my_package_egg
[1.796s] Invoked command in '/MRTP/MRTP/build/my_package' returned '0': CMAKE_PREFIX_PATH=${CMAKE_PREFIX_PATH}:/MRTP/MRTP/install/webots_ros2_mavic:/MRTP/MRTP/install/gazeboenvs:/MRTP/MRTP/src/install/webots_ros2:/MRTP/MRTP/src/install/webots_ros2_universal_robot:/MRTP/MRTP/src/install/webots_ros2_turtlebot:/MRTP/MRTP/src/install/webots_ros2_tiago:/MRTP/MRTP/src/install/webots_ros2_tests:/MRTP/MRTP/src/install/webots_ros2_tesla:/MRTP/MRTP/src/install/webots_ros2_mavic:/MRTP/MRTP/src/install/webots_ros2_husarion:/MRTP/MRTP/src/install/webots_ros2_epuck:/MRTP/MRTP/src/install/webots_ros2_crazyflie:/MRTP/MRTP/src/install/webots_ros2_importer:/MRTP/MRTP/src/install/gazeboenvs:/opt/ros/jazzy PS1=(.venv) \[\e]0;\u@\h: \w\a\]${debian_chroot:+($debian_chroot)}\u@\h:\w\$ VIRTUAL_ENV_PROMPT=(.venv) /usr/bin/cmake --build /MRTP/MRTP/build/my_package -- -j12 -l12
[1.827s] Invoking command in '/MRTP/MRTP/build/my_package': CMAKE_PREFIX_PATH=${CMAKE_PREFIX_PATH}:/MRTP/MRTP/install/webots_ros2_mavic:/MRTP/MRTP/install/gazeboenvs:/MRTP/MRTP/src/install/webots_ros2:/MRTP/MRTP/src/install/webots_ros2_universal_robot:/MRTP/MRTP/src/install/webots_ros2_turtlebot:/MRTP/MRTP/src/install/webots_ros2_tiago:/MRTP/MRTP/src/install/webots_ros2_tests:/MRTP/MRTP/src/install/webots_ros2_tesla:/MRTP/MRTP/src/install/webots_ros2_mavic:/MRTP/MRTP/src/install/webots_ros2_husarion:/MRTP/MRTP/src/install/webots_ros2_epuck:/MRTP/MRTP/src/install/webots_ros2_crazyflie:/MRTP/MRTP/src/install/webots_ros2_importer:/MRTP/MRTP/src/install/gazeboenvs:/opt/ros/jazzy PS1=(.venv) \[\e]0;\u@\h: \w\a\]${debian_chroot:+($debian_chroot)}\u@\h:\w\$ VIRTUAL_ENV_PROMPT=(.venv) /usr/bin/cmake --install /MRTP/MRTP/build/my_package
[1.888s] -- Install configuration: ""
[1.917s] -- Up-to-date: /MRTP/MRTP/install/my_package/lib/my_package/autopilot_node
[1.935s] -- Up-to-date: /MRTP/MRTP/install/my_package/share/my_package/environment/pythonpath.sh
[1.937s] -- Up-to-date: /MRTP/MRTP/install/my_package/share/my_package/environment/pythonpath.dsv
[1.948s] -- Up-to-date: /MRTP/MRTP/install/my_package/lib/python3.12/site-packages/my_package-0.0.0-py3.12.egg-info
[1.959s] -- Installing: /MRTP/MRTP/install/my_package/lib/python3.12/site-packages/my_package-0.0.0-py3.12.egg-info/PKG-INFO
[1.991s] -- Installing: /MRTP/MRTP/install/my_package/lib/python3.12/site-packages/my_package-0.0.0-py3.12.egg-info/SOURCES.txt
[1.996s] -- Installing: /MRTP/MRTP/install/my_package/lib/python3.12/site-packages/my_package-0.0.0-py3.12.egg-info/top_level.txt
[1.999s] -- Installing: /MRTP/MRTP/install/my_package/lib/python3.12/site-packages/my_package-0.0.0-py3.12.egg-info/dependency_links.txt
[2.005s] -- Up-to-date: /MRTP/MRTP/install/my_package/lib/python3.12/site-packages/my_package
[2.009s] -- Up-to-date: /MRTP/MRTP/install/my_package/lib/python3.12/site-packages/my_package/__init__.py
[2.009s] -- Installing: /MRTP/MRTP/install/my_package/lib/python3.12/site-packages/my_package/mavic_driver.py
[2.160s] Listing '/MRTP/MRTP/install/my_package/lib/python3.12/site-packages/my_package'...
[2.172s] Compiling '/MRTP/MRTP/install/my_package/lib/python3.12/site-packages/my_package/mavic_driver.py'...
[2.182s] -- Up-to-date: /MRTP/MRTP/install/my_package/share/my_package/launch
[2.213s] -- Up-to-date: /MRTP/MRTP/install/my_package/share/my_package/launch/robot_launch.py
[2.224s] -- Up-to-date: /MRTP/MRTP/install/my_package/share/my_package/resource
[2.231s] -- Up-to-date: /MRTP/MRTP/install/my_package/share/my_package/resource/mavic_webots.urdf
[2.231s] -- Up-to-date: /MRTP/MRTP/install/my_package/share/my_package/worlds
[2.235s] -- Up-to-date: /MRTP/MRTP/install/my_package/share/my_package/worlds/wharehouse.wbt
[2.236s] -- Up-to-date: /MRTP/MRTP/install/my_package/share/ament_index/resource_index/package_run_dependencies/my_package
[2.236s] -- Up-to-date: /MRTP/MRTP/install/my_package/share/ament_index/resource_index/parent_prefix_path/my_package
[2.237s] -- Up-to-date: /MRTP/MRTP/install/my_package/share/my_package/environment/ament_prefix_path.sh
[2.237s] -- Up-to-date: /MRTP/MRTP/install/my_package/share/my_package/environment/ament_prefix_path.dsv
[2.237s] -- Up-to-date: /MRTP/MRTP/install/my_package/share/my_package/environment/path.sh
[2.238s] -- Up-to-date: /MRTP/MRTP/install/my_package/share/my_package/environment/path.dsv
[2.238s] -- Up-to-date: /MRTP/MRTP/install/my_package/share/my_package/local_setup.bash
[2.239s] -- Up-to-date: /MRTP/MRTP/install/my_package/share/my_package/local_setup.sh
[2.242s] -- Up-to-date: /MRTP/MRTP/install/my_package/share/my_package/local_setup.zsh
[2.244s] -- Up-to-date: /MRTP/MRTP/install/my_package/share/my_package/local_setup.dsv
[2.248s] -- Installing: /MRTP/MRTP/install/my_package/share/my_package/package.dsv
[2.249s] -- Up-to-date: /MRTP/MRTP/install/my_package/share/ament_index/resource_index/packages/my_package
[2.249s] -- Up-to-date: /MRTP/MRTP/install/my_package/share/my_package/cmake/my_packageConfig.cmake
[2.250s] -- Up-to-date: /MRTP/MRTP/install/my_package/share/my_package/cmake/my_packageConfig-version.cmake
[2.250s] -- Up-to-date: /MRTP/MRTP/install/my_package/share/my_package/package.xml
[2.256s] Invoked command in '/MRTP/MRTP/build/my_package' returned '0': CMAKE_PREFIX_PATH=${CMAKE_PREFIX_PATH}:/MRTP/MRTP/install/webots_ros2_mavic:/MRTP/MRTP/install/gazeboenvs:/MRTP/MRTP/src/install/webots_ros2:/MRTP/MRTP/src/install/webots_ros2_universal_robot:/MRTP/MRTP/src/install/webots_ros2_turtlebot:/MRTP/MRTP/src/install/webots_ros2_tiago:/MRTP/MRTP/src/install/webots_ros2_tests:/MRTP/MRTP/src/install/webots_ros2_tesla:/MRTP/MRTP/src/install/webots_ros2_mavic:/MRTP/MRTP/src/install/webots_ros2_husarion:/MRTP/MRTP/src/install/webots_ros2_epuck:/MRTP/MRTP/src/install/webots_ros2_crazyflie:/MRTP/MRTP/src/install/webots_ros2_importer:/MRTP/MRTP/src/install/gazeboenvs:/opt/ros/jazzy PS1=(.venv) \[\e]0;\u@\h: \w\a\]${debian_chroot:+($debian_chroot)}\u@\h:\w\$ VIRTUAL_ENV_PROMPT=(.venv) /usr/bin/cmake --install /MRTP/MRTP/build/my_package
