[0.088s] DEBUG:colcon:Command line arguments: ['/usr/bin/colcon', 'build', '--symlink-install', '--packages-select', 'my_package']
[0.088s] DEBUG:colcon:Parsed command line arguments: Namespace(log_base=None, log_level=None, verb_name='build', build_base='build', install_base='install', merge_install=False, symlink_install=True, test_result_base=None, continue_on_error=False, executor='parallel', parallel_workers=12, event_handlers=None, ignore_user_meta=False, metas=['./colcon.meta'], base_paths=['.'], packages_ignore=None, packages_ignore_regex=None, paths=None, packages_up_to=None, packages_up_to_regex=None, packages_above=None, packages_above_and_dependencies=None, packages_above_depth=None, packages_select_by_dep=None, packages_skip_by_dep=None, packages_skip_up_to=None, packages_select_build_failed=False, packages_skip_build_finished=False, packages_select_test_failures=False, packages_skip_test_passed=False, packages_select=['my_package'], packages_skip=None, packages_select_regex=None, packages_skip_regex=None, packages_start=None, packages_end=None, cmake_args=None, cmake_target=None, cmake_target_skip_unavailable=False, cmake_clean_cache=False, cmake_clean_first=False, cmake_force_configure=False, ament_cmake_args=None, catkin_cmake_args=None, catkin_skip_building_tests=False, mixin_files=None, mixin=None, verb_parser=<colcon_mixin.mixin.mixin_argument.MixinArgumentDecorator object at 0xffffa42831a0>, verb_extension=<colcon_core.verb.build.BuildVerb object at 0xffffa4282f60>, main=<bound method BuildVerb.main of <colcon_core.verb.build.BuildVerb object at 0xffffa4282f60>>, mixin_verb=('build',))
[0.120s] Level 1:colcon.colcon_core.package_discovery:discover_packages(colcon_meta) check parameters
[0.121s] INFO:colcon.colcon_metadata.package_discovery.colcon_meta:Using configuration from '/root/.colcon/metadata/default/Gazebo.meta'
[0.121s] INFO:colcon.colcon_metadata.package_discovery.colcon_meta:Using configuration from '/root/.colcon/metadata/default/fastdds.meta'
[0.122s] INFO:colcon.colcon_metadata.package_discovery.colcon_meta:Using configuration from '/root/.colcon/metadata/default/fastrtps.meta'
[0.122s] Level 1:colcon.colcon_core.package_discovery:discover_packages(recursive) check parameters
[0.122s] Level 1:colcon.colcon_core.package_discovery:discover_packages(ignore) check parameters
[0.122s] Level 1:colcon.colcon_core.package_discovery:discover_packages(path) check parameters
[0.122s] Level 1:colcon.colcon_core.package_discovery:discover_packages(colcon_meta) discover
[0.122s] Level 1:colcon.colcon_core.package_discovery:discover_packages(recursive) discover
[0.122s] INFO:colcon.colcon_core.package_discovery:Crawling recursively for packages in '/MRTP/MRTP/src'
[0.123s] Level 1:colcon.colcon_core.package_identification:_identify(.) by extensions ['ignore', 'ignore_ament_install']
[0.123s] Level 1:colcon.colcon_core.package_identification:_identify(.) by extension 'ignore'
[0.123s] Level 1:colcon.colcon_core.package_identification:_identify(.) by extension 'ignore_ament_install'
[0.123s] Level 1:colcon.colcon_core.package_identification:_identify(.) by extensions ['colcon_pkg']
[0.123s] Level 1:colcon.colcon_core.package_identification:_identify(.) by extension 'colcon_pkg'
[0.124s] Level 1:colcon.colcon_core.package_identification:_identify(.) by extensions ['colcon_meta']
[0.124s] Level 1:colcon.colcon_core.package_identification:_identify(.) by extension 'colcon_meta'
[0.124s] Level 1:colcon.colcon_core.package_identification:_identify(.) by extensions ['ros']
[0.124s] Level 1:colcon.colcon_core.package_identification:_identify(.) by extension 'ros'
[0.144s] Level 1:colcon.colcon_core.package_identification:_identify(.) by extensions ['cmake', 'python']
[0.144s] Level 1:colcon.colcon_core.package_identification:_identify(.) by extension 'cmake'
[0.144s] Level 1:colcon.colcon_core.package_identification:_identify(.) by extension 'python'
[0.144s] Level 1:colcon.colcon_core.package_identification:_identify(.) by extensions ['python_setup_py']
[0.144s] Level 1:colcon.colcon_core.package_identification:_identify(.) by extension 'python_setup_py'
[0.145s] Level 1:colcon.colcon_core.package_identification:_identify(build) by extensions ['ignore', 'ignore_ament_install']
[0.145s] Level 1:colcon.colcon_core.package_identification:_identify(build) by extension 'ignore'
[0.145s] Level 1:colcon.colcon_core.package_identification:_identify(build) ignored
[0.146s] Level 1:colcon.colcon_core.package_identification:_identify(gazeboenvs) by extensions ['ignore', 'ignore_ament_install']
[0.146s] Level 1:colcon.colcon_core.package_identification:_identify(gazeboenvs) by extension 'ignore'
[0.146s] Level 1:colcon.colcon_core.package_identification:_identify(gazeboenvs) by extension 'ignore_ament_install'
[0.146s] Level 1:colcon.colcon_core.package_identification:_identify(gazeboenvs) by extensions ['colcon_pkg']
[0.146s] Level 1:colcon.colcon_core.package_identification:_identify(gazeboenvs) by extension 'colcon_pkg'
[0.146s] Level 1:colcon.colcon_core.package_identification:_identify(gazeboenvs) by extensions ['colcon_meta']
[0.146s] Level 1:colcon.colcon_core.package_identification:_identify(gazeboenvs) by extension 'colcon_meta'
[0.147s] Level 1:colcon.colcon_core.package_identification:_identify(gazeboenvs) by extensions ['ros']
[0.147s] Level 1:colcon.colcon_core.package_identification:_identify(gazeboenvs) by extension 'ros'
[0.149s] DEBUG:colcon.colcon_core.package_identification:Package 'gazeboenvs' with type 'ros.ament_python' and name 'gazeboenvs'
[0.150s] Level 1:colcon.colcon_core.package_identification:_identify(install) by extensions ['ignore', 'ignore_ament_install']
[0.150s] Level 1:colcon.colcon_core.package_identification:_identify(install) by extension 'ignore'
[0.150s] Level 1:colcon.colcon_core.package_identification:_identify(install) ignored
[0.151s] Level 1:colcon.colcon_core.package_identification:_identify(log) by extensions ['ignore', 'ignore_ament_install']
[0.152s] Level 1:colcon.colcon_core.package_identification:_identify(log) by extension 'ignore'
[0.152s] Level 1:colcon.colcon_core.package_identification:_identify(log) ignored
[0.152s] Level 1:colcon.colcon_core.package_identification:_identify(my_package) by extensions ['ignore', 'ignore_ament_install']
[0.152s] Level 1:colcon.colcon_core.package_identification:_identify(my_package) by extension 'ignore'
[0.153s] Level 1:colcon.colcon_core.package_identification:_identify(my_package) by extension 'ignore_ament_install'
[0.153s] Level 1:colcon.colcon_core.package_identification:_identify(my_package) by extensions ['colcon_pkg']
[0.153s] Level 1:colcon.colcon_core.package_identification:_identify(my_package) by extension 'colcon_pkg'
[0.153s] Level 1:colcon.colcon_core.package_identification:_identify(my_package) by extensions ['colcon_meta']
[0.153s] Level 1:colcon.colcon_core.package_identification:_identify(my_package) by extension 'colcon_meta'
[0.153s] Level 1:colcon.colcon_core.package_identification:_identify(my_package) by extensions ['ros']
[0.153s] Level 1:colcon.colcon_core.package_identification:_identify(my_package) by extension 'ros'
[0.154s] DEBUG:colcon.colcon_core.package_identification:Package 'my_package' with type 'ros.ament_cmake' and name 'my_package'
[0.155s] Level 1:colcon.colcon_core.package_identification:_identify(webots_ros2) by extensions ['ignore', 'ignore_ament_install']
[0.155s] Level 1:colcon.colcon_core.package_identification:_identify(webots_ros2) by extension 'ignore'
[0.155s] Level 1:colcon.colcon_core.package_identification:_identify(webots_ros2) by extension 'ignore_ament_install'
[0.156s] Level 1:colcon.colcon_core.package_identification:_identify(webots_ros2) by extensions ['colcon_pkg']
[0.156s] Level 1:colcon.colcon_core.package_identification:_identify(webots_ros2) by extension 'colcon_pkg'
[0.156s] Level 1:colcon.colcon_core.package_identification:_identify(webots_ros2) by extensions ['colcon_meta']
[0.156s] Level 1:colcon.colcon_core.package_identification:_identify(webots_ros2) by extension 'colcon_meta'
[0.156s] Level 1:colcon.colcon_core.package_identification:_identify(webots_ros2) by extensions ['ros']
[0.156s] Level 1:colcon.colcon_core.package_identification:_identify(webots_ros2) by extension 'ros'
[0.157s] Level 1:colcon.colcon_core.package_identification:_identify(webots_ros2) by extensions ['cmake', 'python']
[0.157s] Level 1:colcon.colcon_core.package_identification:_identify(webots_ros2) by extension 'cmake'
[0.157s] Level 1:colcon.colcon_core.package_identification:_identify(webots_ros2) by extension 'python'
[0.157s] Level 1:colcon.colcon_core.package_identification:_identify(webots_ros2) by extensions ['python_setup_py']
[0.157s] Level 1:colcon.colcon_core.package_identification:_identify(webots_ros2) by extension 'python_setup_py'
[0.158s] Level 1:colcon.colcon_core.package_identification:_identify(webots_ros2/docker) by extensions ['ignore', 'ignore_ament_install']
[0.158s] Level 1:colcon.colcon_core.package_identification:_identify(webots_ros2/docker) by extension 'ignore'
[0.158s] Level 1:colcon.colcon_core.package_identification:_identify(webots_ros2/docker) by extension 'ignore_ament_install'
[0.158s] Level 1:colcon.colcon_core.package_identification:_identify(webots_ros2/docker) by extensions ['colcon_pkg']
[0.158s] Level 1:colcon.colcon_core.package_identification:_identify(webots_ros2/docker) by extension 'colcon_pkg'
[0.158s] Level 1:colcon.colcon_core.package_identification:_identify(webots_ros2/docker) by extensions ['colcon_meta']
[0.158s] Level 1:colcon.colcon_core.package_identification:_identify(webots_ros2/docker) by extension 'colcon_meta'
[0.158s] Level 1:colcon.colcon_core.package_identification:_identify(webots_ros2/docker) by extensions ['ros']
[0.159s] Level 1:colcon.colcon_core.package_identification:_identify(webots_ros2/docker) by extension 'ros'
[0.159s] Level 1:colcon.colcon_core.package_identification:_identify(webots_ros2/docker) by extensions ['cmake', 'python']
[0.159s] Level 1:colcon.colcon_core.package_identification:_identify(webots_ros2/docker) by extension 'cmake'
[0.159s] Level 1:colcon.colcon_core.package_identification:_identify(webots_ros2/docker) by extension 'python'
[0.159s] Level 1:colcon.colcon_core.package_identification:_identify(webots_ros2/docker) by extensions ['python_setup_py']
[0.159s] Level 1:colcon.colcon_core.package_identification:_identify(webots_ros2/docker) by extension 'python_setup_py'
[0.160s] Level 1:colcon.colcon_core.package_identification:_identify(webots_ros2/images) by extensions ['ignore', 'ignore_ament_install']
[0.160s] Level 1:colcon.colcon_core.package_identification:_identify(webots_ros2/images) by extension 'ignore'
[0.160s] Level 1:colcon.colcon_core.package_identification:_identify(webots_ros2/images) by extension 'ignore_ament_install'
[0.161s] Level 1:colcon.colcon_core.package_identification:_identify(webots_ros2/images) by extensions ['colcon_pkg']
[0.161s] Level 1:colcon.colcon_core.package_identification:_identify(webots_ros2/images) by extension 'colcon_pkg'
[0.161s] Level 1:colcon.colcon_core.package_identification:_identify(webots_ros2/images) by extensions ['colcon_meta']
[0.161s] Level 1:colcon.colcon_core.package_identification:_identify(webots_ros2/images) by extension 'colcon_meta'
[0.161s] Level 1:colcon.colcon_core.package_identification:_identify(webots_ros2/images) by extensions ['ros']
[0.161s] Level 1:colcon.colcon_core.package_identification:_identify(webots_ros2/images) by extension 'ros'
[0.161s] Level 1:colcon.colcon_core.package_identification:_identify(webots_ros2/images) by extensions ['cmake', 'python']
[0.161s] Level 1:colcon.colcon_core.package_identification:_identify(webots_ros2/images) by extension 'cmake'
[0.162s] Level 1:colcon.colcon_core.package_identification:_identify(webots_ros2/images) by extension 'python'
[0.162s] Level 1:colcon.colcon_core.package_identification:_identify(webots_ros2/images) by extensions ['python_setup_py']
[0.162s] Level 1:colcon.colcon_core.package_identification:_identify(webots_ros2/images) by extension 'python_setup_py'
[0.162s] Level 1:colcon.colcon_core.package_identification:_identify(webots_ros2/scripts) by extensions ['ignore', 'ignore_ament_install']
[0.162s] Level 1:colcon.colcon_core.package_identification:_identify(webots_ros2/scripts) by extension 'ignore'
[0.163s] Level 1:colcon.colcon_core.package_identification:_identify(webots_ros2/scripts) by extension 'ignore_ament_install'
[0.163s] Level 1:colcon.colcon_core.package_identification:_identify(webots_ros2/scripts) by extensions ['colcon_pkg']
[0.163s] Level 1:colcon.colcon_core.package_identification:_identify(webots_ros2/scripts) by extension 'colcon_pkg'
[0.163s] Level 1:colcon.colcon_core.package_identification:_identify(webots_ros2/scripts) by extensions ['colcon_meta']
[0.163s] Level 1:colcon.colcon_core.package_identification:_identify(webots_ros2/scripts) by extension 'colcon_meta'
[0.163s] Level 1:colcon.colcon_core.package_identification:_identify(webots_ros2/scripts) by extensions ['ros']
[0.163s] Level 1:colcon.colcon_core.package_identification:_identify(webots_ros2/scripts) by extension 'ros'
[0.164s] Level 1:colcon.colcon_core.package_identification:_identify(webots_ros2/scripts) by extensions ['cmake', 'python']
[0.164s] Level 1:colcon.colcon_core.package_identification:_identify(webots_ros2/scripts) by extension 'cmake'
[0.164s] Level 1:colcon.colcon_core.package_identification:_identify(webots_ros2/scripts) by extension 'python'
[0.164s] Level 1:colcon.colcon_core.package_identification:_identify(webots_ros2/scripts) by extensions ['python_setup_py']
[0.164s] Level 1:colcon.colcon_core.package_identification:_identify(webots_ros2/scripts) by extension 'python_setup_py'
[0.165s] Level 1:colcon.colcon_core.package_identification:_identify(webots_ros2/tests) by extensions ['ignore', 'ignore_ament_install']
[0.165s] Level 1:colcon.colcon_core.package_identification:_identify(webots_ros2/tests) by extension 'ignore'
[0.165s] Level 1:colcon.colcon_core.package_identification:_identify(webots_ros2/tests) by extension 'ignore_ament_install'
[0.165s] Level 1:colcon.colcon_core.package_identification:_identify(webots_ros2/tests) by extensions ['colcon_pkg']
[0.165s] Level 1:colcon.colcon_core.package_identification:_identify(webots_ros2/tests) by extension 'colcon_pkg'
[0.166s] Level 1:colcon.colcon_core.package_identification:_identify(webots_ros2/tests) by extensions ['colcon_meta']
[0.166s] Level 1:colcon.colcon_core.package_identification:_identify(webots_ros2/tests) by extension 'colcon_meta'
[0.166s] Level 1:colcon.colcon_core.package_identification:_identify(webots_ros2/tests) by extensions ['ros']
[0.166s] Level 1:colcon.colcon_core.package_identification:_identify(webots_ros2/tests) by extension 'ros'
[0.166s] Level 1:colcon.colcon_core.package_identification:_identify(webots_ros2/tests) by extensions ['cmake', 'python']
[0.166s] Level 1:colcon.colcon_core.package_identification:_identify(webots_ros2/tests) by extension 'cmake'
[0.166s] Level 1:colcon.colcon_core.package_identification:_identify(webots_ros2/tests) by extension 'python'
[0.166s] Level 1:colcon.colcon_core.package_identification:_identify(webots_ros2/tests) by extensions ['python_setup_py']
[0.167s] Level 1:colcon.colcon_core.package_identification:_identify(webots_ros2/tests) by extension 'python_setup_py'
[0.167s] Level 1:colcon.colcon_core.package_identification:_identify(webots_ros2/tests/sources) by extensions ['ignore', 'ignore_ament_install']
[0.167s] Level 1:colcon.colcon_core.package_identification:_identify(webots_ros2/tests/sources) by extension 'ignore'
[0.167s] Level 1:colcon.colcon_core.package_identification:_identify(webots_ros2/tests/sources) by extension 'ignore_ament_install'
[0.168s] Level 1:colcon.colcon_core.package_identification:_identify(webots_ros2/tests/sources) by extensions ['colcon_pkg']
[0.168s] Level 1:colcon.colcon_core.package_identification:_identify(webots_ros2/tests/sources) by extension 'colcon_pkg'
[0.168s] Level 1:colcon.colcon_core.package_identification:_identify(webots_ros2/tests/sources) by extensions ['colcon_meta']
[0.168s] Level 1:colcon.colcon_core.package_identification:_identify(webots_ros2/tests/sources) by extension 'colcon_meta'
[0.168s] Level 1:colcon.colcon_core.package_identification:_identify(webots_ros2/tests/sources) by extensions ['ros']
[0.168s] Level 1:colcon.colcon_core.package_identification:_identify(webots_ros2/tests/sources) by extension 'ros'
[0.169s] Level 1:colcon.colcon_core.package_identification:_identify(webots_ros2/tests/sources) by extensions ['cmake', 'python']
[0.169s] Level 1:colcon.colcon_core.package_identification:_identify(webots_ros2/tests/sources) by extension 'cmake'
[0.169s] Level 1:colcon.colcon_core.package_identification:_identify(webots_ros2/tests/sources) by extension 'python'
[0.169s] Level 1:colcon.colcon_core.package_identification:_identify(webots_ros2/tests/sources) by extensions ['python_setup_py']
[0.169s] Level 1:colcon.colcon_core.package_identification:_identify(webots_ros2/tests/sources) by extension 'python_setup_py'
[0.170s] Level 1:colcon.colcon_core.package_identification:_identify(webots_ros2/webots_ros2) by extensions ['ignore', 'ignore_ament_install']
[0.170s] Level 1:colcon.colcon_core.package_identification:_identify(webots_ros2/webots_ros2) by extension 'ignore'
[0.170s] Level 1:colcon.colcon_core.package_identification:_identify(webots_ros2/webots_ros2) by extension 'ignore_ament_install'
[0.170s] Level 1:colcon.colcon_core.package_identification:_identify(webots_ros2/webots_ros2) by extensions ['colcon_pkg']
[0.170s] Level 1:colcon.colcon_core.package_identification:_identify(webots_ros2/webots_ros2) by extension 'colcon_pkg'
[0.170s] Level 1:colcon.colcon_core.package_identification:_identify(webots_ros2/webots_ros2) by extensions ['colcon_meta']
[0.170s] Level 1:colcon.colcon_core.package_identification:_identify(webots_ros2/webots_ros2) by extension 'colcon_meta'
[0.171s] Level 1:colcon.colcon_core.package_identification:_identify(webots_ros2/webots_ros2) by extensions ['ros']
[0.171s] Level 1:colcon.colcon_core.package_identification:_identify(webots_ros2/webots_ros2) by extension 'ros'
[0.173s] DEBUG:colcon.colcon_core.package_identification:Package 'webots_ros2/webots_ros2' with type 'ros.ament_python' and name 'webots_ros2'
[0.176s] Level 1:colcon.colcon_core.package_identification:_identify(webots_ros2/webots_ros2_control) by extensions ['ignore', 'ignore_ament_install']
[0.176s] Level 1:colcon.colcon_core.package_identification:_identify(webots_ros2/webots_ros2_control) by extension 'ignore'
[0.178s] Level 1:colcon.colcon_core.package_identification:_identify(webots_ros2/webots_ros2_control) by extension 'ignore_ament_install'
[0.178s] Level 1:colcon.colcon_core.package_identification:_identify(webots_ros2/webots_ros2_control) by extensions ['colcon_pkg']
[0.178s] Level 1:colcon.colcon_core.package_identification:_identify(webots_ros2/webots_ros2_control) by extension 'colcon_pkg'
[0.178s] Level 1:colcon.colcon_core.package_identification:_identify(webots_ros2/webots_ros2_control) by extensions ['colcon_meta']
[0.178s] Level 1:colcon.colcon_core.package_identification:_identify(webots_ros2/webots_ros2_control) by extension 'colcon_meta'
[0.178s] Level 1:colcon.colcon_core.package_identification:_identify(webots_ros2/webots_ros2_control) by extensions ['ros']
[0.179s] Level 1:colcon.colcon_core.package_identification:_identify(webots_ros2/webots_ros2_control) by extension 'ros'
[0.180s] DEBUG:colcon.colcon_core.package_identification:Package 'webots_ros2/webots_ros2_control' with type 'ros.ament_cmake' and name 'webots_ros2_control'
[0.181s] Level 1:colcon.colcon_core.package_identification:_identify(webots_ros2/webots_ros2_crazyflie) by extensions ['ignore', 'ignore_ament_install']
[0.181s] Level 1:colcon.colcon_core.package_identification:_identify(webots_ros2/webots_ros2_crazyflie) by extension 'ignore'
[0.181s] Level 1:colcon.colcon_core.package_identification:_identify(webots_ros2/webots_ros2_crazyflie) by extension 'ignore_ament_install'
[0.181s] Level 1:colcon.colcon_core.package_identification:_identify(webots_ros2/webots_ros2_crazyflie) by extensions ['colcon_pkg']
[0.181s] Level 1:colcon.colcon_core.package_identification:_identify(webots_ros2/webots_ros2_crazyflie) by extension 'colcon_pkg'
[0.181s] Level 1:colcon.colcon_core.package_identification:_identify(webots_ros2/webots_ros2_crazyflie) by extensions ['colcon_meta']
[0.181s] Level 1:colcon.colcon_core.package_identification:_identify(webots_ros2/webots_ros2_crazyflie) by extension 'colcon_meta'
[0.182s] Level 1:colcon.colcon_core.package_identification:_identify(webots_ros2/webots_ros2_crazyflie) by extensions ['ros']
[0.182s] Level 1:colcon.colcon_core.package_identification:_identify(webots_ros2/webots_ros2_crazyflie) by extension 'ros'
[0.183s] DEBUG:colcon.colcon_core.package_identification:Package 'webots_ros2/webots_ros2_crazyflie' with type 'ros.ament_python' and name 'webots_ros2_crazyflie'
[0.183s] Level 1:colcon.colcon_core.package_identification:_identify(webots_ros2/webots_ros2_driver) by extensions ['ignore', 'ignore_ament_install']
[0.183s] Level 1:colcon.colcon_core.package_identification:_identify(webots_ros2/webots_ros2_driver) by extension 'ignore'
[0.184s] Level 1:colcon.colcon_core.package_identification:_identify(webots_ros2/webots_ros2_driver) by extension 'ignore_ament_install'
[0.185s] Level 1:colcon.colcon_core.package_identification:_identify(webots_ros2/webots_ros2_driver) by extensions ['colcon_pkg']
[0.185s] Level 1:colcon.colcon_core.package_identification:_identify(webots_ros2/webots_ros2_driver) by extension 'colcon_pkg'
[0.185s] Level 1:colcon.colcon_core.package_identification:_identify(webots_ros2/webots_ros2_driver) by extensions ['colcon_meta']
[0.185s] Level 1:colcon.colcon_core.package_identification:_identify(webots_ros2/webots_ros2_driver) by extension 'colcon_meta'
[0.185s] Level 1:colcon.colcon_core.package_identification:_identify(webots_ros2/webots_ros2_driver) by extensions ['ros']
[0.185s] Level 1:colcon.colcon_core.package_identification:_identify(webots_ros2/webots_ros2_driver) by extension 'ros'
[0.187s] DEBUG:colcon.colcon_core.package_identification:Package 'webots_ros2/webots_ros2_driver' with type 'ros.ament_cmake' and name 'webots_ros2_driver'
[0.187s] Level 1:colcon.colcon_core.package_identification:_identify(webots_ros2/webots_ros2_epuck) by extensions ['ignore', 'ignore_ament_install']
[0.188s] Level 1:colcon.colcon_core.package_identification:_identify(webots_ros2/webots_ros2_epuck) by extension 'ignore'
[0.188s] Level 1:colcon.colcon_core.package_identification:_identify(webots_ros2/webots_ros2_epuck) by extension 'ignore_ament_install'
[0.189s] Level 1:colcon.colcon_core.package_identification:_identify(webots_ros2/webots_ros2_epuck) by extensions ['colcon_pkg']
[0.189s] Level 1:colcon.colcon_core.package_identification:_identify(webots_ros2/webots_ros2_epuck) by extension 'colcon_pkg'
[0.189s] Level 1:colcon.colcon_core.package_identification:_identify(webots_ros2/webots_ros2_epuck) by extensions ['colcon_meta']
[0.189s] Level 1:colcon.colcon_core.package_identification:_identify(webots_ros2/webots_ros2_epuck) by extension 'colcon_meta'
[0.190s] Level 1:colcon.colcon_core.package_identification:_identify(webots_ros2/webots_ros2_epuck) by extensions ['ros']
[0.190s] Level 1:colcon.colcon_core.package_identification:_identify(webots_ros2/webots_ros2_epuck) by extension 'ros'
[0.191s] DEBUG:colcon.colcon_core.package_identification:Package 'webots_ros2/webots_ros2_epuck' with type 'ros.ament_python' and name 'webots_ros2_epuck'
[0.191s] Level 1:colcon.colcon_core.package_identification:_identify(webots_ros2/webots_ros2_husarion) by extensions ['ignore', 'ignore_ament_install']
[0.191s] Level 1:colcon.colcon_core.package_identification:_identify(webots_ros2/webots_ros2_husarion) by extension 'ignore'
[0.192s] Level 1:colcon.colcon_core.package_identification:_identify(webots_ros2/webots_ros2_husarion) by extension 'ignore_ament_install'
[0.192s] Level 1:colcon.colcon_core.package_identification:_identify(webots_ros2/webots_ros2_husarion) by extensions ['colcon_pkg']
[0.192s] Level 1:colcon.colcon_core.package_identification:_identify(webots_ros2/webots_ros2_husarion) by extension 'colcon_pkg'
[0.192s] Level 1:colcon.colcon_core.package_identification:_identify(webots_ros2/webots_ros2_husarion) by extensions ['colcon_meta']
[0.192s] Level 1:colcon.colcon_core.package_identification:_identify(webots_ros2/webots_ros2_husarion) by extension 'colcon_meta'
[0.193s] Level 1:colcon.colcon_core.package_identification:_identify(webots_ros2/webots_ros2_husarion) by extensions ['ros']
[0.193s] Level 1:colcon.colcon_core.package_identification:_identify(webots_ros2/webots_ros2_husarion) by extension 'ros'
[0.194s] DEBUG:colcon.colcon_core.package_identification:Package 'webots_ros2/webots_ros2_husarion' with type 'ros.ament_python' and name 'webots_ros2_husarion'
[0.194s] Level 1:colcon.colcon_core.package_identification:_identify(webots_ros2/webots_ros2_importer) by extensions ['ignore', 'ignore_ament_install']
[0.194s] Level 1:colcon.colcon_core.package_identification:_identify(webots_ros2/webots_ros2_importer) by extension 'ignore'
[0.195s] Level 1:colcon.colcon_core.package_identification:_identify(webots_ros2/webots_ros2_importer) by extension 'ignore_ament_install'
[0.195s] Level 1:colcon.colcon_core.package_identification:_identify(webots_ros2/webots_ros2_importer) by extensions ['colcon_pkg']
[0.195s] Level 1:colcon.colcon_core.package_identification:_identify(webots_ros2/webots_ros2_importer) by extension 'colcon_pkg'
[0.195s] Level 1:colcon.colcon_core.package_identification:_identify(webots_ros2/webots_ros2_importer) by extensions ['colcon_meta']
[0.195s] Level 1:colcon.colcon_core.package_identification:_identify(webots_ros2/webots_ros2_importer) by extension 'colcon_meta'
[0.195s] Level 1:colcon.colcon_core.package_identification:_identify(webots_ros2/webots_ros2_importer) by extensions ['ros']
[0.195s] Level 1:colcon.colcon_core.package_identification:_identify(webots_ros2/webots_ros2_importer) by extension 'ros'
[0.196s] DEBUG:colcon.colcon_core.package_identification:Package 'webots_ros2/webots_ros2_importer' with type 'ros.ament_python' and name 'webots_ros2_importer'
[0.197s] Level 1:colcon.colcon_core.package_identification:_identify(webots_ros2/webots_ros2_mavic) by extensions ['ignore', 'ignore_ament_install']
[0.197s] Level 1:colcon.colcon_core.package_identification:_identify(webots_ros2/webots_ros2_mavic) by extension 'ignore'
[0.197s] Level 1:colcon.colcon_core.package_identification:_identify(webots_ros2/webots_ros2_mavic) by extension 'ignore_ament_install'
[0.197s] Level 1:colcon.colcon_core.package_identification:_identify(webots_ros2/webots_ros2_mavic) by extensions ['colcon_pkg']
[0.197s] Level 1:colcon.colcon_core.package_identification:_identify(webots_ros2/webots_ros2_mavic) by extension 'colcon_pkg'
[0.197s] Level 1:colcon.colcon_core.package_identification:_identify(webots_ros2/webots_ros2_mavic) by extensions ['colcon_meta']
[0.197s] Level 1:colcon.colcon_core.package_identification:_identify(webots_ros2/webots_ros2_mavic) by extension 'colcon_meta'
[0.197s] Level 1:colcon.colcon_core.package_identification:_identify(webots_ros2/webots_ros2_mavic) by extensions ['ros']
[0.197s] Level 1:colcon.colcon_core.package_identification:_identify(webots_ros2/webots_ros2_mavic) by extension 'ros'
[0.198s] DEBUG:colcon.colcon_core.package_identification:Package 'webots_ros2/webots_ros2_mavic' with type 'ros.ament_python' and name 'webots_ros2_mavic'
[0.199s] Level 1:colcon.colcon_core.package_identification:_identify(webots_ros2/webots_ros2_msgs) by extensions ['ignore', 'ignore_ament_install']
[0.199s] Level 1:colcon.colcon_core.package_identification:_identify(webots_ros2/webots_ros2_msgs) by extension 'ignore'
[0.199s] Level 1:colcon.colcon_core.package_identification:_identify(webots_ros2/webots_ros2_msgs) by extension 'ignore_ament_install'
[0.199s] Level 1:colcon.colcon_core.package_identification:_identify(webots_ros2/webots_ros2_msgs) by extensions ['colcon_pkg']
[0.199s] Level 1:colcon.colcon_core.package_identification:_identify(webots_ros2/webots_ros2_msgs) by extension 'colcon_pkg'
[0.199s] Level 1:colcon.colcon_core.package_identification:_identify(webots_ros2/webots_ros2_msgs) by extensions ['colcon_meta']
[0.199s] Level 1:colcon.colcon_core.package_identification:_identify(webots_ros2/webots_ros2_msgs) by extension 'colcon_meta'
[0.200s] Level 1:colcon.colcon_core.package_identification:_identify(webots_ros2/webots_ros2_msgs) by extensions ['ros']
[0.200s] Level 1:colcon.colcon_core.package_identification:_identify(webots_ros2/webots_ros2_msgs) by extension 'ros'
[0.201s] DEBUG:colcon.colcon_core.package_identification:Package 'webots_ros2/webots_ros2_msgs' with type 'ros.ament_cmake' and name 'webots_ros2_msgs'
[0.201s] Level 1:colcon.colcon_core.package_identification:_identify(webots_ros2/webots_ros2_tesla) by extensions ['ignore', 'ignore_ament_install']
[0.201s] Level 1:colcon.colcon_core.package_identification:_identify(webots_ros2/webots_ros2_tesla) by extension 'ignore'
[0.201s] Level 1:colcon.colcon_core.package_identification:_identify(webots_ros2/webots_ros2_tesla) by extension 'ignore_ament_install'
[0.202s] Level 1:colcon.colcon_core.package_identification:_identify(webots_ros2/webots_ros2_tesla) by extensions ['colcon_pkg']
[0.202s] Level 1:colcon.colcon_core.package_identification:_identify(webots_ros2/webots_ros2_tesla) by extension 'colcon_pkg'
[0.202s] Level 1:colcon.colcon_core.package_identification:_identify(webots_ros2/webots_ros2_tesla) by extensions ['colcon_meta']
[0.202s] Level 1:colcon.colcon_core.package_identification:_identify(webots_ros2/webots_ros2_tesla) by extension 'colcon_meta'
[0.202s] Level 1:colcon.colcon_core.package_identification:_identify(webots_ros2/webots_ros2_tesla) by extensions ['ros']
[0.202s] Level 1:colcon.colcon_core.package_identification:_identify(webots_ros2/webots_ros2_tesla) by extension 'ros'
[0.203s] DEBUG:colcon.colcon_core.package_identification:Package 'webots_ros2/webots_ros2_tesla' with type 'ros.ament_python' and name 'webots_ros2_tesla'
[0.203s] Level 1:colcon.colcon_core.package_identification:_identify(webots_ros2/webots_ros2_tests) by extensions ['ignore', 'ignore_ament_install']
[0.204s] Level 1:colcon.colcon_core.package_identification:_identify(webots_ros2/webots_ros2_tests) by extension 'ignore'
[0.204s] Level 1:colcon.colcon_core.package_identification:_identify(webots_ros2/webots_ros2_tests) by extension 'ignore_ament_install'
[0.204s] Level 1:colcon.colcon_core.package_identification:_identify(webots_ros2/webots_ros2_tests) by extensions ['colcon_pkg']
[0.204s] Level 1:colcon.colcon_core.package_identification:_identify(webots_ros2/webots_ros2_tests) by extension 'colcon_pkg'
[0.205s] Level 1:colcon.colcon_core.package_identification:_identify(webots_ros2/webots_ros2_tests) by extensions ['colcon_meta']
[0.205s] Level 1:colcon.colcon_core.package_identification:_identify(webots_ros2/webots_ros2_tests) by extension 'colcon_meta'
[0.205s] Level 1:colcon.colcon_core.package_identification:_identify(webots_ros2/webots_ros2_tests) by extensions ['ros']
[0.205s] Level 1:colcon.colcon_core.package_identification:_identify(webots_ros2/webots_ros2_tests) by extension 'ros'
[0.206s] DEBUG:colcon.colcon_core.package_identification:Package 'webots_ros2/webots_ros2_tests' with type 'ros.ament_python' and name 'webots_ros2_tests'
[0.207s] Level 1:colcon.colcon_core.package_identification:_identify(webots_ros2/webots_ros2_tiago) by extensions ['ignore', 'ignore_ament_install']
[0.207s] Level 1:colcon.colcon_core.package_identification:_identify(webots_ros2/webots_ros2_tiago) by extension 'ignore'
[0.207s] Level 1:colcon.colcon_core.package_identification:_identify(webots_ros2/webots_ros2_tiago) by extension 'ignore_ament_install'
[0.207s] Level 1:colcon.colcon_core.package_identification:_identify(webots_ros2/webots_ros2_tiago) by extensions ['colcon_pkg']
[0.207s] Level 1:colcon.colcon_core.package_identification:_identify(webots_ros2/webots_ros2_tiago) by extension 'colcon_pkg'
[0.207s] Level 1:colcon.colcon_core.package_identification:_identify(webots_ros2/webots_ros2_tiago) by extensions ['colcon_meta']
[0.207s] Level 1:colcon.colcon_core.package_identification:_identify(webots_ros2/webots_ros2_tiago) by extension 'colcon_meta'
[0.207s] Level 1:colcon.colcon_core.package_identification:_identify(webots_ros2/webots_ros2_tiago) by extensions ['ros']
[0.208s] Level 1:colcon.colcon_core.package_identification:_identify(webots_ros2/webots_ros2_tiago) by extension 'ros'
[0.209s] DEBUG:colcon.colcon_core.package_identification:Package 'webots_ros2/webots_ros2_tiago' with type 'ros.ament_python' and name 'webots_ros2_tiago'
[0.209s] Level 1:colcon.colcon_core.package_identification:_identify(webots_ros2/webots_ros2_turtlebot) by extensions ['ignore', 'ignore_ament_install']
[0.209s] Level 1:colcon.colcon_core.package_identification:_identify(webots_ros2/webots_ros2_turtlebot) by extension 'ignore'
[0.209s] Level 1:colcon.colcon_core.package_identification:_identify(webots_ros2/webots_ros2_turtlebot) by extension 'ignore_ament_install'
[0.210s] Level 1:colcon.colcon_core.package_identification:_identify(webots_ros2/webots_ros2_turtlebot) by extensions ['colcon_pkg']
[0.210s] Level 1:colcon.colcon_core.package_identification:_identify(webots_ros2/webots_ros2_turtlebot) by extension 'colcon_pkg'
[0.210s] Level 1:colcon.colcon_core.package_identification:_identify(webots_ros2/webots_ros2_turtlebot) by extensions ['colcon_meta']
[0.210s] Level 1:colcon.colcon_core.package_identification:_identify(webots_ros2/webots_ros2_turtlebot) by extension 'colcon_meta'
[0.210s] Level 1:colcon.colcon_core.package_identification:_identify(webots_ros2/webots_ros2_turtlebot) by extensions ['ros']
[0.210s] Level 1:colcon.colcon_core.package_identification:_identify(webots_ros2/webots_ros2_turtlebot) by extension 'ros'
[0.211s] DEBUG:colcon.colcon_core.package_identification:Package 'webots_ros2/webots_ros2_turtlebot' with type 'ros.ament_python' and name 'webots_ros2_turtlebot'
[0.211s] Level 1:colcon.colcon_core.package_identification:_identify(webots_ros2/webots_ros2_universal_robot) by extensions ['ignore', 'ignore_ament_install']
[0.211s] Level 1:colcon.colcon_core.package_identification:_identify(webots_ros2/webots_ros2_universal_robot) by extension 'ignore'
[0.211s] Level 1:colcon.colcon_core.package_identification:_identify(webots_ros2/webots_ros2_universal_robot) by extension 'ignore_ament_install'
[0.212s] Level 1:colcon.colcon_core.package_identification:_identify(webots_ros2/webots_ros2_universal_robot) by extensions ['colcon_pkg']
[0.212s] Level 1:colcon.colcon_core.package_identification:_identify(webots_ros2/webots_ros2_universal_robot) by extension 'colcon_pkg'
[0.212s] Level 1:colcon.colcon_core.package_identification:_identify(webots_ros2/webots_ros2_universal_robot) by extensions ['colcon_meta']
[0.212s] Level 1:colcon.colcon_core.package_identification:_identify(webots_ros2/webots_ros2_universal_robot) by extension 'colcon_meta'
[0.212s] Level 1:colcon.colcon_core.package_identification:_identify(webots_ros2/webots_ros2_universal_robot) by extensions ['ros']
[0.212s] Level 1:colcon.colcon_core.package_identification:_identify(webots_ros2/webots_ros2_universal_robot) by extension 'ros'
[0.213s] DEBUG:colcon.colcon_core.package_identification:Package 'webots_ros2/webots_ros2_universal_robot' with type 'ros.ament_python' and name 'webots_ros2_universal_robot'
[0.214s] Level 1:colcon.colcon_core.package_discovery:discover_packages(recursive) using defaults
[0.214s] Level 1:colcon.colcon_core.package_discovery:discover_packages(ignore) discover
[0.214s] Level 1:colcon.colcon_core.package_discovery:discover_packages(ignore) using defaults
[0.214s] Level 1:colcon.colcon_core.package_discovery:discover_packages(path) discover
[0.214s] Level 1:colcon.colcon_core.package_discovery:discover_packages(path) using defaults
[0.245s] INFO:colcon.colcon_core.package_selection:Skipping not selected package 'gazeboenvs' in 'gazeboenvs'
[0.245s] INFO:colcon.colcon_core.package_selection:Skipping not selected package 'webots_ros2_importer' in 'webots_ros2/webots_ros2_importer'
[0.245s] INFO:colcon.colcon_core.package_selection:Skipping not selected package 'webots_ros2_msgs' in 'webots_ros2/webots_ros2_msgs'
[0.245s] INFO:colcon.colcon_core.package_selection:Skipping not selected package 'webots_ros2_driver' in 'webots_ros2/webots_ros2_driver'
[0.245s] INFO:colcon.colcon_core.package_selection:Skipping not selected package 'webots_ros2_control' in 'webots_ros2/webots_ros2_control'
[0.245s] INFO:colcon.colcon_core.package_selection:Skipping not selected package 'webots_ros2_crazyflie' in 'webots_ros2/webots_ros2_crazyflie'
[0.245s] INFO:colcon.colcon_core.package_selection:Skipping not selected package 'webots_ros2_mavic' in 'webots_ros2/webots_ros2_mavic'
[0.246s] INFO:colcon.colcon_core.package_selection:Skipping not selected package 'webots_ros2_tesla' in 'webots_ros2/webots_ros2_tesla'
[0.246s] INFO:colcon.colcon_core.package_selection:Skipping not selected package 'webots_ros2_epuck' in 'webots_ros2/webots_ros2_epuck'
[0.246s] INFO:colcon.colcon_core.package_selection:Skipping not selected package 'webots_ros2_husarion' in 'webots_ros2/webots_ros2_husarion'
[0.246s] INFO:colcon.colcon_core.package_selection:Skipping not selected package 'webots_ros2_tiago' in 'webots_ros2/webots_ros2_tiago'
[0.246s] INFO:colcon.colcon_core.package_selection:Skipping not selected package 'webots_ros2_turtlebot' in 'webots_ros2/webots_ros2_turtlebot'
[0.246s] INFO:colcon.colcon_core.package_selection:Skipping not selected package 'webots_ros2_universal_robot' in 'webots_ros2/webots_ros2_universal_robot'
[0.246s] INFO:colcon.colcon_core.package_selection:Skipping not selected package 'webots_ros2_tests' in 'webots_ros2/webots_ros2_tests'
[0.246s] INFO:colcon.colcon_core.package_selection:Skipping not selected package 'webots_ros2' in 'webots_ros2/webots_ros2'
[0.246s] Level 5:colcon.colcon_core.verb:set package 'my_package' build argument 'cmake_args' from command line to 'None'
[0.247s] Level 5:colcon.colcon_core.verb:set package 'my_package' build argument 'cmake_target' from command line to 'None'
[0.247s] Level 5:colcon.colcon_core.verb:set package 'my_package' build argument 'cmake_target_skip_unavailable' from command line to 'False'
[0.247s] Level 5:colcon.colcon_core.verb:set package 'my_package' build argument 'cmake_clean_cache' from command line to 'False'
[0.247s] Level 5:colcon.colcon_core.verb:set package 'my_package' build argument 'cmake_clean_first' from command line to 'False'
[0.247s] Level 5:colcon.colcon_core.verb:set package 'my_package' build argument 'cmake_force_configure' from command line to 'False'
[0.247s] Level 5:colcon.colcon_core.verb:set package 'my_package' build argument 'ament_cmake_args' from command line to 'None'
[0.247s] Level 5:colcon.colcon_core.verb:set package 'my_package' build argument 'catkin_cmake_args' from command line to 'None'
[0.247s] Level 5:colcon.colcon_core.verb:set package 'my_package' build argument 'catkin_skip_building_tests' from command line to 'False'
[0.247s] DEBUG:colcon.colcon_core.verb:Building package 'my_package' with the following arguments: {'ament_cmake_args': None, 'build_base': '/MRTP/MRTP/src/build/my_package', 'catkin_cmake_args': None, 'catkin_skip_building_tests': False, 'cmake_args': None, 'cmake_clean_cache': False, 'cmake_clean_first': False, 'cmake_force_configure': False, 'cmake_target': None, 'cmake_target_skip_unavailable': False, 'install_base': '/MRTP/MRTP/src/install/my_package', 'merge_install': False, 'path': '/MRTP/MRTP/src/my_package', 'symlink_install': True, 'test_result_base': None}
[0.247s] INFO:colcon.colcon_core.executor:Executing jobs using 'parallel' executor
[0.248s] DEBUG:colcon.colcon_parallel_executor.executor.parallel:run_until_complete
[0.249s] INFO:colcon.colcon_ros.task.ament_cmake.build:Building ROS package in '/MRTP/MRTP/src/my_package' with build type 'ament_cmake'
[0.249s] INFO:colcon.colcon_cmake.task.cmake.build:Building CMake package in '/MRTP/MRTP/src/my_package'
[0.251s] INFO:colcon.colcon_core.plugin_system:Skipping extension 'colcon_core.shell.bat': Not used on non-Windows systems
[0.251s] INFO:colcon.colcon_core.shell:Skip shell extension 'powershell' for command environment: Not usable outside of PowerShell
[0.252s] DEBUG:colcon.colcon_core.shell:Skip shell extension 'dsv' for command environment
[0.296s] DEBUG:colcon.colcon_core.event_handler.log_command:Invoking command in '/MRTP/MRTP/src/build/my_package': AMENT_PREFIX_PATH=/MRTP/MRTP/src/install/webots_ros2_importer:/MRTP/MRTP/src/install/webots_ros2:/MRTP/MRTP/src/install/webots_ros2_universal_robot:/MRTP/MRTP/src/install/webots_ros2_turtlebot:/MRTP/MRTP/src/install/webots_ros2_tiago:/MRTP/MRTP/src/install/webots_ros2_tests:/MRTP/MRTP/src/install/webots_ros2_tesla:/MRTP/MRTP/src/install/webots_ros2_mavic:/MRTP/MRTP/src/install/webots_ros2_husarion:/MRTP/MRTP/src/install/webots_ros2_epuck:/MRTP/MRTP/src/install/webots_ros2_crazyflie:/MRTP/MRTP/src/install/webots_ros2_control:/MRTP/MRTP/src/install/my_package:/MRTP/MRTP/src/install/webots_ros2_driver:/MRTP/MRTP/src/install/webots_ros2_msgs:/MRTP/MRTP/src/install/gazeboenvs:/opt/ros/jazzy CMAKE_PREFIX_PATH=/MRTP/MRTP/src/install/webots_ros2_driver:/MRTP/MRTP/src/install/webots_ros2_msgs:/MRTP/MRTP/src/install/webots_ros2_control:/MRTP/MRTP/src/install/my_package:/opt/ros/jazzy/opt/gz_sim_vendor:/opt/ros/jazzy/opt/gz_sensors_vendor:/opt/ros/jazzy/opt/gz_physics_vendor:/opt/ros/jazzy/opt/sdformat_vendor:/opt/ros/jazzy/opt/gz_gui_vendor:/opt/ros/jazzy/opt/gz_transport_vendor:/opt/ros/jazzy/opt/gz_rendering_vendor:/opt/ros/jazzy/opt/gz_plugin_vendor:/opt/ros/jazzy/opt/gz_fuel_tools_vendor:/opt/ros/jazzy/opt/gz_msgs_vendor:/opt/ros/jazzy/opt/gz_common_vendor:/opt/ros/jazzy/opt/gz_math_vendor:/opt/ros/jazzy/opt/gz_utils_vendor:/opt/ros/jazzy/opt/gz_tools_vendor:/opt/ros/jazzy/opt/gz_ogre_next_vendor:/opt/ros/jazzy/opt/gz_dartsim_vendor:/opt/ros/jazzy/opt/gz_cmake_vendor:/MRTP/MRTP/src/install/webots_ros2:/MRTP/MRTP/src/install/webots_ros2_universal_robot:/MRTP/MRTP/src/install/webots_ros2_turtlebot:/MRTP/MRTP/src/install/webots_ros2_tiago:/MRTP/MRTP/src/install/webots_ros2_tests:/MRTP/MRTP/src/install/webots_ros2_tesla:/MRTP/MRTP/src/install/webots_ros2_mavic:/MRTP/MRTP/src/install/webots_ros2_husarion:/MRTP/MRTP/src/install/webots_ros2_epuck:/MRTP/MRTP/src/install/webots_ros2_crazyflie:/MRTP/MRTP/src/install/webots_ros2_importer:/MRTP/MRTP/src/install/gazeboenvs:/opt/ros/jazzy LD_LIBRARY_PATH=/MRTP/MRTP/src/install/webots_ros2_driver/lib:/MRTP/MRTP/src/install/webots_ros2_msgs/lib:/MRTP/MRTP/src/install/webots_ros2_control/lib:/MRTP/MRTP/src/install/my_package/lib:/opt/ros/jazzy/opt/gz_sim_vendor/lib:/opt/ros/jazzy/opt/gz_sensors_vendor/lib:/opt/ros/jazzy/opt/gz_physics_vendor/lib:/opt/ros/jazzy/opt/sdformat_vendor/lib:/opt/ros/jazzy/opt/rviz_ogre_vendor/lib:/opt/ros/jazzy/lib/aarch64-linux-gnu:/opt/ros/jazzy/opt/gz_gui_vendor/lib:/opt/ros/jazzy/opt/gz_transport_vendor/lib:/opt/ros/jazzy/opt/gz_rendering_vendor/lib:/opt/ros/jazzy/opt/gz_plugin_vendor/lib:/opt/ros/jazzy/opt/gz_fuel_tools_vendor/lib:/opt/ros/jazzy/opt/gz_msgs_vendor/lib:/opt/ros/jazzy/opt/gz_common_vendor/lib:/opt/ros/jazzy/opt/gz_math_vendor/lib:/opt/ros/jazzy/opt/gz_utils_vendor/lib:/opt/ros/jazzy/opt/gz_tools_vendor/lib:/opt/ros/jazzy/opt/gz_ogre_next_vendor/lib:/opt/ros/jazzy/opt/gz_dartsim_vendor/lib:/opt/ros/jazzy/opt/gz_cmake_vendor/lib:/opt/ros/jazzy/lib PS1=(.venv) \[\e]0;\u@\h: \w\a\]${debian_chroot:+($debian_chroot)}\u@\h:\w\$ PYTHONPATH=/MRTP/MRTP/src/install/webots_ros2_driver/lib/python3.12/site-packages:/MRTP/MRTP/src/install/webots_ros2_msgs/lib/python3.12/site-packages:/MRTP/MRTP/src/build/webots_ros2_importer:/MRTP/MRTP/src/install/webots_ros2_importer/lib/python3.12/site-packages:/MRTP/MRTP/src/install/my_package/lib/python3.12/site-packages:/MRTP/MRTP/src/build/webots_ros2:/MRTP/MRTP/src/install/webots_ros2/lib/python3.12/site-packages:/MRTP/MRTP/src/build/webots_ros2_universal_robot:/MRTP/MRTP/src/install/webots_ros2_universal_robot/lib/python3.12/site-packages:/MRTP/MRTP/src/build/webots_ros2_turtlebot:/MRTP/MRTP/src/install/webots_ros2_turtlebot/lib/python3.12/site-packages:/MRTP/MRTP/src/build/webots_ros2_tiago:/MRTP/MRTP/src/install/webots_ros2_tiago/lib/python3.12/site-packages:/MRTP/MRTP/src/build/webots_ros2_tests:/MRTP/MRTP/src/install/webots_ros2_tests/lib/python3.12/site-packages:/MRTP/MRTP/src/build/webots_ros2_tesla:/MRTP/MRTP/src/install/webots_ros2_tesla/lib/python3.12/site-packages:/MRTP/MRTP/src/build/webots_ros2_mavic:/MRTP/MRTP/src/install/webots_ros2_mavic/lib/python3.12/site-packages:/MRTP/MRTP/src/build/webots_ros2_husarion:/MRTP/MRTP/src/install/webots_ros2_husarion/lib/python3.12/site-packages:/MRTP/MRTP/src/build/webots_ros2_epuck:/MRTP/MRTP/src/install/webots_ros2_epuck/lib/python3.12/site-packages:/MRTP/MRTP/src/build/webots_ros2_crazyflie:/MRTP/MRTP/src/install/webots_ros2_crazyflie/lib/python3.12/site-packages:/MRTP/MRTP/src/build/gazeboenvs:/MRTP/MRTP/src/install/gazeboenvs/lib/python3.12/site-packages:/usr/lib/python3/dist-packages:/opt/ros/jazzy/lib/python3.12/site-packages VIRTUAL_ENV_PROMPT=(.venv) /usr/bin/cmake --build /MRTP/MRTP/src/build/my_package -- -j12 -l12
[0.607s] Level 1:colcon.colcon_core.environment:create_environment_scripts_only(my_package)
[0.611s] Level 1:colcon.colcon_core.environment:checking '/MRTP/MRTP/src/install/my_package' for CMake module files
[0.612s] DEBUG:colcon.colcon_core.event_handler.log_command:Invoked command in '/MRTP/MRTP/src/build/my_package' returned '2': AMENT_PREFIX_PATH=/MRTP/MRTP/src/install/webots_ros2_importer:/MRTP/MRTP/src/install/webots_ros2:/MRTP/MRTP/src/install/webots_ros2_universal_robot:/MRTP/MRTP/src/install/webots_ros2_turtlebot:/MRTP/MRTP/src/install/webots_ros2_tiago:/MRTP/MRTP/src/install/webots_ros2_tests:/MRTP/MRTP/src/install/webots_ros2_tesla:/MRTP/MRTP/src/install/webots_ros2_mavic:/MRTP/MRTP/src/install/webots_ros2_husarion:/MRTP/MRTP/src/install/webots_ros2_epuck:/MRTP/MRTP/src/install/webots_ros2_crazyflie:/MRTP/MRTP/src/install/webots_ros2_control:/MRTP/MRTP/src/install/my_package:/MRTP/MRTP/src/install/webots_ros2_driver:/MRTP/MRTP/src/install/webots_ros2_msgs:/MRTP/MRTP/src/install/gazeboenvs:/opt/ros/jazzy CMAKE_PREFIX_PATH=/MRTP/MRTP/src/install/webots_ros2_driver:/MRTP/MRTP/src/install/webots_ros2_msgs:/MRTP/MRTP/src/install/webots_ros2_control:/MRTP/MRTP/src/install/my_package:/opt/ros/jazzy/opt/gz_sim_vendor:/opt/ros/jazzy/opt/gz_sensors_vendor:/opt/ros/jazzy/opt/gz_physics_vendor:/opt/ros/jazzy/opt/sdformat_vendor:/opt/ros/jazzy/opt/gz_gui_vendor:/opt/ros/jazzy/opt/gz_transport_vendor:/opt/ros/jazzy/opt/gz_rendering_vendor:/opt/ros/jazzy/opt/gz_plugin_vendor:/opt/ros/jazzy/opt/gz_fuel_tools_vendor:/opt/ros/jazzy/opt/gz_msgs_vendor:/opt/ros/jazzy/opt/gz_common_vendor:/opt/ros/jazzy/opt/gz_math_vendor:/opt/ros/jazzy/opt/gz_utils_vendor:/opt/ros/jazzy/opt/gz_tools_vendor:/opt/ros/jazzy/opt/gz_ogre_next_vendor:/opt/ros/jazzy/opt/gz_dartsim_vendor:/opt/ros/jazzy/opt/gz_cmake_vendor:/MRTP/MRTP/src/install/webots_ros2:/MRTP/MRTP/src/install/webots_ros2_universal_robot:/MRTP/MRTP/src/install/webots_ros2_turtlebot:/MRTP/MRTP/src/install/webots_ros2_tiago:/MRTP/MRTP/src/install/webots_ros2_tests:/MRTP/MRTP/src/install/webots_ros2_tesla:/MRTP/MRTP/src/install/webots_ros2_mavic:/MRTP/MRTP/src/install/webots_ros2_husarion:/MRTP/MRTP/src/install/webots_ros2_epuck:/MRTP/MRTP/src/install/webots_ros2_crazyflie:/MRTP/MRTP/src/install/webots_ros2_importer:/MRTP/MRTP/src/install/gazeboenvs:/opt/ros/jazzy LD_LIBRARY_PATH=/MRTP/MRTP/src/install/webots_ros2_driver/lib:/MRTP/MRTP/src/install/webots_ros2_msgs/lib:/MRTP/MRTP/src/install/webots_ros2_control/lib:/MRTP/MRTP/src/install/my_package/lib:/opt/ros/jazzy/opt/gz_sim_vendor/lib:/opt/ros/jazzy/opt/gz_sensors_vendor/lib:/opt/ros/jazzy/opt/gz_physics_vendor/lib:/opt/ros/jazzy/opt/sdformat_vendor/lib:/opt/ros/jazzy/opt/rviz_ogre_vendor/lib:/opt/ros/jazzy/lib/aarch64-linux-gnu:/opt/ros/jazzy/opt/gz_gui_vendor/lib:/opt/ros/jazzy/opt/gz_transport_vendor/lib:/opt/ros/jazzy/opt/gz_rendering_vendor/lib:/opt/ros/jazzy/opt/gz_plugin_vendor/lib:/opt/ros/jazzy/opt/gz_fuel_tools_vendor/lib:/opt/ros/jazzy/opt/gz_msgs_vendor/lib:/opt/ros/jazzy/opt/gz_common_vendor/lib:/opt/ros/jazzy/opt/gz_math_vendor/lib:/opt/ros/jazzy/opt/gz_utils_vendor/lib:/opt/ros/jazzy/opt/gz_tools_vendor/lib:/opt/ros/jazzy/opt/gz_ogre_next_vendor/lib:/opt/ros/jazzy/opt/gz_dartsim_vendor/lib:/opt/ros/jazzy/opt/gz_cmake_vendor/lib:/opt/ros/jazzy/lib PS1=(.venv) \[\e]0;\u@\h: \w\a\]${debian_chroot:+($debian_chroot)}\u@\h:\w\$ PYTHONPATH=/MRTP/MRTP/src/install/webots_ros2_driver/lib/python3.12/site-packages:/MRTP/MRTP/src/install/webots_ros2_msgs/lib/python3.12/site-packages:/MRTP/MRTP/src/build/webots_ros2_importer:/MRTP/MRTP/src/install/webots_ros2_importer/lib/python3.12/site-packages:/MRTP/MRTP/src/install/my_package/lib/python3.12/site-packages:/MRTP/MRTP/src/build/webots_ros2:/MRTP/MRTP/src/install/webots_ros2/lib/python3.12/site-packages:/MRTP/MRTP/src/build/webots_ros2_universal_robot:/MRTP/MRTP/src/install/webots_ros2_universal_robot/lib/python3.12/site-packages:/MRTP/MRTP/src/build/webots_ros2_turtlebot:/MRTP/MRTP/src/install/webots_ros2_turtlebot/lib/python3.12/site-packages:/MRTP/MRTP/src/build/webots_ros2_tiago:/MRTP/MRTP/src/install/webots_ros2_tiago/lib/python3.12/site-packages:/MRTP/MRTP/src/build/webots_ros2_tests:/MRTP/MRTP/src/install/webots_ros2_tests/lib/python3.12/site-packages:/MRTP/MRTP/src/build/webots_ros2_tesla:/MRTP/MRTP/src/install/webots_ros2_tesla/lib/python3.12/site-packages:/MRTP/MRTP/src/build/webots_ros2_mavic:/MRTP/MRTP/src/install/webots_ros2_mavic/lib/python3.12/site-packages:/MRTP/MRTP/src/build/webots_ros2_husarion:/MRTP/MRTP/src/install/webots_ros2_husarion/lib/python3.12/site-packages:/MRTP/MRTP/src/build/webots_ros2_epuck:/MRTP/MRTP/src/install/webots_ros2_epuck/lib/python3.12/site-packages:/MRTP/MRTP/src/build/webots_ros2_crazyflie:/MRTP/MRTP/src/install/webots_ros2_crazyflie/lib/python3.12/site-packages:/MRTP/MRTP/src/build/gazeboenvs:/MRTP/MRTP/src/install/gazeboenvs/lib/python3.12/site-packages:/usr/lib/python3/dist-packages:/opt/ros/jazzy/lib/python3.12/site-packages VIRTUAL_ENV_PROMPT=(.venv) /usr/bin/cmake --build /MRTP/MRTP/src/build/my_package -- -j12 -l12
[0.616s] Level 1:colcon.colcon_core.environment:checking '/MRTP/MRTP/src/install/my_package' for CMake config files
[0.629s] Level 1:colcon.colcon_core.shell:create_environment_hook('my_package', 'cmake_prefix_path')
[0.630s] INFO:colcon.colcon_core.shell:Creating environment hook '/MRTP/MRTP/src/install/my_package/share/my_package/hook/cmake_prefix_path.ps1'
[0.632s] INFO:colcon.colcon_core.shell:Creating environment descriptor '/MRTP/MRTP/src/install/my_package/share/my_package/hook/cmake_prefix_path.dsv'
[0.633s] INFO:colcon.colcon_core.shell:Creating environment hook '/MRTP/MRTP/src/install/my_package/share/my_package/hook/cmake_prefix_path.sh'
[0.635s] Level 1:colcon.colcon_core.environment:checking '/MRTP/MRTP/src/install/my_package/lib'
[0.636s] Level 1:colcon.colcon_core.shell:create_environment_hook('my_package', 'ld_library_path_lib')
[0.636s] INFO:colcon.colcon_core.shell:Creating environment hook '/MRTP/MRTP/src/install/my_package/share/my_package/hook/ld_library_path_lib.ps1'
[0.637s] INFO:colcon.colcon_core.shell:Creating environment descriptor '/MRTP/MRTP/src/install/my_package/share/my_package/hook/ld_library_path_lib.dsv'
[0.638s] INFO:colcon.colcon_core.shell:Creating environment hook '/MRTP/MRTP/src/install/my_package/share/my_package/hook/ld_library_path_lib.sh'
[0.639s] Level 1:colcon.colcon_core.environment:checking '/MRTP/MRTP/src/install/my_package/bin'
[0.640s] Level 1:colcon.colcon_core.environment:checking '/MRTP/MRTP/src/install/my_package/lib/pkgconfig/my_package.pc'
[0.642s] Level 1:colcon.colcon_core.environment:checking '/MRTP/MRTP/src/install/my_package/lib/python3.12/site-packages'
[0.644s] Level 1:colcon.colcon_core.shell:create_environment_hook('my_package', 'pythonpath')
[0.645s] INFO:colcon.colcon_core.shell:Creating environment hook '/MRTP/MRTP/src/install/my_package/share/my_package/hook/pythonpath.ps1'
[0.648s] INFO:colcon.colcon_core.shell:Creating environment descriptor '/MRTP/MRTP/src/install/my_package/share/my_package/hook/pythonpath.dsv'
[0.648s] INFO:colcon.colcon_core.shell:Creating environment hook '/MRTP/MRTP/src/install/my_package/share/my_package/hook/pythonpath.sh'
[0.650s] Level 1:colcon.colcon_core.environment:checking '/MRTP/MRTP/src/install/my_package/bin'
[0.651s] INFO:colcon.colcon_core.shell:Creating package script '/MRTP/MRTP/src/install/my_package/share/my_package/package.ps1'
[0.653s] INFO:colcon.colcon_core.shell:Creating package descriptor '/MRTP/MRTP/src/install/my_package/share/my_package/package.dsv'
[0.656s] INFO:colcon.colcon_core.shell:Creating package script '/MRTP/MRTP/src/install/my_package/share/my_package/package.sh'
[0.658s] INFO:colcon.colcon_core.shell:Creating package script '/MRTP/MRTP/src/install/my_package/share/my_package/package.bash'
[0.660s] INFO:colcon.colcon_core.shell:Creating package script '/MRTP/MRTP/src/install/my_package/share/my_package/package.zsh'
[0.662s] Level 1:colcon.colcon_core.environment:create_file_with_runtime_dependencies(/MRTP/MRTP/src/install/my_package/share/colcon-core/packages/my_package)
[0.676s] DEBUG:colcon.colcon_parallel_executor.executor.parallel:closing loop
[0.677s] DEBUG:colcon.colcon_parallel_executor.executor.parallel:loop closed
[0.678s] DEBUG:colcon.colcon_parallel_executor.executor.parallel:run_until_complete finished with '2'
[0.679s] DEBUG:colcon.colcon_core.event_reactor:joining thread
[0.700s] INFO:colcon.colcon_core.plugin_system:Skipping extension 'colcon_notification.desktop_notification.notify_send': Could not find 'notify-send'
[0.701s] INFO:colcon.colcon_core.plugin_system:Skipping extension 'colcon_notification.desktop_notification.terminal_notifier': Not used on non-Darwin systems
[0.701s] INFO:colcon.colcon_core.plugin_system:Skipping extension 'colcon_notification.desktop_notification.win32': Not used on non-Windows systems
[0.701s] INFO:colcon.colcon_notification.desktop_notification:Sending desktop notification using 'notify2'
[0.713s] DEBUG:colcon.colcon_notification.desktop_notification.notify2:Failed to initialize notify2: org.freedesktop.DBus.Error.Spawn.ExecFailed: /usr/bin/dbus-launch terminated abnormally with the following error: Autolaunch error: X11 initialization failed.

[0.714s] DEBUG:colcon.colcon_core.event_reactor:joined thread
[0.714s] INFO:colcon.colcon_core.shell:Creating prefix script '/MRTP/MRTP/src/install/local_setup.ps1'
[0.716s] INFO:colcon.colcon_core.shell:Creating prefix util module '/MRTP/MRTP/src/install/_local_setup_util_ps1.py'
[0.719s] INFO:colcon.colcon_core.shell:Creating prefix chain script '/MRTP/MRTP/src/install/setup.ps1'
[0.779s] INFO:colcon.colcon_core.shell:Creating prefix script '/MRTP/MRTP/src/install/local_setup.sh'
[0.781s] INFO:colcon.colcon_core.shell:Creating prefix util module '/MRTP/MRTP/src/install/_local_setup_util_sh.py'
[0.783s] INFO:colcon.colcon_core.shell:Creating prefix chain script '/MRTP/MRTP/src/install/setup.sh'
[0.807s] INFO:colcon.colcon_core.shell:Creating prefix script '/MRTP/MRTP/src/install/local_setup.bash'
[0.811s] INFO:colcon.colcon_core.shell:Creating prefix chain script '/MRTP/MRTP/src/install/setup.bash'
[0.834s] INFO:colcon.colcon_core.shell:Creating prefix script '/MRTP/MRTP/src/install/local_setup.zsh'
[0.834s] INFO:colcon.colcon_core.shell:Creating prefix chain script '/MRTP/MRTP/src/install/setup.zsh'
