Using bundled prebuilt Webots controller libraries.
[  0%] Built target ament_cmake_python_symlink_controller
[  0%] Built target compile-lib-controller
[  0%] Built target ament_cmake_python_symlink_vehicle
Using bundled prebuilt Webots vehicle libraries.
Using bundled prebuilt Webots generic robot window library.
[  0%] Built target ament_cmake_python_symlink_webots_ros2_driver
[  0%] Built target compile-lib-vehicle
[  0%] Built target compile-generic-window
running egg_info
[ 14%] Built target webots_ros2_driver_rgbd
writing controller.egg-info/PKG-INFO
writing dependency_links to controller.egg-info/dependency_links.txt
writing top-level names to controller.egg-info/top_level.txt
[ 29%] Built target webots_ros2_driver_imu
reading manifest file 'controller.egg-info/SOURCES.txt'
writing manifest file 'controller.egg-info/SOURCES.txt'
[ 29%] Built target ament_cmake_python_build_controller_egg
[100%] Built target driver
running egg_info
running egg_info
writing vehicle.egg-info/PKG-INFO
writing dependency_links to vehicle.egg-info/dependency_links.txt
writing top-level names to vehicle.egg-info/top_level.txt
writing webots_ros2_driver.egg-info/PKG-INFO
writing dependency_links to webots_ros2_driver.egg-info/dependency_links.txt
writing top-level names to webots_ros2_driver.egg-info/top_level.txt
reading manifest file 'vehicle.egg-info/SOURCES.txt'
writing manifest file 'vehicle.egg-info/SOURCES.txt'
reading manifest file 'webots_ros2_driver.egg-info/SOURCES.txt'
writing manifest file 'webots_ros2_driver.egg-info/SOURCES.txt'
[100%] Built target ament_cmake_python_build_vehicle_egg
[100%] Built target ament_cmake_python_build_webots_ros2_driver_egg
-- Install configuration: ""
-- Execute custom install script
-- Up-to-date symlink: /MRTP/MRTP/src/install/webots_ros2_driver/share/webots_ros2_driver/environment/pythonpath.sh
-- Up-to-date symlink: /MRTP/MRTP/src/install/webots_ros2_driver/share/webots_ros2_driver/environment/pythonpath.dsv
-- Up-to-date symlink: /MRTP/MRTP/src/install/webots_ros2_driver/lib/python3.12/site-packages/controller-2025.0.1-py3.12.egg-info/PKG-INFO
-- Up-to-date symlink: /MRTP/MRTP/src/install/webots_ros2_driver/lib/python3.12/site-packages/controller-2025.0.1-py3.12.egg-info/SOURCES.txt
-- Up-to-date symlink: /MRTP/MRTP/src/install/webots_ros2_driver/lib/python3.12/site-packages/controller-2025.0.1-py3.12.egg-info/dependency_links.txt
-- Up-to-date symlink: /MRTP/MRTP/src/install/webots_ros2_driver/lib/python3.12/site-packages/controller-2025.0.1-py3.12.egg-info/top_level.txt
-- Up-to-date symlink: /MRTP/MRTP/src/install/webots_ros2_driver/lib/python3.12/site-packages/controller/__init__.py
-- Up-to-date symlink: /MRTP/MRTP/src/install/webots_ros2_driver/lib/python3.12/site-packages/controller/accelerometer.py
-- Up-to-date symlink: /MRTP/MRTP/src/install/webots_ros2_driver/lib/python3.12/site-packages/controller/altimeter.py
-- Up-to-date symlink: /MRTP/MRTP/src/install/webots_ros2_driver/lib/python3.12/site-packages/controller/ansi_codes.py
-- Up-to-date symlink: /MRTP/MRTP/src/install/webots_ros2_driver/lib/python3.12/site-packages/controller/brake.py
-- Up-to-date symlink: /MRTP/MRTP/src/install/webots_ros2_driver/lib/python3.12/site-packages/controller/camera.py
-- Up-to-date symlink: /MRTP/MRTP/src/install/webots_ros2_driver/lib/python3.12/site-packages/controller/compass.py
-- Up-to-date symlink: /MRTP/MRTP/src/install/webots_ros2_driver/lib/python3.12/site-packages/controller/connector.py
-- Up-to-date symlink: /MRTP/MRTP/src/install/webots_ros2_driver/lib/python3.12/site-packages/controller/constants.py
-- Up-to-date symlink: /MRTP/MRTP/src/install/webots_ros2_driver/lib/python3.12/site-packages/controller/device.py
-- Up-to-date symlink: /MRTP/MRTP/src/install/webots_ros2_driver/lib/python3.12/site-packages/controller/display.py
-- Up-to-date symlink: /MRTP/MRTP/src/install/webots_ros2_driver/lib/python3.12/site-packages/controller/distance_sensor.py
-- Up-to-date symlink: /MRTP/MRTP/src/install/webots_ros2_driver/lib/python3.12/site-packages/controller/emitter.py
-- Up-to-date symlink: /MRTP/MRTP/src/install/webots_ros2_driver/lib/python3.12/site-packages/controller/field.py
-- Up-to-date symlink: /MRTP/MRTP/src/install/webots_ros2_driver/lib/python3.12/site-packages/controller/gps.py
-- Up-to-date symlink: /MRTP/MRTP/src/install/webots_ros2_driver/lib/python3.12/site-packages/controller/gyro.py
-- Up-to-date symlink: /MRTP/MRTP/src/install/webots_ros2_driver/lib/python3.12/site-packages/controller/inertial_unit.py
-- Up-to-date symlink: /MRTP/MRTP/src/install/webots_ros2_driver/lib/python3.12/site-packages/controller/joystick.py
-- Up-to-date symlink: /MRTP/MRTP/src/install/webots_ros2_driver/lib/python3.12/site-packages/controller/keyboard.py
-- Up-to-date symlink: /MRTP/MRTP/src/install/webots_ros2_driver/lib/python3.12/site-packages/controller/led.py
-- Up-to-date symlink: /MRTP/MRTP/src/install/webots_ros2_driver/lib/python3.12/site-packages/controller/lidar.py
-- Up-to-date symlink: /MRTP/MRTP/src/install/webots_ros2_driver/lib/python3.12/site-packages/controller/lidar_point.py
-- Up-to-date symlink: /MRTP/MRTP/src/install/webots_ros2_driver/lib/python3.12/site-packages/controller/light_sensor.py
-- Up-to-date symlink: /MRTP/MRTP/src/install/webots_ros2_driver/lib/python3.12/site-packages/controller/motion.py
-- Up-to-date symlink: /MRTP/MRTP/src/install/webots_ros2_driver/lib/python3.12/site-packages/controller/motor.py
-- Up-to-date symlink: /MRTP/MRTP/src/install/webots_ros2_driver/lib/python3.12/site-packages/controller/mouse.py
-- Up-to-date symlink: /MRTP/MRTP/src/install/webots_ros2_driver/lib/python3.12/site-packages/controller/node.py
-- Up-to-date symlink: /MRTP/MRTP/src/install/webots_ros2_driver/lib/python3.12/site-packages/controller/pen.py
-- Up-to-date symlink: /MRTP/MRTP/src/install/webots_ros2_driver/lib/python3.12/site-packages/controller/position_sensor.py
-- Up-to-date symlink: /MRTP/MRTP/src/install/webots_ros2_driver/lib/python3.12/site-packages/controller/proto.py
-- Up-to-date symlink: /MRTP/MRTP/src/install/webots_ros2_driver/lib/python3.12/site-packages/controller/radar.py
-- Up-to-date symlink: /MRTP/MRTP/src/install/webots_ros2_driver/lib/python3.12/site-packages/controller/radar_target.py
-- Up-to-date symlink: /MRTP/MRTP/src/install/webots_ros2_driver/lib/python3.12/site-packages/controller/range_finder.py
-- Up-to-date symlink: /MRTP/MRTP/src/install/webots_ros2_driver/lib/python3.12/site-packages/controller/receiver.py
-- Up-to-date symlink: /MRTP/MRTP/src/install/webots_ros2_driver/lib/python3.12/site-packages/controller/robot.py
-- Up-to-date symlink: /MRTP/MRTP/src/install/webots_ros2_driver/lib/python3.12/site-packages/controller/sensor.py
-- Up-to-date symlink: /MRTP/MRTP/src/install/webots_ros2_driver/lib/python3.12/site-packages/controller/skin.py
-- Up-to-date symlink: /MRTP/MRTP/src/install/webots_ros2_driver/lib/python3.12/site-packages/controller/speaker.py
-- Up-to-date symlink: /MRTP/MRTP/src/install/webots_ros2_driver/lib/python3.12/site-packages/controller/supervisor.py
-- Up-to-date symlink: /MRTP/MRTP/src/install/webots_ros2_driver/lib/python3.12/site-packages/controller/touch_sensor.py
-- Up-to-date symlink: /MRTP/MRTP/src/install/webots_ros2_driver/lib/python3.12/site-packages/controller/vacuum_gripper.py
-- Up-to-date symlink: /MRTP/MRTP/src/install/webots_ros2_driver/lib/python3.12/site-packages/controller/wb.py
-- Up-to-date symlink: /MRTP/MRTP/src/install/webots_ros2_driver/lib/python3.12/site-packages/vehicle-2025.0.1-py3.12.egg-info/PKG-INFO
-- Up-to-date symlink: /MRTP/MRTP/src/install/webots_ros2_driver/lib/python3.12/site-packages/vehicle-2025.0.1-py3.12.egg-info/SOURCES.txt
-- Up-to-date symlink: /MRTP/MRTP/src/install/webots_ros2_driver/lib/python3.12/site-packages/vehicle-2025.0.1-py3.12.egg-info/dependency_links.txt
-- Up-to-date symlink: /MRTP/MRTP/src/install/webots_ros2_driver/lib/python3.12/site-packages/vehicle-2025.0.1-py3.12.egg-info/top_level.txt
-- Up-to-date symlink: /MRTP/MRTP/src/install/webots_ros2_driver/lib/python3.12/site-packages/vehicle/__init__.py
-- Up-to-date symlink: /MRTP/MRTP/src/install/webots_ros2_driver/lib/python3.12/site-packages/vehicle/car.py
-- Up-to-date symlink: /MRTP/MRTP/src/install/webots_ros2_driver/lib/python3.12/site-packages/vehicle/driver.py
-- Up-to-date symlink: /MRTP/MRTP/src/install/webots_ros2_driver/lib/python3.12/site-packages/webots_ros2_driver-2025.0.1-py3.12.egg-info/PKG-INFO
-- Up-to-date symlink: /MRTP/MRTP/src/install/webots_ros2_driver/lib/python3.12/site-packages/webots_ros2_driver-2025.0.1-py3.12.egg-info/SOURCES.txt
-- Up-to-date symlink: /MRTP/MRTP/src/install/webots_ros2_driver/lib/python3.12/site-packages/webots_ros2_driver-2025.0.1-py3.12.egg-info/dependency_links.txt
-- Up-to-date symlink: /MRTP/MRTP/src/install/webots_ros2_driver/lib/python3.12/site-packages/webots_ros2_driver-2025.0.1-py3.12.egg-info/top_level.txt
-- Up-to-date symlink: /MRTP/MRTP/src/install/webots_ros2_driver/lib/python3.12/site-packages/webots_ros2_driver/__init__.py
-- Up-to-date symlink: /MRTP/MRTP/src/install/webots_ros2_driver/lib/python3.12/site-packages/webots_ros2_driver/ros2_supervisor.py
-- Up-to-date symlink: /MRTP/MRTP/src/install/webots_ros2_driver/lib/python3.12/site-packages/webots_ros2_driver/urdf_spawner.py
-- Up-to-date symlink: /MRTP/MRTP/src/install/webots_ros2_driver/lib/python3.12/site-packages/webots_ros2_driver/utils.py
-- Up-to-date symlink: /MRTP/MRTP/src/install/webots_ros2_driver/lib/python3.12/site-packages/webots_ros2_driver/wait_for_controller_connection.py
-- Up-to-date symlink: /MRTP/MRTP/src/install/webots_ros2_driver/lib/python3.12/site-packages/webots_ros2_driver/webots_controller.py
-- Up-to-date symlink: /MRTP/MRTP/src/install/webots_ros2_driver/lib/python3.12/site-packages/webots_ros2_driver/webots_launcher.py
-- Up-to-date symlink: /MRTP/MRTP/src/install/webots_ros2_driver/include/webots_ros2_driver/PluginInterface.hpp
-- Up-to-date symlink: /MRTP/MRTP/src/install/webots_ros2_driver/include/webots_ros2_driver/PythonPlugin.hpp
-- Up-to-date symlink: /MRTP/MRTP/src/install/webots_ros2_driver/include/webots_ros2_driver/WebotsNode.hpp
-- Up-to-date symlink: /MRTP/MRTP/src/install/webots_ros2_driver/include/webots_ros2_driver/plugins/Ros2SensorPlugin.hpp
-- Up-to-date symlink: /MRTP/MRTP/src/install/webots_ros2_driver/include/webots_ros2_driver/plugins/dynamic/Ros2IMU.hpp
-- Up-to-date symlink: /MRTP/MRTP/src/install/webots_ros2_driver/include/webots_ros2_driver/plugins/dynamic/Ros2RGBD.hpp
-- Up-to-date symlink: /MRTP/MRTP/src/install/webots_ros2_driver/include/webots_ros2_driver/plugins/static/Ros2Camera.hpp
-- Up-to-date symlink: /MRTP/MRTP/src/install/webots_ros2_driver/include/webots_ros2_driver/plugins/static/Ros2Compass.hpp
-- Up-to-date symlink: /MRTP/MRTP/src/install/webots_ros2_driver/include/webots_ros2_driver/plugins/static/Ros2DistanceSensor.hpp
-- Up-to-date symlink: /MRTP/MRTP/src/install/webots_ros2_driver/include/webots_ros2_driver/plugins/static/Ros2Emitter.hpp
-- Up-to-date symlink: /MRTP/MRTP/src/install/webots_ros2_driver/include/webots_ros2_driver/plugins/static/Ros2GPS.hpp
-- Up-to-date symlink: /MRTP/MRTP/src/install/webots_ros2_driver/include/webots_ros2_driver/plugins/static/Ros2LED.hpp
-- Up-to-date symlink: /MRTP/MRTP/src/install/webots_ros2_driver/include/webots_ros2_driver/plugins/static/Ros2Lidar.hpp
-- Up-to-date symlink: /MRTP/MRTP/src/install/webots_ros2_driver/include/webots_ros2_driver/plugins/static/Ros2LightSensor.hpp
-- Up-to-date symlink: /MRTP/MRTP/src/install/webots_ros2_driver/include/webots_ros2_driver/plugins/static/Ros2Pen.hpp
-- Up-to-date symlink: /MRTP/MRTP/src/install/webots_ros2_driver/include/webots_ros2_driver/plugins/static/Ros2RangeFinder.hpp
-- Up-to-date symlink: /MRTP/MRTP/src/install/webots_ros2_driver/include/webots_ros2_driver/plugins/static/Ros2Receiver.hpp
-- Up-to-date symlink: /MRTP/MRTP/src/install/webots_ros2_driver/include/webots_ros2_driver/plugins/static/Ros2VacuumGripper.hpp
-- Up-to-date symlink: /MRTP/MRTP/src/install/webots_ros2_driver/include/webots_ros2_driver/utils/Math.hpp
-- Up-to-date symlink: /MRTP/MRTP/src/install/webots_ros2_driver/include/webots_ros2_driver/utils/Utils.hpp
-- Up-to-date symlink: /MRTP/MRTP/src/install/webots_ros2_driver/lib/webots_ros2_driver/driver
-- Up-to-date symlink: /MRTP/MRTP/src/install/webots_ros2_driver/lib/libwebots_ros2_driver_imu.so
-- Up-to-date symlink: /MRTP/MRTP/src/install/webots_ros2_driver/lib/libwebots_ros2_driver_rgbd.so
-- Up-to-date symlink: /MRTP/MRTP/src/install/webots_ros2_driver/include/webots/c/webots/accelerometer.h
-- Up-to-date symlink: /MRTP/MRTP/src/install/webots_ros2_driver/include/webots/c/webots/altimeter.h
-- Up-to-date symlink: /MRTP/MRTP/src/install/webots_ros2_driver/include/webots/c/webots/brake.h
-- Up-to-date symlink: /MRTP/MRTP/src/install/webots_ros2_driver/include/webots/c/webots/camera.h
-- Up-to-date symlink: /MRTP/MRTP/src/install/webots_ros2_driver/include/webots/c/webots/camera_recognition_object.h
-- Up-to-date symlink: /MRTP/MRTP/src/install/webots_ros2_driver/include/webots/c/webots/compass.h
-- Up-to-date symlink: /MRTP/MRTP/src/install/webots_ros2_driver/include/webots/c/webots/connector.h
-- Up-to-date symlink: /MRTP/MRTP/src/install/webots_ros2_driver/include/webots/c/webots/console.h
-- Up-to-date symlink: /MRTP/MRTP/src/install/webots_ros2_driver/include/webots/c/webots/contact_point.h
-- Up-to-date symlink: /MRTP/MRTP/src/install/webots_ros2_driver/include/webots/c/webots/device.h
-- Up-to-date symlink: /MRTP/MRTP/src/install/webots_ros2_driver/include/webots/c/webots/display.h
-- Up-to-date symlink: /MRTP/MRTP/src/install/webots_ros2_driver/include/webots/c/webots/distance_sensor.h
-- Up-to-date symlink: /MRTP/MRTP/src/install/webots_ros2_driver/include/webots/c/webots/emitter.h
-- Up-to-date symlink: /MRTP/MRTP/src/install/webots_ros2_driver/include/webots/c/webots/gps.h
-- Up-to-date symlink: /MRTP/MRTP/src/install/webots_ros2_driver/include/webots/c/webots/gyro.h
-- Up-to-date symlink: /MRTP/MRTP/src/install/webots_ros2_driver/include/webots/c/webots/inertial_unit.h
-- Up-to-date symlink: /MRTP/MRTP/src/install/webots_ros2_driver/include/webots/c/webots/joystick.h
-- Up-to-date symlink: /MRTP/MRTP/src/install/webots_ros2_driver/include/webots/c/webots/keyboard.h
-- Up-to-date symlink: /MRTP/MRTP/src/install/webots_ros2_driver/include/webots/c/webots/led.h
-- Up-to-date symlink: /MRTP/MRTP/src/install/webots_ros2_driver/include/webots/c/webots/lidar.h
-- Up-to-date symlink: /MRTP/MRTP/src/install/webots_ros2_driver/include/webots/c/webots/lidar_point.h
-- Up-to-date symlink: /MRTP/MRTP/src/install/webots_ros2_driver/include/webots/c/webots/light_sensor.h
-- Up-to-date symlink: /MRTP/MRTP/src/install/webots_ros2_driver/include/webots/c/webots/microphone.h
-- Up-to-date symlink: /MRTP/MRTP/src/install/webots_ros2_driver/include/webots/c/webots/motor.h
-- Up-to-date symlink: /MRTP/MRTP/src/install/webots_ros2_driver/include/webots/c/webots/mouse.h
-- Up-to-date symlink: /MRTP/MRTP/src/install/webots_ros2_driver/include/webots/c/webots/mouse_state.h
-- Up-to-date symlink: /MRTP/MRTP/src/install/webots_ros2_driver/include/webots/c/webots/nodes.h
-- Up-to-date symlink: /MRTP/MRTP/src/install/webots_ros2_driver/include/webots/c/webots/pen.h
-- Up-to-date symlink: /MRTP/MRTP/src/install/webots_ros2_driver/include/webots/c/webots/plugins/robot_window/default.h
-- Up-to-date symlink: /MRTP/MRTP/src/install/webots_ros2_driver/include/webots/c/webots/plugins/robot_window/generic_robot_window/generic.h
-- Up-to-date symlink: /MRTP/MRTP/src/install/webots_ros2_driver/include/webots/c/webots/plugins/robot_window/robot_window.h
-- Up-to-date symlink: /MRTP/MRTP/src/install/webots_ros2_driver/include/webots/c/webots/plugins/robot_window/robot_wwi.h
-- Up-to-date symlink: /MRTP/MRTP/src/install/webots_ros2_driver/include/webots/c/webots/position_sensor.h
-- Up-to-date symlink: /MRTP/MRTP/src/install/webots_ros2_driver/include/webots/c/webots/radar.h
-- Up-to-date symlink: /MRTP/MRTP/src/install/webots_ros2_driver/include/webots/c/webots/radar_target.h
-- Up-to-date symlink: /MRTP/MRTP/src/install/webots_ros2_driver/include/webots/c/webots/radio.h
-- Up-to-date symlink: /MRTP/MRTP/src/install/webots_ros2_driver/include/webots/c/webots/range_finder.h
-- Up-to-date symlink: /MRTP/MRTP/src/install/webots_ros2_driver/include/webots/c/webots/receiver.h
-- Up-to-date symlink: /MRTP/MRTP/src/install/webots_ros2_driver/include/webots/c/webots/remote_control.h
-- Up-to-date symlink: /MRTP/MRTP/src/install/webots_ros2_driver/include/webots/c/webots/robot.h
-- Up-to-date symlink: /MRTP/MRTP/src/install/webots_ros2_driver/include/webots/c/webots/skin.h
-- Up-to-date symlink: /MRTP/MRTP/src/install/webots_ros2_driver/include/webots/c/webots/speaker.h
-- Up-to-date symlink: /MRTP/MRTP/src/install/webots_ros2_driver/include/webots/c/webots/supervisor.h
-- Up-to-date symlink: /MRTP/MRTP/src/install/webots_ros2_driver/include/webots/c/webots/touch_sensor.h
-- Up-to-date symlink: /MRTP/MRTP/src/install/webots_ros2_driver/include/webots/c/webots/types.h
-- Up-to-date symlink: /MRTP/MRTP/src/install/webots_ros2_driver/include/webots/c/webots/utils/ansi_codes.h
-- Up-to-date symlink: /MRTP/MRTP/src/install/webots_ros2_driver/include/webots/c/webots/utils/motion.h
-- Up-to-date symlink: /MRTP/MRTP/src/install/webots_ros2_driver/include/webots/c/webots/utils/string.h
-- Up-to-date symlink: /MRTP/MRTP/src/install/webots_ros2_driver/include/webots/c/webots/utils/system.h
-- Up-to-date symlink: /MRTP/MRTP/src/install/webots_ros2_driver/include/webots/c/webots/vacuum_gripper.h
-- Up-to-date symlink: /MRTP/MRTP/src/install/webots_ros2_driver/include/webots/c/webots/vehicle/car.h
-- Up-to-date symlink: /MRTP/MRTP/src/install/webots_ros2_driver/include/webots/c/webots/vehicle/driver.h
-- Up-to-date symlink: /MRTP/MRTP/src/install/webots_ros2_driver/include/webots/cpp/webots/Accelerometer.hpp
-- Up-to-date symlink: /MRTP/MRTP/src/install/webots_ros2_driver/include/webots/cpp/webots/Altimeter.hpp
-- Up-to-date symlink: /MRTP/MRTP/src/install/webots_ros2_driver/include/webots/cpp/webots/Brake.hpp
-- Up-to-date symlink: /MRTP/MRTP/src/install/webots_ros2_driver/include/webots/cpp/webots/Camera.hpp
-- Up-to-date symlink: /MRTP/MRTP/src/install/webots_ros2_driver/include/webots/cpp/webots/Compass.hpp
-- Up-to-date symlink: /MRTP/MRTP/src/install/webots_ros2_driver/include/webots/cpp/webots/Connector.hpp
-- Up-to-date symlink: /MRTP/MRTP/src/install/webots_ros2_driver/include/webots/cpp/webots/Device.hpp
-- Up-to-date symlink: /MRTP/MRTP/src/install/webots_ros2_driver/include/webots/cpp/webots/Display.hpp
-- Up-to-date symlink: /MRTP/MRTP/src/install/webots_ros2_driver/include/webots/cpp/webots/DistanceSensor.hpp
-- Up-to-date symlink: /MRTP/MRTP/src/install/webots_ros2_driver/include/webots/cpp/webots/Emitter.hpp
-- Up-to-date symlink: /MRTP/MRTP/src/install/webots_ros2_driver/include/webots/cpp/webots/Field.hpp
-- Up-to-date symlink: /MRTP/MRTP/src/install/webots_ros2_driver/include/webots/cpp/webots/GPS.hpp
-- Up-to-date symlink: /MRTP/MRTP/src/install/webots_ros2_driver/include/webots/cpp/webots/Gyro.hpp
-- Up-to-date symlink: /MRTP/MRTP/src/install/webots_ros2_driver/include/webots/cpp/webots/ImageRef.hpp
-- Up-to-date symlink: /MRTP/MRTP/src/install/webots_ros2_driver/include/webots/cpp/webots/InertialUnit.hpp
-- Up-to-date symlink: /MRTP/MRTP/src/install/webots_ros2_driver/include/webots/cpp/webots/Joystick.hpp
-- Up-to-date symlink: /MRTP/MRTP/src/install/webots_ros2_driver/include/webots/cpp/webots/Keyboard.hpp
-- Up-to-date symlink: /MRTP/MRTP/src/install/webots_ros2_driver/include/webots/cpp/webots/LED.hpp
-- Up-to-date symlink: /MRTP/MRTP/src/install/webots_ros2_driver/include/webots/cpp/webots/Lidar.hpp
-- Up-to-date symlink: /MRTP/MRTP/src/install/webots_ros2_driver/include/webots/cpp/webots/LightSensor.hpp
-- Up-to-date symlink: /MRTP/MRTP/src/install/webots_ros2_driver/include/webots/cpp/webots/Motor.hpp
-- Up-to-date symlink: /MRTP/MRTP/src/install/webots_ros2_driver/include/webots/cpp/webots/Mouse.hpp
-- Up-to-date symlink: /MRTP/MRTP/src/install/webots_ros2_driver/include/webots/cpp/webots/Node.hpp
-- Up-to-date symlink: /MRTP/MRTP/src/install/webots_ros2_driver/include/webots/cpp/webots/Pen.hpp
-- Up-to-date symlink: /MRTP/MRTP/src/install/webots_ros2_driver/include/webots/cpp/webots/PositionSensor.hpp
-- Up-to-date symlink: /MRTP/MRTP/src/install/webots_ros2_driver/include/webots/cpp/webots/Proto.hpp
-- Up-to-date symlink: /MRTP/MRTP/src/install/webots_ros2_driver/include/webots/cpp/webots/Radar.hpp
-- Up-to-date symlink: /MRTP/MRTP/src/install/webots_ros2_driver/include/webots/cpp/webots/RangeFinder.hpp
-- Up-to-date symlink: /MRTP/MRTP/src/install/webots_ros2_driver/include/webots/cpp/webots/Receiver.hpp
-- Up-to-date symlink: /MRTP/MRTP/src/install/webots_ros2_driver/include/webots/cpp/webots/Robot.hpp
-- Up-to-date symlink: /MRTP/MRTP/src/install/webots_ros2_driver/include/webots/cpp/webots/Skin.hpp
-- Up-to-date symlink: /MRTP/MRTP/src/install/webots_ros2_driver/include/webots/cpp/webots/Speaker.hpp
-- Up-to-date symlink: /MRTP/MRTP/src/install/webots_ros2_driver/include/webots/cpp/webots/Supervisor.hpp
-- Up-to-date symlink: /MRTP/MRTP/src/install/webots_ros2_driver/include/webots/cpp/webots/TouchSensor.hpp
-- Up-to-date symlink: /MRTP/MRTP/src/install/webots_ros2_driver/include/webots/cpp/webots/VacuumGripper.hpp
-- Up-to-date symlink: /MRTP/MRTP/src/install/webots_ros2_driver/include/webots/cpp/webots/utils/AnsiCodes.hpp
-- Up-to-date symlink: /MRTP/MRTP/src/install/webots_ros2_driver/include/webots/cpp/webots/utils/Motion.hpp
-- Up-to-date symlink: /MRTP/MRTP/src/install/webots_ros2_driver/include/webots/cpp/webots/vehicle/Car.hpp
-- Up-to-date symlink: /MRTP/MRTP/src/install/webots_ros2_driver/include/webots/cpp/webots/vehicle/Driver.hpp
-- Up-to-date symlink: /MRTP/MRTP/src/install/webots_ros2_driver/lib/controller/libController.so
-- Up-to-date symlink: /MRTP/MRTP/src/install/webots_ros2_driver/lib/controller/libCppCar.so
-- Up-to-date symlink: /MRTP/MRTP/src/install/webots_ros2_driver/lib/controller/libCppController.so
-- Up-to-date symlink: /MRTP/MRTP/src/install/webots_ros2_driver/lib/controller/libCppController.so
-- Up-to-date symlink: /MRTP/MRTP/src/install/webots_ros2_driver/lib/controller/libCppDriver.so
-- Up-to-date symlink: /MRTP/MRTP/src/install/webots_ros2_driver/lib/controller/libcar.so
-- Up-to-date symlink: /MRTP/MRTP/src/install/webots_ros2_driver/lib/controller/libdriver.so
-- Up-to-date symlink: /MRTP/MRTP/src/install/webots_ros2_driver/lib/controller/libgeneric_robot_window.so
-- Up-to-date symlink: /MRTP/MRTP/src/install/webots_ros2_driver/lib/controller/python/vehicle/car.py
-- Up-to-date symlink: /MRTP/MRTP/src/install/webots_ros2_driver/lib/controller/python/vehicle/driver.py
-- Up-to-date symlink: /MRTP/MRTP/src/install/webots_ros2_driver/share/webots_ros2_driver//webots_ros2_imu.xml
-- Up-to-date symlink: /MRTP/MRTP/src/install/webots_ros2_driver/share/webots_ros2_driver//webots_ros2_rgbd.xml
-- Up-to-date symlink: /MRTP/MRTP/src/install/webots_ros2_driver/lib/webots_ros2_driver/ros2_supervisor.py
-- Up-to-date symlink: /MRTP/MRTP/src/install/webots_ros2_driver/share/webots_ros2_driver/scripts/webots_tcp_client.py
-- Up-to-date symlink: /MRTP/MRTP/src/install/webots_ros2_driver/share/webots_ros2_driver/scripts/webots-controller
-- Up-to-date symlink: /MRTP/MRTP/src/install/webots_ros2_driver/share/webots_ros2_driver/environment/library_path.sh
-- Up-to-date symlink: /MRTP/MRTP/src/install/webots_ros2_driver/share/webots_ros2_driver/environment/library_path.dsv
-- Up-to-date symlink: /MRTP/MRTP/src/install/webots_ros2_driver/share/ament_index/resource_index/package_run_dependencies/webots_ros2_driver
-- Up-to-date symlink: /MRTP/MRTP/src/install/webots_ros2_driver/share/ament_index/resource_index/parent_prefix_path/webots_ros2_driver
-- Up-to-date symlink: /MRTP/MRTP/src/install/webots_ros2_driver/share/webots_ros2_driver/environment/ament_prefix_path.sh
-- Up-to-date symlink: /MRTP/MRTP/src/install/webots_ros2_driver/share/webots_ros2_driver/environment/ament_prefix_path.dsv
-- Up-to-date symlink: /MRTP/MRTP/src/install/webots_ros2_driver/share/webots_ros2_driver/environment/path.sh
-- Up-to-date symlink: /MRTP/MRTP/src/install/webots_ros2_driver/share/webots_ros2_driver/environment/path.dsv
-- Up-to-date symlink: /MRTP/MRTP/src/install/webots_ros2_driver/share/webots_ros2_driver/local_setup.bash
-- Up-to-date symlink: /MRTP/MRTP/src/install/webots_ros2_driver/share/webots_ros2_driver/local_setup.sh
-- Up-to-date symlink: /MRTP/MRTP/src/install/webots_ros2_driver/share/webots_ros2_driver/local_setup.zsh
-- Up-to-date symlink: /MRTP/MRTP/src/install/webots_ros2_driver/share/webots_ros2_driver/local_setup.dsv
-- Symlinking: /MRTP/MRTP/src/install/webots_ros2_driver/share/webots_ros2_driver/package.dsv
-- Up-to-date symlink: /MRTP/MRTP/src/install/webots_ros2_driver/share/ament_index/resource_index/packages/webots_ros2_driver
-- Up-to-date symlink: /MRTP/MRTP/src/install/webots_ros2_driver/share/ament_index/resource_index/webots_ros2_driver__pluginlib__plugin/webots_ros2_driver
-- Up-to-date symlink: /MRTP/MRTP/src/install/webots_ros2_driver/share/webots_ros2_driver/cmake/ament_cmake_export_include_directories-extras.cmake
-- Up-to-date symlink: /MRTP/MRTP/src/install/webots_ros2_driver/share/webots_ros2_driver/cmake/ament_cmake_export_dependencies-extras.cmake
-- Up-to-date symlink: /MRTP/MRTP/src/install/webots_ros2_driver/share/webots_ros2_driver/cmake/ament_cmake_export_libraries-extras.cmake
-- Up-to-date symlink: /MRTP/MRTP/src/install/webots_ros2_driver/share/webots_ros2_driver/cmake/webots_ros2_driverConfig.cmake
-- Up-to-date symlink: /MRTP/MRTP/src/install/webots_ros2_driver/share/webots_ros2_driver/cmake/webots_ros2_driverConfig-version.cmake
-- Up-to-date symlink: /MRTP/MRTP/src/install/webots_ros2_driver/share/webots_ros2_driver/package.xml
Listing '/MRTP/MRTP/src/install/webots_ros2_driver/lib/python3.12/site-packages/controller'...
Listing '/MRTP/MRTP/src/install/webots_ros2_driver/lib/python3.12/site-packages/vehicle'...
Listing '/MRTP/MRTP/src/install/webots_ros2_driver/lib/python3.12/site-packages/webots_ros2_driver'...
