[0.052s] Invoking command in '/MRTP/MRTP/build/my_package': CMAKE_PREFIX_PATH=${CMAKE_PREFIX_PATH}:/MRTP/MRTP/install/webots_ros2_mavic:/MRTP/MRTP/install/gazeboenvs:/MRTP/MRTP/src/install/webots_ros2:/MRTP/MRTP/src/install/webots_ros2_universal_robot:/MRTP/MRTP/src/install/webots_ros2_turtlebot:/MRTP/MRTP/src/install/webots_ros2_tiago:/MRTP/MRTP/src/install/webots_ros2_tests:/MRTP/MRTP/src/install/webots_ros2_tesla:/MRTP/MRTP/src/install/webots_ros2_mavic:/MRTP/MRTP/src/install/webots_ros2_husarion:/MRTP/MRTP/src/install/webots_ros2_epuck:/MRTP/MRTP/src/install/webots_ros2_crazyflie:/MRTP/MRTP/src/install/webots_ros2_importer:/MRTP/MRTP/src/install/gazeboenvs:/opt/ros/jazzy PS1=(.venv) \[\e]0;\u@\h: \w\a\]${debian_chroot:+($debian_chroot)}\u@\h:\w\$ VIRTUAL_ENV_PROMPT=(.venv) /usr/bin/cmake --build /MRTP/MRTP/build/my_package -- -j12 -l12
[0.492s] [ 25%] [32mBuilding CXX object CMakeFiles/autopilot_node.dir/src/autopilot_node.cpp.o[0m
[15.519s] [ 50%] [32m[1mLinking CXX executable autopilot_node[0m
[17.204s] [ 50%] Built target autopilot_node
[17.592s] [100%] Built target mavic2pro_patrol
[17.767s] Invoked command in '/MRTP/MRTP/build/my_package' returned '0': CMAKE_PREFIX_PATH=${CMAKE_PREFIX_PATH}:/MRTP/MRTP/install/webots_ros2_mavic:/MRTP/MRTP/install/gazeboenvs:/MRTP/MRTP/src/install/webots_ros2:/MRTP/MRTP/src/install/webots_ros2_universal_robot:/MRTP/MRTP/src/install/webots_ros2_turtlebot:/MRTP/MRTP/src/install/webots_ros2_tiago:/MRTP/MRTP/src/install/webots_ros2_tests:/MRTP/MRTP/src/install/webots_ros2_tesla:/MRTP/MRTP/src/install/webots_ros2_mavic:/MRTP/MRTP/src/install/webots_ros2_husarion:/MRTP/MRTP/src/install/webots_ros2_epuck:/MRTP/MRTP/src/install/webots_ros2_crazyflie:/MRTP/MRTP/src/install/webots_ros2_importer:/MRTP/MRTP/src/install/gazeboenvs:/opt/ros/jazzy PS1=(.venv) \[\e]0;\u@\h: \w\a\]${debian_chroot:+($debian_chroot)}\u@\h:\w\$ VIRTUAL_ENV_PROMPT=(.venv) /usr/bin/cmake --build /MRTP/MRTP/build/my_package -- -j12 -l12
[17.928s] Invoking command in '/MRTP/MRTP/build/my_package': CMAKE_PREFIX_PATH=${CMAKE_PREFIX_PATH}:/MRTP/MRTP/install/webots_ros2_mavic:/MRTP/MRTP/install/gazeboenvs:/MRTP/MRTP/src/install/webots_ros2:/MRTP/MRTP/src/install/webots_ros2_universal_robot:/MRTP/MRTP/src/install/webots_ros2_turtlebot:/MRTP/MRTP/src/install/webots_ros2_tiago:/MRTP/MRTP/src/install/webots_ros2_tests:/MRTP/MRTP/src/install/webots_ros2_tesla:/MRTP/MRTP/src/install/webots_ros2_mavic:/MRTP/MRTP/src/install/webots_ros2_husarion:/MRTP/MRTP/src/install/webots_ros2_epuck:/MRTP/MRTP/src/install/webots_ros2_crazyflie:/MRTP/MRTP/src/install/webots_ros2_importer:/MRTP/MRTP/src/install/gazeboenvs:/opt/ros/jazzy PS1=(.venv) \[\e]0;\u@\h: \w\a\]${debian_chroot:+($debian_chroot)}\u@\h:\w\$ VIRTUAL_ENV_PROMPT=(.venv) /usr/bin/cmake --install /MRTP/MRTP/build/my_package
[17.960s] -- Install configuration: ""
[17.961s] -- Installing: /MRTP/MRTP/install/my_package/lib/my_package/autopilot_node
[18.061s] -- Set non-toolchain portion of runtime path of "/MRTP/MRTP/install/my_package/lib/my_package/autopilot_node" to ""
[18.062s] -- Up-to-date: /MRTP/MRTP/install/my_package/lib/my_package/mavic2pro_patrol
[18.067s] -- Up-to-date: /MRTP/MRTP/install/my_package/share/my_package/launch
[18.067s] -- Up-to-date: /MRTP/MRTP/install/my_package/share/my_package/launch/robot_launch.py
[18.070s] -- Up-to-date: /MRTP/MRTP/install/my_package/share/my_package/resource
[18.071s] -- Up-to-date: /MRTP/MRTP/install/my_package/share/my_package/resource/my_robot.urdf
[18.072s] -- Up-to-date: /MRTP/MRTP/install/my_package/share/my_package/worlds
[18.074s] -- Up-to-date: /MRTP/MRTP/install/my_package/share/my_package/worlds/wharehouse.wbt
[18.076s] -- Up-to-date: /MRTP/MRTP/install/my_package/share/ament_index/resource_index/package_run_dependencies/my_package
[18.077s] -- Up-to-date: /MRTP/MRTP/install/my_package/share/ament_index/resource_index/parent_prefix_path/my_package
[18.082s] -- Up-to-date: /MRTP/MRTP/install/my_package/share/my_package/environment/ament_prefix_path.sh
[18.084s] -- Up-to-date: /MRTP/MRTP/install/my_package/share/my_package/environment/ament_prefix_path.dsv
[18.088s] -- Up-to-date: /MRTP/MRTP/install/my_package/share/my_package/environment/path.sh
[18.089s] -- Up-to-date: /MRTP/MRTP/install/my_package/share/my_package/environment/path.dsv
[18.090s] -- Up-to-date: /MRTP/MRTP/install/my_package/share/my_package/local_setup.bash
[18.092s] -- Up-to-date: /MRTP/MRTP/install/my_package/share/my_package/local_setup.sh
[18.092s] -- Up-to-date: /MRTP/MRTP/install/my_package/share/my_package/local_setup.zsh
[18.094s] -- Up-to-date: /MRTP/MRTP/install/my_package/share/my_package/local_setup.dsv
[18.094s] -- Installing: /MRTP/MRTP/install/my_package/share/my_package/package.dsv
[18.103s] -- Up-to-date: /MRTP/MRTP/install/my_package/share/ament_index/resource_index/packages/my_package
[18.105s] -- Up-to-date: /MRTP/MRTP/install/my_package/share/my_package/cmake/my_packageConfig.cmake
[18.110s] -- Up-to-date: /MRTP/MRTP/install/my_package/share/my_package/cmake/my_packageConfig-version.cmake
[18.113s] -- Up-to-date: /MRTP/MRTP/install/my_package/share/my_package/package.xml
[18.116s] Invoked command in '/MRTP/MRTP/build/my_package' returned '0': CMAKE_PREFIX_PATH=${CMAKE_PREFIX_PATH}:/MRTP/MRTP/install/webots_ros2_mavic:/MRTP/MRTP/install/gazeboenvs:/MRTP/MRTP/src/install/webots_ros2:/MRTP/MRTP/src/install/webots_ros2_universal_robot:/MRTP/MRTP/src/install/webots_ros2_turtlebot:/MRTP/MRTP/src/install/webots_ros2_tiago:/MRTP/MRTP/src/install/webots_ros2_tests:/MRTP/MRTP/src/install/webots_ros2_tesla:/MRTP/MRTP/src/install/webots_ros2_mavic:/MRTP/MRTP/src/install/webots_ros2_husarion:/MRTP/MRTP/src/install/webots_ros2_epuck:/MRTP/MRTP/src/install/webots_ros2_crazyflie:/MRTP/MRTP/src/install/webots_ros2_importer:/MRTP/MRTP/src/install/gazeboenvs:/opt/ros/jazzy PS1=(.venv) \[\e]0;\u@\h: \w\a\]${debian_chroot:+($debian_chroot)}\u@\h:\w\$ VIRTUAL_ENV_PROMPT=(.venv) /usr/bin/cmake --install /MRTP/MRTP/build/my_package
