[0.034s] Invoking command in '/MRTP/MRTP/src/build/webots_ros2_control': AMENT_PREFIX_PATH=/MRTP/MRTP/src/install/webots_ros2_driver:/MRTP/MRTP/src/install/webots_ros2_msgs:/MRTP/MRTP/src/install/webots_ros2_importer:${AMENT_PREFIX_PATH} CMAKE_PREFIX_PATH=/MRTP/MRTP/src/install/webots_ros2_driver:/MRTP/MRTP/src/install/webots_ros2_msgs:/opt/ros/jazzy/opt/gz_sim_vendor:/opt/ros/jazzy/opt/gz_sensors_vendor:/opt/ros/jazzy/opt/gz_physics_vendor:/opt/ros/jazzy/opt/sdformat_vendor:/opt/ros/jazzy/opt/gz_gui_vendor:/opt/ros/jazzy/opt/gz_transport_vendor:/opt/ros/jazzy/opt/gz_rendering_vendor:/opt/ros/jazzy/opt/gz_plugin_vendor:/opt/ros/jazzy/opt/gz_fuel_tools_vendor:/opt/ros/jazzy/opt/gz_msgs_vendor:/opt/ros/jazzy/opt/gz_common_vendor:/opt/ros/jazzy/opt/gz_math_vendor:/opt/ros/jazzy/opt/gz_utils_vendor:/opt/ros/jazzy/opt/gz_tools_vendor:/opt/ros/jazzy/opt/gz_ogre_next_vendor:/opt/ros/jazzy/opt/gz_dartsim_vendor:/opt/ros/jazzy/opt/gz_cmake_vendor:/opt/ros/jazzy LD_LIBRARY_PATH=/MRTP/MRTP/src/install/webots_ros2_driver/lib:/MRTP/MRTP/src/install/webots_ros2_msgs/lib:${LD_LIBRARY_PATH} PS1=(.venv) \[\e]0;\u@\h: \w\a\]${debian_chroot:+($debian_chroot)}\u@\h:\w\$ PYTHONPATH=/MRTP/MRTP/src/install/webots_ros2_driver/lib/python3.12/site-packages:/MRTP/MRTP/src/install/webots_ros2_msgs/lib/python3.12/site-packages:/MRTP/MRTP/src/build/webots_ros2_importer:/MRTP/MRTP/src/install/webots_ros2_importer/lib/python3.12/site-packages:${PYTHONPATH} VIRTUAL_ENV_PROMPT=(.venv) /usr/bin/cmake --build /MRTP/MRTP/src/build/webots_ros2_control -- -j12 -l12
[0.294s] [ 50%] Built target webots_ros2_control_system
[0.295s] [100%] Built target webots_ros2_control
[0.428s] Invoked command in '/MRTP/MRTP/src/build/webots_ros2_control' returned '0': AMENT_PREFIX_PATH=/MRTP/MRTP/src/install/webots_ros2_driver:/MRTP/MRTP/src/install/webots_ros2_msgs:/MRTP/MRTP/src/install/webots_ros2_importer:${AMENT_PREFIX_PATH} CMAKE_PREFIX_PATH=/MRTP/MRTP/src/install/webots_ros2_driver:/MRTP/MRTP/src/install/webots_ros2_msgs:/opt/ros/jazzy/opt/gz_sim_vendor:/opt/ros/jazzy/opt/gz_sensors_vendor:/opt/ros/jazzy/opt/gz_physics_vendor:/opt/ros/jazzy/opt/sdformat_vendor:/opt/ros/jazzy/opt/gz_gui_vendor:/opt/ros/jazzy/opt/gz_transport_vendor:/opt/ros/jazzy/opt/gz_rendering_vendor:/opt/ros/jazzy/opt/gz_plugin_vendor:/opt/ros/jazzy/opt/gz_fuel_tools_vendor:/opt/ros/jazzy/opt/gz_msgs_vendor:/opt/ros/jazzy/opt/gz_common_vendor:/opt/ros/jazzy/opt/gz_math_vendor:/opt/ros/jazzy/opt/gz_utils_vendor:/opt/ros/jazzy/opt/gz_tools_vendor:/opt/ros/jazzy/opt/gz_ogre_next_vendor:/opt/ros/jazzy/opt/gz_dartsim_vendor:/opt/ros/jazzy/opt/gz_cmake_vendor:/opt/ros/jazzy LD_LIBRARY_PATH=/MRTP/MRTP/src/install/webots_ros2_driver/lib:/MRTP/MRTP/src/install/webots_ros2_msgs/lib:${LD_LIBRARY_PATH} PS1=(.venv) \[\e]0;\u@\h: \w\a\]${debian_chroot:+($debian_chroot)}\u@\h:\w\$ PYTHONPATH=/MRTP/MRTP/src/install/webots_ros2_driver/lib/python3.12/site-packages:/MRTP/MRTP/src/install/webots_ros2_msgs/lib/python3.12/site-packages:/MRTP/MRTP/src/build/webots_ros2_importer:/MRTP/MRTP/src/install/webots_ros2_importer/lib/python3.12/site-packages:${PYTHONPATH} VIRTUAL_ENV_PROMPT=(.venv) /usr/bin/cmake --build /MRTP/MRTP/src/build/webots_ros2_control -- -j12 -l12
[0.430s] Invoking command in '/MRTP/MRTP/src/build/webots_ros2_control': AMENT_PREFIX_PATH=/MRTP/MRTP/src/install/webots_ros2_driver:/MRTP/MRTP/src/install/webots_ros2_msgs:/MRTP/MRTP/src/install/webots_ros2_importer:${AMENT_PREFIX_PATH} CMAKE_PREFIX_PATH=/MRTP/MRTP/src/install/webots_ros2_driver:/MRTP/MRTP/src/install/webots_ros2_msgs:/opt/ros/jazzy/opt/gz_sim_vendor:/opt/ros/jazzy/opt/gz_sensors_vendor:/opt/ros/jazzy/opt/gz_physics_vendor:/opt/ros/jazzy/opt/sdformat_vendor:/opt/ros/jazzy/opt/gz_gui_vendor:/opt/ros/jazzy/opt/gz_transport_vendor:/opt/ros/jazzy/opt/gz_rendering_vendor:/opt/ros/jazzy/opt/gz_plugin_vendor:/opt/ros/jazzy/opt/gz_fuel_tools_vendor:/opt/ros/jazzy/opt/gz_msgs_vendor:/opt/ros/jazzy/opt/gz_common_vendor:/opt/ros/jazzy/opt/gz_math_vendor:/opt/ros/jazzy/opt/gz_utils_vendor:/opt/ros/jazzy/opt/gz_tools_vendor:/opt/ros/jazzy/opt/gz_ogre_next_vendor:/opt/ros/jazzy/opt/gz_dartsim_vendor:/opt/ros/jazzy/opt/gz_cmake_vendor:/opt/ros/jazzy LD_LIBRARY_PATH=/MRTP/MRTP/src/install/webots_ros2_driver/lib:/MRTP/MRTP/src/install/webots_ros2_msgs/lib:${LD_LIBRARY_PATH} PS1=(.venv) \[\e]0;\u@\h: \w\a\]${debian_chroot:+($debian_chroot)}\u@\h:\w\$ PYTHONPATH=/MRTP/MRTP/src/install/webots_ros2_driver/lib/python3.12/site-packages:/MRTP/MRTP/src/install/webots_ros2_msgs/lib/python3.12/site-packages:/MRTP/MRTP/src/build/webots_ros2_importer:/MRTP/MRTP/src/install/webots_ros2_importer/lib/python3.12/site-packages:${PYTHONPATH} VIRTUAL_ENV_PROMPT=(.venv) /usr/bin/cmake --install /MRTP/MRTP/src/build/webots_ros2_control
[0.443s] -- Install configuration: ""
[0.444s] -- Execute custom install script
[0.446s] -- Up-to-date symlink: /MRTP/MRTP/src/install/webots_ros2_control/share/webots_ros2_control//webots_ros2_control.xml
[0.446s] -- Up-to-date symlink: /MRTP/MRTP/src/install/webots_ros2_control/share/webots_ros2_control//webots_ros2_control_system.xml
[0.447s] -- Up-to-date symlink: /MRTP/MRTP/src/install/webots_ros2_control/lib/libwebots_ros2_control.so
[0.448s] -- Up-to-date symlink: /MRTP/MRTP/src/install/webots_ros2_control/lib/libwebots_ros2_control_system.so
[0.450s] -- Up-to-date symlink: /MRTP/MRTP/src/install/webots_ros2_control/include/webots_ros2_control/Ros2Control.hpp
[0.451s] -- Up-to-date symlink: /MRTP/MRTP/src/install/webots_ros2_control/include/webots_ros2_control/Ros2ControlSystem.hpp
[0.452s] -- Up-to-date symlink: /MRTP/MRTP/src/install/webots_ros2_control/include/webots_ros2_control/Ros2ControlSystemInterface.hpp
[0.453s] -- Up-to-date symlink: /MRTP/MRTP/src/install/webots_ros2_control/share/webots_ros2_control/environment/library_path.sh
[0.454s] -- Up-to-date symlink: /MRTP/MRTP/src/install/webots_ros2_control/share/webots_ros2_control/environment/library_path.dsv
[0.454s] -- Up-to-date symlink: /MRTP/MRTP/src/install/webots_ros2_control/share/ament_index/resource_index/package_run_dependencies/webots_ros2_control
[0.455s] -- Up-to-date symlink: /MRTP/MRTP/src/install/webots_ros2_control/share/ament_index/resource_index/parent_prefix_path/webots_ros2_control
[0.456s] -- Up-to-date symlink: /MRTP/MRTP/src/install/webots_ros2_control/share/webots_ros2_control/environment/ament_prefix_path.sh
[0.457s] -- Up-to-date symlink: /MRTP/MRTP/src/install/webots_ros2_control/share/webots_ros2_control/environment/ament_prefix_path.dsv
[0.458s] -- Up-to-date symlink: /MRTP/MRTP/src/install/webots_ros2_control/share/webots_ros2_control/environment/path.sh
[0.458s] -- Up-to-date symlink: /MRTP/MRTP/src/install/webots_ros2_control/share/webots_ros2_control/environment/path.dsv
[0.459s] -- Up-to-date symlink: /MRTP/MRTP/src/install/webots_ros2_control/share/webots_ros2_control/local_setup.bash
[0.459s] -- Up-to-date symlink: /MRTP/MRTP/src/install/webots_ros2_control/share/webots_ros2_control/local_setup.sh
[0.460s] -- Up-to-date symlink: /MRTP/MRTP/src/install/webots_ros2_control/share/webots_ros2_control/local_setup.zsh
[0.460s] -- Up-to-date symlink: /MRTP/MRTP/src/install/webots_ros2_control/share/webots_ros2_control/local_setup.dsv
[0.461s] -- Symlinking: /MRTP/MRTP/src/install/webots_ros2_control/share/webots_ros2_control/package.dsv
[0.472s] -- Up-to-date symlink: /MRTP/MRTP/src/install/webots_ros2_control/share/ament_index/resource_index/packages/webots_ros2_control
[0.472s] -- Up-to-date symlink: /MRTP/MRTP/src/install/webots_ros2_control/share/ament_index/resource_index/webots_ros2_driver__pluginlib__plugin/webots_ros2_control
[0.473s] -- Up-to-date symlink: /MRTP/MRTP/src/install/webots_ros2_control/share/ament_index/resource_index/webots_ros2_control__pluginlib__plugin/webots_ros2_control
[0.473s] -- Up-to-date symlink: /MRTP/MRTP/src/install/webots_ros2_control/share/webots_ros2_control/cmake/ament_cmake_export_include_directories-extras.cmake
[0.474s] -- Up-to-date symlink: /MRTP/MRTP/src/install/webots_ros2_control/share/webots_ros2_control/cmake/ament_cmake_export_dependencies-extras.cmake
[0.474s] -- Up-to-date symlink: /MRTP/MRTP/src/install/webots_ros2_control/share/webots_ros2_control/cmake/ament_cmake_export_libraries-extras.cmake
[0.475s] -- Up-to-date symlink: /MRTP/MRTP/src/install/webots_ros2_control/share/webots_ros2_control/cmake/webots_ros2_controlConfig.cmake
[0.475s] -- Up-to-date symlink: /MRTP/MRTP/src/install/webots_ros2_control/share/webots_ros2_control/cmake/webots_ros2_controlConfig-version.cmake
[0.475s] -- Up-to-date symlink: /MRTP/MRTP/src/install/webots_ros2_control/share/webots_ros2_control/package.xml
[0.477s] Invoked command in '/MRTP/MRTP/src/build/webots_ros2_control' returned '0': AMENT_PREFIX_PATH=/MRTP/MRTP/src/install/webots_ros2_driver:/MRTP/MRTP/src/install/webots_ros2_msgs:/MRTP/MRTP/src/install/webots_ros2_importer:${AMENT_PREFIX_PATH} CMAKE_PREFIX_PATH=/MRTP/MRTP/src/install/webots_ros2_driver:/MRTP/MRTP/src/install/webots_ros2_msgs:/opt/ros/jazzy/opt/gz_sim_vendor:/opt/ros/jazzy/opt/gz_sensors_vendor:/opt/ros/jazzy/opt/gz_physics_vendor:/opt/ros/jazzy/opt/sdformat_vendor:/opt/ros/jazzy/opt/gz_gui_vendor:/opt/ros/jazzy/opt/gz_transport_vendor:/opt/ros/jazzy/opt/gz_rendering_vendor:/opt/ros/jazzy/opt/gz_plugin_vendor:/opt/ros/jazzy/opt/gz_fuel_tools_vendor:/opt/ros/jazzy/opt/gz_msgs_vendor:/opt/ros/jazzy/opt/gz_common_vendor:/opt/ros/jazzy/opt/gz_math_vendor:/opt/ros/jazzy/opt/gz_utils_vendor:/opt/ros/jazzy/opt/gz_tools_vendor:/opt/ros/jazzy/opt/gz_ogre_next_vendor:/opt/ros/jazzy/opt/gz_dartsim_vendor:/opt/ros/jazzy/opt/gz_cmake_vendor:/opt/ros/jazzy LD_LIBRARY_PATH=/MRTP/MRTP/src/install/webots_ros2_driver/lib:/MRTP/MRTP/src/install/webots_ros2_msgs/lib:${LD_LIBRARY_PATH} PS1=(.venv) \[\e]0;\u@\h: \w\a\]${debian_chroot:+($debian_chroot)}\u@\h:\w\$ PYTHONPATH=/MRTP/MRTP/src/install/webots_ros2_driver/lib/python3.12/site-packages:/MRTP/MRTP/src/install/webots_ros2_msgs/lib/python3.12/site-packages:/MRTP/MRTP/src/build/webots_ros2_importer:/MRTP/MRTP/src/install/webots_ros2_importer/lib/python3.12/site-packages:${PYTHONPATH} VIRTUAL_ENV_PROMPT=(.venv) /usr/bin/cmake --install /MRTP/MRTP/src/build/webots_ros2_control
