[0.017s] Invoking command in '/MRTP/MRTP/src/build/webots_ros2_driver': AMENT_PREFIX_PATH=/MRTP/MRTP/src/install/webots_ros2_importer:/MRTP/MRTP/src/install/webots_ros2:/MRTP/MRTP/src/install/webots_ros2_universal_robot:/MRTP/MRTP/src/install/webots_ros2_turtlebot:/MRTP/MRTP/src/install/webots_ros2_tiago:/MRTP/MRTP/src/install/webots_ros2_tests:/MRTP/MRTP/src/install/webots_ros2_tesla:/MRTP/MRTP/src/install/webots_ros2_mavic:/MRTP/MRTP/src/install/webots_ros2_husarion:/MRTP/MRTP/src/install/webots_ros2_epuck:/MRTP/MRTP/src/install/webots_ros2_crazyflie:/MRTP/MRTP/src/install/webots_ros2_control:/MRTP/MRTP/src/install/my_package:/MRTP/MRTP/src/install/webots_ros2_driver:/MRTP/MRTP/src/install/webots_ros2_msgs:/MRTP/MRTP/src/install/gazeboenvs:/opt/ros/jazzy CMAKE_PREFIX_PATH=/MRTP/MRTP/src/install/webots_ros2_msgs:/MRTP/MRTP/src/install/webots_ros2_control:/MRTP/MRTP/src/install/my_package:/MRTP/MRTP/src/install/webots_ros2_driver:/opt/ros/jazzy/opt/gz_sim_vendor:/opt/ros/jazzy/opt/gz_sensors_vendor:/opt/ros/jazzy/opt/gz_physics_vendor:/opt/ros/jazzy/opt/sdformat_vendor:/opt/ros/jazzy/opt/gz_gui_vendor:/opt/ros/jazzy/opt/gz_transport_vendor:/opt/ros/jazzy/opt/gz_rendering_vendor:/opt/ros/jazzy/opt/gz_plugin_vendor:/opt/ros/jazzy/opt/gz_fuel_tools_vendor:/opt/ros/jazzy/opt/gz_msgs_vendor:/opt/ros/jazzy/opt/gz_common_vendor:/opt/ros/jazzy/opt/gz_math_vendor:/opt/ros/jazzy/opt/gz_utils_vendor:/opt/ros/jazzy/opt/gz_tools_vendor:/opt/ros/jazzy/opt/gz_ogre_next_vendor:/opt/ros/jazzy/opt/gz_dartsim_vendor:/opt/ros/jazzy/opt/gz_cmake_vendor:/MRTP/MRTP/src/install/webots_ros2:/MRTP/MRTP/src/install/webots_ros2_universal_robot:/MRTP/MRTP/src/install/webots_ros2_turtlebot:/MRTP/MRTP/src/install/webots_ros2_tiago:/MRTP/MRTP/src/install/webots_ros2_tests:/MRTP/MRTP/src/install/webots_ros2_tesla:/MRTP/MRTP/src/install/webots_ros2_mavic:/MRTP/MRTP/src/install/webots_ros2_husarion:/MRTP/MRTP/src/install/webots_ros2_epuck:/MRTP/MRTP/src/install/webots_ros2_crazyflie:/MRTP/MRTP/src/install/webots_ros2_importer:/MRTP/MRTP/src/install/gazeboenvs:/opt/ros/jazzy LD_LIBRARY_PATH=/MRTP/MRTP/src/install/webots_ros2_msgs/lib:/MRTP/MRTP/src/install/webots_ros2_control/lib:/MRTP/MRTP/src/install/my_package/lib:/MRTP/MRTP/src/install/webots_ros2_driver/lib:/opt/ros/jazzy/opt/gz_sim_vendor/lib:/opt/ros/jazzy/opt/gz_sensors_vendor/lib:/opt/ros/jazzy/opt/gz_physics_vendor/lib:/opt/ros/jazzy/opt/sdformat_vendor/lib:/opt/ros/jazzy/opt/rviz_ogre_vendor/lib:/opt/ros/jazzy/lib/aarch64-linux-gnu:/opt/ros/jazzy/opt/gz_gui_vendor/lib:/opt/ros/jazzy/opt/gz_transport_vendor/lib:/opt/ros/jazzy/opt/gz_rendering_vendor/lib:/opt/ros/jazzy/opt/gz_plugin_vendor/lib:/opt/ros/jazzy/opt/gz_fuel_tools_vendor/lib:/opt/ros/jazzy/opt/gz_msgs_vendor/lib:/opt/ros/jazzy/opt/gz_common_vendor/lib:/opt/ros/jazzy/opt/gz_math_vendor/lib:/opt/ros/jazzy/opt/gz_utils_vendor/lib:/opt/ros/jazzy/opt/gz_tools_vendor/lib:/opt/ros/jazzy/opt/gz_ogre_next_vendor/lib:/opt/ros/jazzy/opt/gz_dartsim_vendor/lib:/opt/ros/jazzy/opt/gz_cmake_vendor/lib:/opt/ros/jazzy/lib PS1=(.venv) \[\e]0;\u@\h: \w\a\]${debian_chroot:+($debian_chroot)}\u@\h:\w\$ PYTHONPATH=/MRTP/MRTP/src/install/webots_ros2_msgs/lib/python3.12/site-packages:/MRTP/MRTP/src/build/webots_ros2_importer:/MRTP/MRTP/src/install/webots_ros2_importer/lib/python3.12/site-packages:/MRTP/MRTP/src/build/webots_ros2:/MRTP/MRTP/src/install/webots_ros2/lib/python3.12/site-packages:/MRTP/MRTP/src/build/webots_ros2_universal_robot:/MRTP/MRTP/src/install/webots_ros2_universal_robot/lib/python3.12/site-packages:/MRTP/MRTP/src/build/webots_ros2_turtlebot:/MRTP/MRTP/src/install/webots_ros2_turtlebot/lib/python3.12/site-packages:/MRTP/MRTP/src/build/webots_ros2_tiago:/MRTP/MRTP/src/install/webots_ros2_tiago/lib/python3.12/site-packages:/MRTP/MRTP/src/build/webots_ros2_tests:/MRTP/MRTP/src/install/webots_ros2_tests/lib/python3.12/site-packages:/MRTP/MRTP/src/build/webots_ros2_tesla:/MRTP/MRTP/src/install/webots_ros2_tesla/lib/python3.12/site-packages:/MRTP/MRTP/src/build/webots_ros2_mavic:/MRTP/MRTP/src/install/webots_ros2_mavic/lib/python3.12/site-packages:/MRTP/MRTP/src/build/webots_ros2_husarion:/MRTP/MRTP/src/install/webots_ros2_husarion/lib/python3.12/site-packages:/MRTP/MRTP/src/build/webots_ros2_epuck:/MRTP/MRTP/src/install/webots_ros2_epuck/lib/python3.12/site-packages:/MRTP/MRTP/src/build/webots_ros2_crazyflie:/MRTP/MRTP/src/install/webots_ros2_crazyflie/lib/python3.12/site-packages:/MRTP/MRTP/src/install/my_package/lib/python3.12/site-packages:/MRTP/MRTP/src/install/webots_ros2_driver/lib/python3.12/site-packages:/MRTP/MRTP/src/build/gazeboenvs:/MRTP/MRTP/src/install/gazeboenvs/lib/python3.12/site-packages:/usr/lib/python3/dist-packages:/opt/ros/jazzy/lib/python3.12/site-packages VIRTUAL_ENV_PROMPT=(.venv) /usr/bin/cmake --build /MRTP/MRTP/src/build/webots_ros2_driver -- -j12 -l12
[0.093s] Using bundled prebuilt Webots controller libraries.
[0.111s] [  0%] Built target compile-lib-controller
[0.112s] [  0%] Built target ament_cmake_python_symlink_webots_ros2_driver
[0.113s] [  0%] Built target ament_cmake_python_symlink_vehicle
[0.113s] [  0%] Built target ament_cmake_python_symlink_controller
[0.178s] Using bundled prebuilt Webots generic robot window library.
[0.179s] Using bundled prebuilt Webots vehicle libraries.
[0.213s] [  0%] Built target compile-generic-window
[0.214s] [  0%] Built target compile-lib-vehicle
[0.286s] [ 29%] Built target webots_ros2_driver_imu
[0.287s] [ 29%] Built target webots_ros2_driver_rgbd
[0.312s] [100%] Built target driver
[0.348s] running egg_info
[0.348s] running egg_info
[0.362s] writing vehicle.egg-info/PKG-INFO
[0.362s] writing dependency_links to vehicle.egg-info/dependency_links.txt
[0.364s] writing top-level names to vehicle.egg-info/top_level.txt
[0.364s] writing controller.egg-info/PKG-INFO
[0.364s] writing dependency_links to controller.egg-info/dependency_links.txt
[0.365s] writing top-level names to controller.egg-info/top_level.txt
[0.373s] running egg_info
[0.389s] writing webots_ros2_driver.egg-info/PKG-INFO
[0.390s] writing dependency_links to webots_ros2_driver.egg-info/dependency_links.txt
[0.390s] writing top-level names to webots_ros2_driver.egg-info/top_level.txt
[0.402s] reading manifest file 'vehicle.egg-info/SOURCES.txt'
[0.407s] writing manifest file 'vehicle.egg-info/SOURCES.txt'
[0.412s] reading manifest file 'controller.egg-info/SOURCES.txt'
[0.427s] writing manifest file 'controller.egg-info/SOURCES.txt'
[0.438s] reading manifest file 'webots_ros2_driver.egg-info/SOURCES.txt'
[0.439s] [100%] Built target ament_cmake_python_build_vehicle_egg
[0.448s] writing manifest file 'webots_ros2_driver.egg-info/SOURCES.txt'
[0.465s] [100%] Built target ament_cmake_python_build_controller_egg
[0.478s] [100%] Built target ament_cmake_python_build_webots_ros2_driver_egg
[0.496s] Invoked command in '/MRTP/MRTP/src/build/webots_ros2_driver' returned '0': AMENT_PREFIX_PATH=/MRTP/MRTP/src/install/webots_ros2_importer:/MRTP/MRTP/src/install/webots_ros2:/MRTP/MRTP/src/install/webots_ros2_universal_robot:/MRTP/MRTP/src/install/webots_ros2_turtlebot:/MRTP/MRTP/src/install/webots_ros2_tiago:/MRTP/MRTP/src/install/webots_ros2_tests:/MRTP/MRTP/src/install/webots_ros2_tesla:/MRTP/MRTP/src/install/webots_ros2_mavic:/MRTP/MRTP/src/install/webots_ros2_husarion:/MRTP/MRTP/src/install/webots_ros2_epuck:/MRTP/MRTP/src/install/webots_ros2_crazyflie:/MRTP/MRTP/src/install/webots_ros2_control:/MRTP/MRTP/src/install/my_package:/MRTP/MRTP/src/install/webots_ros2_driver:/MRTP/MRTP/src/install/webots_ros2_msgs:/MRTP/MRTP/src/install/gazeboenvs:/opt/ros/jazzy CMAKE_PREFIX_PATH=/MRTP/MRTP/src/install/webots_ros2_msgs:/MRTP/MRTP/src/install/webots_ros2_control:/MRTP/MRTP/src/install/my_package:/MRTP/MRTP/src/install/webots_ros2_driver:/opt/ros/jazzy/opt/gz_sim_vendor:/opt/ros/jazzy/opt/gz_sensors_vendor:/opt/ros/jazzy/opt/gz_physics_vendor:/opt/ros/jazzy/opt/sdformat_vendor:/opt/ros/jazzy/opt/gz_gui_vendor:/opt/ros/jazzy/opt/gz_transport_vendor:/opt/ros/jazzy/opt/gz_rendering_vendor:/opt/ros/jazzy/opt/gz_plugin_vendor:/opt/ros/jazzy/opt/gz_fuel_tools_vendor:/opt/ros/jazzy/opt/gz_msgs_vendor:/opt/ros/jazzy/opt/gz_common_vendor:/opt/ros/jazzy/opt/gz_math_vendor:/opt/ros/jazzy/opt/gz_utils_vendor:/opt/ros/jazzy/opt/gz_tools_vendor:/opt/ros/jazzy/opt/gz_ogre_next_vendor:/opt/ros/jazzy/opt/gz_dartsim_vendor:/opt/ros/jazzy/opt/gz_cmake_vendor:/MRTP/MRTP/src/install/webots_ros2:/MRTP/MRTP/src/install/webots_ros2_universal_robot:/MRTP/MRTP/src/install/webots_ros2_turtlebot:/MRTP/MRTP/src/install/webots_ros2_tiago:/MRTP/MRTP/src/install/webots_ros2_tests:/MRTP/MRTP/src/install/webots_ros2_tesla:/MRTP/MRTP/src/install/webots_ros2_mavic:/MRTP/MRTP/src/install/webots_ros2_husarion:/MRTP/MRTP/src/install/webots_ros2_epuck:/MRTP/MRTP/src/install/webots_ros2_crazyflie:/MRTP/MRTP/src/install/webots_ros2_importer:/MRTP/MRTP/src/install/gazeboenvs:/opt/ros/jazzy LD_LIBRARY_PATH=/MRTP/MRTP/src/install/webots_ros2_msgs/lib:/MRTP/MRTP/src/install/webots_ros2_control/lib:/MRTP/MRTP/src/install/my_package/lib:/MRTP/MRTP/src/install/webots_ros2_driver/lib:/opt/ros/jazzy/opt/gz_sim_vendor/lib:/opt/ros/jazzy/opt/gz_sensors_vendor/lib:/opt/ros/jazzy/opt/gz_physics_vendor/lib:/opt/ros/jazzy/opt/sdformat_vendor/lib:/opt/ros/jazzy/opt/rviz_ogre_vendor/lib:/opt/ros/jazzy/lib/aarch64-linux-gnu:/opt/ros/jazzy/opt/gz_gui_vendor/lib:/opt/ros/jazzy/opt/gz_transport_vendor/lib:/opt/ros/jazzy/opt/gz_rendering_vendor/lib:/opt/ros/jazzy/opt/gz_plugin_vendor/lib:/opt/ros/jazzy/opt/gz_fuel_tools_vendor/lib:/opt/ros/jazzy/opt/gz_msgs_vendor/lib:/opt/ros/jazzy/opt/gz_common_vendor/lib:/opt/ros/jazzy/opt/gz_math_vendor/lib:/opt/ros/jazzy/opt/gz_utils_vendor/lib:/opt/ros/jazzy/opt/gz_tools_vendor/lib:/opt/ros/jazzy/opt/gz_ogre_next_vendor/lib:/opt/ros/jazzy/opt/gz_dartsim_vendor/lib:/opt/ros/jazzy/opt/gz_cmake_vendor/lib:/opt/ros/jazzy/lib PS1=(.venv) \[\e]0;\u@\h: \w\a\]${debian_chroot:+($debian_chroot)}\u@\h:\w\$ PYTHONPATH=/MRTP/MRTP/src/install/webots_ros2_msgs/lib/python3.12/site-packages:/MRTP/MRTP/src/build/webots_ros2_importer:/MRTP/MRTP/src/install/webots_ros2_importer/lib/python3.12/site-packages:/MRTP/MRTP/src/build/webots_ros2:/MRTP/MRTP/src/install/webots_ros2/lib/python3.12/site-packages:/MRTP/MRTP/src/build/webots_ros2_universal_robot:/MRTP/MRTP/src/install/webots_ros2_universal_robot/lib/python3.12/site-packages:/MRTP/MRTP/src/build/webots_ros2_turtlebot:/MRTP/MRTP/src/install/webots_ros2_turtlebot/lib/python3.12/site-packages:/MRTP/MRTP/src/build/webots_ros2_tiago:/MRTP/MRTP/src/install/webots_ros2_tiago/lib/python3.12/site-packages:/MRTP/MRTP/src/build/webots_ros2_tests:/MRTP/MRTP/src/install/webots_ros2_tests/lib/python3.12/site-packages:/MRTP/MRTP/src/build/webots_ros2_tesla:/MRTP/MRTP/src/install/webots_ros2_tesla/lib/python3.12/site-packages:/MRTP/MRTP/src/build/webots_ros2_mavic:/MRTP/MRTP/src/install/webots_ros2_mavic/lib/python3.12/site-packages:/MRTP/MRTP/src/build/webots_ros2_husarion:/MRTP/MRTP/src/install/webots_ros2_husarion/lib/python3.12/site-packages:/MRTP/MRTP/src/build/webots_ros2_epuck:/MRTP/MRTP/src/install/webots_ros2_epuck/lib/python3.12/site-packages:/MRTP/MRTP/src/build/webots_ros2_crazyflie:/MRTP/MRTP/src/install/webots_ros2_crazyflie/lib/python3.12/site-packages:/MRTP/MRTP/src/install/my_package/lib/python3.12/site-packages:/MRTP/MRTP/src/install/webots_ros2_driver/lib/python3.12/site-packages:/MRTP/MRTP/src/build/gazeboenvs:/MRTP/MRTP/src/install/gazeboenvs/lib/python3.12/site-packages:/usr/lib/python3/dist-packages:/opt/ros/jazzy/lib/python3.12/site-packages VIRTUAL_ENV_PROMPT=(.venv) /usr/bin/cmake --build /MRTP/MRTP/src/build/webots_ros2_driver -- -j12 -l12
[0.498s] Invoking command in '/MRTP/MRTP/src/build/webots_ros2_driver': AMENT_PREFIX_PATH=/MRTP/MRTP/src/install/webots_ros2_importer:/MRTP/MRTP/src/install/webots_ros2:/MRTP/MRTP/src/install/webots_ros2_universal_robot:/MRTP/MRTP/src/install/webots_ros2_turtlebot:/MRTP/MRTP/src/install/webots_ros2_tiago:/MRTP/MRTP/src/install/webots_ros2_tests:/MRTP/MRTP/src/install/webots_ros2_tesla:/MRTP/MRTP/src/install/webots_ros2_mavic:/MRTP/MRTP/src/install/webots_ros2_husarion:/MRTP/MRTP/src/install/webots_ros2_epuck:/MRTP/MRTP/src/install/webots_ros2_crazyflie:/MRTP/MRTP/src/install/webots_ros2_control:/MRTP/MRTP/src/install/my_package:/MRTP/MRTP/src/install/webots_ros2_driver:/MRTP/MRTP/src/install/webots_ros2_msgs:/MRTP/MRTP/src/install/gazeboenvs:/opt/ros/jazzy CMAKE_PREFIX_PATH=/MRTP/MRTP/src/install/webots_ros2_msgs:/MRTP/MRTP/src/install/webots_ros2_control:/MRTP/MRTP/src/install/my_package:/MRTP/MRTP/src/install/webots_ros2_driver:/opt/ros/jazzy/opt/gz_sim_vendor:/opt/ros/jazzy/opt/gz_sensors_vendor:/opt/ros/jazzy/opt/gz_physics_vendor:/opt/ros/jazzy/opt/sdformat_vendor:/opt/ros/jazzy/opt/gz_gui_vendor:/opt/ros/jazzy/opt/gz_transport_vendor:/opt/ros/jazzy/opt/gz_rendering_vendor:/opt/ros/jazzy/opt/gz_plugin_vendor:/opt/ros/jazzy/opt/gz_fuel_tools_vendor:/opt/ros/jazzy/opt/gz_msgs_vendor:/opt/ros/jazzy/opt/gz_common_vendor:/opt/ros/jazzy/opt/gz_math_vendor:/opt/ros/jazzy/opt/gz_utils_vendor:/opt/ros/jazzy/opt/gz_tools_vendor:/opt/ros/jazzy/opt/gz_ogre_next_vendor:/opt/ros/jazzy/opt/gz_dartsim_vendor:/opt/ros/jazzy/opt/gz_cmake_vendor:/MRTP/MRTP/src/install/webots_ros2:/MRTP/MRTP/src/install/webots_ros2_universal_robot:/MRTP/MRTP/src/install/webots_ros2_turtlebot:/MRTP/MRTP/src/install/webots_ros2_tiago:/MRTP/MRTP/src/install/webots_ros2_tests:/MRTP/MRTP/src/install/webots_ros2_tesla:/MRTP/MRTP/src/install/webots_ros2_mavic:/MRTP/MRTP/src/install/webots_ros2_husarion:/MRTP/MRTP/src/install/webots_ros2_epuck:/MRTP/MRTP/src/install/webots_ros2_crazyflie:/MRTP/MRTP/src/install/webots_ros2_importer:/MRTP/MRTP/src/install/gazeboenvs:/opt/ros/jazzy LD_LIBRARY_PATH=/MRTP/MRTP/src/install/webots_ros2_msgs/lib:/MRTP/MRTP/src/install/webots_ros2_control/lib:/MRTP/MRTP/src/install/my_package/lib:/MRTP/MRTP/src/install/webots_ros2_driver/lib:/opt/ros/jazzy/opt/gz_sim_vendor/lib:/opt/ros/jazzy/opt/gz_sensors_vendor/lib:/opt/ros/jazzy/opt/gz_physics_vendor/lib:/opt/ros/jazzy/opt/sdformat_vendor/lib:/opt/ros/jazzy/opt/rviz_ogre_vendor/lib:/opt/ros/jazzy/lib/aarch64-linux-gnu:/opt/ros/jazzy/opt/gz_gui_vendor/lib:/opt/ros/jazzy/opt/gz_transport_vendor/lib:/opt/ros/jazzy/opt/gz_rendering_vendor/lib:/opt/ros/jazzy/opt/gz_plugin_vendor/lib:/opt/ros/jazzy/opt/gz_fuel_tools_vendor/lib:/opt/ros/jazzy/opt/gz_msgs_vendor/lib:/opt/ros/jazzy/opt/gz_common_vendor/lib:/opt/ros/jazzy/opt/gz_math_vendor/lib:/opt/ros/jazzy/opt/gz_utils_vendor/lib:/opt/ros/jazzy/opt/gz_tools_vendor/lib:/opt/ros/jazzy/opt/gz_ogre_next_vendor/lib:/opt/ros/jazzy/opt/gz_dartsim_vendor/lib:/opt/ros/jazzy/opt/gz_cmake_vendor/lib:/opt/ros/jazzy/lib PS1=(.venv) \[\e]0;\u@\h: \w\a\]${debian_chroot:+($debian_chroot)}\u@\h:\w\$ PYTHONPATH=/MRTP/MRTP/src/install/webots_ros2_msgs/lib/python3.12/site-packages:/MRTP/MRTP/src/build/webots_ros2_importer:/MRTP/MRTP/src/install/webots_ros2_importer/lib/python3.12/site-packages:/MRTP/MRTP/src/build/webots_ros2:/MRTP/MRTP/src/install/webots_ros2/lib/python3.12/site-packages:/MRTP/MRTP/src/build/webots_ros2_universal_robot:/MRTP/MRTP/src/install/webots_ros2_universal_robot/lib/python3.12/site-packages:/MRTP/MRTP/src/build/webots_ros2_turtlebot:/MRTP/MRTP/src/install/webots_ros2_turtlebot/lib/python3.12/site-packages:/MRTP/MRTP/src/build/webots_ros2_tiago:/MRTP/MRTP/src/install/webots_ros2_tiago/lib/python3.12/site-packages:/MRTP/MRTP/src/build/webots_ros2_tests:/MRTP/MRTP/src/install/webots_ros2_tests/lib/python3.12/site-packages:/MRTP/MRTP/src/build/webots_ros2_tesla:/MRTP/MRTP/src/install/webots_ros2_tesla/lib/python3.12/site-packages:/MRTP/MRTP/src/build/webots_ros2_mavic:/MRTP/MRTP/src/install/webots_ros2_mavic/lib/python3.12/site-packages:/MRTP/MRTP/src/build/webots_ros2_husarion:/MRTP/MRTP/src/install/webots_ros2_husarion/lib/python3.12/site-packages:/MRTP/MRTP/src/build/webots_ros2_epuck:/MRTP/MRTP/src/install/webots_ros2_epuck/lib/python3.12/site-packages:/MRTP/MRTP/src/build/webots_ros2_crazyflie:/MRTP/MRTP/src/install/webots_ros2_crazyflie/lib/python3.12/site-packages:/MRTP/MRTP/src/install/my_package/lib/python3.12/site-packages:/MRTP/MRTP/src/install/webots_ros2_driver/lib/python3.12/site-packages:/MRTP/MRTP/src/build/gazeboenvs:/MRTP/MRTP/src/install/gazeboenvs/lib/python3.12/site-packages:/usr/lib/python3/dist-packages:/opt/ros/jazzy/lib/python3.12/site-packages VIRTUAL_ENV_PROMPT=(.venv) /usr/bin/cmake --install /MRTP/MRTP/src/build/webots_ros2_driver
[0.513s] -- Install configuration: ""
[0.513s] -- Execute custom install script
[0.514s] -- Up-to-date symlink: /MRTP/MRTP/src/install/webots_ros2_driver/share/webots_ros2_driver/environment/pythonpath.sh
[0.514s] -- Up-to-date symlink: /MRTP/MRTP/src/install/webots_ros2_driver/share/webots_ros2_driver/environment/pythonpath.dsv
[0.515s] -- Up-to-date symlink: /MRTP/MRTP/src/install/webots_ros2_driver/lib/python3.12/site-packages/controller-2025.0.1-py3.12.egg-info/PKG-INFO
[0.515s] -- Up-to-date symlink: /MRTP/MRTP/src/install/webots_ros2_driver/lib/python3.12/site-packages/controller-2025.0.1-py3.12.egg-info/SOURCES.txt
[0.516s] -- Up-to-date symlink: /MRTP/MRTP/src/install/webots_ros2_driver/lib/python3.12/site-packages/controller-2025.0.1-py3.12.egg-info/dependency_links.txt
[0.516s] -- Up-to-date symlink: /MRTP/MRTP/src/install/webots_ros2_driver/lib/python3.12/site-packages/controller-2025.0.1-py3.12.egg-info/top_level.txt
[0.517s] -- Up-to-date symlink: /MRTP/MRTP/src/install/webots_ros2_driver/lib/python3.12/site-packages/controller/__init__.py
[0.518s] -- Up-to-date symlink: /MRTP/MRTP/src/install/webots_ros2_driver/lib/python3.12/site-packages/controller/accelerometer.py
[0.518s] -- Up-to-date symlink: /MRTP/MRTP/src/install/webots_ros2_driver/lib/python3.12/site-packages/controller/altimeter.py
[0.518s] -- Up-to-date symlink: /MRTP/MRTP/src/install/webots_ros2_driver/lib/python3.12/site-packages/controller/ansi_codes.py
[0.519s] -- Up-to-date symlink: /MRTP/MRTP/src/install/webots_ros2_driver/lib/python3.12/site-packages/controller/brake.py
[0.519s] -- Up-to-date symlink: /MRTP/MRTP/src/install/webots_ros2_driver/lib/python3.12/site-packages/controller/camera.py
[0.519s] -- Up-to-date symlink: /MRTP/MRTP/src/install/webots_ros2_driver/lib/python3.12/site-packages/controller/compass.py
[0.520s] -- Up-to-date symlink: /MRTP/MRTP/src/install/webots_ros2_driver/lib/python3.12/site-packages/controller/connector.py
[0.520s] -- Up-to-date symlink: /MRTP/MRTP/src/install/webots_ros2_driver/lib/python3.12/site-packages/controller/constants.py
[0.520s] -- Up-to-date symlink: /MRTP/MRTP/src/install/webots_ros2_driver/lib/python3.12/site-packages/controller/device.py
[0.520s] -- Up-to-date symlink: /MRTP/MRTP/src/install/webots_ros2_driver/lib/python3.12/site-packages/controller/display.py
[0.521s] -- Up-to-date symlink: /MRTP/MRTP/src/install/webots_ros2_driver/lib/python3.12/site-packages/controller/distance_sensor.py
[0.521s] -- Up-to-date symlink: /MRTP/MRTP/src/install/webots_ros2_driver/lib/python3.12/site-packages/controller/emitter.py
[0.521s] -- Up-to-date symlink: /MRTP/MRTP/src/install/webots_ros2_driver/lib/python3.12/site-packages/controller/field.py
[0.522s] -- Up-to-date symlink: /MRTP/MRTP/src/install/webots_ros2_driver/lib/python3.12/site-packages/controller/gps.py
[0.522s] -- Up-to-date symlink: /MRTP/MRTP/src/install/webots_ros2_driver/lib/python3.12/site-packages/controller/gyro.py
[0.522s] -- Up-to-date symlink: /MRTP/MRTP/src/install/webots_ros2_driver/lib/python3.12/site-packages/controller/inertial_unit.py
[0.523s] -- Up-to-date symlink: /MRTP/MRTP/src/install/webots_ros2_driver/lib/python3.12/site-packages/controller/joystick.py
[0.523s] -- Up-to-date symlink: /MRTP/MRTP/src/install/webots_ros2_driver/lib/python3.12/site-packages/controller/keyboard.py
[0.523s] -- Up-to-date symlink: /MRTP/MRTP/src/install/webots_ros2_driver/lib/python3.12/site-packages/controller/led.py
[0.524s] -- Up-to-date symlink: /MRTP/MRTP/src/install/webots_ros2_driver/lib/python3.12/site-packages/controller/lidar.py
[0.524s] -- Up-to-date symlink: /MRTP/MRTP/src/install/webots_ros2_driver/lib/python3.12/site-packages/controller/lidar_point.py
[0.524s] -- Up-to-date symlink: /MRTP/MRTP/src/install/webots_ros2_driver/lib/python3.12/site-packages/controller/light_sensor.py
[0.525s] -- Up-to-date symlink: /MRTP/MRTP/src/install/webots_ros2_driver/lib/python3.12/site-packages/controller/motion.py
[0.525s] -- Up-to-date symlink: /MRTP/MRTP/src/install/webots_ros2_driver/lib/python3.12/site-packages/controller/motor.py
[0.525s] -- Up-to-date symlink: /MRTP/MRTP/src/install/webots_ros2_driver/lib/python3.12/site-packages/controller/mouse.py
[0.526s] -- Up-to-date symlink: /MRTP/MRTP/src/install/webots_ros2_driver/lib/python3.12/site-packages/controller/node.py
[0.526s] -- Up-to-date symlink: /MRTP/MRTP/src/install/webots_ros2_driver/lib/python3.12/site-packages/controller/pen.py
[0.526s] -- Up-to-date symlink: /MRTP/MRTP/src/install/webots_ros2_driver/lib/python3.12/site-packages/controller/position_sensor.py
[0.526s] -- Up-to-date symlink: /MRTP/MRTP/src/install/webots_ros2_driver/lib/python3.12/site-packages/controller/proto.py
[0.527s] -- Up-to-date symlink: /MRTP/MRTP/src/install/webots_ros2_driver/lib/python3.12/site-packages/controller/radar.py
[0.527s] -- Up-to-date symlink: /MRTP/MRTP/src/install/webots_ros2_driver/lib/python3.12/site-packages/controller/radar_target.py
[0.527s] -- Up-to-date symlink: /MRTP/MRTP/src/install/webots_ros2_driver/lib/python3.12/site-packages/controller/range_finder.py
[0.527s] -- Up-to-date symlink: /MRTP/MRTP/src/install/webots_ros2_driver/lib/python3.12/site-packages/controller/receiver.py
[0.528s] -- Up-to-date symlink: /MRTP/MRTP/src/install/webots_ros2_driver/lib/python3.12/site-packages/controller/robot.py
[0.528s] -- Up-to-date symlink: /MRTP/MRTP/src/install/webots_ros2_driver/lib/python3.12/site-packages/controller/sensor.py
[0.528s] -- Up-to-date symlink: /MRTP/MRTP/src/install/webots_ros2_driver/lib/python3.12/site-packages/controller/skin.py
[0.529s] -- Up-to-date symlink: /MRTP/MRTP/src/install/webots_ros2_driver/lib/python3.12/site-packages/controller/speaker.py
[0.529s] -- Up-to-date symlink: /MRTP/MRTP/src/install/webots_ros2_driver/lib/python3.12/site-packages/controller/supervisor.py
[0.529s] -- Up-to-date symlink: /MRTP/MRTP/src/install/webots_ros2_driver/lib/python3.12/site-packages/controller/touch_sensor.py
[0.529s] -- Up-to-date symlink: /MRTP/MRTP/src/install/webots_ros2_driver/lib/python3.12/site-packages/controller/vacuum_gripper.py
[0.530s] -- Up-to-date symlink: /MRTP/MRTP/src/install/webots_ros2_driver/lib/python3.12/site-packages/controller/wb.py
[0.530s] -- Up-to-date symlink: /MRTP/MRTP/src/install/webots_ros2_driver/lib/python3.12/site-packages/vehicle-2025.0.1-py3.12.egg-info/PKG-INFO
[0.530s] -- Up-to-date symlink: /MRTP/MRTP/src/install/webots_ros2_driver/lib/python3.12/site-packages/vehicle-2025.0.1-py3.12.egg-info/SOURCES.txt
[0.531s] -- Up-to-date symlink: /MRTP/MRTP/src/install/webots_ros2_driver/lib/python3.12/site-packages/vehicle-2025.0.1-py3.12.egg-info/dependency_links.txt
[0.531s] -- Up-to-date symlink: /MRTP/MRTP/src/install/webots_ros2_driver/lib/python3.12/site-packages/vehicle-2025.0.1-py3.12.egg-info/top_level.txt
[0.532s] -- Up-to-date symlink: /MRTP/MRTP/src/install/webots_ros2_driver/lib/python3.12/site-packages/vehicle/__init__.py
[0.532s] -- Up-to-date symlink: /MRTP/MRTP/src/install/webots_ros2_driver/lib/python3.12/site-packages/vehicle/car.py
[0.532s] -- Up-to-date symlink: /MRTP/MRTP/src/install/webots_ros2_driver/lib/python3.12/site-packages/vehicle/driver.py
[0.533s] -- Up-to-date symlink: /MRTP/MRTP/src/install/webots_ros2_driver/lib/python3.12/site-packages/webots_ros2_driver-2025.0.1-py3.12.egg-info/PKG-INFO
[0.533s] -- Up-to-date symlink: /MRTP/MRTP/src/install/webots_ros2_driver/lib/python3.12/site-packages/webots_ros2_driver-2025.0.1-py3.12.egg-info/SOURCES.txt
[0.533s] -- Up-to-date symlink: /MRTP/MRTP/src/install/webots_ros2_driver/lib/python3.12/site-packages/webots_ros2_driver-2025.0.1-py3.12.egg-info/dependency_links.txt
[0.534s] -- Up-to-date symlink: /MRTP/MRTP/src/install/webots_ros2_driver/lib/python3.12/site-packages/webots_ros2_driver-2025.0.1-py3.12.egg-info/top_level.txt
[0.535s] -- Up-to-date symlink: /MRTP/MRTP/src/install/webots_ros2_driver/lib/python3.12/site-packages/webots_ros2_driver/__init__.py
[0.535s] -- Up-to-date symlink: /MRTP/MRTP/src/install/webots_ros2_driver/lib/python3.12/site-packages/webots_ros2_driver/ros2_supervisor.py
[0.535s] -- Up-to-date symlink: /MRTP/MRTP/src/install/webots_ros2_driver/lib/python3.12/site-packages/webots_ros2_driver/urdf_spawner.py
[0.536s] -- Up-to-date symlink: /MRTP/MRTP/src/install/webots_ros2_driver/lib/python3.12/site-packages/webots_ros2_driver/utils.py
[0.536s] -- Up-to-date symlink: /MRTP/MRTP/src/install/webots_ros2_driver/lib/python3.12/site-packages/webots_ros2_driver/wait_for_controller_connection.py
[0.536s] -- Up-to-date symlink: /MRTP/MRTP/src/install/webots_ros2_driver/lib/python3.12/site-packages/webots_ros2_driver/webots_controller.py
[0.536s] -- Up-to-date symlink: /MRTP/MRTP/src/install/webots_ros2_driver/lib/python3.12/site-packages/webots_ros2_driver/webots_launcher.py
[0.538s] -- Up-to-date symlink: /MRTP/MRTP/src/install/webots_ros2_driver/include/webots_ros2_driver/PluginInterface.hpp
[0.538s] -- Up-to-date symlink: /MRTP/MRTP/src/install/webots_ros2_driver/include/webots_ros2_driver/PythonPlugin.hpp
[0.538s] -- Up-to-date symlink: /MRTP/MRTP/src/install/webots_ros2_driver/include/webots_ros2_driver/WebotsNode.hpp
[0.538s] -- Up-to-date symlink: /MRTP/MRTP/src/install/webots_ros2_driver/include/webots_ros2_driver/plugins/Ros2SensorPlugin.hpp
[0.539s] -- Up-to-date symlink: /MRTP/MRTP/src/install/webots_ros2_driver/include/webots_ros2_driver/plugins/dynamic/Ros2IMU.hpp
[0.539s] -- Up-to-date symlink: /MRTP/MRTP/src/install/webots_ros2_driver/include/webots_ros2_driver/plugins/dynamic/Ros2RGBD.hpp
[0.539s] -- Up-to-date symlink: /MRTP/MRTP/src/install/webots_ros2_driver/include/webots_ros2_driver/plugins/static/Ros2Camera.hpp
[0.539s] -- Up-to-date symlink: /MRTP/MRTP/src/install/webots_ros2_driver/include/webots_ros2_driver/plugins/static/Ros2Compass.hpp
[0.540s] -- Up-to-date symlink: /MRTP/MRTP/src/install/webots_ros2_driver/include/webots_ros2_driver/plugins/static/Ros2DistanceSensor.hpp
[0.540s] -- Up-to-date symlink: /MRTP/MRTP/src/install/webots_ros2_driver/include/webots_ros2_driver/plugins/static/Ros2Emitter.hpp
[0.540s] -- Up-to-date symlink: /MRTP/MRTP/src/install/webots_ros2_driver/include/webots_ros2_driver/plugins/static/Ros2GPS.hpp
[0.541s] -- Up-to-date symlink: /MRTP/MRTP/src/install/webots_ros2_driver/include/webots_ros2_driver/plugins/static/Ros2LED.hpp
[0.541s] -- Up-to-date symlink: /MRTP/MRTP/src/install/webots_ros2_driver/include/webots_ros2_driver/plugins/static/Ros2Lidar.hpp
[0.541s] -- Up-to-date symlink: /MRTP/MRTP/src/install/webots_ros2_driver/include/webots_ros2_driver/plugins/static/Ros2LightSensor.hpp
[0.541s] -- Up-to-date symlink: /MRTP/MRTP/src/install/webots_ros2_driver/include/webots_ros2_driver/plugins/static/Ros2Pen.hpp
[0.542s] -- Up-to-date symlink: /MRTP/MRTP/src/install/webots_ros2_driver/include/webots_ros2_driver/plugins/static/Ros2RangeFinder.hpp
[0.542s] -- Up-to-date symlink: /MRTP/MRTP/src/install/webots_ros2_driver/include/webots_ros2_driver/plugins/static/Ros2Receiver.hpp
[0.542s] -- Up-to-date symlink: /MRTP/MRTP/src/install/webots_ros2_driver/include/webots_ros2_driver/plugins/static/Ros2VacuumGripper.hpp
[0.542s] -- Up-to-date symlink: /MRTP/MRTP/src/install/webots_ros2_driver/include/webots_ros2_driver/utils/Math.hpp
[0.543s] -- Up-to-date symlink: /MRTP/MRTP/src/install/webots_ros2_driver/include/webots_ros2_driver/utils/Utils.hpp
[0.543s] -- Up-to-date symlink: /MRTP/MRTP/src/install/webots_ros2_driver/lib/webots_ros2_driver/driver
[0.544s] -- Up-to-date symlink: /MRTP/MRTP/src/install/webots_ros2_driver/lib/libwebots_ros2_driver_imu.so
[0.544s] -- Up-to-date symlink: /MRTP/MRTP/src/install/webots_ros2_driver/lib/libwebots_ros2_driver_rgbd.so
[0.546s] -- Up-to-date symlink: /MRTP/MRTP/src/install/webots_ros2_driver/include/webots/c/webots/accelerometer.h
[0.546s] -- Up-to-date symlink: /MRTP/MRTP/src/install/webots_ros2_driver/include/webots/c/webots/altimeter.h
[0.547s] -- Up-to-date symlink: /MRTP/MRTP/src/install/webots_ros2_driver/include/webots/c/webots/brake.h
[0.547s] -- Up-to-date symlink: /MRTP/MRTP/src/install/webots_ros2_driver/include/webots/c/webots/camera.h
[0.547s] -- Up-to-date symlink: /MRTP/MRTP/src/install/webots_ros2_driver/include/webots/c/webots/camera_recognition_object.h
[0.548s] -- Up-to-date symlink: /MRTP/MRTP/src/install/webots_ros2_driver/include/webots/c/webots/compass.h
[0.548s] -- Up-to-date symlink: /MRTP/MRTP/src/install/webots_ros2_driver/include/webots/c/webots/connector.h
[0.548s] -- Up-to-date symlink: /MRTP/MRTP/src/install/webots_ros2_driver/include/webots/c/webots/console.h
[0.548s] -- Up-to-date symlink: /MRTP/MRTP/src/install/webots_ros2_driver/include/webots/c/webots/contact_point.h
[0.549s] -- Up-to-date symlink: /MRTP/MRTP/src/install/webots_ros2_driver/include/webots/c/webots/device.h
[0.549s] -- Up-to-date symlink: /MRTP/MRTP/src/install/webots_ros2_driver/include/webots/c/webots/display.h
[0.549s] -- Up-to-date symlink: /MRTP/MRTP/src/install/webots_ros2_driver/include/webots/c/webots/distance_sensor.h
[0.549s] -- Up-to-date symlink: /MRTP/MRTP/src/install/webots_ros2_driver/include/webots/c/webots/emitter.h
[0.550s] -- Up-to-date symlink: /MRTP/MRTP/src/install/webots_ros2_driver/include/webots/c/webots/gps.h
[0.550s] -- Up-to-date symlink: /MRTP/MRTP/src/install/webots_ros2_driver/include/webots/c/webots/gyro.h
[0.550s] -- Up-to-date symlink: /MRTP/MRTP/src/install/webots_ros2_driver/include/webots/c/webots/inertial_unit.h
[0.550s] -- Up-to-date symlink: /MRTP/MRTP/src/install/webots_ros2_driver/include/webots/c/webots/joystick.h
[0.551s] -- Up-to-date symlink: /MRTP/MRTP/src/install/webots_ros2_driver/include/webots/c/webots/keyboard.h
[0.551s] -- Up-to-date symlink: /MRTP/MRTP/src/install/webots_ros2_driver/include/webots/c/webots/led.h
[0.551s] -- Up-to-date symlink: /MRTP/MRTP/src/install/webots_ros2_driver/include/webots/c/webots/lidar.h
[0.552s] -- Up-to-date symlink: /MRTP/MRTP/src/install/webots_ros2_driver/include/webots/c/webots/lidar_point.h
[0.552s] -- Up-to-date symlink: /MRTP/MRTP/src/install/webots_ros2_driver/include/webots/c/webots/light_sensor.h
[0.552s] -- Up-to-date symlink: /MRTP/MRTP/src/install/webots_ros2_driver/include/webots/c/webots/microphone.h
[0.552s] -- Up-to-date symlink: /MRTP/MRTP/src/install/webots_ros2_driver/include/webots/c/webots/motor.h
[0.553s] -- Up-to-date symlink: /MRTP/MRTP/src/install/webots_ros2_driver/include/webots/c/webots/mouse.h
[0.553s] -- Up-to-date symlink: /MRTP/MRTP/src/install/webots_ros2_driver/include/webots/c/webots/mouse_state.h
[0.553s] -- Up-to-date symlink: /MRTP/MRTP/src/install/webots_ros2_driver/include/webots/c/webots/nodes.h
[0.553s] -- Up-to-date symlink: /MRTP/MRTP/src/install/webots_ros2_driver/include/webots/c/webots/pen.h
[0.554s] -- Up-to-date symlink: /MRTP/MRTP/src/install/webots_ros2_driver/include/webots/c/webots/plugins/robot_window/default.h
[0.554s] -- Up-to-date symlink: /MRTP/MRTP/src/install/webots_ros2_driver/include/webots/c/webots/plugins/robot_window/generic_robot_window/generic.h
[0.554s] -- Up-to-date symlink: /MRTP/MRTP/src/install/webots_ros2_driver/include/webots/c/webots/plugins/robot_window/robot_window.h
[0.554s] -- Up-to-date symlink: /MRTP/MRTP/src/install/webots_ros2_driver/include/webots/c/webots/plugins/robot_window/robot_wwi.h
[0.555s] -- Up-to-date symlink: /MRTP/MRTP/src/install/webots_ros2_driver/include/webots/c/webots/position_sensor.h
[0.555s] -- Up-to-date symlink: /MRTP/MRTP/src/install/webots_ros2_driver/include/webots/c/webots/radar.h
[0.555s] -- Up-to-date symlink: /MRTP/MRTP/src/install/webots_ros2_driver/include/webots/c/webots/radar_target.h
[0.556s] -- Up-to-date symlink: /MRTP/MRTP/src/install/webots_ros2_driver/include/webots/c/webots/radio.h
[0.556s] -- Up-to-date symlink: /MRTP/MRTP/src/install/webots_ros2_driver/include/webots/c/webots/range_finder.h
[0.556s] -- Up-to-date symlink: /MRTP/MRTP/src/install/webots_ros2_driver/include/webots/c/webots/receiver.h
[0.556s] -- Up-to-date symlink: /MRTP/MRTP/src/install/webots_ros2_driver/include/webots/c/webots/remote_control.h
[0.557s] -- Up-to-date symlink: /MRTP/MRTP/src/install/webots_ros2_driver/include/webots/c/webots/robot.h
[0.557s] -- Up-to-date symlink: /MRTP/MRTP/src/install/webots_ros2_driver/include/webots/c/webots/skin.h
[0.557s] -- Up-to-date symlink: /MRTP/MRTP/src/install/webots_ros2_driver/include/webots/c/webots/speaker.h
[0.558s] -- Up-to-date symlink: /MRTP/MRTP/src/install/webots_ros2_driver/include/webots/c/webots/supervisor.h
[0.558s] -- Up-to-date symlink: /MRTP/MRTP/src/install/webots_ros2_driver/include/webots/c/webots/touch_sensor.h
[0.558s] -- Up-to-date symlink: /MRTP/MRTP/src/install/webots_ros2_driver/include/webots/c/webots/types.h
[0.559s] -- Up-to-date symlink: /MRTP/MRTP/src/install/webots_ros2_driver/include/webots/c/webots/utils/ansi_codes.h
[0.559s] -- Up-to-date symlink: /MRTP/MRTP/src/install/webots_ros2_driver/include/webots/c/webots/utils/motion.h
[0.559s] -- Up-to-date symlink: /MRTP/MRTP/src/install/webots_ros2_driver/include/webots/c/webots/utils/string.h
[0.559s] -- Up-to-date symlink: /MRTP/MRTP/src/install/webots_ros2_driver/include/webots/c/webots/utils/system.h
[0.560s] -- Up-to-date symlink: /MRTP/MRTP/src/install/webots_ros2_driver/include/webots/c/webots/vacuum_gripper.h
[0.560s] -- Up-to-date symlink: /MRTP/MRTP/src/install/webots_ros2_driver/include/webots/c/webots/vehicle/car.h
[0.560s] -- Up-to-date symlink: /MRTP/MRTP/src/install/webots_ros2_driver/include/webots/c/webots/vehicle/driver.h
[0.562s] -- Up-to-date symlink: /MRTP/MRTP/src/install/webots_ros2_driver/include/webots/cpp/webots/Accelerometer.hpp
[0.562s] -- Up-to-date symlink: /MRTP/MRTP/src/install/webots_ros2_driver/include/webots/cpp/webots/Altimeter.hpp
[0.562s] -- Up-to-date symlink: /MRTP/MRTP/src/install/webots_ros2_driver/include/webots/cpp/webots/Brake.hpp
[0.562s] -- Up-to-date symlink: /MRTP/MRTP/src/install/webots_ros2_driver/include/webots/cpp/webots/Camera.hpp
[0.563s] -- Up-to-date symlink: /MRTP/MRTP/src/install/webots_ros2_driver/include/webots/cpp/webots/Compass.hpp
[0.563s] -- Up-to-date symlink: /MRTP/MRTP/src/install/webots_ros2_driver/include/webots/cpp/webots/Connector.hpp
[0.563s] -- Up-to-date symlink: /MRTP/MRTP/src/install/webots_ros2_driver/include/webots/cpp/webots/Device.hpp
[0.564s] -- Up-to-date symlink: /MRTP/MRTP/src/install/webots_ros2_driver/include/webots/cpp/webots/Display.hpp
[0.564s] -- Up-to-date symlink: /MRTP/MRTP/src/install/webots_ros2_driver/include/webots/cpp/webots/DistanceSensor.hpp
[0.564s] -- Up-to-date symlink: /MRTP/MRTP/src/install/webots_ros2_driver/include/webots/cpp/webots/Emitter.hpp
[0.564s] -- Up-to-date symlink: /MRTP/MRTP/src/install/webots_ros2_driver/include/webots/cpp/webots/Field.hpp
[0.565s] -- Up-to-date symlink: /MRTP/MRTP/src/install/webots_ros2_driver/include/webots/cpp/webots/GPS.hpp
[0.565s] -- Up-to-date symlink: /MRTP/MRTP/src/install/webots_ros2_driver/include/webots/cpp/webots/Gyro.hpp
[0.565s] -- Up-to-date symlink: /MRTP/MRTP/src/install/webots_ros2_driver/include/webots/cpp/webots/ImageRef.hpp
[0.565s] -- Up-to-date symlink: /MRTP/MRTP/src/install/webots_ros2_driver/include/webots/cpp/webots/InertialUnit.hpp
[0.566s] -- Up-to-date symlink: /MRTP/MRTP/src/install/webots_ros2_driver/include/webots/cpp/webots/Joystick.hpp
[0.566s] -- Up-to-date symlink: /MRTP/MRTP/src/install/webots_ros2_driver/include/webots/cpp/webots/Keyboard.hpp
[0.566s] -- Up-to-date symlink: /MRTP/MRTP/src/install/webots_ros2_driver/include/webots/cpp/webots/LED.hpp
[0.566s] -- Up-to-date symlink: /MRTP/MRTP/src/install/webots_ros2_driver/include/webots/cpp/webots/Lidar.hpp
[0.567s] -- Up-to-date symlink: /MRTP/MRTP/src/install/webots_ros2_driver/include/webots/cpp/webots/LightSensor.hpp
[0.567s] -- Up-to-date symlink: /MRTP/MRTP/src/install/webots_ros2_driver/include/webots/cpp/webots/Motor.hpp
[0.567s] -- Up-to-date symlink: /MRTP/MRTP/src/install/webots_ros2_driver/include/webots/cpp/webots/Mouse.hpp
[0.568s] -- Up-to-date symlink: /MRTP/MRTP/src/install/webots_ros2_driver/include/webots/cpp/webots/Node.hpp
[0.568s] -- Up-to-date symlink: /MRTP/MRTP/src/install/webots_ros2_driver/include/webots/cpp/webots/Pen.hpp
[0.568s] -- Up-to-date symlink: /MRTP/MRTP/src/install/webots_ros2_driver/include/webots/cpp/webots/PositionSensor.hpp
[0.569s] -- Up-to-date symlink: /MRTP/MRTP/src/install/webots_ros2_driver/include/webots/cpp/webots/Proto.hpp
[0.569s] -- Up-to-date symlink: /MRTP/MRTP/src/install/webots_ros2_driver/include/webots/cpp/webots/Radar.hpp
[0.569s] -- Up-to-date symlink: /MRTP/MRTP/src/install/webots_ros2_driver/include/webots/cpp/webots/RangeFinder.hpp
[0.569s] -- Up-to-date symlink: /MRTP/MRTP/src/install/webots_ros2_driver/include/webots/cpp/webots/Receiver.hpp
[0.570s] -- Up-to-date symlink: /MRTP/MRTP/src/install/webots_ros2_driver/include/webots/cpp/webots/Robot.hpp
[0.570s] -- Up-to-date symlink: /MRTP/MRTP/src/install/webots_ros2_driver/include/webots/cpp/webots/Skin.hpp
[0.570s] -- Up-to-date symlink: /MRTP/MRTP/src/install/webots_ros2_driver/include/webots/cpp/webots/Speaker.hpp
[0.571s] -- Up-to-date symlink: /MRTP/MRTP/src/install/webots_ros2_driver/include/webots/cpp/webots/Supervisor.hpp
[0.571s] -- Up-to-date symlink: /MRTP/MRTP/src/install/webots_ros2_driver/include/webots/cpp/webots/TouchSensor.hpp
[0.571s] -- Up-to-date symlink: /MRTP/MRTP/src/install/webots_ros2_driver/include/webots/cpp/webots/VacuumGripper.hpp
[0.571s] -- Up-to-date symlink: /MRTP/MRTP/src/install/webots_ros2_driver/include/webots/cpp/webots/utils/AnsiCodes.hpp
[0.572s] -- Up-to-date symlink: /MRTP/MRTP/src/install/webots_ros2_driver/include/webots/cpp/webots/utils/Motion.hpp
[0.572s] -- Up-to-date symlink: /MRTP/MRTP/src/install/webots_ros2_driver/include/webots/cpp/webots/vehicle/Car.hpp
[0.572s] -- Up-to-date symlink: /MRTP/MRTP/src/install/webots_ros2_driver/include/webots/cpp/webots/vehicle/Driver.hpp
[0.579s] -- Up-to-date symlink: /MRTP/MRTP/src/install/webots_ros2_driver/lib/controller/libController.so
[0.579s] -- Up-to-date symlink: /MRTP/MRTP/src/install/webots_ros2_driver/lib/controller/libCppCar.so
[0.580s] -- Up-to-date symlink: /MRTP/MRTP/src/install/webots_ros2_driver/lib/controller/libCppController.so
[0.580s] -- Up-to-date symlink: /MRTP/MRTP/src/install/webots_ros2_driver/lib/controller/libCppController.so
[0.581s] -- Up-to-date symlink: /MRTP/MRTP/src/install/webots_ros2_driver/lib/controller/libCppDriver.so
[0.581s] -- Up-to-date symlink: /MRTP/MRTP/src/install/webots_ros2_driver/lib/controller/libcar.so
[0.581s] -- Up-to-date symlink: /MRTP/MRTP/src/install/webots_ros2_driver/lib/controller/libdriver.so
[0.581s] -- Up-to-date symlink: /MRTP/MRTP/src/install/webots_ros2_driver/lib/controller/libgeneric_robot_window.so
[0.582s] -- Up-to-date symlink: /MRTP/MRTP/src/install/webots_ros2_driver/lib/controller/python/vehicle/car.py
[0.582s] -- Up-to-date symlink: /MRTP/MRTP/src/install/webots_ros2_driver/lib/controller/python/vehicle/driver.py
[0.582s] -- Up-to-date symlink: /MRTP/MRTP/src/install/webots_ros2_driver/share/webots_ros2_driver//webots_ros2_imu.xml
[0.583s] -- Up-to-date symlink: /MRTP/MRTP/src/install/webots_ros2_driver/share/webots_ros2_driver//webots_ros2_rgbd.xml
[0.583s] -- Up-to-date symlink: /MRTP/MRTP/src/install/webots_ros2_driver/lib/webots_ros2_driver/ros2_supervisor.py
[0.584s] -- Up-to-date symlink: /MRTP/MRTP/src/install/webots_ros2_driver/share/webots_ros2_driver/scripts/webots_tcp_client.py
[0.584s] -- Up-to-date symlink: /MRTP/MRTP/src/install/webots_ros2_driver/share/webots_ros2_driver/scripts/webots-controller
[0.584s] -- Up-to-date symlink: /MRTP/MRTP/src/install/webots_ros2_driver/share/webots_ros2_driver/environment/library_path.sh
[0.585s] -- Up-to-date symlink: /MRTP/MRTP/src/install/webots_ros2_driver/share/webots_ros2_driver/environment/library_path.dsv
[0.585s] -- Up-to-date symlink: /MRTP/MRTP/src/install/webots_ros2_driver/share/ament_index/resource_index/package_run_dependencies/webots_ros2_driver
[0.585s] -- Up-to-date symlink: /MRTP/MRTP/src/install/webots_ros2_driver/share/ament_index/resource_index/parent_prefix_path/webots_ros2_driver
[0.586s] -- Up-to-date symlink: /MRTP/MRTP/src/install/webots_ros2_driver/share/webots_ros2_driver/environment/ament_prefix_path.sh
[0.586s] -- Up-to-date symlink: /MRTP/MRTP/src/install/webots_ros2_driver/share/webots_ros2_driver/environment/ament_prefix_path.dsv
[0.586s] -- Up-to-date symlink: /MRTP/MRTP/src/install/webots_ros2_driver/share/webots_ros2_driver/environment/path.sh
[0.586s] -- Up-to-date symlink: /MRTP/MRTP/src/install/webots_ros2_driver/share/webots_ros2_driver/environment/path.dsv
[0.587s] -- Up-to-date symlink: /MRTP/MRTP/src/install/webots_ros2_driver/share/webots_ros2_driver/local_setup.bash
[0.587s] -- Up-to-date symlink: /MRTP/MRTP/src/install/webots_ros2_driver/share/webots_ros2_driver/local_setup.sh
[0.587s] -- Up-to-date symlink: /MRTP/MRTP/src/install/webots_ros2_driver/share/webots_ros2_driver/local_setup.zsh
[0.588s] -- Up-to-date symlink: /MRTP/MRTP/src/install/webots_ros2_driver/share/webots_ros2_driver/local_setup.dsv
[0.588s] -- Symlinking: /MRTP/MRTP/src/install/webots_ros2_driver/share/webots_ros2_driver/package.dsv
[0.599s] -- Up-to-date symlink: /MRTP/MRTP/src/install/webots_ros2_driver/share/ament_index/resource_index/packages/webots_ros2_driver
[0.599s] -- Up-to-date symlink: /MRTP/MRTP/src/install/webots_ros2_driver/share/ament_index/resource_index/webots_ros2_driver__pluginlib__plugin/webots_ros2_driver
[0.600s] -- Up-to-date symlink: /MRTP/MRTP/src/install/webots_ros2_driver/share/webots_ros2_driver/cmake/ament_cmake_export_include_directories-extras.cmake
[0.600s] -- Up-to-date symlink: /MRTP/MRTP/src/install/webots_ros2_driver/share/webots_ros2_driver/cmake/ament_cmake_export_dependencies-extras.cmake
[0.600s] -- Up-to-date symlink: /MRTP/MRTP/src/install/webots_ros2_driver/share/webots_ros2_driver/cmake/ament_cmake_export_libraries-extras.cmake
[0.601s] -- Up-to-date symlink: /MRTP/MRTP/src/install/webots_ros2_driver/share/webots_ros2_driver/cmake/webots_ros2_driverConfig.cmake
[0.601s] -- Up-to-date symlink: /MRTP/MRTP/src/install/webots_ros2_driver/share/webots_ros2_driver/cmake/webots_ros2_driverConfig-version.cmake
[0.601s] -- Up-to-date symlink: /MRTP/MRTP/src/install/webots_ros2_driver/share/webots_ros2_driver/package.xml
[0.645s] Listing '/MRTP/MRTP/src/install/webots_ros2_driver/lib/python3.12/site-packages/controller'...
[0.681s] Listing '/MRTP/MRTP/src/install/webots_ros2_driver/lib/python3.12/site-packages/vehicle'...
[0.719s] Listing '/MRTP/MRTP/src/install/webots_ros2_driver/lib/python3.12/site-packages/webots_ros2_driver'...
[0.721s] Invoked command in '/MRTP/MRTP/src/build/webots_ros2_driver' returned '0': AMENT_PREFIX_PATH=/MRTP/MRTP/src/install/webots_ros2_importer:/MRTP/MRTP/src/install/webots_ros2:/MRTP/MRTP/src/install/webots_ros2_universal_robot:/MRTP/MRTP/src/install/webots_ros2_turtlebot:/MRTP/MRTP/src/install/webots_ros2_tiago:/MRTP/MRTP/src/install/webots_ros2_tests:/MRTP/MRTP/src/install/webots_ros2_tesla:/MRTP/MRTP/src/install/webots_ros2_mavic:/MRTP/MRTP/src/install/webots_ros2_husarion:/MRTP/MRTP/src/install/webots_ros2_epuck:/MRTP/MRTP/src/install/webots_ros2_crazyflie:/MRTP/MRTP/src/install/webots_ros2_control:/MRTP/MRTP/src/install/my_package:/MRTP/MRTP/src/install/webots_ros2_driver:/MRTP/MRTP/src/install/webots_ros2_msgs:/MRTP/MRTP/src/install/gazeboenvs:/opt/ros/jazzy CMAKE_PREFIX_PATH=/MRTP/MRTP/src/install/webots_ros2_msgs:/MRTP/MRTP/src/install/webots_ros2_control:/MRTP/MRTP/src/install/my_package:/MRTP/MRTP/src/install/webots_ros2_driver:/opt/ros/jazzy/opt/gz_sim_vendor:/opt/ros/jazzy/opt/gz_sensors_vendor:/opt/ros/jazzy/opt/gz_physics_vendor:/opt/ros/jazzy/opt/sdformat_vendor:/opt/ros/jazzy/opt/gz_gui_vendor:/opt/ros/jazzy/opt/gz_transport_vendor:/opt/ros/jazzy/opt/gz_rendering_vendor:/opt/ros/jazzy/opt/gz_plugin_vendor:/opt/ros/jazzy/opt/gz_fuel_tools_vendor:/opt/ros/jazzy/opt/gz_msgs_vendor:/opt/ros/jazzy/opt/gz_common_vendor:/opt/ros/jazzy/opt/gz_math_vendor:/opt/ros/jazzy/opt/gz_utils_vendor:/opt/ros/jazzy/opt/gz_tools_vendor:/opt/ros/jazzy/opt/gz_ogre_next_vendor:/opt/ros/jazzy/opt/gz_dartsim_vendor:/opt/ros/jazzy/opt/gz_cmake_vendor:/MRTP/MRTP/src/install/webots_ros2:/MRTP/MRTP/src/install/webots_ros2_universal_robot:/MRTP/MRTP/src/install/webots_ros2_turtlebot:/MRTP/MRTP/src/install/webots_ros2_tiago:/MRTP/MRTP/src/install/webots_ros2_tests:/MRTP/MRTP/src/install/webots_ros2_tesla:/MRTP/MRTP/src/install/webots_ros2_mavic:/MRTP/MRTP/src/install/webots_ros2_husarion:/MRTP/MRTP/src/install/webots_ros2_epuck:/MRTP/MRTP/src/install/webots_ros2_crazyflie:/MRTP/MRTP/src/install/webots_ros2_importer:/MRTP/MRTP/src/install/gazeboenvs:/opt/ros/jazzy LD_LIBRARY_PATH=/MRTP/MRTP/src/install/webots_ros2_msgs/lib:/MRTP/MRTP/src/install/webots_ros2_control/lib:/MRTP/MRTP/src/install/my_package/lib:/MRTP/MRTP/src/install/webots_ros2_driver/lib:/opt/ros/jazzy/opt/gz_sim_vendor/lib:/opt/ros/jazzy/opt/gz_sensors_vendor/lib:/opt/ros/jazzy/opt/gz_physics_vendor/lib:/opt/ros/jazzy/opt/sdformat_vendor/lib:/opt/ros/jazzy/opt/rviz_ogre_vendor/lib:/opt/ros/jazzy/lib/aarch64-linux-gnu:/opt/ros/jazzy/opt/gz_gui_vendor/lib:/opt/ros/jazzy/opt/gz_transport_vendor/lib:/opt/ros/jazzy/opt/gz_rendering_vendor/lib:/opt/ros/jazzy/opt/gz_plugin_vendor/lib:/opt/ros/jazzy/opt/gz_fuel_tools_vendor/lib:/opt/ros/jazzy/opt/gz_msgs_vendor/lib:/opt/ros/jazzy/opt/gz_common_vendor/lib:/opt/ros/jazzy/opt/gz_math_vendor/lib:/opt/ros/jazzy/opt/gz_utils_vendor/lib:/opt/ros/jazzy/opt/gz_tools_vendor/lib:/opt/ros/jazzy/opt/gz_ogre_next_vendor/lib:/opt/ros/jazzy/opt/gz_dartsim_vendor/lib:/opt/ros/jazzy/opt/gz_cmake_vendor/lib:/opt/ros/jazzy/lib PS1=(.venv) \[\e]0;\u@\h: \w\a\]${debian_chroot:+($debian_chroot)}\u@\h:\w\$ PYTHONPATH=/MRTP/MRTP/src/install/webots_ros2_msgs/lib/python3.12/site-packages:/MRTP/MRTP/src/build/webots_ros2_importer:/MRTP/MRTP/src/install/webots_ros2_importer/lib/python3.12/site-packages:/MRTP/MRTP/src/build/webots_ros2:/MRTP/MRTP/src/install/webots_ros2/lib/python3.12/site-packages:/MRTP/MRTP/src/build/webots_ros2_universal_robot:/MRTP/MRTP/src/install/webots_ros2_universal_robot/lib/python3.12/site-packages:/MRTP/MRTP/src/build/webots_ros2_turtlebot:/MRTP/MRTP/src/install/webots_ros2_turtlebot/lib/python3.12/site-packages:/MRTP/MRTP/src/build/webots_ros2_tiago:/MRTP/MRTP/src/install/webots_ros2_tiago/lib/python3.12/site-packages:/MRTP/MRTP/src/build/webots_ros2_tests:/MRTP/MRTP/src/install/webots_ros2_tests/lib/python3.12/site-packages:/MRTP/MRTP/src/build/webots_ros2_tesla:/MRTP/MRTP/src/install/webots_ros2_tesla/lib/python3.12/site-packages:/MRTP/MRTP/src/build/webots_ros2_mavic:/MRTP/MRTP/src/install/webots_ros2_mavic/lib/python3.12/site-packages:/MRTP/MRTP/src/build/webots_ros2_husarion:/MRTP/MRTP/src/install/webots_ros2_husarion/lib/python3.12/site-packages:/MRTP/MRTP/src/build/webots_ros2_epuck:/MRTP/MRTP/src/install/webots_ros2_epuck/lib/python3.12/site-packages:/MRTP/MRTP/src/build/webots_ros2_crazyflie:/MRTP/MRTP/src/install/webots_ros2_crazyflie/lib/python3.12/site-packages:/MRTP/MRTP/src/install/my_package/lib/python3.12/site-packages:/MRTP/MRTP/src/install/webots_ros2_driver/lib/python3.12/site-packages:/MRTP/MRTP/src/build/gazeboenvs:/MRTP/MRTP/src/install/gazeboenvs/lib/python3.12/site-packages:/usr/lib/python3/dist-packages:/opt/ros/jazzy/lib/python3.12/site-packages VIRTUAL_ENV_PROMPT=(.venv) /usr/bin/cmake --install /MRTP/MRTP/src/build/webots_ros2_driver
