[0.404s] Invoking command in '/MRTP/MRTP/src/build/my_package': AMENT_PREFIX_PATH=/MRTP/MRTP/src/install/webots_ros2_driver:/MRTP/MRTP/src/install/webots_ros2_msgs:/MRTP/MRTP/src/install/webots_ros2_importer:${AMENT_PREFIX_PATH} CMAKE_PREFIX_PATH=/MRTP/MRTP/src/install/webots_ros2_driver:/MRTP/MRTP/src/install/webots_ros2_msgs:/opt/ros/jazzy/opt/gz_sim_vendor:/opt/ros/jazzy/opt/gz_sensors_vendor:/opt/ros/jazzy/opt/gz_physics_vendor:/opt/ros/jazzy/opt/sdformat_vendor:/opt/ros/jazzy/opt/gz_gui_vendor:/opt/ros/jazzy/opt/gz_transport_vendor:/opt/ros/jazzy/opt/gz_rendering_vendor:/opt/ros/jazzy/opt/gz_plugin_vendor:/opt/ros/jazzy/opt/gz_fuel_tools_vendor:/opt/ros/jazzy/opt/gz_msgs_vendor:/opt/ros/jazzy/opt/gz_common_vendor:/opt/ros/jazzy/opt/gz_math_vendor:/opt/ros/jazzy/opt/gz_utils_vendor:/opt/ros/jazzy/opt/gz_tools_vendor:/opt/ros/jazzy/opt/gz_ogre_next_vendor:/opt/ros/jazzy/opt/gz_dartsim_vendor:/opt/ros/jazzy/opt/gz_cmake_vendor:/opt/ros/jazzy LD_LIBRARY_PATH=/MRTP/MRTP/src/install/webots_ros2_driver/lib:/MRTP/MRTP/src/install/webots_ros2_msgs/lib:${LD_LIBRARY_PATH} PS1=(.venv) \[\e]0;\u@\h: \w\a\]${debian_chroot:+($debian_chroot)}\u@\h:\w\$ PYTHONPATH=/MRTP/MRTP/src/install/webots_ros2_driver/lib/python3.12/site-packages:/MRTP/MRTP/src/install/webots_ros2_msgs/lib/python3.12/site-packages:/MRTP/MRTP/src/build/webots_ros2_importer:/MRTP/MRTP/src/install/webots_ros2_importer/lib/python3.12/site-packages:${PYTHONPATH} VIRTUAL_ENV_PROMPT=(.venv) /usr/bin/cmake /MRTP/MRTP/src/my_package -DAMENT_CMAKE_SYMLINK_INSTALL=1 -DCMAKE_INSTALL_PREFIX=/MRTP/MRTP/src/install/my_package
[0.428s] -- Found ament_cmake: 2.5.5 (/opt/ros/jazzy/share/ament_cmake/cmake)
[0.598s] -- Override CMake install command with custom implementation using symlinks instead of copying resources
[0.637s] -- Found rclcpp: 28.1.16 (/opt/ros/jazzy/share/rclcpp/cmake)
[0.669s] -- Found rosidl_generator_c: 4.6.7 (/opt/ros/jazzy/share/rosidl_generator_c/cmake)
[0.678s] -- Found rosidl_generator_cpp: 4.6.7 (/opt/ros/jazzy/share/rosidl_generator_cpp/cmake)
[0.689s] -- Using all available rosidl_typesupport_c: rosidl_typesupport_fastrtps_c;rosidl_typesupport_introspection_c
[0.700s] -- Using all available rosidl_typesupport_cpp: rosidl_typesupport_fastrtps_cpp;rosidl_typesupport_introspection_cpp
[0.759s] -- Found rmw_implementation_cmake: 7.3.3 (/opt/ros/jazzy/share/rmw_implementation_cmake/cmake)
[0.762s] -- Found rmw_fastrtps_cpp: 8.4.3 (/opt/ros/jazzy/share/rmw_fastrtps_cpp/cmake)
[0.826s] -- Using RMW implementation 'rmw_fastrtps_cpp' as default
[0.882s] -- Found geometry_msgs: 5.3.6 (/opt/ros/jazzy/share/geometry_msgs/cmake)
[1.045s] -- Configuring done (0.6s)
[1.088s] -- Generating done (0.0s)
[1.122s] -- Build files have been written to: /MRTP/MRTP/src/build/my_package
[1.294s] Invoked command in '/MRTP/MRTP/src/build/my_package' returned '0': AMENT_PREFIX_PATH=/MRTP/MRTP/src/install/webots_ros2_driver:/MRTP/MRTP/src/install/webots_ros2_msgs:/MRTP/MRTP/src/install/webots_ros2_importer:${AMENT_PREFIX_PATH} CMAKE_PREFIX_PATH=/MRTP/MRTP/src/install/webots_ros2_driver:/MRTP/MRTP/src/install/webots_ros2_msgs:/opt/ros/jazzy/opt/gz_sim_vendor:/opt/ros/jazzy/opt/gz_sensors_vendor:/opt/ros/jazzy/opt/gz_physics_vendor:/opt/ros/jazzy/opt/sdformat_vendor:/opt/ros/jazzy/opt/gz_gui_vendor:/opt/ros/jazzy/opt/gz_transport_vendor:/opt/ros/jazzy/opt/gz_rendering_vendor:/opt/ros/jazzy/opt/gz_plugin_vendor:/opt/ros/jazzy/opt/gz_fuel_tools_vendor:/opt/ros/jazzy/opt/gz_msgs_vendor:/opt/ros/jazzy/opt/gz_common_vendor:/opt/ros/jazzy/opt/gz_math_vendor:/opt/ros/jazzy/opt/gz_utils_vendor:/opt/ros/jazzy/opt/gz_tools_vendor:/opt/ros/jazzy/opt/gz_ogre_next_vendor:/opt/ros/jazzy/opt/gz_dartsim_vendor:/opt/ros/jazzy/opt/gz_cmake_vendor:/opt/ros/jazzy LD_LIBRARY_PATH=/MRTP/MRTP/src/install/webots_ros2_driver/lib:/MRTP/MRTP/src/install/webots_ros2_msgs/lib:${LD_LIBRARY_PATH} PS1=(.venv) \[\e]0;\u@\h: \w\a\]${debian_chroot:+($debian_chroot)}\u@\h:\w\$ PYTHONPATH=/MRTP/MRTP/src/install/webots_ros2_driver/lib/python3.12/site-packages:/MRTP/MRTP/src/install/webots_ros2_msgs/lib/python3.12/site-packages:/MRTP/MRTP/src/build/webots_ros2_importer:/MRTP/MRTP/src/install/webots_ros2_importer/lib/python3.12/site-packages:${PYTHONPATH} VIRTUAL_ENV_PROMPT=(.venv) /usr/bin/cmake /MRTP/MRTP/src/my_package -DAMENT_CMAKE_SYMLINK_INSTALL=1 -DCMAKE_INSTALL_PREFIX=/MRTP/MRTP/src/install/my_package
[1.296s] Invoking command in '/MRTP/MRTP/src/build/my_package': AMENT_PREFIX_PATH=/MRTP/MRTP/src/install/webots_ros2_driver:/MRTP/MRTP/src/install/webots_ros2_msgs:/MRTP/MRTP/src/install/webots_ros2_importer:${AMENT_PREFIX_PATH} CMAKE_PREFIX_PATH=/MRTP/MRTP/src/install/webots_ros2_driver:/MRTP/MRTP/src/install/webots_ros2_msgs:/opt/ros/jazzy/opt/gz_sim_vendor:/opt/ros/jazzy/opt/gz_sensors_vendor:/opt/ros/jazzy/opt/gz_physics_vendor:/opt/ros/jazzy/opt/sdformat_vendor:/opt/ros/jazzy/opt/gz_gui_vendor:/opt/ros/jazzy/opt/gz_transport_vendor:/opt/ros/jazzy/opt/gz_rendering_vendor:/opt/ros/jazzy/opt/gz_plugin_vendor:/opt/ros/jazzy/opt/gz_fuel_tools_vendor:/opt/ros/jazzy/opt/gz_msgs_vendor:/opt/ros/jazzy/opt/gz_common_vendor:/opt/ros/jazzy/opt/gz_math_vendor:/opt/ros/jazzy/opt/gz_utils_vendor:/opt/ros/jazzy/opt/gz_tools_vendor:/opt/ros/jazzy/opt/gz_ogre_next_vendor:/opt/ros/jazzy/opt/gz_dartsim_vendor:/opt/ros/jazzy/opt/gz_cmake_vendor:/opt/ros/jazzy LD_LIBRARY_PATH=/MRTP/MRTP/src/install/webots_ros2_driver/lib:/MRTP/MRTP/src/install/webots_ros2_msgs/lib:${LD_LIBRARY_PATH} PS1=(.venv) \[\e]0;\u@\h: \w\a\]${debian_chroot:+($debian_chroot)}\u@\h:\w\$ PYTHONPATH=/MRTP/MRTP/src/install/webots_ros2_driver/lib/python3.12/site-packages:/MRTP/MRTP/src/install/webots_ros2_msgs/lib/python3.12/site-packages:/MRTP/MRTP/src/build/webots_ros2_importer:/MRTP/MRTP/src/install/webots_ros2_importer/lib/python3.12/site-packages:${PYTHONPATH} VIRTUAL_ENV_PROMPT=(.venv) /usr/bin/cmake --build /MRTP/MRTP/src/build/my_package -- -j12 -l12
[1.445s] [ 50%] [32mBuilding CXX object CMakeFiles/autopilot_node.dir/src/autopilot_node.cpp.o[0m
[1.462s] [ 50%] Built target ament_cmake_python_symlink_my_package
[1.670s] running egg_info
[1.689s] writing my_package.egg-info/PKG-INFO
[1.691s] writing dependency_links to my_package.egg-info/dependency_links.txt
[1.693s] writing top-level names to my_package.egg-info/top_level.txt
[1.759s] reading manifest file 'my_package.egg-info/SOURCES.txt'
[1.768s] writing manifest file 'my_package.egg-info/SOURCES.txt'
[1.805s] [ 50%] Built target ament_cmake_python_build_my_package_egg
[7.772s] [100%] [32m[1mLinking CXX executable autopilot_node[0m
[8.223s] [100%] Built target autopilot_node
[8.234s] Invoked command in '/MRTP/MRTP/src/build/my_package' returned '0': AMENT_PREFIX_PATH=/MRTP/MRTP/src/install/webots_ros2_driver:/MRTP/MRTP/src/install/webots_ros2_msgs:/MRTP/MRTP/src/install/webots_ros2_importer:${AMENT_PREFIX_PATH} CMAKE_PREFIX_PATH=/MRTP/MRTP/src/install/webots_ros2_driver:/MRTP/MRTP/src/install/webots_ros2_msgs:/opt/ros/jazzy/opt/gz_sim_vendor:/opt/ros/jazzy/opt/gz_sensors_vendor:/opt/ros/jazzy/opt/gz_physics_vendor:/opt/ros/jazzy/opt/sdformat_vendor:/opt/ros/jazzy/opt/gz_gui_vendor:/opt/ros/jazzy/opt/gz_transport_vendor:/opt/ros/jazzy/opt/gz_rendering_vendor:/opt/ros/jazzy/opt/gz_plugin_vendor:/opt/ros/jazzy/opt/gz_fuel_tools_vendor:/opt/ros/jazzy/opt/gz_msgs_vendor:/opt/ros/jazzy/opt/gz_common_vendor:/opt/ros/jazzy/opt/gz_math_vendor:/opt/ros/jazzy/opt/gz_utils_vendor:/opt/ros/jazzy/opt/gz_tools_vendor:/opt/ros/jazzy/opt/gz_ogre_next_vendor:/opt/ros/jazzy/opt/gz_dartsim_vendor:/opt/ros/jazzy/opt/gz_cmake_vendor:/opt/ros/jazzy LD_LIBRARY_PATH=/MRTP/MRTP/src/install/webots_ros2_driver/lib:/MRTP/MRTP/src/install/webots_ros2_msgs/lib:${LD_LIBRARY_PATH} PS1=(.venv) \[\e]0;\u@\h: \w\a\]${debian_chroot:+($debian_chroot)}\u@\h:\w\$ PYTHONPATH=/MRTP/MRTP/src/install/webots_ros2_driver/lib/python3.12/site-packages:/MRTP/MRTP/src/install/webots_ros2_msgs/lib/python3.12/site-packages:/MRTP/MRTP/src/build/webots_ros2_importer:/MRTP/MRTP/src/install/webots_ros2_importer/lib/python3.12/site-packages:${PYTHONPATH} VIRTUAL_ENV_PROMPT=(.venv) /usr/bin/cmake --build /MRTP/MRTP/src/build/my_package -- -j12 -l12
[8.237s] Invoking command in '/MRTP/MRTP/src/build/my_package': AMENT_PREFIX_PATH=/MRTP/MRTP/src/install/webots_ros2_driver:/MRTP/MRTP/src/install/webots_ros2_msgs:/MRTP/MRTP/src/install/webots_ros2_importer:${AMENT_PREFIX_PATH} CMAKE_PREFIX_PATH=/MRTP/MRTP/src/install/webots_ros2_driver:/MRTP/MRTP/src/install/webots_ros2_msgs:/opt/ros/jazzy/opt/gz_sim_vendor:/opt/ros/jazzy/opt/gz_sensors_vendor:/opt/ros/jazzy/opt/gz_physics_vendor:/opt/ros/jazzy/opt/sdformat_vendor:/opt/ros/jazzy/opt/gz_gui_vendor:/opt/ros/jazzy/opt/gz_transport_vendor:/opt/ros/jazzy/opt/gz_rendering_vendor:/opt/ros/jazzy/opt/gz_plugin_vendor:/opt/ros/jazzy/opt/gz_fuel_tools_vendor:/opt/ros/jazzy/opt/gz_msgs_vendor:/opt/ros/jazzy/opt/gz_common_vendor:/opt/ros/jazzy/opt/gz_math_vendor:/opt/ros/jazzy/opt/gz_utils_vendor:/opt/ros/jazzy/opt/gz_tools_vendor:/opt/ros/jazzy/opt/gz_ogre_next_vendor:/opt/ros/jazzy/opt/gz_dartsim_vendor:/opt/ros/jazzy/opt/gz_cmake_vendor:/opt/ros/jazzy LD_LIBRARY_PATH=/MRTP/MRTP/src/install/webots_ros2_driver/lib:/MRTP/MRTP/src/install/webots_ros2_msgs/lib:${LD_LIBRARY_PATH} PS1=(.venv) \[\e]0;\u@\h: \w\a\]${debian_chroot:+($debian_chroot)}\u@\h:\w\$ PYTHONPATH=/MRTP/MRTP/src/install/webots_ros2_driver/lib/python3.12/site-packages:/MRTP/MRTP/src/install/webots_ros2_msgs/lib/python3.12/site-packages:/MRTP/MRTP/src/build/webots_ros2_importer:/MRTP/MRTP/src/install/webots_ros2_importer/lib/python3.12/site-packages:${PYTHONPATH} VIRTUAL_ENV_PROMPT=(.venv) /usr/bin/cmake --install /MRTP/MRTP/src/build/my_package
[8.245s] -- Install configuration: ""
[8.246s] -- Execute custom install script
[8.247s] -- Symlinking: /MRTP/MRTP/src/install/my_package/lib/my_package/autopilot_node
[8.255s] -- Up-to-date symlink: /MRTP/MRTP/src/install/my_package/share/my_package/environment/pythonpath.sh
[8.256s] -- Up-to-date symlink: /MRTP/MRTP/src/install/my_package/share/my_package/environment/pythonpath.dsv
[8.257s] -- Up-to-date symlink: /MRTP/MRTP/src/install/my_package/lib/python3.12/site-packages/my_package-0.0.0-py3.12.egg-info/PKG-INFO
[8.257s] -- Up-to-date symlink: /MRTP/MRTP/src/install/my_package/lib/python3.12/site-packages/my_package-0.0.0-py3.12.egg-info/SOURCES.txt
[8.258s] -- Up-to-date symlink: /MRTP/MRTP/src/install/my_package/lib/python3.12/site-packages/my_package-0.0.0-py3.12.egg-info/dependency_links.txt
[8.258s] -- Up-to-date symlink: /MRTP/MRTP/src/install/my_package/lib/python3.12/site-packages/my_package-0.0.0-py3.12.egg-info/top_level.txt
[8.260s] -- Up-to-date symlink: /MRTP/MRTP/src/install/my_package/lib/python3.12/site-packages/my_package/__init__.py
[8.260s] -- Symlinking: /MRTP/MRTP/src/install/my_package/lib/python3.12/site-packages/my_package/log.txt
[8.268s] -- Symlinking: /MRTP/MRTP/src/install/my_package/lib/python3.12/site-packages/my_package/mavic_driver.py
[8.277s] -- Up-to-date symlink: /MRTP/MRTP/src/install/my_package/share/my_package/launch/robot_launch.py
[8.278s] -- Symlinking: /MRTP/MRTP/src/install/my_package/share/my_package/resource/mavic_webots.urdf
[8.287s] -- Up-to-date symlink: /MRTP/MRTP/src/install/my_package/share/my_package/worlds/wharehouse.wbt
[8.287s] -- Up-to-date symlink: /MRTP/MRTP/src/install/my_package/share/ament_index/resource_index/package_run_dependencies/my_package
[8.288s] -- Up-to-date symlink: /MRTP/MRTP/src/install/my_package/share/ament_index/resource_index/parent_prefix_path/my_package
[8.288s] -- Up-to-date symlink: /MRTP/MRTP/src/install/my_package/share/my_package/environment/ament_prefix_path.sh
[8.289s] -- Up-to-date symlink: /MRTP/MRTP/src/install/my_package/share/my_package/environment/ament_prefix_path.dsv
[8.289s] -- Up-to-date symlink: /MRTP/MRTP/src/install/my_package/share/my_package/environment/path.sh
[8.290s] -- Up-to-date symlink: /MRTP/MRTP/src/install/my_package/share/my_package/environment/path.dsv
[8.290s] -- Up-to-date symlink: /MRTP/MRTP/src/install/my_package/share/my_package/local_setup.bash
[8.291s] -- Up-to-date symlink: /MRTP/MRTP/src/install/my_package/share/my_package/local_setup.sh
[8.291s] -- Up-to-date symlink: /MRTP/MRTP/src/install/my_package/share/my_package/local_setup.zsh
[8.292s] -- Up-to-date symlink: /MRTP/MRTP/src/install/my_package/share/my_package/local_setup.dsv
[8.292s] -- Symlinking: /MRTP/MRTP/src/install/my_package/share/my_package/package.dsv
[8.301s] -- Up-to-date symlink: /MRTP/MRTP/src/install/my_package/share/ament_index/resource_index/packages/my_package
[8.301s] -- Up-to-date symlink: /MRTP/MRTP/src/install/my_package/share/my_package/cmake/my_packageConfig.cmake
[8.302s] -- Up-to-date symlink: /MRTP/MRTP/src/install/my_package/share/my_package/cmake/my_packageConfig-version.cmake
[8.302s] -- Up-to-date symlink: /MRTP/MRTP/src/install/my_package/share/my_package/package.xml
[8.334s] Listing '/MRTP/MRTP/src/install/my_package/lib/python3.12/site-packages/my_package'...
[8.335s] Compiling '/MRTP/MRTP/src/install/my_package/lib/python3.12/site-packages/my_package/mavic_driver.py'...
[8.336s] Invoked command in '/MRTP/MRTP/src/build/my_package' returned '0': AMENT_PREFIX_PATH=/MRTP/MRTP/src/install/webots_ros2_driver:/MRTP/MRTP/src/install/webots_ros2_msgs:/MRTP/MRTP/src/install/webots_ros2_importer:${AMENT_PREFIX_PATH} CMAKE_PREFIX_PATH=/MRTP/MRTP/src/install/webots_ros2_driver:/MRTP/MRTP/src/install/webots_ros2_msgs:/opt/ros/jazzy/opt/gz_sim_vendor:/opt/ros/jazzy/opt/gz_sensors_vendor:/opt/ros/jazzy/opt/gz_physics_vendor:/opt/ros/jazzy/opt/sdformat_vendor:/opt/ros/jazzy/opt/gz_gui_vendor:/opt/ros/jazzy/opt/gz_transport_vendor:/opt/ros/jazzy/opt/gz_rendering_vendor:/opt/ros/jazzy/opt/gz_plugin_vendor:/opt/ros/jazzy/opt/gz_fuel_tools_vendor:/opt/ros/jazzy/opt/gz_msgs_vendor:/opt/ros/jazzy/opt/gz_common_vendor:/opt/ros/jazzy/opt/gz_math_vendor:/opt/ros/jazzy/opt/gz_utils_vendor:/opt/ros/jazzy/opt/gz_tools_vendor:/opt/ros/jazzy/opt/gz_ogre_next_vendor:/opt/ros/jazzy/opt/gz_dartsim_vendor:/opt/ros/jazzy/opt/gz_cmake_vendor:/opt/ros/jazzy LD_LIBRARY_PATH=/MRTP/MRTP/src/install/webots_ros2_driver/lib:/MRTP/MRTP/src/install/webots_ros2_msgs/lib:${LD_LIBRARY_PATH} PS1=(.venv) \[\e]0;\u@\h: \w\a\]${debian_chroot:+($debian_chroot)}\u@\h:\w\$ PYTHONPATH=/MRTP/MRTP/src/install/webots_ros2_driver/lib/python3.12/site-packages:/MRTP/MRTP/src/install/webots_ros2_msgs/lib/python3.12/site-packages:/MRTP/MRTP/src/build/webots_ros2_importer:/MRTP/MRTP/src/install/webots_ros2_importer/lib/python3.12/site-packages:${PYTHONPATH} VIRTUAL_ENV_PROMPT=(.venv) /usr/bin/cmake --install /MRTP/MRTP/src/build/my_package
