[0.062s] Invoking command in '/MRTP/MRTP/build/my_package': CMAKE_PREFIX_PATH=${CMAKE_PREFIX_PATH}:/MRTP/MRTP/install/webots_ros2_mavic:/MRTP/MRTP/install/gazeboenvs:/MRTP/MRTP/src/install/webots_ros2:/MRTP/MRTP/src/install/webots_ros2_universal_robot:/MRTP/MRTP/src/install/webots_ros2_turtlebot:/MRTP/MRTP/src/install/webots_ros2_tiago:/MRTP/MRTP/src/install/webots_ros2_tests:/MRTP/MRTP/src/install/webots_ros2_tesla:/MRTP/MRTP/src/install/webots_ros2_mavic:/MRTP/MRTP/src/install/webots_ros2_husarion:/MRTP/MRTP/src/install/webots_ros2_epuck:/MRTP/MRTP/src/install/webots_ros2_crazyflie:/MRTP/MRTP/src/install/webots_ros2_importer:/MRTP/MRTP/src/install/gazeboenvs:/opt/ros/jazzy PS1=(.venv) \[\e]0;\u@\h: \w\a\]${debian_chroot:+($debian_chroot)}\u@\h:\w\$ VIRTUAL_ENV_PROMPT=(.venv) /usr/bin/cmake --build /MRTP/MRTP/build/my_package -- -j12 -l12
[0.392s] [100%] Built target autopilot_node
[0.489s] [100%] Built target ament_cmake_python_copy_my_package
[0.973s] running egg_info
[1.083s] writing my_package.egg-info/PKG-INFO
[1.098s] writing dependency_links to my_package.egg-info/dependency_links.txt
[1.100s] writing top-level names to my_package.egg-info/top_level.txt
[1.248s] reading manifest file 'my_package.egg-info/SOURCES.txt'
[1.279s] writing manifest file 'my_package.egg-info/SOURCES.txt'
[1.394s] [100%] Built target ament_cmake_python_build_my_package_egg
[1.426s] Invoked command in '/MRTP/MRTP/build/my_package' returned '0': CMAKE_PREFIX_PATH=${CMAKE_PREFIX_PATH}:/MRTP/MRTP/install/webots_ros2_mavic:/MRTP/MRTP/install/gazeboenvs:/MRTP/MRTP/src/install/webots_ros2:/MRTP/MRTP/src/install/webots_ros2_universal_robot:/MRTP/MRTP/src/install/webots_ros2_turtlebot:/MRTP/MRTP/src/install/webots_ros2_tiago:/MRTP/MRTP/src/install/webots_ros2_tests:/MRTP/MRTP/src/install/webots_ros2_tesla:/MRTP/MRTP/src/install/webots_ros2_mavic:/MRTP/MRTP/src/install/webots_ros2_husarion:/MRTP/MRTP/src/install/webots_ros2_epuck:/MRTP/MRTP/src/install/webots_ros2_crazyflie:/MRTP/MRTP/src/install/webots_ros2_importer:/MRTP/MRTP/src/install/gazeboenvs:/opt/ros/jazzy PS1=(.venv) \[\e]0;\u@\h: \w\a\]${debian_chroot:+($debian_chroot)}\u@\h:\w\$ VIRTUAL_ENV_PROMPT=(.venv) /usr/bin/cmake --build /MRTP/MRTP/build/my_package -- -j12 -l12
[1.477s] Invoking command in '/MRTP/MRTP/build/my_package': CMAKE_PREFIX_PATH=${CMAKE_PREFIX_PATH}:/MRTP/MRTP/install/webots_ros2_mavic:/MRTP/MRTP/install/gazeboenvs:/MRTP/MRTP/src/install/webots_ros2:/MRTP/MRTP/src/install/webots_ros2_universal_robot:/MRTP/MRTP/src/install/webots_ros2_turtlebot:/MRTP/MRTP/src/install/webots_ros2_tiago:/MRTP/MRTP/src/install/webots_ros2_tests:/MRTP/MRTP/src/install/webots_ros2_tesla:/MRTP/MRTP/src/install/webots_ros2_mavic:/MRTP/MRTP/src/install/webots_ros2_husarion:/MRTP/MRTP/src/install/webots_ros2_epuck:/MRTP/MRTP/src/install/webots_ros2_crazyflie:/MRTP/MRTP/src/install/webots_ros2_importer:/MRTP/MRTP/src/install/gazeboenvs:/opt/ros/jazzy PS1=(.venv) \[\e]0;\u@\h: \w\a\]${debian_chroot:+($debian_chroot)}\u@\h:\w\$ VIRTUAL_ENV_PROMPT=(.venv) /usr/bin/cmake --install /MRTP/MRTP/build/my_package
[1.621s] -- Install configuration: ""
[1.623s] -- Up-to-date: /MRTP/MRTP/install/my_package/lib/my_package/autopilot_node
[1.644s] -- Up-to-date: /MRTP/MRTP/install/my_package/share/my_package/environment/pythonpath.sh
[1.644s] -- Up-to-date: /MRTP/MRTP/install/my_package/share/my_package/environment/pythonpath.dsv
[1.645s] -- Up-to-date: /MRTP/MRTP/install/my_package/lib/python3.12/site-packages/my_package-0.0.0-py3.12.egg-info
[1.646s] -- Installing: /MRTP/MRTP/install/my_package/lib/python3.12/site-packages/my_package-0.0.0-py3.12.egg-info/PKG-INFO
[1.647s] -- Installing: /MRTP/MRTP/install/my_package/lib/python3.12/site-packages/my_package-0.0.0-py3.12.egg-info/SOURCES.txt
[1.660s] -- Installing: /MRTP/MRTP/install/my_package/lib/python3.12/site-packages/my_package-0.0.0-py3.12.egg-info/top_level.txt
[1.669s] -- Installing: /MRTP/MRTP/install/my_package/lib/python3.12/site-packages/my_package-0.0.0-py3.12.egg-info/dependency_links.txt
[1.672s] -- Up-to-date: /MRTP/MRTP/install/my_package/lib/python3.12/site-packages/my_package
[1.673s] -- Up-to-date: /MRTP/MRTP/install/my_package/lib/python3.12/site-packages/my_package/__init__.py
[1.673s] -- Installing: /MRTP/MRTP/install/my_package/lib/python3.12/site-packages/my_package/mavic_driver.py
[1.924s] Listing '/MRTP/MRTP/install/my_package/lib/python3.12/site-packages/my_package'...
[1.925s] Compiling '/MRTP/MRTP/install/my_package/lib/python3.12/site-packages/my_package/mavic_driver.py'...
[1.955s] -- Up-to-date: /MRTP/MRTP/install/my_package/share/my_package/launch
[1.956s] -- Up-to-date: /MRTP/MRTP/install/my_package/share/my_package/launch/robot_launch.py
[1.956s] -- Up-to-date: /MRTP/MRTP/install/my_package/share/my_package/resource
[1.957s] -- Up-to-date: /MRTP/MRTP/install/my_package/share/my_package/resource/mavic_webots.urdf
[1.966s] -- Up-to-date: /MRTP/MRTP/install/my_package/share/my_package/worlds
[1.968s] -- Up-to-date: /MRTP/MRTP/install/my_package/share/my_package/worlds/wharehouse.wbt
[1.970s] -- Up-to-date: /MRTP/MRTP/install/my_package/share/ament_index/resource_index/package_run_dependencies/my_package
[1.971s] -- Up-to-date: /MRTP/MRTP/install/my_package/share/ament_index/resource_index/parent_prefix_path/my_package
[1.972s] -- Up-to-date: /MRTP/MRTP/install/my_package/share/my_package/environment/ament_prefix_path.sh
[1.972s] -- Up-to-date: /MRTP/MRTP/install/my_package/share/my_package/environment/ament_prefix_path.dsv
[1.972s] -- Up-to-date: /MRTP/MRTP/install/my_package/share/my_package/environment/path.sh
[1.973s] -- Up-to-date: /MRTP/MRTP/install/my_package/share/my_package/environment/path.dsv
[1.974s] -- Up-to-date: /MRTP/MRTP/install/my_package/share/my_package/local_setup.bash
[1.975s] -- Up-to-date: /MRTP/MRTP/install/my_package/share/my_package/local_setup.sh
[1.975s] -- Up-to-date: /MRTP/MRTP/install/my_package/share/my_package/local_setup.zsh
[1.977s] -- Up-to-date: /MRTP/MRTP/install/my_package/share/my_package/local_setup.dsv
[1.978s] -- Installing: /MRTP/MRTP/install/my_package/share/my_package/package.dsv
[1.987s] -- Up-to-date: /MRTP/MRTP/install/my_package/share/ament_index/resource_index/packages/my_package
[1.987s] -- Up-to-date: /MRTP/MRTP/install/my_package/share/my_package/cmake/my_packageConfig.cmake
[1.987s] -- Up-to-date: /MRTP/MRTP/install/my_package/share/my_package/cmake/my_packageConfig-version.cmake
[1.988s] -- Up-to-date: /MRTP/MRTP/install/my_package/share/my_package/package.xml
[2.007s] Invoked command in '/MRTP/MRTP/build/my_package' returned '0': CMAKE_PREFIX_PATH=${CMAKE_PREFIX_PATH}:/MRTP/MRTP/install/webots_ros2_mavic:/MRTP/MRTP/install/gazeboenvs:/MRTP/MRTP/src/install/webots_ros2:/MRTP/MRTP/src/install/webots_ros2_universal_robot:/MRTP/MRTP/src/install/webots_ros2_turtlebot:/MRTP/MRTP/src/install/webots_ros2_tiago:/MRTP/MRTP/src/install/webots_ros2_tests:/MRTP/MRTP/src/install/webots_ros2_tesla:/MRTP/MRTP/src/install/webots_ros2_mavic:/MRTP/MRTP/src/install/webots_ros2_husarion:/MRTP/MRTP/src/install/webots_ros2_epuck:/MRTP/MRTP/src/install/webots_ros2_crazyflie:/MRTP/MRTP/src/install/webots_ros2_importer:/MRTP/MRTP/src/install/gazeboenvs:/opt/ros/jazzy PS1=(.venv) \[\e]0;\u@\h: \w\a\]${debian_chroot:+($debian_chroot)}\u@\h:\w\$ VIRTUAL_ENV_PROMPT=(.venv) /usr/bin/cmake --install /MRTP/MRTP/build/my_package
