[0.067s] Invoking command in '/MRTP/MRTP/build/my_package': CMAKE_PREFIX_PATH=${CMAKE_PREFIX_PATH}:/MRTP/MRTP/install/webots_ros2_mavic:/MRTP/MRTP/install/gazeboenvs:/MRTP/MRTP/src/install/webots_ros2:/MRTP/MRTP/src/install/webots_ros2_universal_robot:/MRTP/MRTP/src/install/webots_ros2_turtlebot:/MRTP/MRTP/src/install/webots_ros2_tiago:/MRTP/MRTP/src/install/webots_ros2_tests:/MRTP/MRTP/src/install/webots_ros2_tesla:/MRTP/MRTP/src/install/webots_ros2_mavic:/MRTP/MRTP/src/install/webots_ros2_husarion:/MRTP/MRTP/src/install/webots_ros2_epuck:/MRTP/MRTP/src/install/webots_ros2_crazyflie:/MRTP/MRTP/src/install/webots_ros2_importer:/MRTP/MRTP/src/install/gazeboenvs:/opt/ros/jazzy PS1=(.venv) \[\e]0;\u@\h: \w\a\]${debian_chroot:+($debian_chroot)}\u@\h:\w\$ VIRTUAL_ENV_PROMPT=(.venv) /usr/bin/cmake --build /MRTP/MRTP/build/my_package -- -j12 -l12
[0.817s] [ 25%] [32mBuilding CXX object CMakeFiles/autopilot_node.dir/src/autopilot_node.cpp.o[0m
[10.339s] [ 50%] [32m[1mLinking CXX executable autopilot_node[0m
[11.744s] [ 50%] Built target autopilot_node
[11.877s] [100%] Built target mavic2pro_patrol
[11.937s] Invoked command in '/MRTP/MRTP/build/my_package' returned '0': CMAKE_PREFIX_PATH=${CMAKE_PREFIX_PATH}:/MRTP/MRTP/install/webots_ros2_mavic:/MRTP/MRTP/install/gazeboenvs:/MRTP/MRTP/src/install/webots_ros2:/MRTP/MRTP/src/install/webots_ros2_universal_robot:/MRTP/MRTP/src/install/webots_ros2_turtlebot:/MRTP/MRTP/src/install/webots_ros2_tiago:/MRTP/MRTP/src/install/webots_ros2_tests:/MRTP/MRTP/src/install/webots_ros2_tesla:/MRTP/MRTP/src/install/webots_ros2_mavic:/MRTP/MRTP/src/install/webots_ros2_husarion:/MRTP/MRTP/src/install/webots_ros2_epuck:/MRTP/MRTP/src/install/webots_ros2_crazyflie:/MRTP/MRTP/src/install/webots_ros2_importer:/MRTP/MRTP/src/install/gazeboenvs:/opt/ros/jazzy PS1=(.venv) \[\e]0;\u@\h: \w\a\]${debian_chroot:+($debian_chroot)}\u@\h:\w\$ VIRTUAL_ENV_PROMPT=(.venv) /usr/bin/cmake --build /MRTP/MRTP/build/my_package -- -j12 -l12
[12.018s] Invoking command in '/MRTP/MRTP/build/my_package': CMAKE_PREFIX_PATH=${CMAKE_PREFIX_PATH}:/MRTP/MRTP/install/webots_ros2_mavic:/MRTP/MRTP/install/gazeboenvs:/MRTP/MRTP/src/install/webots_ros2:/MRTP/MRTP/src/install/webots_ros2_universal_robot:/MRTP/MRTP/src/install/webots_ros2_turtlebot:/MRTP/MRTP/src/install/webots_ros2_tiago:/MRTP/MRTP/src/install/webots_ros2_tests:/MRTP/MRTP/src/install/webots_ros2_tesla:/MRTP/MRTP/src/install/webots_ros2_mavic:/MRTP/MRTP/src/install/webots_ros2_husarion:/MRTP/MRTP/src/install/webots_ros2_epuck:/MRTP/MRTP/src/install/webots_ros2_crazyflie:/MRTP/MRTP/src/install/webots_ros2_importer:/MRTP/MRTP/src/install/gazeboenvs:/opt/ros/jazzy PS1=(.venv) \[\e]0;\u@\h: \w\a\]${debian_chroot:+($debian_chroot)}\u@\h:\w\$ VIRTUAL_ENV_PROMPT=(.venv) /usr/bin/cmake --install /MRTP/MRTP/build/my_package
[12.045s] -- Install configuration: ""
[12.046s] -- Installing: /MRTP/MRTP/install/my_package/lib/my_package/autopilot_node
[12.183s] -- Set non-toolchain portion of runtime path of "/MRTP/MRTP/install/my_package/lib/my_package/autopilot_node" to ""
[12.185s] -- Up-to-date: /MRTP/MRTP/install/my_package/lib/my_package/mavic2pro_patrol
[12.186s] -- Up-to-date: /MRTP/MRTP/install/my_package/share/my_package/launch
[12.187s] -- Up-to-date: /MRTP/MRTP/install/my_package/share/my_package/launch/robot_launch.py
[12.191s] -- Up-to-date: /MRTP/MRTP/install/my_package/share/my_package/resource
[12.196s] -- Up-to-date: /MRTP/MRTP/install/my_package/share/my_package/resource/my_robot.urdf
[12.197s] -- Up-to-date: /MRTP/MRTP/install/my_package/share/my_package/worlds
[12.202s] -- Up-to-date: /MRTP/MRTP/install/my_package/share/my_package/worlds/wharehouse.wbt
[12.214s] -- Up-to-date: /MRTP/MRTP/install/my_package/share/ament_index/resource_index/package_run_dependencies/my_package
[12.215s] -- Up-to-date: /MRTP/MRTP/install/my_package/share/ament_index/resource_index/parent_prefix_path/my_package
[12.221s] -- Up-to-date: /MRTP/MRTP/install/my_package/share/my_package/environment/ament_prefix_path.sh
[12.224s] -- Up-to-date: /MRTP/MRTP/install/my_package/share/my_package/environment/ament_prefix_path.dsv
[12.227s] -- Up-to-date: /MRTP/MRTP/install/my_package/share/my_package/environment/path.sh
[12.229s] -- Up-to-date: /MRTP/MRTP/install/my_package/share/my_package/environment/path.dsv
[12.231s] -- Up-to-date: /MRTP/MRTP/install/my_package/share/my_package/local_setup.bash
[12.232s] -- Up-to-date: /MRTP/MRTP/install/my_package/share/my_package/local_setup.sh
[12.235s] -- Up-to-date: /MRTP/MRTP/install/my_package/share/my_package/local_setup.zsh
[12.238s] -- Up-to-date: /MRTP/MRTP/install/my_package/share/my_package/local_setup.dsv
[12.239s] -- Installing: /MRTP/MRTP/install/my_package/share/my_package/package.dsv
[12.248s] -- Up-to-date: /MRTP/MRTP/install/my_package/share/ament_index/resource_index/packages/my_package
[12.256s] -- Up-to-date: /MRTP/MRTP/install/my_package/share/my_package/cmake/my_packageConfig.cmake
[12.258s] -- Up-to-date: /MRTP/MRTP/install/my_package/share/my_package/cmake/my_packageConfig-version.cmake
[12.258s] -- Up-to-date: /MRTP/MRTP/install/my_package/share/my_package/package.xml
[12.259s] Invoked command in '/MRTP/MRTP/build/my_package' returned '0': CMAKE_PREFIX_PATH=${CMAKE_PREFIX_PATH}:/MRTP/MRTP/install/webots_ros2_mavic:/MRTP/MRTP/install/gazeboenvs:/MRTP/MRTP/src/install/webots_ros2:/MRTP/MRTP/src/install/webots_ros2_universal_robot:/MRTP/MRTP/src/install/webots_ros2_turtlebot:/MRTP/MRTP/src/install/webots_ros2_tiago:/MRTP/MRTP/src/install/webots_ros2_tests:/MRTP/MRTP/src/install/webots_ros2_tesla:/MRTP/MRTP/src/install/webots_ros2_mavic:/MRTP/MRTP/src/install/webots_ros2_husarion:/MRTP/MRTP/src/install/webots_ros2_epuck:/MRTP/MRTP/src/install/webots_ros2_crazyflie:/MRTP/MRTP/src/install/webots_ros2_importer:/MRTP/MRTP/src/install/gazeboenvs:/opt/ros/jazzy PS1=(.venv) \[\e]0;\u@\h: \w\a\]${debian_chroot:+($debian_chroot)}\u@\h:\w\$ VIRTUAL_ENV_PROMPT=(.venv) /usr/bin/cmake --install /MRTP/MRTP/build/my_package
