-- The C compiler identification is GNU 13.3.0
-- The CXX compiler identification is GNU 13.3.0
-- Detecting C compiler ABI info
-- Detecting C compiler ABI info - done
-- Check for working C compiler: /usr/bin/cc - skipped
-- Detecting C compile features
-- Detecting C compile features - done
-- Detecting CXX compiler ABI info
-- Detecting CXX compiler ABI info - done
-- Check for working CXX compiler: /usr/bin/c++ - skipped
-- Detecting CXX compile features
-- Detecting CXX compile features - done
-- Found ament_cmake: 2.5.5 (/opt/ros/jazzy/share/ament_cmake/cmake)
-- Found Python3: /.venv/bin/python3 (found version "3.12.3") found components: Interpreter 
-- Override CMake install command with custom implementation using symlinks instead of copying resources
-- Found rclcpp: 28.1.16 (/opt/ros/jazzy/share/rclcpp/cmake)
-- Found rosidl_generator_c: 4.6.7 (/opt/ros/jazzy/share/rosidl_generator_c/cmake)
-- Found rosidl_generator_cpp: 4.6.7 (/opt/ros/jazzy/share/rosidl_generator_cpp/cmake)
-- Using all available rosidl_typesupport_c: rosidl_typesupport_fastrtps_c;rosidl_typesupport_introspection_c
-- Using all available rosidl_typesupport_cpp: rosidl_typesupport_fastrtps_cpp;rosidl_typesupport_introspection_cpp
-- Found rmw_implementation_cmake: 7.3.3 (/opt/ros/jazzy/share/rmw_implementation_cmake/cmake)
-- Found rmw_fastrtps_cpp: 8.4.3 (/opt/ros/jazzy/share/rmw_fastrtps_cpp/cmake)
-- Found OpenSSL: /usr/lib/aarch64-linux-gnu/libcrypto.so (found version "3.0.13")  
-- Found FastRTPS: /opt/ros/jazzy/include (Required is at least version "2.13") 
-- Using RMW implementation 'rmw_fastrtps_cpp' as default
-- Found geometry_msgs: 5.3.6 (/opt/ros/jazzy/share/geometry_msgs/cmake)
-- Found pluginlib: 5.4.4 (/opt/ros/jazzy/share/pluginlib/cmake)
-- Found webots_ros2_driver: 2025.0.1 (/MRTP/MRTP/src/install/webots_ros2_driver/share/webots_ros2_driver/cmake)
-- Found eigen3_cmake_module: 0.3.0 (/opt/ros/jazzy/share/eigen3_cmake_module/cmake)
-- Found Eigen3: TRUE (found version "3.4.0") 
-- Ensuring Eigen3 include directory is part of orocos-kdl CMake target
-- Configuring done (2.8s)
-- Generating done (0.0s)
-- Build files have been written to: /MRTP/MRTP/src/build/my_package
[ 50%] [32mBuilding CXX object CMakeFiles/my_package.dir/src/MyRobotDriver.cpp.o[0m
[100%] [32m[1mLinking CXX shared library libmy_package.so[0m
[100%] Built target my_package
-- Install configuration: ""
-- Execute custom install script
-- Symlinking: /MRTP/MRTP/src/install/my_package/share/my_package//my_robot_driver.xml
-- Symlinking: /MRTP/MRTP/src/install/my_package/lib/libmy_package.so
-- Symlinking: /MRTP/MRTP/src/install/my_package/include/include/my_package/MyRobotDriver.hpp
-- Up-to-date symlink: /MRTP/MRTP/src/install/my_package/share/my_package/my_robot_driver.xml
-- Symlinking: /MRTP/MRTP/src/install/my_package/share/my_package/launch/robot_launch.py
-- Symlinking: /MRTP/MRTP/src/install/my_package/share/my_package/resource/my_robot.urdf
-- Symlinking: /MRTP/MRTP/src/install/my_package/share/my_package/worlds/wharehouse.wbt
-- Symlinking: /MRTP/MRTP/src/install/my_package/share/my_package/environment/library_path.sh
-- Symlinking: /MRTP/MRTP/src/install/my_package/share/my_package/environment/library_path.dsv
-- Symlinking: /MRTP/MRTP/src/install/my_package/share/ament_index/resource_index/package_run_dependencies/my_package
-- Symlinking: /MRTP/MRTP/src/install/my_package/share/ament_index/resource_index/parent_prefix_path/my_package
-- Symlinking: /MRTP/MRTP/src/install/my_package/share/my_package/environment/ament_prefix_path.sh
-- Symlinking: /MRTP/MRTP/src/install/my_package/share/my_package/environment/ament_prefix_path.dsv
-- Symlinking: /MRTP/MRTP/src/install/my_package/share/my_package/environment/path.sh
-- Symlinking: /MRTP/MRTP/src/install/my_package/share/my_package/environment/path.dsv
-- Symlinking: /MRTP/MRTP/src/install/my_package/share/my_package/local_setup.bash
-- Symlinking: /MRTP/MRTP/src/install/my_package/share/my_package/local_setup.sh
-- Symlinking: /MRTP/MRTP/src/install/my_package/share/my_package/local_setup.zsh
-- Symlinking: /MRTP/MRTP/src/install/my_package/share/my_package/local_setup.dsv
-- Symlinking: /MRTP/MRTP/src/install/my_package/share/my_package/package.dsv
-- Symlinking: /MRTP/MRTP/src/install/my_package/share/ament_index/resource_index/packages/my_package
-- Symlinking: /MRTP/MRTP/src/install/my_package/share/ament_index/resource_index/webots_ros2_driver__pluginlib__plugin/my_package
-- Symlinking: /MRTP/MRTP/src/install/my_package/share/my_package/cmake/ament_cmake_export_include_directories-extras.cmake
-- Symlinking: /MRTP/MRTP/src/install/my_package/share/my_package/cmake/ament_cmake_export_libraries-extras.cmake
-- Symlinking: /MRTP/MRTP/src/install/my_package/share/my_package/cmake/my_packageConfig.cmake
-- Symlinking: /MRTP/MRTP/src/install/my_package/share/my_package/cmake/my_packageConfig-version.cmake
-- Symlinking: /MRTP/MRTP/src/install/my_package/share/my_package/package.xml
