running develop
running egg_info
creating webots_ros2_turtlebot.egg-info
writing webots_ros2_turtlebot.egg-info/PKG-INFO
writing dependency_links to webots_ros2_turtlebot.egg-info/dependency_links.txt
writing entry points to webots_ros2_turtlebot.egg-info/entry_points.txt
writing requirements to webots_ros2_turtlebot.egg-info/requires.txt
writing top-level names to webots_ros2_turtlebot.egg-info/top_level.txt
writing manifest file 'webots_ros2_turtlebot.egg-info/SOURCES.txt'
reading manifest file 'webots_ros2_turtlebot.egg-info/SOURCES.txt'
writing manifest file 'webots_ros2_turtlebot.egg-info/SOURCES.txt'
running build_ext
Creating /MRTP/MRTP/src/install/webots_ros2_turtlebot/lib/python3.12/site-packages/webots-ros2-turtlebot.egg-link (link to .)

Installed /MRTP/MRTP/src/build/webots_ros2_turtlebot
running symlink_data
creating /MRTP/MRTP/src/install/webots_ros2_turtlebot/share/ament_index
creating /MRTP/MRTP/src/install/webots_ros2_turtlebot/share/ament_index/resource_index
creating /MRTP/MRTP/src/install/webots_ros2_turtlebot/share/ament_index/resource_index/packages
symbolically linking /MRTP/MRTP/src/build/webots_ros2_turtlebot/resource/webots_ros2_turtlebot -> /MRTP/MRTP/src/install/webots_ros2_turtlebot/share/ament_index/resource_index/packages
creating /MRTP/MRTP/src/install/webots_ros2_turtlebot/share/webots_ros2_turtlebot/launch
symbolically linking /MRTP/MRTP/src/build/webots_ros2_turtlebot/launch/robot_launch.py -> /MRTP/MRTP/src/install/webots_ros2_turtlebot/share/webots_ros2_turtlebot/launch
creating /MRTP/MRTP/src/install/webots_ros2_turtlebot/share/webots_ros2_turtlebot/resource
symbolically linking /MRTP/MRTP/src/build/webots_ros2_turtlebot/resource/turtlebot3_burger_example_map.pgm -> /MRTP/MRTP/src/install/webots_ros2_turtlebot/share/webots_ros2_turtlebot/resource
symbolically linking /MRTP/MRTP/src/build/webots_ros2_turtlebot/resource/turtlebot3_burger_example_map.yaml -> /MRTP/MRTP/src/install/webots_ros2_turtlebot/share/webots_ros2_turtlebot/resource
symbolically linking /MRTP/MRTP/src/build/webots_ros2_turtlebot/resource/turtlebot_webots.urdf -> /MRTP/MRTP/src/install/webots_ros2_turtlebot/share/webots_ros2_turtlebot/resource
symbolically linking /MRTP/MRTP/src/build/webots_ros2_turtlebot/resource/ros2control.yml -> /MRTP/MRTP/src/install/webots_ros2_turtlebot/share/webots_ros2_turtlebot/resource
symbolically linking /MRTP/MRTP/src/build/webots_ros2_turtlebot/resource/nav2_params.yaml -> /MRTP/MRTP/src/install/webots_ros2_turtlebot/share/webots_ros2_turtlebot/resource
creating /MRTP/MRTP/src/install/webots_ros2_turtlebot/share/webots_ros2_turtlebot/worlds
symbolically linking /MRTP/MRTP/src/build/webots_ros2_turtlebot/worlds/turtlebot3_burger_example.wbt -> /MRTP/MRTP/src/install/webots_ros2_turtlebot/share/webots_ros2_turtlebot/worlds
symbolically linking /MRTP/MRTP/src/build/webots_ros2_turtlebot/worlds/.turtlebot3_burger_example.wbproj -> /MRTP/MRTP/src/install/webots_ros2_turtlebot/share/webots_ros2_turtlebot/worlds
symbolically linking /MRTP/MRTP/src/build/webots_ros2_turtlebot/package.xml -> /MRTP/MRTP/src/install/webots_ros2_turtlebot/share/webots_ros2_turtlebot
