[0.880s] Invoking command in '/MRTP/MRTP/src/build/webots_ros2_turtlebot': AMENT_PREFIX_PATH=/MRTP/MRTP/src/install/webots_ros2_control:/MRTP/MRTP/src/install/webots_ros2_driver:/MRTP/MRTP/src/install/webots_ros2_msgs:/MRTP/MRTP/src/install/webots_ros2_importer:${AMENT_PREFIX_PATH} CMAKE_PREFIX_PATH=/MRTP/MRTP/src/install/webots_ros2_control:/MRTP/MRTP/src/install/webots_ros2_driver:/MRTP/MRTP/src/install/webots_ros2_msgs:${CMAKE_PREFIX_PATH} LD_LIBRARY_PATH=/MRTP/MRTP/src/install/webots_ros2_control/lib:/MRTP/MRTP/src/install/webots_ros2_driver/lib:/MRTP/MRTP/src/install/webots_ros2_msgs/lib:${LD_LIBRARY_PATH} PS1=(.venv) \[\e]0;\u@\h: \w\a\]${debian_chroot:+($debian_chroot)}\u@\h:\w\$ PYTHONPATH=/MRTP/MRTP/src/build/webots_ros2_turtlebot/prefix_override:/usr/lib/python3/dist-packages/colcon_core/task/python/colcon_distutils_commands:/MRTP/MRTP/src/install/webots_ros2_turtlebot/lib/python3.12/site-packages:/MRTP/MRTP/src/install/webots_ros2_driver/lib/python3.12/site-packages:/MRTP/MRTP/src/install/webots_ros2_msgs/lib/python3.12/site-packages:/MRTP/MRTP/src/build/webots_ros2_importer:/MRTP/MRTP/src/install/webots_ros2_importer/lib/python3.12/site-packages:${PYTHONPATH} VIRTUAL_ENV_PROMPT=(.venv) /usr/bin/python3 -W ignore:setup.py install is deprecated -W ignore:easy_install command is deprecated setup.py develop --editable --build-directory /MRTP/MRTP/src/build/webots_ros2_turtlebot/build --no-deps symlink_data
[1.120s] running develop
[1.277s] running egg_info
[1.281s] creating webots_ros2_turtlebot.egg-info
[1.286s] writing webots_ros2_turtlebot.egg-info/PKG-INFO
[1.288s] writing dependency_links to webots_ros2_turtlebot.egg-info/dependency_links.txt
[1.289s] writing entry points to webots_ros2_turtlebot.egg-info/entry_points.txt
[1.290s] writing requirements to webots_ros2_turtlebot.egg-info/requires.txt
[1.291s] writing top-level names to webots_ros2_turtlebot.egg-info/top_level.txt
[1.292s] writing manifest file 'webots_ros2_turtlebot.egg-info/SOURCES.txt'
[1.351s] reading manifest file 'webots_ros2_turtlebot.egg-info/SOURCES.txt'
[1.363s] writing manifest file 'webots_ros2_turtlebot.egg-info/SOURCES.txt'
[1.380s] running build_ext
[1.381s] Creating /MRTP/MRTP/src/install/webots_ros2_turtlebot/lib/python3.12/site-packages/webots-ros2-turtlebot.egg-link (link to .)
[1.383s] 
[1.383s] Installed /MRTP/MRTP/src/build/webots_ros2_turtlebot
[1.383s] running symlink_data
[1.385s] creating /MRTP/MRTP/src/install/webots_ros2_turtlebot/share/ament_index
[1.385s] creating /MRTP/MRTP/src/install/webots_ros2_turtlebot/share/ament_index/resource_index
[1.385s] creating /MRTP/MRTP/src/install/webots_ros2_turtlebot/share/ament_index/resource_index/packages
[1.386s] symbolically linking /MRTP/MRTP/src/build/webots_ros2_turtlebot/resource/webots_ros2_turtlebot -> /MRTP/MRTP/src/install/webots_ros2_turtlebot/share/ament_index/resource_index/packages
[1.386s] creating /MRTP/MRTP/src/install/webots_ros2_turtlebot/share/webots_ros2_turtlebot/launch
[1.386s] symbolically linking /MRTP/MRTP/src/build/webots_ros2_turtlebot/launch/robot_launch.py -> /MRTP/MRTP/src/install/webots_ros2_turtlebot/share/webots_ros2_turtlebot/launch
[1.386s] creating /MRTP/MRTP/src/install/webots_ros2_turtlebot/share/webots_ros2_turtlebot/resource
[1.386s] symbolically linking /MRTP/MRTP/src/build/webots_ros2_turtlebot/resource/turtlebot3_burger_example_map.pgm -> /MRTP/MRTP/src/install/webots_ros2_turtlebot/share/webots_ros2_turtlebot/resource
[1.387s] symbolically linking /MRTP/MRTP/src/build/webots_ros2_turtlebot/resource/turtlebot3_burger_example_map.yaml -> /MRTP/MRTP/src/install/webots_ros2_turtlebot/share/webots_ros2_turtlebot/resource
[1.387s] symbolically linking /MRTP/MRTP/src/build/webots_ros2_turtlebot/resource/turtlebot_webots.urdf -> /MRTP/MRTP/src/install/webots_ros2_turtlebot/share/webots_ros2_turtlebot/resource
[1.387s] symbolically linking /MRTP/MRTP/src/build/webots_ros2_turtlebot/resource/ros2control.yml -> /MRTP/MRTP/src/install/webots_ros2_turtlebot/share/webots_ros2_turtlebot/resource
[1.387s] symbolically linking /MRTP/MRTP/src/build/webots_ros2_turtlebot/resource/nav2_params.yaml -> /MRTP/MRTP/src/install/webots_ros2_turtlebot/share/webots_ros2_turtlebot/resource
[1.387s] creating /MRTP/MRTP/src/install/webots_ros2_turtlebot/share/webots_ros2_turtlebot/worlds
[1.389s] symbolically linking /MRTP/MRTP/src/build/webots_ros2_turtlebot/worlds/turtlebot3_burger_example.wbt -> /MRTP/MRTP/src/install/webots_ros2_turtlebot/share/webots_ros2_turtlebot/worlds
[1.390s] symbolically linking /MRTP/MRTP/src/build/webots_ros2_turtlebot/worlds/.turtlebot3_burger_example.wbproj -> /MRTP/MRTP/src/install/webots_ros2_turtlebot/share/webots_ros2_turtlebot/worlds
[1.391s] symbolically linking /MRTP/MRTP/src/build/webots_ros2_turtlebot/package.xml -> /MRTP/MRTP/src/install/webots_ros2_turtlebot/share/webots_ros2_turtlebot
[1.444s] Invoked command in '/MRTP/MRTP/src/build/webots_ros2_turtlebot' returned '0': AMENT_PREFIX_PATH=/MRTP/MRTP/src/install/webots_ros2_control:/MRTP/MRTP/src/install/webots_ros2_driver:/MRTP/MRTP/src/install/webots_ros2_msgs:/MRTP/MRTP/src/install/webots_ros2_importer:${AMENT_PREFIX_PATH} CMAKE_PREFIX_PATH=/MRTP/MRTP/src/install/webots_ros2_control:/MRTP/MRTP/src/install/webots_ros2_driver:/MRTP/MRTP/src/install/webots_ros2_msgs:${CMAKE_PREFIX_PATH} LD_LIBRARY_PATH=/MRTP/MRTP/src/install/webots_ros2_control/lib:/MRTP/MRTP/src/install/webots_ros2_driver/lib:/MRTP/MRTP/src/install/webots_ros2_msgs/lib:${LD_LIBRARY_PATH} PS1=(.venv) \[\e]0;\u@\h: \w\a\]${debian_chroot:+($debian_chroot)}\u@\h:\w\$ PYTHONPATH=/MRTP/MRTP/src/build/webots_ros2_turtlebot/prefix_override:/usr/lib/python3/dist-packages/colcon_core/task/python/colcon_distutils_commands:/MRTP/MRTP/src/install/webots_ros2_turtlebot/lib/python3.12/site-packages:/MRTP/MRTP/src/install/webots_ros2_driver/lib/python3.12/site-packages:/MRTP/MRTP/src/install/webots_ros2_msgs/lib/python3.12/site-packages:/MRTP/MRTP/src/build/webots_ros2_importer:/MRTP/MRTP/src/install/webots_ros2_importer/lib/python3.12/site-packages:${PYTHONPATH} VIRTUAL_ENV_PROMPT=(.venv) /usr/bin/python3 -W ignore:setup.py install is deprecated -W ignore:easy_install command is deprecated setup.py develop --editable --build-directory /MRTP/MRTP/src/build/webots_ros2_turtlebot/build --no-deps symlink_data
