[0.007s] Invoking command in '/MRTP/MRTP/src/build/webots_ros2_driver': AMENT_PREFIX_PATH=/MRTP/MRTP/src/install/webots_ros2_msgs:/MRTP/MRTP/src/install/webots_ros2_importer:${AMENT_PREFIX_PATH} CMAKE_PREFIX_PATH=/MRTP/MRTP/src/install/webots_ros2_msgs:/opt/ros/jazzy/opt/gz_sim_vendor:/opt/ros/jazzy/opt/gz_sensors_vendor:/opt/ros/jazzy/opt/gz_physics_vendor:/opt/ros/jazzy/opt/sdformat_vendor:/opt/ros/jazzy/opt/gz_gui_vendor:/opt/ros/jazzy/opt/gz_transport_vendor:/opt/ros/jazzy/opt/gz_rendering_vendor:/opt/ros/jazzy/opt/gz_plugin_vendor:/opt/ros/jazzy/opt/gz_fuel_tools_vendor:/opt/ros/jazzy/opt/gz_msgs_vendor:/opt/ros/jazzy/opt/gz_common_vendor:/opt/ros/jazzy/opt/gz_math_vendor:/opt/ros/jazzy/opt/gz_utils_vendor:/opt/ros/jazzy/opt/gz_tools_vendor:/opt/ros/jazzy/opt/gz_ogre_next_vendor:/opt/ros/jazzy/opt/gz_dartsim_vendor:/opt/ros/jazzy/opt/gz_cmake_vendor:/opt/ros/jazzy LD_LIBRARY_PATH=/MRTP/MRTP/src/install/webots_ros2_msgs/lib:${LD_LIBRARY_PATH} PS1=(.venv) \[\e]0;\u@\h: \w\a\]${debian_chroot:+($debian_chroot)}\u@\h:\w\$ PYTHONPATH=/MRTP/MRTP/src/install/webots_ros2_msgs/lib/python3.12/site-packages:/MRTP/MRTP/src/build/webots_ros2_importer:/MRTP/MRTP/src/install/webots_ros2_importer/lib/python3.12/site-packages:${PYTHONPATH} VIRTUAL_ENV_PROMPT=(.venv) /usr/bin/cmake --build /MRTP/MRTP/src/build/webots_ros2_driver -- -j12 -l12
[0.054s] Using bundled prebuilt Webots controller libraries.
[0.067s] [  0%] Built target compile-lib-controller
[0.068s] [  0%] Built target ament_cmake_python_symlink_vehicle
[0.069s] [  0%] Built target ament_cmake_python_symlink_webots_ros2_driver
[0.069s] [  0%] Built target ament_cmake_python_symlink_controller
[0.092s] Using bundled prebuilt Webots vehicle libraries.
[0.094s] Using bundled prebuilt Webots generic robot window library.
[0.104s] [  0%] Built target compile-lib-vehicle
[0.105s] [  0%] Built target compile-generic-window
[0.188s] running egg_info
[0.193s] running egg_info
[0.197s] writing webots_ros2_driver.egg-info/PKG-INFO
[0.197s] writing dependency_links to webots_ros2_driver.egg-info/dependency_links.txt
[0.198s] writing top-level names to webots_ros2_driver.egg-info/top_level.txt
[0.201s] writing controller.egg-info/PKG-INFO
[0.202s] writing dependency_links to controller.egg-info/dependency_links.txt
[0.202s] writing top-level names to controller.egg-info/top_level.txt
[0.216s] running egg_info
[0.223s] reading manifest file 'webots_ros2_driver.egg-info/SOURCES.txt'
[0.225s] writing vehicle.egg-info/PKG-INFO
[0.225s] writing dependency_links to vehicle.egg-info/dependency_links.txt
[0.225s] writing manifest file 'webots_ros2_driver.egg-info/SOURCES.txt'
[0.226s] writing top-level names to vehicle.egg-info/top_level.txt
[0.230s] reading manifest file 'controller.egg-info/SOURCES.txt'
[0.234s] writing manifest file 'controller.egg-info/SOURCES.txt'
[0.244s] [  0%] Built target ament_cmake_python_build_webots_ros2_driver_egg
[0.252s] reading manifest file 'vehicle.egg-info/SOURCES.txt'
[0.253s] writing manifest file 'vehicle.egg-info/SOURCES.txt'
[0.254s] [  0%] Built target ament_cmake_python_build_controller_egg
[0.273s] [  0%] Built target ament_cmake_python_build_vehicle_egg
[0.291s] [ 29%] Built target webots_ros2_driver_imu
[0.291s] [ 29%] Built target webots_ros2_driver_rgbd
[0.603s] [100%] Built target driver
[0.612s] Invoked command in '/MRTP/MRTP/src/build/webots_ros2_driver' returned '0': AMENT_PREFIX_PATH=/MRTP/MRTP/src/install/webots_ros2_msgs:/MRTP/MRTP/src/install/webots_ros2_importer:${AMENT_PREFIX_PATH} CMAKE_PREFIX_PATH=/MRTP/MRTP/src/install/webots_ros2_msgs:/opt/ros/jazzy/opt/gz_sim_vendor:/opt/ros/jazzy/opt/gz_sensors_vendor:/opt/ros/jazzy/opt/gz_physics_vendor:/opt/ros/jazzy/opt/sdformat_vendor:/opt/ros/jazzy/opt/gz_gui_vendor:/opt/ros/jazzy/opt/gz_transport_vendor:/opt/ros/jazzy/opt/gz_rendering_vendor:/opt/ros/jazzy/opt/gz_plugin_vendor:/opt/ros/jazzy/opt/gz_fuel_tools_vendor:/opt/ros/jazzy/opt/gz_msgs_vendor:/opt/ros/jazzy/opt/gz_common_vendor:/opt/ros/jazzy/opt/gz_math_vendor:/opt/ros/jazzy/opt/gz_utils_vendor:/opt/ros/jazzy/opt/gz_tools_vendor:/opt/ros/jazzy/opt/gz_ogre_next_vendor:/opt/ros/jazzy/opt/gz_dartsim_vendor:/opt/ros/jazzy/opt/gz_cmake_vendor:/opt/ros/jazzy LD_LIBRARY_PATH=/MRTP/MRTP/src/install/webots_ros2_msgs/lib:${LD_LIBRARY_PATH} PS1=(.venv) \[\e]0;\u@\h: \w\a\]${debian_chroot:+($debian_chroot)}\u@\h:\w\$ PYTHONPATH=/MRTP/MRTP/src/install/webots_ros2_msgs/lib/python3.12/site-packages:/MRTP/MRTP/src/build/webots_ros2_importer:/MRTP/MRTP/src/install/webots_ros2_importer/lib/python3.12/site-packages:${PYTHONPATH} VIRTUAL_ENV_PROMPT=(.venv) /usr/bin/cmake --build /MRTP/MRTP/src/build/webots_ros2_driver -- -j12 -l12
[0.613s] Invoking command in '/MRTP/MRTP/src/build/webots_ros2_driver': AMENT_PREFIX_PATH=/MRTP/MRTP/src/install/webots_ros2_msgs:/MRTP/MRTP/src/install/webots_ros2_importer:${AMENT_PREFIX_PATH} CMAKE_PREFIX_PATH=/MRTP/MRTP/src/install/webots_ros2_msgs:/opt/ros/jazzy/opt/gz_sim_vendor:/opt/ros/jazzy/opt/gz_sensors_vendor:/opt/ros/jazzy/opt/gz_physics_vendor:/opt/ros/jazzy/opt/sdformat_vendor:/opt/ros/jazzy/opt/gz_gui_vendor:/opt/ros/jazzy/opt/gz_transport_vendor:/opt/ros/jazzy/opt/gz_rendering_vendor:/opt/ros/jazzy/opt/gz_plugin_vendor:/opt/ros/jazzy/opt/gz_fuel_tools_vendor:/opt/ros/jazzy/opt/gz_msgs_vendor:/opt/ros/jazzy/opt/gz_common_vendor:/opt/ros/jazzy/opt/gz_math_vendor:/opt/ros/jazzy/opt/gz_utils_vendor:/opt/ros/jazzy/opt/gz_tools_vendor:/opt/ros/jazzy/opt/gz_ogre_next_vendor:/opt/ros/jazzy/opt/gz_dartsim_vendor:/opt/ros/jazzy/opt/gz_cmake_vendor:/opt/ros/jazzy LD_LIBRARY_PATH=/MRTP/MRTP/src/install/webots_ros2_msgs/lib:${LD_LIBRARY_PATH} PS1=(.venv) \[\e]0;\u@\h: \w\a\]${debian_chroot:+($debian_chroot)}\u@\h:\w\$ PYTHONPATH=/MRTP/MRTP/src/install/webots_ros2_msgs/lib/python3.12/site-packages:/MRTP/MRTP/src/build/webots_ros2_importer:/MRTP/MRTP/src/install/webots_ros2_importer/lib/python3.12/site-packages:${PYTHONPATH} VIRTUAL_ENV_PROMPT=(.venv) /usr/bin/cmake --install /MRTP/MRTP/src/build/webots_ros2_driver
[0.619s] -- Install configuration: ""
[0.620s] -- Execute custom install script
[0.621s] -- Up-to-date symlink: /MRTP/MRTP/src/install/webots_ros2_driver/share/webots_ros2_driver/environment/pythonpath.sh
[0.621s] -- Up-to-date symlink: /MRTP/MRTP/src/install/webots_ros2_driver/share/webots_ros2_driver/environment/pythonpath.dsv
[0.622s] -- Up-to-date symlink: /MRTP/MRTP/src/install/webots_ros2_driver/lib/python3.12/site-packages/controller-2025.0.1-py3.12.egg-info/PKG-INFO
[0.622s] -- Up-to-date symlink: /MRTP/MRTP/src/install/webots_ros2_driver/lib/python3.12/site-packages/controller-2025.0.1-py3.12.egg-info/SOURCES.txt
[0.622s] -- Up-to-date symlink: /MRTP/MRTP/src/install/webots_ros2_driver/lib/python3.12/site-packages/controller-2025.0.1-py3.12.egg-info/dependency_links.txt
[0.623s] -- Up-to-date symlink: /MRTP/MRTP/src/install/webots_ros2_driver/lib/python3.12/site-packages/controller-2025.0.1-py3.12.egg-info/top_level.txt
[0.624s] -- Up-to-date symlink: /MRTP/MRTP/src/install/webots_ros2_driver/lib/python3.12/site-packages/controller/__init__.py
[0.624s] -- Up-to-date symlink: /MRTP/MRTP/src/install/webots_ros2_driver/lib/python3.12/site-packages/controller/accelerometer.py
[0.624s] -- Up-to-date symlink: /MRTP/MRTP/src/install/webots_ros2_driver/lib/python3.12/site-packages/controller/altimeter.py
[0.624s] -- Up-to-date symlink: /MRTP/MRTP/src/install/webots_ros2_driver/lib/python3.12/site-packages/controller/ansi_codes.py
[0.625s] -- Up-to-date symlink: /MRTP/MRTP/src/install/webots_ros2_driver/lib/python3.12/site-packages/controller/brake.py
[0.625s] -- Up-to-date symlink: /MRTP/MRTP/src/install/webots_ros2_driver/lib/python3.12/site-packages/controller/camera.py
[0.625s] -- Up-to-date symlink: /MRTP/MRTP/src/install/webots_ros2_driver/lib/python3.12/site-packages/controller/compass.py
[0.625s] -- Up-to-date symlink: /MRTP/MRTP/src/install/webots_ros2_driver/lib/python3.12/site-packages/controller/connector.py
[0.625s] -- Up-to-date symlink: /MRTP/MRTP/src/install/webots_ros2_driver/lib/python3.12/site-packages/controller/constants.py
[0.626s] -- Up-to-date symlink: /MRTP/MRTP/src/install/webots_ros2_driver/lib/python3.12/site-packages/controller/device.py
[0.626s] -- Up-to-date symlink: /MRTP/MRTP/src/install/webots_ros2_driver/lib/python3.12/site-packages/controller/display.py
[0.626s] -- Up-to-date symlink: /MRTP/MRTP/src/install/webots_ros2_driver/lib/python3.12/site-packages/controller/distance_sensor.py
[0.626s] -- Up-to-date symlink: /MRTP/MRTP/src/install/webots_ros2_driver/lib/python3.12/site-packages/controller/emitter.py
[0.627s] -- Up-to-date symlink: /MRTP/MRTP/src/install/webots_ros2_driver/lib/python3.12/site-packages/controller/field.py
[0.627s] -- Up-to-date symlink: /MRTP/MRTP/src/install/webots_ros2_driver/lib/python3.12/site-packages/controller/gps.py
[0.627s] -- Up-to-date symlink: /MRTP/MRTP/src/install/webots_ros2_driver/lib/python3.12/site-packages/controller/gyro.py
[0.627s] -- Up-to-date symlink: /MRTP/MRTP/src/install/webots_ros2_driver/lib/python3.12/site-packages/controller/inertial_unit.py
[0.627s] -- Up-to-date symlink: /MRTP/MRTP/src/install/webots_ros2_driver/lib/python3.12/site-packages/controller/joystick.py
[0.628s] -- Up-to-date symlink: /MRTP/MRTP/src/install/webots_ros2_driver/lib/python3.12/site-packages/controller/keyboard.py
[0.628s] -- Up-to-date symlink: /MRTP/MRTP/src/install/webots_ros2_driver/lib/python3.12/site-packages/controller/led.py
[0.628s] -- Up-to-date symlink: /MRTP/MRTP/src/install/webots_ros2_driver/lib/python3.12/site-packages/controller/lidar.py
[0.628s] -- Up-to-date symlink: /MRTP/MRTP/src/install/webots_ros2_driver/lib/python3.12/site-packages/controller/lidar_point.py
[0.628s] -- Up-to-date symlink: /MRTP/MRTP/src/install/webots_ros2_driver/lib/python3.12/site-packages/controller/light_sensor.py
[0.629s] -- Up-to-date symlink: /MRTP/MRTP/src/install/webots_ros2_driver/lib/python3.12/site-packages/controller/motion.py
[0.629s] -- Up-to-date symlink: /MRTP/MRTP/src/install/webots_ros2_driver/lib/python3.12/site-packages/controller/motor.py
[0.629s] -- Up-to-date symlink: /MRTP/MRTP/src/install/webots_ros2_driver/lib/python3.12/site-packages/controller/mouse.py
[0.629s] -- Up-to-date symlink: /MRTP/MRTP/src/install/webots_ros2_driver/lib/python3.12/site-packages/controller/node.py
[0.629s] -- Up-to-date symlink: /MRTP/MRTP/src/install/webots_ros2_driver/lib/python3.12/site-packages/controller/pen.py
[0.630s] -- Up-to-date symlink: /MRTP/MRTP/src/install/webots_ros2_driver/lib/python3.12/site-packages/controller/position_sensor.py
[0.630s] -- Up-to-date symlink: /MRTP/MRTP/src/install/webots_ros2_driver/lib/python3.12/site-packages/controller/proto.py
[0.630s] -- Up-to-date symlink: /MRTP/MRTP/src/install/webots_ros2_driver/lib/python3.12/site-packages/controller/radar.py
[0.630s] -- Up-to-date symlink: /MRTP/MRTP/src/install/webots_ros2_driver/lib/python3.12/site-packages/controller/radar_target.py
[0.631s] -- Up-to-date symlink: /MRTP/MRTP/src/install/webots_ros2_driver/lib/python3.12/site-packages/controller/range_finder.py
[0.631s] -- Up-to-date symlink: /MRTP/MRTP/src/install/webots_ros2_driver/lib/python3.12/site-packages/controller/receiver.py
[0.631s] -- Up-to-date symlink: /MRTP/MRTP/src/install/webots_ros2_driver/lib/python3.12/site-packages/controller/robot.py
[0.631s] -- Up-to-date symlink: /MRTP/MRTP/src/install/webots_ros2_driver/lib/python3.12/site-packages/controller/sensor.py
[0.632s] -- Up-to-date symlink: /MRTP/MRTP/src/install/webots_ros2_driver/lib/python3.12/site-packages/controller/skin.py
[0.632s] -- Up-to-date symlink: /MRTP/MRTP/src/install/webots_ros2_driver/lib/python3.12/site-packages/controller/speaker.py
[0.632s] -- Up-to-date symlink: /MRTP/MRTP/src/install/webots_ros2_driver/lib/python3.12/site-packages/controller/supervisor.py
[0.632s] -- Up-to-date symlink: /MRTP/MRTP/src/install/webots_ros2_driver/lib/python3.12/site-packages/controller/touch_sensor.py
[0.633s] -- Up-to-date symlink: /MRTP/MRTP/src/install/webots_ros2_driver/lib/python3.12/site-packages/controller/vacuum_gripper.py
[0.633s] -- Up-to-date symlink: /MRTP/MRTP/src/install/webots_ros2_driver/lib/python3.12/site-packages/controller/wb.py
[0.633s] -- Up-to-date symlink: /MRTP/MRTP/src/install/webots_ros2_driver/lib/python3.12/site-packages/vehicle-2025.0.1-py3.12.egg-info/PKG-INFO
[0.633s] -- Up-to-date symlink: /MRTP/MRTP/src/install/webots_ros2_driver/lib/python3.12/site-packages/vehicle-2025.0.1-py3.12.egg-info/SOURCES.txt
[0.634s] -- Up-to-date symlink: /MRTP/MRTP/src/install/webots_ros2_driver/lib/python3.12/site-packages/vehicle-2025.0.1-py3.12.egg-info/dependency_links.txt
[0.634s] -- Up-to-date symlink: /MRTP/MRTP/src/install/webots_ros2_driver/lib/python3.12/site-packages/vehicle-2025.0.1-py3.12.egg-info/top_level.txt
[0.634s] -- Up-to-date symlink: /MRTP/MRTP/src/install/webots_ros2_driver/lib/python3.12/site-packages/vehicle/__init__.py
[0.635s] -- Up-to-date symlink: /MRTP/MRTP/src/install/webots_ros2_driver/lib/python3.12/site-packages/vehicle/car.py
[0.635s] -- Up-to-date symlink: /MRTP/MRTP/src/install/webots_ros2_driver/lib/python3.12/site-packages/vehicle/driver.py
[0.635s] -- Up-to-date symlink: /MRTP/MRTP/src/install/webots_ros2_driver/lib/python3.12/site-packages/webots_ros2_driver-2025.0.1-py3.12.egg-info/PKG-INFO
[0.636s] -- Up-to-date symlink: /MRTP/MRTP/src/install/webots_ros2_driver/lib/python3.12/site-packages/webots_ros2_driver-2025.0.1-py3.12.egg-info/SOURCES.txt
[0.636s] -- Up-to-date symlink: /MRTP/MRTP/src/install/webots_ros2_driver/lib/python3.12/site-packages/webots_ros2_driver-2025.0.1-py3.12.egg-info/dependency_links.txt
[0.636s] -- Up-to-date symlink: /MRTP/MRTP/src/install/webots_ros2_driver/lib/python3.12/site-packages/webots_ros2_driver-2025.0.1-py3.12.egg-info/top_level.txt
[0.637s] -- Up-to-date symlink: /MRTP/MRTP/src/install/webots_ros2_driver/lib/python3.12/site-packages/webots_ros2_driver/__init__.py
[0.637s] -- Up-to-date symlink: /MRTP/MRTP/src/install/webots_ros2_driver/lib/python3.12/site-packages/webots_ros2_driver/ros2_supervisor.py
[0.637s] -- Up-to-date symlink: /MRTP/MRTP/src/install/webots_ros2_driver/lib/python3.12/site-packages/webots_ros2_driver/urdf_spawner.py
[0.637s] -- Up-to-date symlink: /MRTP/MRTP/src/install/webots_ros2_driver/lib/python3.12/site-packages/webots_ros2_driver/utils.py
[0.638s] -- Up-to-date symlink: /MRTP/MRTP/src/install/webots_ros2_driver/lib/python3.12/site-packages/webots_ros2_driver/wait_for_controller_connection.py
[0.638s] -- Up-to-date symlink: /MRTP/MRTP/src/install/webots_ros2_driver/lib/python3.12/site-packages/webots_ros2_driver/webots_controller.py
[0.638s] -- Up-to-date symlink: /MRTP/MRTP/src/install/webots_ros2_driver/lib/python3.12/site-packages/webots_ros2_driver/webots_launcher.py
[0.639s] -- Up-to-date symlink: /MRTP/MRTP/src/install/webots_ros2_driver/include/webots_ros2_driver/PluginInterface.hpp
[0.639s] -- Up-to-date symlink: /MRTP/MRTP/src/install/webots_ros2_driver/include/webots_ros2_driver/PythonPlugin.hpp
[0.639s] -- Up-to-date symlink: /MRTP/MRTP/src/install/webots_ros2_driver/include/webots_ros2_driver/WebotsNode.hpp
[0.640s] -- Up-to-date symlink: /MRTP/MRTP/src/install/webots_ros2_driver/include/webots_ros2_driver/plugins/Ros2SensorPlugin.hpp
[0.640s] -- Up-to-date symlink: /MRTP/MRTP/src/install/webots_ros2_driver/include/webots_ros2_driver/plugins/dynamic/Ros2IMU.hpp
[0.640s] -- Up-to-date symlink: /MRTP/MRTP/src/install/webots_ros2_driver/include/webots_ros2_driver/plugins/dynamic/Ros2RGBD.hpp
[0.640s] -- Up-to-date symlink: /MRTP/MRTP/src/install/webots_ros2_driver/include/webots_ros2_driver/plugins/static/Ros2Camera.hpp
[0.640s] -- Up-to-date symlink: /MRTP/MRTP/src/install/webots_ros2_driver/include/webots_ros2_driver/plugins/static/Ros2Compass.hpp
[0.641s] -- Up-to-date symlink: /MRTP/MRTP/src/install/webots_ros2_driver/include/webots_ros2_driver/plugins/static/Ros2DistanceSensor.hpp
[0.641s] -- Up-to-date symlink: /MRTP/MRTP/src/install/webots_ros2_driver/include/webots_ros2_driver/plugins/static/Ros2Emitter.hpp
[0.641s] -- Up-to-date symlink: /MRTP/MRTP/src/install/webots_ros2_driver/include/webots_ros2_driver/plugins/static/Ros2GPS.hpp
[0.641s] -- Up-to-date symlink: /MRTP/MRTP/src/install/webots_ros2_driver/include/webots_ros2_driver/plugins/static/Ros2LED.hpp
[0.642s] -- Up-to-date symlink: /MRTP/MRTP/src/install/webots_ros2_driver/include/webots_ros2_driver/plugins/static/Ros2Lidar.hpp
[0.642s] -- Up-to-date symlink: /MRTP/MRTP/src/install/webots_ros2_driver/include/webots_ros2_driver/plugins/static/Ros2LightSensor.hpp
[0.642s] -- Up-to-date symlink: /MRTP/MRTP/src/install/webots_ros2_driver/include/webots_ros2_driver/plugins/static/Ros2Pen.hpp
[0.642s] -- Up-to-date symlink: /MRTP/MRTP/src/install/webots_ros2_driver/include/webots_ros2_driver/plugins/static/Ros2RangeFinder.hpp
[0.642s] -- Up-to-date symlink: /MRTP/MRTP/src/install/webots_ros2_driver/include/webots_ros2_driver/plugins/static/Ros2Receiver.hpp
[0.643s] -- Up-to-date symlink: /MRTP/MRTP/src/install/webots_ros2_driver/include/webots_ros2_driver/plugins/static/Ros2VacuumGripper.hpp
[0.643s] -- Up-to-date symlink: /MRTP/MRTP/src/install/webots_ros2_driver/include/webots_ros2_driver/utils/Math.hpp
[0.643s] -- Up-to-date symlink: /MRTP/MRTP/src/install/webots_ros2_driver/include/webots_ros2_driver/utils/Utils.hpp
[0.644s] -- Up-to-date symlink: /MRTP/MRTP/src/install/webots_ros2_driver/lib/webots_ros2_driver/driver
[0.644s] -- Up-to-date symlink: /MRTP/MRTP/src/install/webots_ros2_driver/lib/libwebots_ros2_driver_imu.so
[0.644s] -- Up-to-date symlink: /MRTP/MRTP/src/install/webots_ros2_driver/lib/libwebots_ros2_driver_rgbd.so
[0.646s] -- Up-to-date symlink: /MRTP/MRTP/src/install/webots_ros2_driver/include/webots/c/webots/accelerometer.h
[0.646s] -- Up-to-date symlink: /MRTP/MRTP/src/install/webots_ros2_driver/include/webots/c/webots/altimeter.h
[0.646s] -- Up-to-date symlink: /MRTP/MRTP/src/install/webots_ros2_driver/include/webots/c/webots/brake.h
[0.646s] -- Up-to-date symlink: /MRTP/MRTP/src/install/webots_ros2_driver/include/webots/c/webots/camera.h
[0.646s] -- Up-to-date symlink: /MRTP/MRTP/src/install/webots_ros2_driver/include/webots/c/webots/camera_recognition_object.h
[0.647s] -- Up-to-date symlink: /MRTP/MRTP/src/install/webots_ros2_driver/include/webots/c/webots/compass.h
[0.647s] -- Up-to-date symlink: /MRTP/MRTP/src/install/webots_ros2_driver/include/webots/c/webots/connector.h
[0.647s] -- Up-to-date symlink: /MRTP/MRTP/src/install/webots_ros2_driver/include/webots/c/webots/console.h
[0.647s] -- Up-to-date symlink: /MRTP/MRTP/src/install/webots_ros2_driver/include/webots/c/webots/contact_point.h
[0.648s] -- Up-to-date symlink: /MRTP/MRTP/src/install/webots_ros2_driver/include/webots/c/webots/device.h
[0.648s] -- Up-to-date symlink: /MRTP/MRTP/src/install/webots_ros2_driver/include/webots/c/webots/display.h
[0.648s] -- Up-to-date symlink: /MRTP/MRTP/src/install/webots_ros2_driver/include/webots/c/webots/distance_sensor.h
[0.648s] -- Up-to-date symlink: /MRTP/MRTP/src/install/webots_ros2_driver/include/webots/c/webots/emitter.h
[0.648s] -- Up-to-date symlink: /MRTP/MRTP/src/install/webots_ros2_driver/include/webots/c/webots/gps.h
[0.649s] -- Up-to-date symlink: /MRTP/MRTP/src/install/webots_ros2_driver/include/webots/c/webots/gyro.h
[0.649s] -- Up-to-date symlink: /MRTP/MRTP/src/install/webots_ros2_driver/include/webots/c/webots/inertial_unit.h
[0.649s] -- Up-to-date symlink: /MRTP/MRTP/src/install/webots_ros2_driver/include/webots/c/webots/joystick.h
[0.649s] -- Up-to-date symlink: /MRTP/MRTP/src/install/webots_ros2_driver/include/webots/c/webots/keyboard.h
[0.649s] -- Up-to-date symlink: /MRTP/MRTP/src/install/webots_ros2_driver/include/webots/c/webots/led.h
[0.650s] -- Up-to-date symlink: /MRTP/MRTP/src/install/webots_ros2_driver/include/webots/c/webots/lidar.h
[0.650s] -- Up-to-date symlink: /MRTP/MRTP/src/install/webots_ros2_driver/include/webots/c/webots/lidar_point.h
[0.650s] -- Up-to-date symlink: /MRTP/MRTP/src/install/webots_ros2_driver/include/webots/c/webots/light_sensor.h
[0.650s] -- Up-to-date symlink: /MRTP/MRTP/src/install/webots_ros2_driver/include/webots/c/webots/microphone.h
[0.651s] -- Up-to-date symlink: /MRTP/MRTP/src/install/webots_ros2_driver/include/webots/c/webots/motor.h
[0.651s] -- Up-to-date symlink: /MRTP/MRTP/src/install/webots_ros2_driver/include/webots/c/webots/mouse.h
[0.651s] -- Up-to-date symlink: /MRTP/MRTP/src/install/webots_ros2_driver/include/webots/c/webots/mouse_state.h
[0.651s] -- Up-to-date symlink: /MRTP/MRTP/src/install/webots_ros2_driver/include/webots/c/webots/nodes.h
[0.651s] -- Up-to-date symlink: /MRTP/MRTP/src/install/webots_ros2_driver/include/webots/c/webots/pen.h
[0.652s] -- Up-to-date symlink: /MRTP/MRTP/src/install/webots_ros2_driver/include/webots/c/webots/plugins/robot_window/default.h
[0.652s] -- Up-to-date symlink: /MRTP/MRTP/src/install/webots_ros2_driver/include/webots/c/webots/plugins/robot_window/generic_robot_window/generic.h
[0.652s] -- Up-to-date symlink: /MRTP/MRTP/src/install/webots_ros2_driver/include/webots/c/webots/plugins/robot_window/robot_window.h
[0.652s] -- Up-to-date symlink: /MRTP/MRTP/src/install/webots_ros2_driver/include/webots/c/webots/plugins/robot_window/robot_wwi.h
[0.653s] -- Up-to-date symlink: /MRTP/MRTP/src/install/webots_ros2_driver/include/webots/c/webots/position_sensor.h
[0.653s] -- Up-to-date symlink: /MRTP/MRTP/src/install/webots_ros2_driver/include/webots/c/webots/radar.h
[0.653s] -- Up-to-date symlink: /MRTP/MRTP/src/install/webots_ros2_driver/include/webots/c/webots/radar_target.h
[0.653s] -- Up-to-date symlink: /MRTP/MRTP/src/install/webots_ros2_driver/include/webots/c/webots/radio.h
[0.654s] -- Up-to-date symlink: /MRTP/MRTP/src/install/webots_ros2_driver/include/webots/c/webots/range_finder.h
[0.654s] -- Up-to-date symlink: /MRTP/MRTP/src/install/webots_ros2_driver/include/webots/c/webots/receiver.h
[0.654s] -- Up-to-date symlink: /MRTP/MRTP/src/install/webots_ros2_driver/include/webots/c/webots/remote_control.h
[0.654s] -- Up-to-date symlink: /MRTP/MRTP/src/install/webots_ros2_driver/include/webots/c/webots/robot.h
[0.654s] -- Up-to-date symlink: /MRTP/MRTP/src/install/webots_ros2_driver/include/webots/c/webots/skin.h
[0.655s] -- Up-to-date symlink: /MRTP/MRTP/src/install/webots_ros2_driver/include/webots/c/webots/speaker.h
[0.655s] -- Up-to-date symlink: /MRTP/MRTP/src/install/webots_ros2_driver/include/webots/c/webots/supervisor.h
[0.655s] -- Up-to-date symlink: /MRTP/MRTP/src/install/webots_ros2_driver/include/webots/c/webots/touch_sensor.h
[0.655s] -- Up-to-date symlink: /MRTP/MRTP/src/install/webots_ros2_driver/include/webots/c/webots/types.h
[0.656s] -- Up-to-date symlink: /MRTP/MRTP/src/install/webots_ros2_driver/include/webots/c/webots/utils/ansi_codes.h
[0.656s] -- Up-to-date symlink: /MRTP/MRTP/src/install/webots_ros2_driver/include/webots/c/webots/utils/motion.h
[0.656s] -- Up-to-date symlink: /MRTP/MRTP/src/install/webots_ros2_driver/include/webots/c/webots/utils/string.h
[0.656s] -- Up-to-date symlink: /MRTP/MRTP/src/install/webots_ros2_driver/include/webots/c/webots/utils/system.h
[0.656s] -- Up-to-date symlink: /MRTP/MRTP/src/install/webots_ros2_driver/include/webots/c/webots/vacuum_gripper.h
[0.657s] -- Up-to-date symlink: /MRTP/MRTP/src/install/webots_ros2_driver/include/webots/c/webots/vehicle/car.h
[0.657s] -- Up-to-date symlink: /MRTP/MRTP/src/install/webots_ros2_driver/include/webots/c/webots/vehicle/driver.h
[0.658s] -- Up-to-date symlink: /MRTP/MRTP/src/install/webots_ros2_driver/include/webots/cpp/webots/Accelerometer.hpp
[0.658s] -- Up-to-date symlink: /MRTP/MRTP/src/install/webots_ros2_driver/include/webots/cpp/webots/Altimeter.hpp
[0.658s] -- Up-to-date symlink: /MRTP/MRTP/src/install/webots_ros2_driver/include/webots/cpp/webots/Brake.hpp
[0.658s] -- Up-to-date symlink: /MRTP/MRTP/src/install/webots_ros2_driver/include/webots/cpp/webots/Camera.hpp
[0.659s] -- Up-to-date symlink: /MRTP/MRTP/src/install/webots_ros2_driver/include/webots/cpp/webots/Compass.hpp
[0.659s] -- Up-to-date symlink: /MRTP/MRTP/src/install/webots_ros2_driver/include/webots/cpp/webots/Connector.hpp
[0.659s] -- Up-to-date symlink: /MRTP/MRTP/src/install/webots_ros2_driver/include/webots/cpp/webots/Device.hpp
[0.659s] -- Up-to-date symlink: /MRTP/MRTP/src/install/webots_ros2_driver/include/webots/cpp/webots/Display.hpp
[0.659s] -- Up-to-date symlink: /MRTP/MRTP/src/install/webots_ros2_driver/include/webots/cpp/webots/DistanceSensor.hpp
[0.660s] -- Up-to-date symlink: /MRTP/MRTP/src/install/webots_ros2_driver/include/webots/cpp/webots/Emitter.hpp
[0.660s] -- Up-to-date symlink: /MRTP/MRTP/src/install/webots_ros2_driver/include/webots/cpp/webots/Field.hpp
[0.660s] -- Up-to-date symlink: /MRTP/MRTP/src/install/webots_ros2_driver/include/webots/cpp/webots/GPS.hpp
[0.660s] -- Up-to-date symlink: /MRTP/MRTP/src/install/webots_ros2_driver/include/webots/cpp/webots/Gyro.hpp
[0.660s] -- Up-to-date symlink: /MRTP/MRTP/src/install/webots_ros2_driver/include/webots/cpp/webots/ImageRef.hpp
[0.661s] -- Up-to-date symlink: /MRTP/MRTP/src/install/webots_ros2_driver/include/webots/cpp/webots/InertialUnit.hpp
[0.661s] -- Up-to-date symlink: /MRTP/MRTP/src/install/webots_ros2_driver/include/webots/cpp/webots/Joystick.hpp
[0.661s] -- Up-to-date symlink: /MRTP/MRTP/src/install/webots_ros2_driver/include/webots/cpp/webots/Keyboard.hpp
[0.661s] -- Up-to-date symlink: /MRTP/MRTP/src/install/webots_ros2_driver/include/webots/cpp/webots/LED.hpp
[0.662s] -- Up-to-date symlink: /MRTP/MRTP/src/install/webots_ros2_driver/include/webots/cpp/webots/Lidar.hpp
[0.662s] -- Up-to-date symlink: /MRTP/MRTP/src/install/webots_ros2_driver/include/webots/cpp/webots/LightSensor.hpp
[0.662s] -- Up-to-date symlink: /MRTP/MRTP/src/install/webots_ros2_driver/include/webots/cpp/webots/Motor.hpp
[0.662s] -- Up-to-date symlink: /MRTP/MRTP/src/install/webots_ros2_driver/include/webots/cpp/webots/Mouse.hpp
[0.662s] -- Up-to-date symlink: /MRTP/MRTP/src/install/webots_ros2_driver/include/webots/cpp/webots/Node.hpp
[0.663s] -- Up-to-date symlink: /MRTP/MRTP/src/install/webots_ros2_driver/include/webots/cpp/webots/Pen.hpp
[0.663s] -- Up-to-date symlink: /MRTP/MRTP/src/install/webots_ros2_driver/include/webots/cpp/webots/PositionSensor.hpp
[0.663s] -- Up-to-date symlink: /MRTP/MRTP/src/install/webots_ros2_driver/include/webots/cpp/webots/Proto.hpp
[0.664s] -- Up-to-date symlink: /MRTP/MRTP/src/install/webots_ros2_driver/include/webots/cpp/webots/Radar.hpp
[0.664s] -- Up-to-date symlink: /MRTP/MRTP/src/install/webots_ros2_driver/include/webots/cpp/webots/RangeFinder.hpp
[0.664s] -- Up-to-date symlink: /MRTP/MRTP/src/install/webots_ros2_driver/include/webots/cpp/webots/Receiver.hpp
[0.664s] -- Up-to-date symlink: /MRTP/MRTP/src/install/webots_ros2_driver/include/webots/cpp/webots/Robot.hpp
[0.665s] -- Up-to-date symlink: /MRTP/MRTP/src/install/webots_ros2_driver/include/webots/cpp/webots/Skin.hpp
[0.665s] -- Up-to-date symlink: /MRTP/MRTP/src/install/webots_ros2_driver/include/webots/cpp/webots/Speaker.hpp
[0.665s] -- Up-to-date symlink: /MRTP/MRTP/src/install/webots_ros2_driver/include/webots/cpp/webots/Supervisor.hpp
[0.665s] -- Up-to-date symlink: /MRTP/MRTP/src/install/webots_ros2_driver/include/webots/cpp/webots/TouchSensor.hpp
[0.666s] -- Up-to-date symlink: /MRTP/MRTP/src/install/webots_ros2_driver/include/webots/cpp/webots/VacuumGripper.hpp
[0.666s] -- Up-to-date symlink: /MRTP/MRTP/src/install/webots_ros2_driver/include/webots/cpp/webots/utils/AnsiCodes.hpp
[0.666s] -- Up-to-date symlink: /MRTP/MRTP/src/install/webots_ros2_driver/include/webots/cpp/webots/utils/Motion.hpp
[0.666s] -- Up-to-date symlink: /MRTP/MRTP/src/install/webots_ros2_driver/include/webots/cpp/webots/vehicle/Car.hpp
[0.667s] -- Up-to-date symlink: /MRTP/MRTP/src/install/webots_ros2_driver/include/webots/cpp/webots/vehicle/Driver.hpp
[0.672s] -- Up-to-date symlink: /MRTP/MRTP/src/install/webots_ros2_driver/lib/controller/libController.so
[0.672s] -- Up-to-date symlink: /MRTP/MRTP/src/install/webots_ros2_driver/lib/controller/libCppCar.so
[0.672s] -- Up-to-date symlink: /MRTP/MRTP/src/install/webots_ros2_driver/lib/controller/libCppController.so
[0.673s] -- Up-to-date symlink: /MRTP/MRTP/src/install/webots_ros2_driver/lib/controller/libCppController.so
[0.673s] -- Up-to-date symlink: /MRTP/MRTP/src/install/webots_ros2_driver/lib/controller/libCppDriver.so
[0.673s] -- Up-to-date symlink: /MRTP/MRTP/src/install/webots_ros2_driver/lib/controller/libcar.so
[0.673s] -- Up-to-date symlink: /MRTP/MRTP/src/install/webots_ros2_driver/lib/controller/libdriver.so
[0.673s] -- Up-to-date symlink: /MRTP/MRTP/src/install/webots_ros2_driver/lib/controller/libgeneric_robot_window.so
[0.674s] -- Up-to-date symlink: /MRTP/MRTP/src/install/webots_ros2_driver/lib/controller/python/vehicle/car.py
[0.674s] -- Up-to-date symlink: /MRTP/MRTP/src/install/webots_ros2_driver/lib/controller/python/vehicle/driver.py
[0.674s] -- Up-to-date symlink: /MRTP/MRTP/src/install/webots_ros2_driver/share/webots_ros2_driver//webots_ros2_imu.xml
[0.674s] -- Up-to-date symlink: /MRTP/MRTP/src/install/webots_ros2_driver/share/webots_ros2_driver//webots_ros2_rgbd.xml
[0.675s] -- Up-to-date symlink: /MRTP/MRTP/src/install/webots_ros2_driver/lib/webots_ros2_driver/ros2_supervisor.py
[0.675s] -- Up-to-date symlink: /MRTP/MRTP/src/install/webots_ros2_driver/share/webots_ros2_driver/scripts/webots_tcp_client.py
[0.675s] -- Up-to-date symlink: /MRTP/MRTP/src/install/webots_ros2_driver/share/webots_ros2_driver/scripts/webots-controller
[0.676s] -- Up-to-date symlink: /MRTP/MRTP/src/install/webots_ros2_driver/share/webots_ros2_driver/environment/library_path.sh
[0.676s] -- Up-to-date symlink: /MRTP/MRTP/src/install/webots_ros2_driver/share/webots_ros2_driver/environment/library_path.dsv
[0.676s] -- Up-to-date symlink: /MRTP/MRTP/src/install/webots_ros2_driver/share/ament_index/resource_index/package_run_dependencies/webots_ros2_driver
[0.677s] -- Up-to-date symlink: /MRTP/MRTP/src/install/webots_ros2_driver/share/ament_index/resource_index/parent_prefix_path/webots_ros2_driver
[0.677s] -- Up-to-date symlink: /MRTP/MRTP/src/install/webots_ros2_driver/share/webots_ros2_driver/environment/ament_prefix_path.sh
[0.677s] -- Up-to-date symlink: /MRTP/MRTP/src/install/webots_ros2_driver/share/webots_ros2_driver/environment/ament_prefix_path.dsv
[0.677s] -- Up-to-date symlink: /MRTP/MRTP/src/install/webots_ros2_driver/share/webots_ros2_driver/environment/path.sh
[0.678s] -- Up-to-date symlink: /MRTP/MRTP/src/install/webots_ros2_driver/share/webots_ros2_driver/environment/path.dsv
[0.678s] -- Up-to-date symlink: /MRTP/MRTP/src/install/webots_ros2_driver/share/webots_ros2_driver/local_setup.bash
[0.678s] -- Up-to-date symlink: /MRTP/MRTP/src/install/webots_ros2_driver/share/webots_ros2_driver/local_setup.sh
[0.678s] -- Up-to-date symlink: /MRTP/MRTP/src/install/webots_ros2_driver/share/webots_ros2_driver/local_setup.zsh
[0.678s] -- Up-to-date symlink: /MRTP/MRTP/src/install/webots_ros2_driver/share/webots_ros2_driver/local_setup.dsv
[0.679s] -- Symlinking: /MRTP/MRTP/src/install/webots_ros2_driver/share/webots_ros2_driver/package.dsv
[0.684s] -- Up-to-date symlink: /MRTP/MRTP/src/install/webots_ros2_driver/share/ament_index/resource_index/packages/webots_ros2_driver
[0.685s] -- Up-to-date symlink: /MRTP/MRTP/src/install/webots_ros2_driver/share/ament_index/resource_index/webots_ros2_driver__pluginlib__plugin/webots_ros2_driver
[0.685s] -- Up-to-date symlink: /MRTP/MRTP/src/install/webots_ros2_driver/share/webots_ros2_driver/cmake/ament_cmake_export_include_directories-extras.cmake
[0.685s] -- Up-to-date symlink: /MRTP/MRTP/src/install/webots_ros2_driver/share/webots_ros2_driver/cmake/ament_cmake_export_dependencies-extras.cmake
[0.686s] -- Up-to-date symlink: /MRTP/MRTP/src/install/webots_ros2_driver/share/webots_ros2_driver/cmake/ament_cmake_export_libraries-extras.cmake
[0.686s] -- Up-to-date symlink: /MRTP/MRTP/src/install/webots_ros2_driver/share/webots_ros2_driver/cmake/webots_ros2_driverConfig.cmake
[0.686s] -- Up-to-date symlink: /MRTP/MRTP/src/install/webots_ros2_driver/share/webots_ros2_driver/cmake/webots_ros2_driverConfig-version.cmake
[0.686s] -- Up-to-date symlink: /MRTP/MRTP/src/install/webots_ros2_driver/share/webots_ros2_driver/package.xml
[0.718s] Listing '/MRTP/MRTP/src/install/webots_ros2_driver/lib/python3.12/site-packages/controller'...
[0.739s] Listing '/MRTP/MRTP/src/install/webots_ros2_driver/lib/python3.12/site-packages/vehicle'...
[0.761s] Listing '/MRTP/MRTP/src/install/webots_ros2_driver/lib/python3.12/site-packages/webots_ros2_driver'...
[0.762s] Invoked command in '/MRTP/MRTP/src/build/webots_ros2_driver' returned '0': AMENT_PREFIX_PATH=/MRTP/MRTP/src/install/webots_ros2_msgs:/MRTP/MRTP/src/install/webots_ros2_importer:${AMENT_PREFIX_PATH} CMAKE_PREFIX_PATH=/MRTP/MRTP/src/install/webots_ros2_msgs:/opt/ros/jazzy/opt/gz_sim_vendor:/opt/ros/jazzy/opt/gz_sensors_vendor:/opt/ros/jazzy/opt/gz_physics_vendor:/opt/ros/jazzy/opt/sdformat_vendor:/opt/ros/jazzy/opt/gz_gui_vendor:/opt/ros/jazzy/opt/gz_transport_vendor:/opt/ros/jazzy/opt/gz_rendering_vendor:/opt/ros/jazzy/opt/gz_plugin_vendor:/opt/ros/jazzy/opt/gz_fuel_tools_vendor:/opt/ros/jazzy/opt/gz_msgs_vendor:/opt/ros/jazzy/opt/gz_common_vendor:/opt/ros/jazzy/opt/gz_math_vendor:/opt/ros/jazzy/opt/gz_utils_vendor:/opt/ros/jazzy/opt/gz_tools_vendor:/opt/ros/jazzy/opt/gz_ogre_next_vendor:/opt/ros/jazzy/opt/gz_dartsim_vendor:/opt/ros/jazzy/opt/gz_cmake_vendor:/opt/ros/jazzy LD_LIBRARY_PATH=/MRTP/MRTP/src/install/webots_ros2_msgs/lib:${LD_LIBRARY_PATH} PS1=(.venv) \[\e]0;\u@\h: \w\a\]${debian_chroot:+($debian_chroot)}\u@\h:\w\$ PYTHONPATH=/MRTP/MRTP/src/install/webots_ros2_msgs/lib/python3.12/site-packages:/MRTP/MRTP/src/build/webots_ros2_importer:/MRTP/MRTP/src/install/webots_ros2_importer/lib/python3.12/site-packages:${PYTHONPATH} VIRTUAL_ENV_PROMPT=(.venv) /usr/bin/cmake --install /MRTP/MRTP/src/build/webots_ros2_driver
