[0.121s] Invoking command in '/MRTP/MRTP/build/my_package': CMAKE_PREFIX_PATH=${CMAKE_PREFIX_PATH}:/MRTP/MRTP/src/install/webots_ros2:/MRTP/MRTP/src/install/webots_ros2_universal_robot:/MRTP/MRTP/src/install/webots_ros2_turtlebot:/MRTP/MRTP/src/install/webots_ros2_tiago:/MRTP/MRTP/src/install/webots_ros2_tests:/MRTP/MRTP/src/install/webots_ros2_tesla:/MRTP/MRTP/src/install/webots_ros2_mavic:/MRTP/MRTP/src/install/webots_ros2_husarion:/MRTP/MRTP/src/install/webots_ros2_epuck:/MRTP/MRTP/src/install/webots_ros2_crazyflie:/MRTP/MRTP/src/install/webots_ros2_importer:/MRTP/MRTP/src/install/gazeboenvs:/opt/ros/jazzy PS1=(.venv) \[\e]0;\u@\h: \w\a\]${debian_chroot:+($debian_chroot)}\u@\h:\w\$ VIRTUAL_ENV_PROMPT=(.venv) /usr/bin/cmake /MRTP/MRTP/src/my_package -DCMAKE_INSTALL_PREFIX=/MRTP/MRTP/install/my_package
[0.320s] -- The C compiler identification is GNU 13.3.0
[0.405s] -- The CXX compiler identification is GNU 13.3.0
[0.428s] -- Detecting C compiler ABI info
[0.688s] -- Detecting C compiler ABI info - done
[0.708s] -- Check for working C compiler: /usr/bin/cc - skipped
[0.709s] -- Detecting C compile features
[0.709s] -- Detecting C compile features - done
[0.723s] -- Detecting CXX compiler ABI info
[0.914s] -- Detecting CXX compiler ABI info - done
[0.931s] -- Check for working CXX compiler: /usr/bin/c++ - skipped
[0.931s] -- Detecting CXX compile features
[0.932s] -- Detecting CXX compile features - done
[1.044s] -- Found ament_cmake: 2.5.5 (/opt/ros/jazzy/share/ament_cmake/cmake)
[1.439s] -- Found Python3: /.venv/bin/python3 (found version "3.12.3") found components: Interpreter 
[2.417s] -- Found webots_ros2_driver: 2025.0.1 (/MRTP/MRTP/src/install/webots_ros2_driver/share/webots_ros2_driver/cmake)
[3.190s] -- Found rosidl_generator_c: 4.6.7 (/opt/ros/jazzy/share/rosidl_generator_c/cmake)
[3.385s] -- Found rosidl_generator_cpp: 4.6.7 (/opt/ros/jazzy/share/rosidl_generator_cpp/cmake)
[3.610s] -- Using all available rosidl_typesupport_c: rosidl_typesupport_fastrtps_c;rosidl_typesupport_introspection_c
[3.787s] -- Using all available rosidl_typesupport_cpp: rosidl_typesupport_fastrtps_cpp;rosidl_typesupport_introspection_cpp
[4.505s] -- Found rmw_implementation_cmake: 7.3.3 (/opt/ros/jazzy/share/rmw_implementation_cmake/cmake)
[4.567s] -- Found rmw_fastrtps_cpp: 8.4.3 (/opt/ros/jazzy/share/rmw_fastrtps_cpp/cmake)
[4.996s] -- Found OpenSSL: /usr/lib/aarch64-linux-gnu/libcrypto.so (found version "3.0.13")  
[5.029s] -- Found FastRTPS: /opt/ros/jazzy/include (Required is at least version "2.13") 
[5.058s] -- Using RMW implementation 'rmw_fastrtps_cpp' as default
[5.954s] -- Found eigen3_cmake_module: 0.3.0 (/opt/ros/jazzy/share/eigen3_cmake_module/cmake)
[5.956s] -- Found Eigen3: TRUE (found version "3.4.0") 
[5.956s] -- Ensuring Eigen3 include directory is part of orocos-kdl CMake target
[7.056s] -- Found nav_msgs: 5.3.6 (/opt/ros/jazzy/share/nav_msgs/cmake)
[7.234s] -- Configuring done (7.1s)
[7.464s] -- Generating done (0.2s)
[7.495s] -- Build files have been written to: /MRTP/MRTP/build/my_package
[7.510s] Invoked command in '/MRTP/MRTP/build/my_package' returned '0': CMAKE_PREFIX_PATH=${CMAKE_PREFIX_PATH}:/MRTP/MRTP/src/install/webots_ros2:/MRTP/MRTP/src/install/webots_ros2_universal_robot:/MRTP/MRTP/src/install/webots_ros2_turtlebot:/MRTP/MRTP/src/install/webots_ros2_tiago:/MRTP/MRTP/src/install/webots_ros2_tests:/MRTP/MRTP/src/install/webots_ros2_tesla:/MRTP/MRTP/src/install/webots_ros2_mavic:/MRTP/MRTP/src/install/webots_ros2_husarion:/MRTP/MRTP/src/install/webots_ros2_epuck:/MRTP/MRTP/src/install/webots_ros2_crazyflie:/MRTP/MRTP/src/install/webots_ros2_importer:/MRTP/MRTP/src/install/gazeboenvs:/opt/ros/jazzy PS1=(.venv) \[\e]0;\u@\h: \w\a\]${debian_chroot:+($debian_chroot)}\u@\h:\w\$ VIRTUAL_ENV_PROMPT=(.venv) /usr/bin/cmake /MRTP/MRTP/src/my_package -DCMAKE_INSTALL_PREFIX=/MRTP/MRTP/install/my_package
[7.511s] Invoking command in '/MRTP/MRTP/build/my_package': CMAKE_PREFIX_PATH=${CMAKE_PREFIX_PATH}:/MRTP/MRTP/src/install/webots_ros2:/MRTP/MRTP/src/install/webots_ros2_universal_robot:/MRTP/MRTP/src/install/webots_ros2_turtlebot:/MRTP/MRTP/src/install/webots_ros2_tiago:/MRTP/MRTP/src/install/webots_ros2_tests:/MRTP/MRTP/src/install/webots_ros2_tesla:/MRTP/MRTP/src/install/webots_ros2_mavic:/MRTP/MRTP/src/install/webots_ros2_husarion:/MRTP/MRTP/src/install/webots_ros2_epuck:/MRTP/MRTP/src/install/webots_ros2_crazyflie:/MRTP/MRTP/src/install/webots_ros2_importer:/MRTP/MRTP/src/install/gazeboenvs:/opt/ros/jazzy PS1=(.venv) \[\e]0;\u@\h: \w\a\]${debian_chroot:+($debian_chroot)}\u@\h:\w\$ VIRTUAL_ENV_PROMPT=(.venv) /usr/bin/cmake --build /MRTP/MRTP/build/my_package -- -j12 -l12
[7.647s] [ 25%] [32mBuilding CXX object CMakeFiles/mavic2pro_patrol.dir/src/mavic2pro_patrol.cpp.o[0m
[7.659s] [ 50%] [32mBuilding CXX object CMakeFiles/autopilot_node.dir/src/autopilot_node.cpp.o[0m
[8.055s] In file included from [01m[K/MRTP/MRTP/src/my_package/src/mavic2pro_patrol.cpp:17[m[K:
[8.055s] [01m[K/MRTP/MRTP/src/install/webots_ros2_driver/include/webots/cpp/webots/GPS.hpp:37:5:[m[K [01;35m[Kwarning: [m[Ktype qualifiers ignored on function return type [[01;35m[K-Wignored-qualifiers[m[K]
[8.055s]    37 |     [01;35m[Kconst[m[K CoordinateSystem getCoordinateSystem() const;
[8.056s]       |     [01;35m[K^~~~~[m[K
[8.356s] [ 75%] [32m[1mLinking CXX executable mavic2pro_patrol[0m
[8.614s] [ 75%] Built target mavic2pro_patrol
[12.935s] [100%] [32m[1mLinking CXX executable autopilot_node[0m
[13.496s] [100%] Built target autopilot_node
[13.517s] Invoked command in '/MRTP/MRTP/build/my_package' returned '0': CMAKE_PREFIX_PATH=${CMAKE_PREFIX_PATH}:/MRTP/MRTP/src/install/webots_ros2:/MRTP/MRTP/src/install/webots_ros2_universal_robot:/MRTP/MRTP/src/install/webots_ros2_turtlebot:/MRTP/MRTP/src/install/webots_ros2_tiago:/MRTP/MRTP/src/install/webots_ros2_tests:/MRTP/MRTP/src/install/webots_ros2_tesla:/MRTP/MRTP/src/install/webots_ros2_mavic:/MRTP/MRTP/src/install/webots_ros2_husarion:/MRTP/MRTP/src/install/webots_ros2_epuck:/MRTP/MRTP/src/install/webots_ros2_crazyflie:/MRTP/MRTP/src/install/webots_ros2_importer:/MRTP/MRTP/src/install/gazeboenvs:/opt/ros/jazzy PS1=(.venv) \[\e]0;\u@\h: \w\a\]${debian_chroot:+($debian_chroot)}\u@\h:\w\$ VIRTUAL_ENV_PROMPT=(.venv) /usr/bin/cmake --build /MRTP/MRTP/build/my_package -- -j12 -l12
[13.539s] Invoking command in '/MRTP/MRTP/build/my_package': CMAKE_PREFIX_PATH=${CMAKE_PREFIX_PATH}:/MRTP/MRTP/src/install/webots_ros2:/MRTP/MRTP/src/install/webots_ros2_universal_robot:/MRTP/MRTP/src/install/webots_ros2_turtlebot:/MRTP/MRTP/src/install/webots_ros2_tiago:/MRTP/MRTP/src/install/webots_ros2_tests:/MRTP/MRTP/src/install/webots_ros2_tesla:/MRTP/MRTP/src/install/webots_ros2_mavic:/MRTP/MRTP/src/install/webots_ros2_husarion:/MRTP/MRTP/src/install/webots_ros2_epuck:/MRTP/MRTP/src/install/webots_ros2_crazyflie:/MRTP/MRTP/src/install/webots_ros2_importer:/MRTP/MRTP/src/install/gazeboenvs:/opt/ros/jazzy PS1=(.venv) \[\e]0;\u@\h: \w\a\]${debian_chroot:+($debian_chroot)}\u@\h:\w\$ VIRTUAL_ENV_PROMPT=(.venv) /usr/bin/cmake --install /MRTP/MRTP/build/my_package
[13.568s] -- Install configuration: ""
[13.573s] -- Installing: /MRTP/MRTP/install/my_package/lib/my_package/autopilot_node
[13.625s] -- Set non-toolchain portion of runtime path of "/MRTP/MRTP/install/my_package/lib/my_package/autopilot_node" to ""
[13.626s] -- Installing: /MRTP/MRTP/install/my_package/lib/my_package/mavic2pro_patrol
[13.634s] -- Set non-toolchain portion of runtime path of "/MRTP/MRTP/install/my_package/lib/my_package/mavic2pro_patrol" to ""
[13.634s] -- Installing: /MRTP/MRTP/install/my_package/share/my_package/launch
[13.637s] -- Installing: /MRTP/MRTP/install/my_package/share/my_package/launch/robot_launch.py
[13.640s] -- Installing: /MRTP/MRTP/install/my_package/share/my_package/resource
[13.642s] -- Installing: /MRTP/MRTP/install/my_package/share/my_package/resource/my_robot.urdf
[13.645s] -- Installing: /MRTP/MRTP/install/my_package/share/my_package/worlds
[13.648s] -- Installing: /MRTP/MRTP/install/my_package/share/my_package/worlds/wharehouse.wbt
[13.652s] -- Installing: /MRTP/MRTP/install/my_package/share/ament_index/resource_index/package_run_dependencies/my_package
[13.658s] -- Installing: /MRTP/MRTP/install/my_package/share/ament_index/resource_index/parent_prefix_path/my_package
[13.662s] -- Installing: /MRTP/MRTP/install/my_package/share/my_package/environment/ament_prefix_path.sh
[13.667s] -- Installing: /MRTP/MRTP/install/my_package/share/my_package/environment/ament_prefix_path.dsv
[13.671s] -- Installing: /MRTP/MRTP/install/my_package/share/my_package/environment/path.sh
[13.673s] -- Installing: /MRTP/MRTP/install/my_package/share/my_package/environment/path.dsv
[13.677s] -- Installing: /MRTP/MRTP/install/my_package/share/my_package/local_setup.bash
[13.684s] -- Installing: /MRTP/MRTP/install/my_package/share/my_package/local_setup.sh
[13.688s] -- Installing: /MRTP/MRTP/install/my_package/share/my_package/local_setup.zsh
[13.692s] -- Installing: /MRTP/MRTP/install/my_package/share/my_package/local_setup.dsv
[13.694s] -- Installing: /MRTP/MRTP/install/my_package/share/my_package/package.dsv
[13.698s] -- Installing: /MRTP/MRTP/install/my_package/share/ament_index/resource_index/packages/my_package
[13.702s] -- Installing: /MRTP/MRTP/install/my_package/share/my_package/cmake/my_packageConfig.cmake
[13.705s] -- Installing: /MRTP/MRTP/install/my_package/share/my_package/cmake/my_packageConfig-version.cmake
[13.708s] -- Installing: /MRTP/MRTP/install/my_package/share/my_package/package.xml
[13.716s] Invoked command in '/MRTP/MRTP/build/my_package' returned '0': CMAKE_PREFIX_PATH=${CMAKE_PREFIX_PATH}:/MRTP/MRTP/src/install/webots_ros2:/MRTP/MRTP/src/install/webots_ros2_universal_robot:/MRTP/MRTP/src/install/webots_ros2_turtlebot:/MRTP/MRTP/src/install/webots_ros2_tiago:/MRTP/MRTP/src/install/webots_ros2_tests:/MRTP/MRTP/src/install/webots_ros2_tesla:/MRTP/MRTP/src/install/webots_ros2_mavic:/MRTP/MRTP/src/install/webots_ros2_husarion:/MRTP/MRTP/src/install/webots_ros2_epuck:/MRTP/MRTP/src/install/webots_ros2_crazyflie:/MRTP/MRTP/src/install/webots_ros2_importer:/MRTP/MRTP/src/install/gazeboenvs:/opt/ros/jazzy PS1=(.venv) \[\e]0;\u@\h: \w\a\]${debian_chroot:+($debian_chroot)}\u@\h:\w\$ VIRTUAL_ENV_PROMPT=(.venv) /usr/bin/cmake --install /MRTP/MRTP/build/my_package
