[0.333s] Invoking command in '/MRTP/MRTP/src/build/webots_ros2_msgs': CMAKE_PREFIX_PATH=${CMAKE_PREFIX_PATH}:/MRTP/MRTP/src/install/webots_ros2:/MRTP/MRTP/src/install/webots_ros2_universal_robot:/MRTP/MRTP/src/install/webots_ros2_turtlebot:/MRTP/MRTP/src/install/webots_ros2_tiago:/MRTP/MRTP/src/install/webots_ros2_tests:/MRTP/MRTP/src/install/webots_ros2_tesla:/MRTP/MRTP/src/install/webots_ros2_mavic:/MRTP/MRTP/src/install/webots_ros2_husarion:/MRTP/MRTP/src/install/webots_ros2_epuck:/MRTP/MRTP/src/install/webots_ros2_crazyflie:/MRTP/MRTP/src/install/webots_ros2_importer:/MRTP/MRTP/src/install/gazeboenvs:/opt/ros/jazzy PS1=(.venv) \[\e]0;\u@\h: \w\a\]${debian_chroot:+($debian_chroot)}\u@\h:\w\$ VIRTUAL_ENV_PROMPT=(.venv) /usr/bin/cmake --build /MRTP/MRTP/src/build/webots_ros2_msgs -- -j12 -l12
[0.706s] [  1%] Built target webots_ros2_msgs__rosidl_generator_type_description
[0.741s] [  1%] Built target ament_cmake_python_symlink_webots_ros2_msgs
[0.909s] [  1%] Built target webots_ros2_msgs__cpp
[1.017s] [ 27%] Built target webots_ros2_msgs__rosidl_generator_c
[1.291s] [ 37%] Built target webots_ros2_msgs__rosidl_typesupport_fastrtps_c
[1.343s] [ 46%] Built target webots_ros2_msgs__rosidl_typesupport_cpp
[1.524s] [ 55%] Built target webots_ros2_msgs__rosidl_typesupport_introspection_cpp
[1.602s] [ 65%] Built target webots_ros2_msgs__rosidl_typesupport_c
[1.754s] running egg_info
[1.809s] writing webots_ros2_msgs.egg-info/PKG-INFO
[1.815s] writing dependency_links to webots_ros2_msgs.egg-info/dependency_links.txt
[1.822s] writing top-level names to webots_ros2_msgs.egg-info/top_level.txt
[1.857s] [ 75%] Built target webots_ros2_msgs__rosidl_typesupport_introspection_c
[1.921s] [ 85%] Built target webots_ros2_msgs__rosidl_typesupport_fastrtps_cpp
[2.061s] reading manifest file 'webots_ros2_msgs.egg-info/SOURCES.txt'
[2.077s] writing manifest file 'webots_ros2_msgs.egg-info/SOURCES.txt'
[2.188s] [ 85%] Built target webots_ros2_msgs
[2.226s] [ 85%] Built target ament_cmake_python_build_webots_ros2_msgs_egg
[2.458s] [ 86%] Built target webots_ros2_msgs__py
[2.797s] [ 95%] Built target webots_ros2_msgs__rosidl_generator_py
[3.004s] [ 97%] Built target webots_ros2_msgs_s__rosidl_typesupport_c
[3.062s] [ 99%] Built target webots_ros2_msgs_s__rosidl_typesupport_introspection_c
[3.075s] [100%] Built target webots_ros2_msgs_s__rosidl_typesupport_fastrtps_c
[3.325s] Invoked command in '/MRTP/MRTP/src/build/webots_ros2_msgs' returned '0': CMAKE_PREFIX_PATH=${CMAKE_PREFIX_PATH}:/MRTP/MRTP/src/install/webots_ros2:/MRTP/MRTP/src/install/webots_ros2_universal_robot:/MRTP/MRTP/src/install/webots_ros2_turtlebot:/MRTP/MRTP/src/install/webots_ros2_tiago:/MRTP/MRTP/src/install/webots_ros2_tests:/MRTP/MRTP/src/install/webots_ros2_tesla:/MRTP/MRTP/src/install/webots_ros2_mavic:/MRTP/MRTP/src/install/webots_ros2_husarion:/MRTP/MRTP/src/install/webots_ros2_epuck:/MRTP/MRTP/src/install/webots_ros2_crazyflie:/MRTP/MRTP/src/install/webots_ros2_importer:/MRTP/MRTP/src/install/gazeboenvs:/opt/ros/jazzy PS1=(.venv) \[\e]0;\u@\h: \w\a\]${debian_chroot:+($debian_chroot)}\u@\h:\w\$ VIRTUAL_ENV_PROMPT=(.venv) /usr/bin/cmake --build /MRTP/MRTP/src/build/webots_ros2_msgs -- -j12 -l12
[3.392s] Invoking command in '/MRTP/MRTP/src/build/webots_ros2_msgs': CMAKE_PREFIX_PATH=${CMAKE_PREFIX_PATH}:/MRTP/MRTP/src/install/webots_ros2:/MRTP/MRTP/src/install/webots_ros2_universal_robot:/MRTP/MRTP/src/install/webots_ros2_turtlebot:/MRTP/MRTP/src/install/webots_ros2_tiago:/MRTP/MRTP/src/install/webots_ros2_tests:/MRTP/MRTP/src/install/webots_ros2_tesla:/MRTP/MRTP/src/install/webots_ros2_mavic:/MRTP/MRTP/src/install/webots_ros2_husarion:/MRTP/MRTP/src/install/webots_ros2_epuck:/MRTP/MRTP/src/install/webots_ros2_crazyflie:/MRTP/MRTP/src/install/webots_ros2_importer:/MRTP/MRTP/src/install/gazeboenvs:/opt/ros/jazzy PS1=(.venv) \[\e]0;\u@\h: \w\a\]${debian_chroot:+($debian_chroot)}\u@\h:\w\$ VIRTUAL_ENV_PROMPT=(.venv) /usr/bin/cmake --install /MRTP/MRTP/src/build/webots_ros2_msgs
[3.450s] -- Install configuration: ""
[3.454s] -- Execute custom install script
[3.457s] -- Up-to-date symlink: /MRTP/MRTP/src/install/webots_ros2_msgs/share/ament_index/resource_index/rosidl_interfaces/webots_ros2_msgs
[3.459s] -- Up-to-date symlink: /MRTP/MRTP/src/install/webots_ros2_msgs/share/webots_ros2_msgs/msg/BoolStamped.json
[3.466s] -- Up-to-date symlink: /MRTP/MRTP/src/install/webots_ros2_msgs/share/webots_ros2_msgs/msg/FloatStamped.json
[3.469s] -- Up-to-date symlink: /MRTP/MRTP/src/install/webots_ros2_msgs/share/webots_ros2_msgs/msg/StringStamped.json
[3.470s] -- Up-to-date symlink: /MRTP/MRTP/src/install/webots_ros2_msgs/share/webots_ros2_msgs/msg/CameraRecognitionObject.json
[3.470s] -- Up-to-date symlink: /MRTP/MRTP/src/install/webots_ros2_msgs/share/webots_ros2_msgs/msg/CameraRecognitionObjects.json
[3.471s] -- Up-to-date symlink: /MRTP/MRTP/src/install/webots_ros2_msgs/share/webots_ros2_msgs/msg/UrdfRobot.json
[3.471s] -- Up-to-date symlink: /MRTP/MRTP/src/install/webots_ros2_msgs/share/webots_ros2_msgs/msg/PenInkProperties.json
[3.472s] -- Up-to-date symlink: /MRTP/MRTP/src/install/webots_ros2_msgs/share/webots_ros2_msgs/srv/EmitterSendString.json
[3.478s] -- Up-to-date symlink: /MRTP/MRTP/src/install/webots_ros2_msgs/share/webots_ros2_msgs/srv/GetBool.json
[3.480s] -- Up-to-date symlink: /MRTP/MRTP/src/install/webots_ros2_msgs/share/webots_ros2_msgs/srv/SetString.json
[3.486s] -- Up-to-date symlink: /MRTP/MRTP/src/install/webots_ros2_msgs/share/webots_ros2_msgs/srv/SpawnNodeFromString.json
[3.487s] -- Up-to-date symlink: /MRTP/MRTP/src/install/webots_ros2_msgs/share/webots_ros2_msgs/srv/SpawnUrdfRobot.json
[3.490s] -- Up-to-date symlink: /MRTP/MRTP/src/install/webots_ros2_msgs/include/webots_ros2_msgs/webots_ros2_msgs/msg/bool_stamped.h
[3.498s] -- Up-to-date symlink: /MRTP/MRTP/src/install/webots_ros2_msgs/include/webots_ros2_msgs/webots_ros2_msgs/msg/camera_recognition_object.h
[3.498s] -- Up-to-date symlink: /MRTP/MRTP/src/install/webots_ros2_msgs/include/webots_ros2_msgs/webots_ros2_msgs/msg/camera_recognition_objects.h
[3.499s] -- Up-to-date symlink: /MRTP/MRTP/src/install/webots_ros2_msgs/include/webots_ros2_msgs/webots_ros2_msgs/msg/detail/bool_stamped__functions.h
[3.502s] -- Up-to-date symlink: /MRTP/MRTP/src/install/webots_ros2_msgs/include/webots_ros2_msgs/webots_ros2_msgs/msg/detail/bool_stamped__struct.h
[3.503s] -- Up-to-date symlink: /MRTP/MRTP/src/install/webots_ros2_msgs/include/webots_ros2_msgs/webots_ros2_msgs/msg/detail/bool_stamped__type_support.h
[3.505s] -- Up-to-date symlink: /MRTP/MRTP/src/install/webots_ros2_msgs/include/webots_ros2_msgs/webots_ros2_msgs/msg/detail/camera_recognition_object__functions.h
[3.506s] -- Up-to-date symlink: /MRTP/MRTP/src/install/webots_ros2_msgs/include/webots_ros2_msgs/webots_ros2_msgs/msg/detail/camera_recognition_object__struct.h
[3.510s] -- Up-to-date symlink: /MRTP/MRTP/src/install/webots_ros2_msgs/include/webots_ros2_msgs/webots_ros2_msgs/msg/detail/camera_recognition_object__type_support.h
[3.510s] -- Up-to-date symlink: /MRTP/MRTP/src/install/webots_ros2_msgs/include/webots_ros2_msgs/webots_ros2_msgs/msg/detail/camera_recognition_objects__functions.h
[3.512s] -- Up-to-date symlink: /MRTP/MRTP/src/install/webots_ros2_msgs/include/webots_ros2_msgs/webots_ros2_msgs/msg/detail/camera_recognition_objects__struct.h
[3.513s] -- Up-to-date symlink: /MRTP/MRTP/src/install/webots_ros2_msgs/include/webots_ros2_msgs/webots_ros2_msgs/msg/detail/camera_recognition_objects__type_support.h
[3.515s] -- Up-to-date symlink: /MRTP/MRTP/src/install/webots_ros2_msgs/include/webots_ros2_msgs/webots_ros2_msgs/msg/detail/float_stamped__functions.h
[3.516s] -- Up-to-date symlink: /MRTP/MRTP/src/install/webots_ros2_msgs/include/webots_ros2_msgs/webots_ros2_msgs/msg/detail/float_stamped__struct.h
[3.517s] -- Up-to-date symlink: /MRTP/MRTP/src/install/webots_ros2_msgs/include/webots_ros2_msgs/webots_ros2_msgs/msg/detail/float_stamped__type_support.h
[3.521s] -- Up-to-date symlink: /MRTP/MRTP/src/install/webots_ros2_msgs/include/webots_ros2_msgs/webots_ros2_msgs/msg/detail/pen_ink_properties__functions.h
[3.522s] -- Up-to-date symlink: /MRTP/MRTP/src/install/webots_ros2_msgs/include/webots_ros2_msgs/webots_ros2_msgs/msg/detail/pen_ink_properties__struct.h
[3.522s] -- Up-to-date symlink: /MRTP/MRTP/src/install/webots_ros2_msgs/include/webots_ros2_msgs/webots_ros2_msgs/msg/detail/pen_ink_properties__type_support.h
[3.523s] -- Up-to-date symlink: /MRTP/MRTP/src/install/webots_ros2_msgs/include/webots_ros2_msgs/webots_ros2_msgs/msg/detail/string_stamped__functions.h
[3.524s] -- Up-to-date symlink: /MRTP/MRTP/src/install/webots_ros2_msgs/include/webots_ros2_msgs/webots_ros2_msgs/msg/detail/string_stamped__struct.h
[3.524s] -- Up-to-date symlink: /MRTP/MRTP/src/install/webots_ros2_msgs/include/webots_ros2_msgs/webots_ros2_msgs/msg/detail/string_stamped__type_support.h
[3.526s] -- Up-to-date symlink: /MRTP/MRTP/src/install/webots_ros2_msgs/include/webots_ros2_msgs/webots_ros2_msgs/msg/detail/urdf_robot__functions.h
[3.526s] -- Up-to-date symlink: /MRTP/MRTP/src/install/webots_ros2_msgs/include/webots_ros2_msgs/webots_ros2_msgs/msg/detail/urdf_robot__struct.h
[3.527s] -- Up-to-date symlink: /MRTP/MRTP/src/install/webots_ros2_msgs/include/webots_ros2_msgs/webots_ros2_msgs/msg/detail/urdf_robot__type_support.h
[3.527s] -- Up-to-date symlink: /MRTP/MRTP/src/install/webots_ros2_msgs/include/webots_ros2_msgs/webots_ros2_msgs/msg/float_stamped.h
[3.528s] -- Up-to-date symlink: /MRTP/MRTP/src/install/webots_ros2_msgs/include/webots_ros2_msgs/webots_ros2_msgs/msg/pen_ink_properties.h
[3.529s] -- Up-to-date symlink: /MRTP/MRTP/src/install/webots_ros2_msgs/include/webots_ros2_msgs/webots_ros2_msgs/msg/rosidl_generator_c__visibility_control.h
[3.530s] -- Up-to-date symlink: /MRTP/MRTP/src/install/webots_ros2_msgs/include/webots_ros2_msgs/webots_ros2_msgs/msg/string_stamped.h
[3.531s] -- Up-to-date symlink: /MRTP/MRTP/src/install/webots_ros2_msgs/include/webots_ros2_msgs/webots_ros2_msgs/msg/urdf_robot.h
[3.531s] -- Up-to-date symlink: /MRTP/MRTP/src/install/webots_ros2_msgs/include/webots_ros2_msgs/webots_ros2_msgs/srv/detail/emitter_send_string__functions.h
[3.536s] -- Up-to-date symlink: /MRTP/MRTP/src/install/webots_ros2_msgs/include/webots_ros2_msgs/webots_ros2_msgs/srv/detail/emitter_send_string__struct.h
[3.536s] -- Up-to-date symlink: /MRTP/MRTP/src/install/webots_ros2_msgs/include/webots_ros2_msgs/webots_ros2_msgs/srv/detail/emitter_send_string__type_support.h
[3.537s] -- Up-to-date symlink: /MRTP/MRTP/src/install/webots_ros2_msgs/include/webots_ros2_msgs/webots_ros2_msgs/srv/detail/get_bool__functions.h
[3.538s] -- Up-to-date symlink: /MRTP/MRTP/src/install/webots_ros2_msgs/include/webots_ros2_msgs/webots_ros2_msgs/srv/detail/get_bool__struct.h
[3.538s] -- Up-to-date symlink: /MRTP/MRTP/src/install/webots_ros2_msgs/include/webots_ros2_msgs/webots_ros2_msgs/srv/detail/get_bool__type_support.h
[3.539s] -- Up-to-date symlink: /MRTP/MRTP/src/install/webots_ros2_msgs/include/webots_ros2_msgs/webots_ros2_msgs/srv/detail/set_string__functions.h
[3.540s] -- Up-to-date symlink: /MRTP/MRTP/src/install/webots_ros2_msgs/include/webots_ros2_msgs/webots_ros2_msgs/srv/detail/set_string__struct.h
[3.541s] -- Up-to-date symlink: /MRTP/MRTP/src/install/webots_ros2_msgs/include/webots_ros2_msgs/webots_ros2_msgs/srv/detail/set_string__type_support.h
[3.542s] -- Up-to-date symlink: /MRTP/MRTP/src/install/webots_ros2_msgs/include/webots_ros2_msgs/webots_ros2_msgs/srv/detail/spawn_node_from_string__functions.h
[3.542s] -- Up-to-date symlink: /MRTP/MRTP/src/install/webots_ros2_msgs/include/webots_ros2_msgs/webots_ros2_msgs/srv/detail/spawn_node_from_string__struct.h
[3.545s] -- Up-to-date symlink: /MRTP/MRTP/src/install/webots_ros2_msgs/include/webots_ros2_msgs/webots_ros2_msgs/srv/detail/spawn_node_from_string__type_support.h
[3.546s] -- Up-to-date symlink: /MRTP/MRTP/src/install/webots_ros2_msgs/include/webots_ros2_msgs/webots_ros2_msgs/srv/detail/spawn_urdf_robot__functions.h
[3.548s] -- Up-to-date symlink: /MRTP/MRTP/src/install/webots_ros2_msgs/include/webots_ros2_msgs/webots_ros2_msgs/srv/detail/spawn_urdf_robot__struct.h
[3.548s] -- Up-to-date symlink: /MRTP/MRTP/src/install/webots_ros2_msgs/include/webots_ros2_msgs/webots_ros2_msgs/srv/detail/spawn_urdf_robot__type_support.h
[3.550s] -- Up-to-date symlink: /MRTP/MRTP/src/install/webots_ros2_msgs/include/webots_ros2_msgs/webots_ros2_msgs/srv/emitter_send_string.h
[3.550s] -- Up-to-date symlink: /MRTP/MRTP/src/install/webots_ros2_msgs/include/webots_ros2_msgs/webots_ros2_msgs/srv/get_bool.h
[3.556s] -- Up-to-date symlink: /MRTP/MRTP/src/install/webots_ros2_msgs/include/webots_ros2_msgs/webots_ros2_msgs/srv/set_string.h
[3.558s] -- Up-to-date symlink: /MRTP/MRTP/src/install/webots_ros2_msgs/include/webots_ros2_msgs/webots_ros2_msgs/srv/spawn_node_from_string.h
[3.559s] -- Up-to-date symlink: /MRTP/MRTP/src/install/webots_ros2_msgs/include/webots_ros2_msgs/webots_ros2_msgs/srv/spawn_urdf_robot.h
[3.561s] -- Up-to-date symlink: /MRTP/MRTP/src/install/webots_ros2_msgs/share/webots_ros2_msgs/environment/library_path.sh
[3.564s] -- Up-to-date symlink: /MRTP/MRTP/src/install/webots_ros2_msgs/share/webots_ros2_msgs/environment/library_path.dsv
[3.579s] -- Up-to-date symlink: /MRTP/MRTP/src/install/webots_ros2_msgs/include/webots_ros2_msgs/webots_ros2_msgs/msg/detail/bool_stamped__rosidl_typesupport_fastrtps_c.h
[3.580s] -- Up-to-date symlink: /MRTP/MRTP/src/install/webots_ros2_msgs/include/webots_ros2_msgs/webots_ros2_msgs/msg/detail/camera_recognition_object__rosidl_typesupport_fastrtps_c.h
[3.582s] -- Up-to-date symlink: /MRTP/MRTP/src/install/webots_ros2_msgs/include/webots_ros2_msgs/webots_ros2_msgs/msg/detail/camera_recognition_objects__rosidl_typesupport_fastrtps_c.h
[3.584s] -- Up-to-date symlink: /MRTP/MRTP/src/install/webots_ros2_msgs/include/webots_ros2_msgs/webots_ros2_msgs/msg/detail/float_stamped__rosidl_typesupport_fastrtps_c.h
[3.588s] -- Up-to-date symlink: /MRTP/MRTP/src/install/webots_ros2_msgs/include/webots_ros2_msgs/webots_ros2_msgs/msg/detail/pen_ink_properties__rosidl_typesupport_fastrtps_c.h
[3.591s] -- Up-to-date symlink: /MRTP/MRTP/src/install/webots_ros2_msgs/include/webots_ros2_msgs/webots_ros2_msgs/msg/detail/string_stamped__rosidl_typesupport_fastrtps_c.h
[3.592s] -- Up-to-date symlink: /MRTP/MRTP/src/install/webots_ros2_msgs/include/webots_ros2_msgs/webots_ros2_msgs/msg/detail/urdf_robot__rosidl_typesupport_fastrtps_c.h
[3.599s] -- Up-to-date symlink: /MRTP/MRTP/src/install/webots_ros2_msgs/include/webots_ros2_msgs/webots_ros2_msgs/msg/rosidl_typesupport_fastrtps_c__visibility_control.h
[3.601s] -- Up-to-date symlink: /MRTP/MRTP/src/install/webots_ros2_msgs/include/webots_ros2_msgs/webots_ros2_msgs/srv/detail/emitter_send_string__rosidl_typesupport_fastrtps_c.h
[3.604s] -- Up-to-date symlink: /MRTP/MRTP/src/install/webots_ros2_msgs/include/webots_ros2_msgs/webots_ros2_msgs/srv/detail/get_bool__rosidl_typesupport_fastrtps_c.h
[3.606s] -- Up-to-date symlink: /MRTP/MRTP/src/install/webots_ros2_msgs/include/webots_ros2_msgs/webots_ros2_msgs/srv/detail/set_string__rosidl_typesupport_fastrtps_c.h
[3.607s] -- Up-to-date symlink: /MRTP/MRTP/src/install/webots_ros2_msgs/include/webots_ros2_msgs/webots_ros2_msgs/srv/detail/spawn_node_from_string__rosidl_typesupport_fastrtps_c.h
[3.611s] -- Up-to-date symlink: /MRTP/MRTP/src/install/webots_ros2_msgs/include/webots_ros2_msgs/webots_ros2_msgs/srv/detail/spawn_urdf_robot__rosidl_typesupport_fastrtps_c.h
[3.623s] -- Up-to-date symlink: /MRTP/MRTP/src/install/webots_ros2_msgs/include/webots_ros2_msgs/webots_ros2_msgs/msg/bool_stamped.hpp
[3.623s] -- Up-to-date symlink: /MRTP/MRTP/src/install/webots_ros2_msgs/include/webots_ros2_msgs/webots_ros2_msgs/msg/camera_recognition_object.hpp
[3.628s] -- Up-to-date symlink: /MRTP/MRTP/src/install/webots_ros2_msgs/include/webots_ros2_msgs/webots_ros2_msgs/msg/camera_recognition_objects.hpp
[3.630s] -- Up-to-date symlink: /MRTP/MRTP/src/install/webots_ros2_msgs/include/webots_ros2_msgs/webots_ros2_msgs/msg/detail/bool_stamped__builder.hpp
[3.633s] -- Up-to-date symlink: /MRTP/MRTP/src/install/webots_ros2_msgs/include/webots_ros2_msgs/webots_ros2_msgs/msg/detail/bool_stamped__struct.hpp
[3.639s] -- Up-to-date symlink: /MRTP/MRTP/src/install/webots_ros2_msgs/include/webots_ros2_msgs/webots_ros2_msgs/msg/detail/bool_stamped__traits.hpp
[3.642s] -- Up-to-date symlink: /MRTP/MRTP/src/install/webots_ros2_msgs/include/webots_ros2_msgs/webots_ros2_msgs/msg/detail/bool_stamped__type_support.hpp
[3.643s] -- Up-to-date symlink: /MRTP/MRTP/src/install/webots_ros2_msgs/include/webots_ros2_msgs/webots_ros2_msgs/msg/detail/camera_recognition_object__builder.hpp
[3.645s] -- Up-to-date symlink: /MRTP/MRTP/src/install/webots_ros2_msgs/include/webots_ros2_msgs/webots_ros2_msgs/msg/detail/camera_recognition_object__struct.hpp
[3.648s] -- Up-to-date symlink: /MRTP/MRTP/src/install/webots_ros2_msgs/include/webots_ros2_msgs/webots_ros2_msgs/msg/detail/camera_recognition_object__traits.hpp
[3.668s] -- Up-to-date symlink: /MRTP/MRTP/src/install/webots_ros2_msgs/include/webots_ros2_msgs/webots_ros2_msgs/msg/detail/camera_recognition_object__type_support.hpp
[3.671s] -- Up-to-date symlink: /MRTP/MRTP/src/install/webots_ros2_msgs/include/webots_ros2_msgs/webots_ros2_msgs/msg/detail/camera_recognition_objects__builder.hpp
[3.673s] -- Up-to-date symlink: /MRTP/MRTP/src/install/webots_ros2_msgs/include/webots_ros2_msgs/webots_ros2_msgs/msg/detail/camera_recognition_objects__struct.hpp
[3.682s] -- Up-to-date symlink: /MRTP/MRTP/src/install/webots_ros2_msgs/include/webots_ros2_msgs/webots_ros2_msgs/msg/detail/camera_recognition_objects__traits.hpp
[3.683s] -- Up-to-date symlink: /MRTP/MRTP/src/install/webots_ros2_msgs/include/webots_ros2_msgs/webots_ros2_msgs/msg/detail/camera_recognition_objects__type_support.hpp
[3.684s] -- Up-to-date symlink: /MRTP/MRTP/src/install/webots_ros2_msgs/include/webots_ros2_msgs/webots_ros2_msgs/msg/detail/float_stamped__builder.hpp
[3.694s] -- Up-to-date symlink: /MRTP/MRTP/src/install/webots_ros2_msgs/include/webots_ros2_msgs/webots_ros2_msgs/msg/detail/float_stamped__struct.hpp
[3.697s] -- Up-to-date symlink: /MRTP/MRTP/src/install/webots_ros2_msgs/include/webots_ros2_msgs/webots_ros2_msgs/msg/detail/float_stamped__traits.hpp
[3.697s] -- Up-to-date symlink: /MRTP/MRTP/src/install/webots_ros2_msgs/include/webots_ros2_msgs/webots_ros2_msgs/msg/detail/float_stamped__type_support.hpp
[3.698s] -- Up-to-date symlink: /MRTP/MRTP/src/install/webots_ros2_msgs/include/webots_ros2_msgs/webots_ros2_msgs/msg/detail/pen_ink_properties__builder.hpp
[3.699s] -- Up-to-date symlink: /MRTP/MRTP/src/install/webots_ros2_msgs/include/webots_ros2_msgs/webots_ros2_msgs/msg/detail/pen_ink_properties__struct.hpp
[3.700s] -- Up-to-date symlink: /MRTP/MRTP/src/install/webots_ros2_msgs/include/webots_ros2_msgs/webots_ros2_msgs/msg/detail/pen_ink_properties__traits.hpp
[3.700s] -- Up-to-date symlink: /MRTP/MRTP/src/install/webots_ros2_msgs/include/webots_ros2_msgs/webots_ros2_msgs/msg/detail/pen_ink_properties__type_support.hpp
[3.703s] -- Up-to-date symlink: /MRTP/MRTP/src/install/webots_ros2_msgs/include/webots_ros2_msgs/webots_ros2_msgs/msg/detail/string_stamped__builder.hpp
[3.704s] -- Up-to-date symlink: /MRTP/MRTP/src/install/webots_ros2_msgs/include/webots_ros2_msgs/webots_ros2_msgs/msg/detail/string_stamped__struct.hpp
[3.705s] -- Up-to-date symlink: /MRTP/MRTP/src/install/webots_ros2_msgs/include/webots_ros2_msgs/webots_ros2_msgs/msg/detail/string_stamped__traits.hpp
[3.706s] -- Up-to-date symlink: /MRTP/MRTP/src/install/webots_ros2_msgs/include/webots_ros2_msgs/webots_ros2_msgs/msg/detail/string_stamped__type_support.hpp
[3.707s] -- Up-to-date symlink: /MRTP/MRTP/src/install/webots_ros2_msgs/include/webots_ros2_msgs/webots_ros2_msgs/msg/detail/urdf_robot__builder.hpp
[3.708s] -- Up-to-date symlink: /MRTP/MRTP/src/install/webots_ros2_msgs/include/webots_ros2_msgs/webots_ros2_msgs/msg/detail/urdf_robot__struct.hpp
[3.709s] -- Up-to-date symlink: /MRTP/MRTP/src/install/webots_ros2_msgs/include/webots_ros2_msgs/webots_ros2_msgs/msg/detail/urdf_robot__traits.hpp
[3.711s] -- Up-to-date symlink: /MRTP/MRTP/src/install/webots_ros2_msgs/include/webots_ros2_msgs/webots_ros2_msgs/msg/detail/urdf_robot__type_support.hpp
[3.712s] -- Up-to-date symlink: /MRTP/MRTP/src/install/webots_ros2_msgs/include/webots_ros2_msgs/webots_ros2_msgs/msg/float_stamped.hpp
[3.713s] -- Up-to-date symlink: /MRTP/MRTP/src/install/webots_ros2_msgs/include/webots_ros2_msgs/webots_ros2_msgs/msg/pen_ink_properties.hpp
[3.713s] -- Up-to-date symlink: /MRTP/MRTP/src/install/webots_ros2_msgs/include/webots_ros2_msgs/webots_ros2_msgs/msg/rosidl_generator_cpp__visibility_control.hpp
[3.714s] -- Up-to-date symlink: /MRTP/MRTP/src/install/webots_ros2_msgs/include/webots_ros2_msgs/webots_ros2_msgs/msg/string_stamped.hpp
[3.715s] -- Up-to-date symlink: /MRTP/MRTP/src/install/webots_ros2_msgs/include/webots_ros2_msgs/webots_ros2_msgs/msg/urdf_robot.hpp
[3.717s] -- Up-to-date symlink: /MRTP/MRTP/src/install/webots_ros2_msgs/include/webots_ros2_msgs/webots_ros2_msgs/srv/detail/emitter_send_string__builder.hpp
[3.724s] -- Up-to-date symlink: /MRTP/MRTP/src/install/webots_ros2_msgs/include/webots_ros2_msgs/webots_ros2_msgs/srv/detail/emitter_send_string__struct.hpp
[3.726s] -- Up-to-date symlink: /MRTP/MRTP/src/install/webots_ros2_msgs/include/webots_ros2_msgs/webots_ros2_msgs/srv/detail/emitter_send_string__traits.hpp
[3.729s] -- Up-to-date symlink: /MRTP/MRTP/src/install/webots_ros2_msgs/include/webots_ros2_msgs/webots_ros2_msgs/srv/detail/emitter_send_string__type_support.hpp
[3.732s] -- Up-to-date symlink: /MRTP/MRTP/src/install/webots_ros2_msgs/include/webots_ros2_msgs/webots_ros2_msgs/srv/detail/get_bool__builder.hpp
[3.735s] -- Up-to-date symlink: /MRTP/MRTP/src/install/webots_ros2_msgs/include/webots_ros2_msgs/webots_ros2_msgs/srv/detail/get_bool__struct.hpp
[3.736s] -- Up-to-date symlink: /MRTP/MRTP/src/install/webots_ros2_msgs/include/webots_ros2_msgs/webots_ros2_msgs/srv/detail/get_bool__traits.hpp
[3.738s] -- Up-to-date symlink: /MRTP/MRTP/src/install/webots_ros2_msgs/include/webots_ros2_msgs/webots_ros2_msgs/srv/detail/get_bool__type_support.hpp
[3.739s] -- Up-to-date symlink: /MRTP/MRTP/src/install/webots_ros2_msgs/include/webots_ros2_msgs/webots_ros2_msgs/srv/detail/set_string__builder.hpp
[3.740s] -- Up-to-date symlink: /MRTP/MRTP/src/install/webots_ros2_msgs/include/webots_ros2_msgs/webots_ros2_msgs/srv/detail/set_string__struct.hpp
[3.749s] -- Up-to-date symlink: /MRTP/MRTP/src/install/webots_ros2_msgs/include/webots_ros2_msgs/webots_ros2_msgs/srv/detail/set_string__traits.hpp
[3.750s] -- Up-to-date symlink: /MRTP/MRTP/src/install/webots_ros2_msgs/include/webots_ros2_msgs/webots_ros2_msgs/srv/detail/set_string__type_support.hpp
[3.751s] -- Up-to-date symlink: /MRTP/MRTP/src/install/webots_ros2_msgs/include/webots_ros2_msgs/webots_ros2_msgs/srv/detail/spawn_node_from_string__builder.hpp
[3.751s] -- Up-to-date symlink: /MRTP/MRTP/src/install/webots_ros2_msgs/include/webots_ros2_msgs/webots_ros2_msgs/srv/detail/spawn_node_from_string__struct.hpp
[3.752s] -- Up-to-date symlink: /MRTP/MRTP/src/install/webots_ros2_msgs/include/webots_ros2_msgs/webots_ros2_msgs/srv/detail/spawn_node_from_string__traits.hpp
[3.753s] -- Up-to-date symlink: /MRTP/MRTP/src/install/webots_ros2_msgs/include/webots_ros2_msgs/webots_ros2_msgs/srv/detail/spawn_node_from_string__type_support.hpp
[3.759s] -- Up-to-date symlink: /MRTP/MRTP/src/install/webots_ros2_msgs/include/webots_ros2_msgs/webots_ros2_msgs/srv/detail/spawn_urdf_robot__builder.hpp
[3.760s] -- Up-to-date symlink: /MRTP/MRTP/src/install/webots_ros2_msgs/include/webots_ros2_msgs/webots_ros2_msgs/srv/detail/spawn_urdf_robot__struct.hpp
[3.761s] -- Up-to-date symlink: /MRTP/MRTP/src/install/webots_ros2_msgs/include/webots_ros2_msgs/webots_ros2_msgs/srv/detail/spawn_urdf_robot__traits.hpp
[3.762s] -- Up-to-date symlink: /MRTP/MRTP/src/install/webots_ros2_msgs/include/webots_ros2_msgs/webots_ros2_msgs/srv/detail/spawn_urdf_robot__type_support.hpp
[3.763s] -- Up-to-date symlink: /MRTP/MRTP/src/install/webots_ros2_msgs/include/webots_ros2_msgs/webots_ros2_msgs/srv/emitter_send_string.hpp
[3.765s] -- Up-to-date symlink: /MRTP/MRTP/src/install/webots_ros2_msgs/include/webots_ros2_msgs/webots_ros2_msgs/srv/get_bool.hpp
[3.768s] -- Up-to-date symlink: /MRTP/MRTP/src/install/webots_ros2_msgs/include/webots_ros2_msgs/webots_ros2_msgs/srv/set_string.hpp
[3.770s] -- Up-to-date symlink: /MRTP/MRTP/src/install/webots_ros2_msgs/include/webots_ros2_msgs/webots_ros2_msgs/srv/spawn_node_from_string.hpp
[3.775s] -- Up-to-date symlink: /MRTP/MRTP/src/install/webots_ros2_msgs/include/webots_ros2_msgs/webots_ros2_msgs/srv/spawn_urdf_robot.hpp
[3.793s] -- Up-to-date symlink: /MRTP/MRTP/src/install/webots_ros2_msgs/include/webots_ros2_msgs/webots_ros2_msgs/msg/detail/bool_stamped__rosidl_typesupport_fastrtps_cpp.hpp
[3.795s] -- Up-to-date symlink: /MRTP/MRTP/src/install/webots_ros2_msgs/include/webots_ros2_msgs/webots_ros2_msgs/msg/detail/camera_recognition_object__rosidl_typesupport_fastrtps_cpp.hpp
[3.795s] -- Up-to-date symlink: /MRTP/MRTP/src/install/webots_ros2_msgs/include/webots_ros2_msgs/webots_ros2_msgs/msg/detail/camera_recognition_objects__rosidl_typesupport_fastrtps_cpp.hpp
[3.797s] -- Up-to-date symlink: /MRTP/MRTP/src/install/webots_ros2_msgs/include/webots_ros2_msgs/webots_ros2_msgs/msg/detail/float_stamped__rosidl_typesupport_fastrtps_cpp.hpp
[3.801s] -- Up-to-date symlink: /MRTP/MRTP/src/install/webots_ros2_msgs/include/webots_ros2_msgs/webots_ros2_msgs/msg/detail/pen_ink_properties__rosidl_typesupport_fastrtps_cpp.hpp
[3.805s] -- Up-to-date symlink: /MRTP/MRTP/src/install/webots_ros2_msgs/include/webots_ros2_msgs/webots_ros2_msgs/msg/detail/string_stamped__rosidl_typesupport_fastrtps_cpp.hpp
[3.806s] -- Up-to-date symlink: /MRTP/MRTP/src/install/webots_ros2_msgs/include/webots_ros2_msgs/webots_ros2_msgs/msg/detail/urdf_robot__rosidl_typesupport_fastrtps_cpp.hpp
[3.813s] -- Up-to-date symlink: /MRTP/MRTP/src/install/webots_ros2_msgs/include/webots_ros2_msgs/webots_ros2_msgs/msg/rosidl_typesupport_fastrtps_cpp__visibility_control.h
[3.816s] -- Up-to-date symlink: /MRTP/MRTP/src/install/webots_ros2_msgs/include/webots_ros2_msgs/webots_ros2_msgs/srv/detail/emitter_send_string__rosidl_typesupport_fastrtps_cpp.hpp
[3.826s] -- Up-to-date symlink: /MRTP/MRTP/src/install/webots_ros2_msgs/include/webots_ros2_msgs/webots_ros2_msgs/srv/detail/get_bool__rosidl_typesupport_fastrtps_cpp.hpp
[3.829s] -- Up-to-date symlink: /MRTP/MRTP/src/install/webots_ros2_msgs/include/webots_ros2_msgs/webots_ros2_msgs/srv/detail/set_string__rosidl_typesupport_fastrtps_cpp.hpp
[3.834s] -- Up-to-date symlink: /MRTP/MRTP/src/install/webots_ros2_msgs/include/webots_ros2_msgs/webots_ros2_msgs/srv/detail/spawn_node_from_string__rosidl_typesupport_fastrtps_cpp.hpp
[3.836s] -- Up-to-date symlink: /MRTP/MRTP/src/install/webots_ros2_msgs/include/webots_ros2_msgs/webots_ros2_msgs/srv/detail/spawn_urdf_robot__rosidl_typesupport_fastrtps_cpp.hpp
[3.840s] -- Up-to-date symlink: /MRTP/MRTP/src/install/webots_ros2_msgs/include/webots_ros2_msgs/webots_ros2_msgs/msg/detail/bool_stamped__rosidl_typesupport_introspection_c.h
[3.842s] -- Up-to-date symlink: /MRTP/MRTP/src/install/webots_ros2_msgs/include/webots_ros2_msgs/webots_ros2_msgs/msg/detail/camera_recognition_object__rosidl_typesupport_introspection_c.h
[3.844s] -- Up-to-date symlink: /MRTP/MRTP/src/install/webots_ros2_msgs/include/webots_ros2_msgs/webots_ros2_msgs/msg/detail/camera_recognition_objects__rosidl_typesupport_introspection_c.h
[3.852s] -- Up-to-date symlink: /MRTP/MRTP/src/install/webots_ros2_msgs/include/webots_ros2_msgs/webots_ros2_msgs/msg/detail/float_stamped__rosidl_typesupport_introspection_c.h
[3.852s] -- Up-to-date symlink: /MRTP/MRTP/src/install/webots_ros2_msgs/include/webots_ros2_msgs/webots_ros2_msgs/msg/detail/pen_ink_properties__rosidl_typesupport_introspection_c.h
[3.854s] -- Up-to-date symlink: /MRTP/MRTP/src/install/webots_ros2_msgs/include/webots_ros2_msgs/webots_ros2_msgs/msg/detail/string_stamped__rosidl_typesupport_introspection_c.h
[3.854s] -- Up-to-date symlink: /MRTP/MRTP/src/install/webots_ros2_msgs/include/webots_ros2_msgs/webots_ros2_msgs/msg/detail/urdf_robot__rosidl_typesupport_introspection_c.h
[3.855s] -- Up-to-date symlink: /MRTP/MRTP/src/install/webots_ros2_msgs/include/webots_ros2_msgs/webots_ros2_msgs/msg/rosidl_typesupport_introspection_c__visibility_control.h
[3.858s] -- Up-to-date symlink: /MRTP/MRTP/src/install/webots_ros2_msgs/include/webots_ros2_msgs/webots_ros2_msgs/srv/detail/emitter_send_string__rosidl_typesupport_introspection_c.h
[3.860s] -- Up-to-date symlink: /MRTP/MRTP/src/install/webots_ros2_msgs/include/webots_ros2_msgs/webots_ros2_msgs/srv/detail/get_bool__rosidl_typesupport_introspection_c.h
[3.861s] -- Up-to-date symlink: /MRTP/MRTP/src/install/webots_ros2_msgs/include/webots_ros2_msgs/webots_ros2_msgs/srv/detail/set_string__rosidl_typesupport_introspection_c.h
[3.866s] -- Up-to-date symlink: /MRTP/MRTP/src/install/webots_ros2_msgs/include/webots_ros2_msgs/webots_ros2_msgs/srv/detail/spawn_node_from_string__rosidl_typesupport_introspection_c.h
[3.867s] -- Up-to-date symlink: /MRTP/MRTP/src/install/webots_ros2_msgs/include/webots_ros2_msgs/webots_ros2_msgs/srv/detail/spawn_urdf_robot__rosidl_typesupport_introspection_c.h
[3.878s] -- Up-to-date symlink: /MRTP/MRTP/src/install/webots_ros2_msgs/include/webots_ros2_msgs/webots_ros2_msgs/msg/detail/bool_stamped__rosidl_typesupport_introspection_cpp.hpp
[3.880s] -- Up-to-date symlink: /MRTP/MRTP/src/install/webots_ros2_msgs/include/webots_ros2_msgs/webots_ros2_msgs/msg/detail/camera_recognition_object__rosidl_typesupport_introspection_cpp.hpp
[3.881s] -- Up-to-date symlink: /MRTP/MRTP/src/install/webots_ros2_msgs/include/webots_ros2_msgs/webots_ros2_msgs/msg/detail/camera_recognition_objects__rosidl_typesupport_introspection_cpp.hpp
[3.884s] -- Up-to-date symlink: /MRTP/MRTP/src/install/webots_ros2_msgs/include/webots_ros2_msgs/webots_ros2_msgs/msg/detail/float_stamped__rosidl_typesupport_introspection_cpp.hpp
[3.887s] -- Up-to-date symlink: /MRTP/MRTP/src/install/webots_ros2_msgs/include/webots_ros2_msgs/webots_ros2_msgs/msg/detail/pen_ink_properties__rosidl_typesupport_introspection_cpp.hpp
[3.888s] -- Up-to-date symlink: /MRTP/MRTP/src/install/webots_ros2_msgs/include/webots_ros2_msgs/webots_ros2_msgs/msg/detail/string_stamped__rosidl_typesupport_introspection_cpp.hpp
[3.890s] -- Up-to-date symlink: /MRTP/MRTP/src/install/webots_ros2_msgs/include/webots_ros2_msgs/webots_ros2_msgs/msg/detail/urdf_robot__rosidl_typesupport_introspection_cpp.hpp
[3.891s] -- Up-to-date symlink: /MRTP/MRTP/src/install/webots_ros2_msgs/include/webots_ros2_msgs/webots_ros2_msgs/srv/detail/emitter_send_string__rosidl_typesupport_introspection_cpp.hpp
[3.903s] -- Up-to-date symlink: /MRTP/MRTP/src/install/webots_ros2_msgs/include/webots_ros2_msgs/webots_ros2_msgs/srv/detail/get_bool__rosidl_typesupport_introspection_cpp.hpp
[3.905s] -- Up-to-date symlink: /MRTP/MRTP/src/install/webots_ros2_msgs/include/webots_ros2_msgs/webots_ros2_msgs/srv/detail/set_string__rosidl_typesupport_introspection_cpp.hpp
[3.909s] -- Up-to-date symlink: /MRTP/MRTP/src/install/webots_ros2_msgs/include/webots_ros2_msgs/webots_ros2_msgs/srv/detail/spawn_node_from_string__rosidl_typesupport_introspection_cpp.hpp
[3.910s] -- Up-to-date symlink: /MRTP/MRTP/src/install/webots_ros2_msgs/include/webots_ros2_msgs/webots_ros2_msgs/srv/detail/spawn_urdf_robot__rosidl_typesupport_introspection_cpp.hpp
[3.953s] -- Up-to-date symlink: /MRTP/MRTP/src/install/webots_ros2_msgs/share/webots_ros2_msgs/environment/pythonpath.sh
[3.958s] -- Up-to-date symlink: /MRTP/MRTP/src/install/webots_ros2_msgs/share/webots_ros2_msgs/environment/pythonpath.dsv
[3.959s] -- Up-to-date symlink: /MRTP/MRTP/src/install/webots_ros2_msgs/lib/python3.12/site-packages/webots_ros2_msgs-2025.0.1-py3.12.egg-info/PKG-INFO
[3.975s] -- Up-to-date symlink: /MRTP/MRTP/src/install/webots_ros2_msgs/lib/python3.12/site-packages/webots_ros2_msgs-2025.0.1-py3.12.egg-info/SOURCES.txt
[3.989s] -- Up-to-date symlink: /MRTP/MRTP/src/install/webots_ros2_msgs/lib/python3.12/site-packages/webots_ros2_msgs-2025.0.1-py3.12.egg-info/dependency_links.txt
[3.990s] -- Up-to-date symlink: /MRTP/MRTP/src/install/webots_ros2_msgs/lib/python3.12/site-packages/webots_ros2_msgs-2025.0.1-py3.12.egg-info/top_level.txt
[4.009s] -- Up-to-date symlink: /MRTP/MRTP/src/install/webots_ros2_msgs/lib/python3.12/site-packages/webots_ros2_msgs/__init__.py
[4.020s] -- Up-to-date symlink: /MRTP/MRTP/src/install/webots_ros2_msgs/lib/python3.12/site-packages/webots_ros2_msgs/_webots_ros2_msgs_s.ep.rosidl_typesupport_c.c
[4.030s] -- Up-to-date symlink: /MRTP/MRTP/src/install/webots_ros2_msgs/lib/python3.12/site-packages/webots_ros2_msgs/_webots_ros2_msgs_s.ep.rosidl_typesupport_fastrtps_c.c
[4.037s] -- Up-to-date symlink: /MRTP/MRTP/src/install/webots_ros2_msgs/lib/python3.12/site-packages/webots_ros2_msgs/_webots_ros2_msgs_s.ep.rosidl_typesupport_introspection_c.c
[4.044s] -- Up-to-date symlink: /MRTP/MRTP/src/install/webots_ros2_msgs/lib/python3.12/site-packages/webots_ros2_msgs/msg/__init__.py
[4.046s] -- Up-to-date symlink: /MRTP/MRTP/src/install/webots_ros2_msgs/lib/python3.12/site-packages/webots_ros2_msgs/msg/_bool_stamped.py
[4.048s] -- Up-to-date symlink: /MRTP/MRTP/src/install/webots_ros2_msgs/lib/python3.12/site-packages/webots_ros2_msgs/msg/_bool_stamped_s.c
[4.057s] -- Up-to-date symlink: /MRTP/MRTP/src/install/webots_ros2_msgs/lib/python3.12/site-packages/webots_ros2_msgs/msg/_camera_recognition_object.py
[4.058s] -- Up-to-date symlink: /MRTP/MRTP/src/install/webots_ros2_msgs/lib/python3.12/site-packages/webots_ros2_msgs/msg/_camera_recognition_object_s.c
[4.063s] -- Up-to-date symlink: /MRTP/MRTP/src/install/webots_ros2_msgs/lib/python3.12/site-packages/webots_ros2_msgs/msg/_camera_recognition_objects.py
[4.064s] -- Up-to-date symlink: /MRTP/MRTP/src/install/webots_ros2_msgs/lib/python3.12/site-packages/webots_ros2_msgs/msg/_camera_recognition_objects_s.c
[4.064s] -- Up-to-date symlink: /MRTP/MRTP/src/install/webots_ros2_msgs/lib/python3.12/site-packages/webots_ros2_msgs/msg/_float_stamped.py
[4.066s] -- Up-to-date symlink: /MRTP/MRTP/src/install/webots_ros2_msgs/lib/python3.12/site-packages/webots_ros2_msgs/msg/_float_stamped_s.c
[4.067s] -- Up-to-date symlink: /MRTP/MRTP/src/install/webots_ros2_msgs/lib/python3.12/site-packages/webots_ros2_msgs/msg/_pen_ink_properties.py
[4.067s] -- Up-to-date symlink: /MRTP/MRTP/src/install/webots_ros2_msgs/lib/python3.12/site-packages/webots_ros2_msgs/msg/_pen_ink_properties_s.c
[4.068s] -- Up-to-date symlink: /MRTP/MRTP/src/install/webots_ros2_msgs/lib/python3.12/site-packages/webots_ros2_msgs/msg/_string_stamped.py
[4.068s] -- Up-to-date symlink: /MRTP/MRTP/src/install/webots_ros2_msgs/lib/python3.12/site-packages/webots_ros2_msgs/msg/_string_stamped_s.c
[4.069s] -- Up-to-date symlink: /MRTP/MRTP/src/install/webots_ros2_msgs/lib/python3.12/site-packages/webots_ros2_msgs/msg/_urdf_robot.py
[4.070s] -- Up-to-date symlink: /MRTP/MRTP/src/install/webots_ros2_msgs/lib/python3.12/site-packages/webots_ros2_msgs/msg/_urdf_robot_s.c
[4.074s] -- Up-to-date symlink: /MRTP/MRTP/src/install/webots_ros2_msgs/lib/python3.12/site-packages/webots_ros2_msgs/srv/__init__.py
[4.075s] -- Up-to-date symlink: /MRTP/MRTP/src/install/webots_ros2_msgs/lib/python3.12/site-packages/webots_ros2_msgs/srv/_emitter_send_string.py
[4.075s] -- Up-to-date symlink: /MRTP/MRTP/src/install/webots_ros2_msgs/lib/python3.12/site-packages/webots_ros2_msgs/srv/_emitter_send_string_s.c
[4.076s] -- Up-to-date symlink: /MRTP/MRTP/src/install/webots_ros2_msgs/lib/python3.12/site-packages/webots_ros2_msgs/srv/_get_bool.py
[4.077s] -- Up-to-date symlink: /MRTP/MRTP/src/install/webots_ros2_msgs/lib/python3.12/site-packages/webots_ros2_msgs/srv/_get_bool_s.c
[4.077s] -- Up-to-date symlink: /MRTP/MRTP/src/install/webots_ros2_msgs/lib/python3.12/site-packages/webots_ros2_msgs/srv/_set_string.py
[4.078s] -- Up-to-date symlink: /MRTP/MRTP/src/install/webots_ros2_msgs/lib/python3.12/site-packages/webots_ros2_msgs/srv/_set_string_s.c
[4.078s] -- Up-to-date symlink: /MRTP/MRTP/src/install/webots_ros2_msgs/lib/python3.12/site-packages/webots_ros2_msgs/srv/_spawn_node_from_string.py
[4.079s] -- Up-to-date symlink: /MRTP/MRTP/src/install/webots_ros2_msgs/lib/python3.12/site-packages/webots_ros2_msgs/srv/_spawn_node_from_string_s.c
[4.079s] -- Up-to-date symlink: /MRTP/MRTP/src/install/webots_ros2_msgs/lib/python3.12/site-packages/webots_ros2_msgs/srv/_spawn_urdf_robot.py
[4.084s] -- Up-to-date symlink: /MRTP/MRTP/src/install/webots_ros2_msgs/lib/python3.12/site-packages/webots_ros2_msgs/srv/_spawn_urdf_robot_s.c
[4.085s] -- Up-to-date symlink: /MRTP/MRTP/src/install/webots_ros2_msgs/lib/python3.12/site-packages/webots_ros2_msgs/webots_ros2_msgs_s__rosidl_typesupport_c.so
[4.087s] -- Up-to-date symlink: /MRTP/MRTP/src/install/webots_ros2_msgs/lib/python3.12/site-packages/webots_ros2_msgs/webots_ros2_msgs_s__rosidl_typesupport_fastrtps_c.so
[4.089s] -- Up-to-date symlink: /MRTP/MRTP/src/install/webots_ros2_msgs/lib/python3.12/site-packages/webots_ros2_msgs/webots_ros2_msgs_s__rosidl_typesupport_introspection_c.so
[4.095s] -- Up-to-date symlink: /MRTP/MRTP/src/install/webots_ros2_msgs/lib/python3.12/site-packages/webots_ros2_msgs/webots_ros2_msgs_s__rosidl_typesupport_fastrtps_c.so
[4.096s] -- Up-to-date symlink: /MRTP/MRTP/src/install/webots_ros2_msgs/lib/python3.12/site-packages/webots_ros2_msgs/webots_ros2_msgs_s__rosidl_typesupport_introspection_c.so
[4.100s] -- Up-to-date symlink: /MRTP/MRTP/src/install/webots_ros2_msgs/lib/python3.12/site-packages/webots_ros2_msgs/webots_ros2_msgs_s__rosidl_typesupport_c.so
[4.104s] -- Up-to-date symlink: /MRTP/MRTP/src/install/webots_ros2_msgs/share/webots_ros2_msgs/msg/BoolStamped.idl
[4.109s] -- Up-to-date symlink: /MRTP/MRTP/src/install/webots_ros2_msgs/share/webots_ros2_msgs/msg/FloatStamped.idl
[4.113s] -- Up-to-date symlink: /MRTP/MRTP/src/install/webots_ros2_msgs/share/webots_ros2_msgs/msg/StringStamped.idl
[4.114s] -- Up-to-date symlink: /MRTP/MRTP/src/install/webots_ros2_msgs/share/webots_ros2_msgs/msg/CameraRecognitionObject.idl
[4.114s] -- Up-to-date symlink: /MRTP/MRTP/src/install/webots_ros2_msgs/share/webots_ros2_msgs/msg/CameraRecognitionObjects.idl
[4.116s] -- Up-to-date symlink: /MRTP/MRTP/src/install/webots_ros2_msgs/share/webots_ros2_msgs/msg/UrdfRobot.idl
[4.117s] -- Up-to-date symlink: /MRTP/MRTP/src/install/webots_ros2_msgs/share/webots_ros2_msgs/msg/PenInkProperties.idl
[4.117s] -- Up-to-date symlink: /MRTP/MRTP/src/install/webots_ros2_msgs/share/webots_ros2_msgs/srv/EmitterSendString.idl
[4.118s] -- Up-to-date symlink: /MRTP/MRTP/src/install/webots_ros2_msgs/share/webots_ros2_msgs/srv/GetBool.idl
[4.119s] -- Up-to-date symlink: /MRTP/MRTP/src/install/webots_ros2_msgs/share/webots_ros2_msgs/srv/SetString.idl
[4.120s] -- Up-to-date symlink: /MRTP/MRTP/src/install/webots_ros2_msgs/share/webots_ros2_msgs/srv/SpawnNodeFromString.idl
[4.121s] -- Up-to-date symlink: /MRTP/MRTP/src/install/webots_ros2_msgs/share/webots_ros2_msgs/srv/SpawnUrdfRobot.idl
[4.124s] -- Up-to-date symlink: /MRTP/MRTP/src/install/webots_ros2_msgs/share/webots_ros2_msgs/msg/BoolStamped.msg
[4.130s] -- Up-to-date symlink: /MRTP/MRTP/src/install/webots_ros2_msgs/share/webots_ros2_msgs/msg/FloatStamped.msg
[4.135s] -- Up-to-date symlink: /MRTP/MRTP/src/install/webots_ros2_msgs/share/webots_ros2_msgs/msg/StringStamped.msg
[4.136s] -- Up-to-date symlink: /MRTP/MRTP/src/install/webots_ros2_msgs/share/webots_ros2_msgs/msg/CameraRecognitionObject.msg
[4.137s] -- Up-to-date symlink: /MRTP/MRTP/src/install/webots_ros2_msgs/share/webots_ros2_msgs/msg/CameraRecognitionObjects.msg
[4.137s] -- Up-to-date symlink: /MRTP/MRTP/src/install/webots_ros2_msgs/share/webots_ros2_msgs/msg/UrdfRobot.msg
[4.138s] -- Up-to-date symlink: /MRTP/MRTP/src/install/webots_ros2_msgs/share/webots_ros2_msgs/msg/PenInkProperties.msg
[4.139s] -- Up-to-date symlink: /MRTP/MRTP/src/install/webots_ros2_msgs/share/webots_ros2_msgs/srv/EmitterSendString.srv
[4.140s] -- Up-to-date symlink: /MRTP/MRTP/src/install/webots_ros2_msgs/share/webots_ros2_msgs/srv/GetBool.srv
[4.141s] -- Up-to-date symlink: /MRTP/MRTP/src/install/webots_ros2_msgs/share/webots_ros2_msgs/srv/SetString.srv
[4.142s] -- Up-to-date symlink: /MRTP/MRTP/src/install/webots_ros2_msgs/share/webots_ros2_msgs/srv/SpawnNodeFromString.srv
[4.148s] -- Up-to-date symlink: /MRTP/MRTP/src/install/webots_ros2_msgs/share/webots_ros2_msgs/srv/SpawnUrdfRobot.srv
[4.148s] -- Up-to-date symlink: /MRTP/MRTP/src/install/webots_ros2_msgs/share/ament_index/resource_index/package_run_dependencies/webots_ros2_msgs
[4.150s] -- Up-to-date symlink: /MRTP/MRTP/src/install/webots_ros2_msgs/share/ament_index/resource_index/parent_prefix_path/webots_ros2_msgs
[4.154s] -- Up-to-date symlink: /MRTP/MRTP/src/install/webots_ros2_msgs/share/webots_ros2_msgs/environment/ament_prefix_path.sh
[4.158s] -- Up-to-date symlink: /MRTP/MRTP/src/install/webots_ros2_msgs/share/webots_ros2_msgs/environment/ament_prefix_path.dsv
[4.159s] -- Up-to-date symlink: /MRTP/MRTP/src/install/webots_ros2_msgs/share/webots_ros2_msgs/environment/path.sh
[4.161s] -- Up-to-date symlink: /MRTP/MRTP/src/install/webots_ros2_msgs/share/webots_ros2_msgs/environment/path.dsv
[4.161s] -- Up-to-date symlink: /MRTP/MRTP/src/install/webots_ros2_msgs/share/webots_ros2_msgs/local_setup.bash
[4.162s] -- Up-to-date symlink: /MRTP/MRTP/src/install/webots_ros2_msgs/share/webots_ros2_msgs/local_setup.sh
[4.163s] -- Up-to-date symlink: /MRTP/MRTP/src/install/webots_ros2_msgs/share/webots_ros2_msgs/local_setup.zsh
[4.164s] -- Up-to-date symlink: /MRTP/MRTP/src/install/webots_ros2_msgs/share/webots_ros2_msgs/local_setup.dsv
[4.164s] -- Symlinking: /MRTP/MRTP/src/install/webots_ros2_msgs/share/webots_ros2_msgs/package.dsv
[4.211s] -- Up-to-date symlink: /MRTP/MRTP/src/install/webots_ros2_msgs/share/ament_index/resource_index/packages/webots_ros2_msgs
[4.213s] -- Up-to-date symlink: /MRTP/MRTP/src/install/webots_ros2_msgs/share/webots_ros2_msgs/cmake/rosidl_cmake-extras.cmake
[4.214s] -- Up-to-date symlink: /MRTP/MRTP/src/install/webots_ros2_msgs/share/webots_ros2_msgs/cmake/ament_cmake_export_dependencies-extras.cmake
[4.216s] -- Up-to-date symlink: /MRTP/MRTP/src/install/webots_ros2_msgs/share/webots_ros2_msgs/cmake/ament_cmake_export_include_directories-extras.cmake
[4.217s] -- Up-to-date symlink: /MRTP/MRTP/src/install/webots_ros2_msgs/share/webots_ros2_msgs/cmake/ament_cmake_export_libraries-extras.cmake
[4.220s] -- Up-to-date symlink: /MRTP/MRTP/src/install/webots_ros2_msgs/share/webots_ros2_msgs/cmake/ament_cmake_export_targets-extras.cmake
[4.222s] -- Up-to-date symlink: /MRTP/MRTP/src/install/webots_ros2_msgs/share/webots_ros2_msgs/cmake/rosidl_cmake_export_typesupport_targets-extras.cmake
[4.223s] -- Up-to-date symlink: /MRTP/MRTP/src/install/webots_ros2_msgs/share/webots_ros2_msgs/cmake/rosidl_cmake_export_typesupport_libraries-extras.cmake
[4.225s] -- Up-to-date symlink: /MRTP/MRTP/src/install/webots_ros2_msgs/share/webots_ros2_msgs/cmake/webots_ros2_msgsConfig.cmake
[4.226s] -- Up-to-date symlink: /MRTP/MRTP/src/install/webots_ros2_msgs/share/webots_ros2_msgs/cmake/webots_ros2_msgsConfig-version.cmake
[4.229s] -- Up-to-date symlink: /MRTP/MRTP/src/install/webots_ros2_msgs/share/webots_ros2_msgs/package.xml
[4.231s] -- Up-to-date: /MRTP/MRTP/src/install/webots_ros2_msgs/lib/libwebots_ros2_msgs__rosidl_generator_c.so
[4.236s] -- Up-to-date: /MRTP/MRTP/src/install/webots_ros2_msgs/lib/libwebots_ros2_msgs__rosidl_typesupport_fastrtps_c.so
[4.239s] -- Up-to-date: /MRTP/MRTP/src/install/webots_ros2_msgs/lib/libwebots_ros2_msgs__rosidl_typesupport_fastrtps_cpp.so
[4.242s] -- Up-to-date: /MRTP/MRTP/src/install/webots_ros2_msgs/lib/libwebots_ros2_msgs__rosidl_typesupport_introspection_c.so
[4.247s] -- Up-to-date: /MRTP/MRTP/src/install/webots_ros2_msgs/lib/libwebots_ros2_msgs__rosidl_typesupport_c.so
[4.258s] -- Up-to-date: /MRTP/MRTP/src/install/webots_ros2_msgs/lib/libwebots_ros2_msgs__rosidl_typesupport_introspection_cpp.so
[4.272s] -- Up-to-date: /MRTP/MRTP/src/install/webots_ros2_msgs/lib/libwebots_ros2_msgs__rosidl_typesupport_cpp.so
[4.463s] Listing '/MRTP/MRTP/src/install/webots_ros2_msgs/lib/python3.12/site-packages/webots_ros2_msgs'...
[4.467s] Listing '/MRTP/MRTP/src/install/webots_ros2_msgs/lib/python3.12/site-packages/webots_ros2_msgs/msg'...
[4.467s] Listing '/MRTP/MRTP/src/install/webots_ros2_msgs/lib/python3.12/site-packages/webots_ros2_msgs/srv'...
[4.486s] -- Up-to-date: /MRTP/MRTP/src/install/webots_ros2_msgs/lib/libwebots_ros2_msgs__rosidl_generator_py.so
[4.488s] -- Up-to-date: /MRTP/MRTP/src/install/webots_ros2_msgs/share/webots_ros2_msgs/cmake/export_webots_ros2_msgs__rosidl_generator_cExport.cmake
[4.489s] -- Up-to-date: /MRTP/MRTP/src/install/webots_ros2_msgs/share/webots_ros2_msgs/cmake/export_webots_ros2_msgs__rosidl_generator_cExport-noconfig.cmake
[4.491s] -- Up-to-date: /MRTP/MRTP/src/install/webots_ros2_msgs/share/webots_ros2_msgs/cmake/export_webots_ros2_msgs__rosidl_typesupport_fastrtps_cExport.cmake
[4.491s] -- Up-to-date: /MRTP/MRTP/src/install/webots_ros2_msgs/share/webots_ros2_msgs/cmake/export_webots_ros2_msgs__rosidl_typesupport_fastrtps_cExport-noconfig.cmake
[4.493s] -- Up-to-date: /MRTP/MRTP/src/install/webots_ros2_msgs/share/webots_ros2_msgs/cmake/export_webots_ros2_msgs__rosidl_generator_cppExport.cmake
[4.494s] -- Up-to-date: /MRTP/MRTP/src/install/webots_ros2_msgs/share/webots_ros2_msgs/cmake/export_webots_ros2_msgs__rosidl_typesupport_fastrtps_cppExport.cmake
[4.496s] -- Up-to-date: /MRTP/MRTP/src/install/webots_ros2_msgs/share/webots_ros2_msgs/cmake/export_webots_ros2_msgs__rosidl_typesupport_fastrtps_cppExport-noconfig.cmake
[4.500s] -- Up-to-date: /MRTP/MRTP/src/install/webots_ros2_msgs/share/webots_ros2_msgs/cmake/webots_ros2_msgs__rosidl_typesupport_introspection_cExport.cmake
[4.504s] -- Up-to-date: /MRTP/MRTP/src/install/webots_ros2_msgs/share/webots_ros2_msgs/cmake/webots_ros2_msgs__rosidl_typesupport_introspection_cExport-noconfig.cmake
[4.507s] -- Up-to-date: /MRTP/MRTP/src/install/webots_ros2_msgs/share/webots_ros2_msgs/cmake/webots_ros2_msgs__rosidl_typesupport_cExport.cmake
[4.508s] -- Up-to-date: /MRTP/MRTP/src/install/webots_ros2_msgs/share/webots_ros2_msgs/cmake/webots_ros2_msgs__rosidl_typesupport_cExport-noconfig.cmake
[4.510s] -- Up-to-date: /MRTP/MRTP/src/install/webots_ros2_msgs/share/webots_ros2_msgs/cmake/webots_ros2_msgs__rosidl_typesupport_introspection_cppExport.cmake
[4.511s] -- Up-to-date: /MRTP/MRTP/src/install/webots_ros2_msgs/share/webots_ros2_msgs/cmake/webots_ros2_msgs__rosidl_typesupport_introspection_cppExport-noconfig.cmake
[4.515s] -- Up-to-date: /MRTP/MRTP/src/install/webots_ros2_msgs/share/webots_ros2_msgs/cmake/webots_ros2_msgs__rosidl_typesupport_cppExport.cmake
[4.518s] -- Up-to-date: /MRTP/MRTP/src/install/webots_ros2_msgs/share/webots_ros2_msgs/cmake/webots_ros2_msgs__rosidl_typesupport_cppExport-noconfig.cmake
[4.520s] -- Up-to-date: /MRTP/MRTP/src/install/webots_ros2_msgs/share/webots_ros2_msgs/cmake/export_webots_ros2_msgs__rosidl_generator_pyExport.cmake
[4.520s] -- Up-to-date: /MRTP/MRTP/src/install/webots_ros2_msgs/share/webots_ros2_msgs/cmake/export_webots_ros2_msgs__rosidl_generator_pyExport-noconfig.cmake
[4.526s] Invoked command in '/MRTP/MRTP/src/build/webots_ros2_msgs' returned '0': CMAKE_PREFIX_PATH=${CMAKE_PREFIX_PATH}:/MRTP/MRTP/src/install/webots_ros2:/MRTP/MRTP/src/install/webots_ros2_universal_robot:/MRTP/MRTP/src/install/webots_ros2_turtlebot:/MRTP/MRTP/src/install/webots_ros2_tiago:/MRTP/MRTP/src/install/webots_ros2_tests:/MRTP/MRTP/src/install/webots_ros2_tesla:/MRTP/MRTP/src/install/webots_ros2_mavic:/MRTP/MRTP/src/install/webots_ros2_husarion:/MRTP/MRTP/src/install/webots_ros2_epuck:/MRTP/MRTP/src/install/webots_ros2_crazyflie:/MRTP/MRTP/src/install/webots_ros2_importer:/MRTP/MRTP/src/install/gazeboenvs:/opt/ros/jazzy PS1=(.venv) \[\e]0;\u@\h: \w\a\]${debian_chroot:+($debian_chroot)}\u@\h:\w\$ VIRTUAL_ENV_PROMPT=(.venv) /usr/bin/cmake --install /MRTP/MRTP/src/build/webots_ros2_msgs
