[2.520s] Invoking command in '/MRTP/MRTP/src/webots_ros2/webots_ros2_mavic': PS1=(.venv) \[\e]0;\u@\h: \w\a\]${debian_chroot:+($debian_chroot)}\u@\h:\w\$ PYTHONPATH=/MRTP/MRTP/build/webots_ros2_mavic/prefix_override:/usr/lib/python3/dist-packages/colcon_core/task/python/colcon_distutils_commands:/MRTP/MRTP/install/webots_ros2_mavic/lib/python3.12/site-packages:${PYTHONPATH} VIRTUAL_ENV_PROMPT=(.venv) /usr/bin/python3 -W ignore:setup.py install is deprecated -W ignore:easy_install command is deprecated setup.py egg_info --egg-base ../../../build/webots_ros2_mavic build --build-base /MRTP/MRTP/build/webots_ros2_mavic/build install --record /MRTP/MRTP/build/webots_ros2_mavic/install.log --single-version-externally-managed install_data
[2.953s] running egg_info
[2.954s] creating ../../../build/webots_ros2_mavic/webots_ros2_mavic.egg-info
[2.978s] writing ../../../build/webots_ros2_mavic/webots_ros2_mavic.egg-info/PKG-INFO
[2.986s] writing dependency_links to ../../../build/webots_ros2_mavic/webots_ros2_mavic.egg-info/dependency_links.txt
[2.988s] writing entry points to ../../../build/webots_ros2_mavic/webots_ros2_mavic.egg-info/entry_points.txt
[2.989s] writing requirements to ../../../build/webots_ros2_mavic/webots_ros2_mavic.egg-info/requires.txt
[2.993s] writing top-level names to ../../../build/webots_ros2_mavic/webots_ros2_mavic.egg-info/top_level.txt
[2.996s] writing manifest file '../../../build/webots_ros2_mavic/webots_ros2_mavic.egg-info/SOURCES.txt'
[3.048s] reading manifest file '../../../build/webots_ros2_mavic/webots_ros2_mavic.egg-info/SOURCES.txt'
[3.051s] writing manifest file '../../../build/webots_ros2_mavic/webots_ros2_mavic.egg-info/SOURCES.txt'
[3.052s] running build
[3.053s] running build_py
[3.054s] creating /MRTP/MRTP/build/webots_ros2_mavic/build
[3.055s] creating /MRTP/MRTP/build/webots_ros2_mavic/build/lib
[3.061s] creating /MRTP/MRTP/build/webots_ros2_mavic/build/lib/webots_ros2_mavic
[3.065s] copying webots_ros2_mavic/__init__.py -> /MRTP/MRTP/build/webots_ros2_mavic/build/lib/webots_ros2_mavic
[3.067s] copying webots_ros2_mavic/mavic_driver.py -> /MRTP/MRTP/build/webots_ros2_mavic/build/lib/webots_ros2_mavic
[3.069s] running install
[3.125s] running install_lib
[3.173s] creating /MRTP/MRTP/install/webots_ros2_mavic/lib/python3.12/site-packages/webots_ros2_mavic
[3.174s] copying /MRTP/MRTP/build/webots_ros2_mavic/build/lib/webots_ros2_mavic/__init__.py -> /MRTP/MRTP/install/webots_ros2_mavic/lib/python3.12/site-packages/webots_ros2_mavic
[3.176s] copying /MRTP/MRTP/build/webots_ros2_mavic/build/lib/webots_ros2_mavic/mavic_driver.py -> /MRTP/MRTP/install/webots_ros2_mavic/lib/python3.12/site-packages/webots_ros2_mavic
[3.181s] byte-compiling /MRTP/MRTP/install/webots_ros2_mavic/lib/python3.12/site-packages/webots_ros2_mavic/__init__.py to __init__.cpython-312.pyc
[3.187s] byte-compiling /MRTP/MRTP/install/webots_ros2_mavic/lib/python3.12/site-packages/webots_ros2_mavic/mavic_driver.py to mavic_driver.cpython-312.pyc
[3.192s] running install_data
[3.195s] creating /MRTP/MRTP/install/webots_ros2_mavic/share/ament_index
[3.196s] creating /MRTP/MRTP/install/webots_ros2_mavic/share/ament_index/resource_index
[3.196s] creating /MRTP/MRTP/install/webots_ros2_mavic/share/ament_index/resource_index/packages
[3.197s] copying resource/webots_ros2_mavic -> /MRTP/MRTP/install/webots_ros2_mavic/share/ament_index/resource_index/packages
[3.198s] creating /MRTP/MRTP/install/webots_ros2_mavic/share/webots_ros2_mavic/launch
[3.199s] copying launch/robot_launch.py -> /MRTP/MRTP/install/webots_ros2_mavic/share/webots_ros2_mavic/launch
[3.200s] creating /MRTP/MRTP/install/webots_ros2_mavic/share/webots_ros2_mavic/worlds
[3.201s] copying worlds/mavic_world.wbt -> /MRTP/MRTP/install/webots_ros2_mavic/share/webots_ros2_mavic/worlds
[3.203s] copying worlds/.mavic_world.wbproj -> /MRTP/MRTP/install/webots_ros2_mavic/share/webots_ros2_mavic/worlds
[3.205s] creating /MRTP/MRTP/install/webots_ros2_mavic/share/webots_ros2_mavic/resource
[3.206s] copying resource/mavic_webots.urdf -> /MRTP/MRTP/install/webots_ros2_mavic/share/webots_ros2_mavic/resource
[3.208s] copying package.xml -> /MRTP/MRTP/install/webots_ros2_mavic/share/webots_ros2_mavic
[3.210s] running install_egg_info
[3.235s] Copying ../../../build/webots_ros2_mavic/webots_ros2_mavic.egg-info to /MRTP/MRTP/install/webots_ros2_mavic/lib/python3.12/site-packages/webots_ros2_mavic-2025.0.1-py3.12.egg-info
[3.250s] running install_scripts
[3.522s] writing list of installed files to '/MRTP/MRTP/build/webots_ros2_mavic/install.log'
[3.593s] Invoked command in '/MRTP/MRTP/src/webots_ros2/webots_ros2_mavic' returned '0': PS1=(.venv) \[\e]0;\u@\h: \w\a\]${debian_chroot:+($debian_chroot)}\u@\h:\w\$ PYTHONPATH=/MRTP/MRTP/build/webots_ros2_mavic/prefix_override:/usr/lib/python3/dist-packages/colcon_core/task/python/colcon_distutils_commands:/MRTP/MRTP/install/webots_ros2_mavic/lib/python3.12/site-packages:${PYTHONPATH} VIRTUAL_ENV_PROMPT=(.venv) /usr/bin/python3 -W ignore:setup.py install is deprecated -W ignore:easy_install command is deprecated setup.py egg_info --egg-base ../../../build/webots_ros2_mavic build --build-base /MRTP/MRTP/build/webots_ros2_mavic/build install --record /MRTP/MRTP/build/webots_ros2_mavic/install.log --single-version-externally-managed install_data
