[0.321s] DEBUG:colcon:Command line arguments: ['/usr/bin/colcon', 'build', '--packages-select', 'my_package']
[0.322s] DEBUG:colcon:Parsed command line arguments: Namespace(log_base=None, log_level=None, verb_name='build', build_base='build', install_base='install', merge_install=False, symlink_install=False, test_result_base=None, continue_on_error=False, executor='parallel', parallel_workers=12, event_handlers=None, ignore_user_meta=False, metas=['./colcon.meta'], base_paths=['.'], packages_ignore=None, packages_ignore_regex=None, paths=None, packages_up_to=None, packages_up_to_regex=None, packages_above=None, packages_above_and_dependencies=None, packages_above_depth=None, packages_select_by_dep=None, packages_skip_by_dep=None, packages_skip_up_to=None, packages_select_build_failed=False, packages_skip_build_finished=False, packages_select_test_failures=False, packages_skip_test_passed=False, packages_select=['my_package'], packages_skip=None, packages_select_regex=None, packages_skip_regex=None, packages_start=None, packages_end=None, cmake_args=None, cmake_target=None, cmake_target_skip_unavailable=False, cmake_clean_cache=False, cmake_clean_first=False, cmake_force_configure=False, ament_cmake_args=None, catkin_cmake_args=None, catkin_skip_building_tests=False, mixin_files=None, mixin=None, verb_parser=<colcon_mixin.mixin.mixin_argument.MixinArgumentDecorator object at 0xffffa7c3f080>, verb_extension=<colcon_core.verb.build.BuildVerb object at 0xffffa7c3ed50>, main=<bound method BuildVerb.main of <colcon_core.verb.build.BuildVerb object at 0xffffa7c3ed50>>, mixin_verb=('build',))
[0.399s] Level 1:colcon.colcon_core.package_discovery:discover_packages(colcon_meta) check parameters
[0.403s] INFO:colcon.colcon_metadata.package_discovery.colcon_meta:Using configuration from '/root/.colcon/metadata/default/Gazebo.meta'
[0.403s] INFO:colcon.colcon_metadata.package_discovery.colcon_meta:Using configuration from '/root/.colcon/metadata/default/fastdds.meta'
[0.403s] INFO:colcon.colcon_metadata.package_discovery.colcon_meta:Using configuration from '/root/.colcon/metadata/default/fastrtps.meta'
[0.404s] Level 1:colcon.colcon_core.package_discovery:discover_packages(recursive) check parameters
[0.404s] Level 1:colcon.colcon_core.package_discovery:discover_packages(ignore) check parameters
[0.404s] Level 1:colcon.colcon_core.package_discovery:discover_packages(path) check parameters
[0.404s] Level 1:colcon.colcon_core.package_discovery:discover_packages(colcon_meta) discover
[0.404s] Level 1:colcon.colcon_core.package_discovery:discover_packages(recursive) discover
[0.404s] INFO:colcon.colcon_core.package_discovery:Crawling recursively for packages in '/MRTP/MRTP'
[0.404s] Level 1:colcon.colcon_core.package_identification:_identify(.) by extensions ['ignore', 'ignore_ament_install']
[0.405s] Level 1:colcon.colcon_core.package_identification:_identify(.) by extension 'ignore'
[0.405s] Level 1:colcon.colcon_core.package_identification:_identify(.) by extension 'ignore_ament_install'
[0.406s] Level 1:colcon.colcon_core.package_identification:_identify(.) by extensions ['colcon_pkg']
[0.406s] Level 1:colcon.colcon_core.package_identification:_identify(.) by extension 'colcon_pkg'
[0.406s] Level 1:colcon.colcon_core.package_identification:_identify(.) by extensions ['colcon_meta']
[0.406s] Level 1:colcon.colcon_core.package_identification:_identify(.) by extension 'colcon_meta'
[0.406s] Level 1:colcon.colcon_core.package_identification:_identify(.) by extensions ['ros']
[0.406s] Level 1:colcon.colcon_core.package_identification:_identify(.) by extension 'ros'
[0.445s] Level 1:colcon.colcon_core.package_identification:_identify(.) by extensions ['cmake', 'python']
[0.445s] Level 1:colcon.colcon_core.package_identification:_identify(.) by extension 'cmake'
[0.445s] Level 1:colcon.colcon_core.package_identification:_identify(.) by extension 'python'
[0.446s] Level 1:colcon.colcon_core.package_identification:_identify(.) by extensions ['python_setup_py']
[0.446s] Level 1:colcon.colcon_core.package_identification:_identify(.) by extension 'python_setup_py'
[0.446s] Level 1:colcon.colcon_core.package_identification:_identify(build) by extensions ['ignore', 'ignore_ament_install']
[0.447s] Level 1:colcon.colcon_core.package_identification:_identify(build) by extension 'ignore'
[0.447s] Level 1:colcon.colcon_core.package_identification:_identify(build) ignored
[0.448s] Level 1:colcon.colcon_core.package_identification:_identify(install) by extensions ['ignore', 'ignore_ament_install']
[0.448s] Level 1:colcon.colcon_core.package_identification:_identify(install) by extension 'ignore'
[0.448s] Level 1:colcon.colcon_core.package_identification:_identify(install) ignored
[0.449s] Level 1:colcon.colcon_core.package_identification:_identify(log) by extensions ['ignore', 'ignore_ament_install']
[0.450s] Level 1:colcon.colcon_core.package_identification:_identify(log) by extension 'ignore'
[0.452s] Level 1:colcon.colcon_core.package_identification:_identify(log) ignored
[0.452s] Level 1:colcon.colcon_core.package_identification:_identify(src) by extensions ['ignore', 'ignore_ament_install']
[0.452s] Level 1:colcon.colcon_core.package_identification:_identify(src) by extension 'ignore'
[0.452s] Level 1:colcon.colcon_core.package_identification:_identify(src) by extension 'ignore_ament_install'
[0.453s] Level 1:colcon.colcon_core.package_identification:_identify(src) by extensions ['colcon_pkg']
[0.453s] Level 1:colcon.colcon_core.package_identification:_identify(src) by extension 'colcon_pkg'
[0.453s] Level 1:colcon.colcon_core.package_identification:_identify(src) by extensions ['colcon_meta']
[0.453s] Level 1:colcon.colcon_core.package_identification:_identify(src) by extension 'colcon_meta'
[0.453s] Level 1:colcon.colcon_core.package_identification:_identify(src) by extensions ['ros']
[0.453s] Level 1:colcon.colcon_core.package_identification:_identify(src) by extension 'ros'
[0.453s] Level 1:colcon.colcon_core.package_identification:_identify(src) by extensions ['cmake', 'python']
[0.453s] Level 1:colcon.colcon_core.package_identification:_identify(src) by extension 'cmake'
[0.453s] Level 1:colcon.colcon_core.package_identification:_identify(src) by extension 'python'
[0.453s] Level 1:colcon.colcon_core.package_identification:_identify(src) by extensions ['python_setup_py']
[0.453s] Level 1:colcon.colcon_core.package_identification:_identify(src) by extension 'python_setup_py'
[0.454s] Level 1:colcon.colcon_core.package_identification:_identify(src/build) by extensions ['ignore', 'ignore_ament_install']
[0.454s] Level 1:colcon.colcon_core.package_identification:_identify(src/build) by extension 'ignore'
[0.454s] Level 1:colcon.colcon_core.package_identification:_identify(src/build) ignored
[0.454s] Level 1:colcon.colcon_core.package_identification:_identify(src/gazeboenvs) by extensions ['ignore', 'ignore_ament_install']
[0.454s] Level 1:colcon.colcon_core.package_identification:_identify(src/gazeboenvs) by extension 'ignore'
[0.455s] Level 1:colcon.colcon_core.package_identification:_identify(src/gazeboenvs) by extension 'ignore_ament_install'
[0.455s] Level 1:colcon.colcon_core.package_identification:_identify(src/gazeboenvs) by extensions ['colcon_pkg']
[0.455s] Level 1:colcon.colcon_core.package_identification:_identify(src/gazeboenvs) by extension 'colcon_pkg'
[0.455s] Level 1:colcon.colcon_core.package_identification:_identify(src/gazeboenvs) by extensions ['colcon_meta']
[0.455s] Level 1:colcon.colcon_core.package_identification:_identify(src/gazeboenvs) by extension 'colcon_meta'
[0.455s] Level 1:colcon.colcon_core.package_identification:_identify(src/gazeboenvs) by extensions ['ros']
[0.455s] Level 1:colcon.colcon_core.package_identification:_identify(src/gazeboenvs) by extension 'ros'
[0.457s] DEBUG:colcon.colcon_core.package_identification:Package 'src/gazeboenvs' with type 'ros.ament_python' and name 'gazeboenvs'
[0.458s] Level 1:colcon.colcon_core.package_identification:_identify(src/install) by extensions ['ignore', 'ignore_ament_install']
[0.458s] Level 1:colcon.colcon_core.package_identification:_identify(src/install) by extension 'ignore'
[0.458s] Level 1:colcon.colcon_core.package_identification:_identify(src/install) ignored
[0.462s] Level 1:colcon.colcon_core.package_identification:_identify(src/log) by extensions ['ignore', 'ignore_ament_install']
[0.462s] Level 1:colcon.colcon_core.package_identification:_identify(src/log) by extension 'ignore'
[0.462s] Level 1:colcon.colcon_core.package_identification:_identify(src/log) ignored
[0.463s] Level 1:colcon.colcon_core.package_identification:_identify(src/my_package) by extensions ['ignore', 'ignore_ament_install']
[0.463s] Level 1:colcon.colcon_core.package_identification:_identify(src/my_package) by extension 'ignore'
[0.463s] Level 1:colcon.colcon_core.package_identification:_identify(src/my_package) by extension 'ignore_ament_install'
[0.463s] Level 1:colcon.colcon_core.package_identification:_identify(src/my_package) by extensions ['colcon_pkg']
[0.463s] Level 1:colcon.colcon_core.package_identification:_identify(src/my_package) by extension 'colcon_pkg'
[0.463s] Level 1:colcon.colcon_core.package_identification:_identify(src/my_package) by extensions ['colcon_meta']
[0.463s] Level 1:colcon.colcon_core.package_identification:_identify(src/my_package) by extension 'colcon_meta'
[0.463s] Level 1:colcon.colcon_core.package_identification:_identify(src/my_package) by extensions ['ros']
[0.463s] Level 1:colcon.colcon_core.package_identification:_identify(src/my_package) by extension 'ros'
[0.464s] DEBUG:colcon.colcon_core.package_identification:Package 'src/my_package' with type 'ros.ament_cmake' and name 'my_package'
[0.465s] Level 1:colcon.colcon_core.package_identification:_identify(src/webots_ros2) by extensions ['ignore', 'ignore_ament_install']
[0.465s] Level 1:colcon.colcon_core.package_identification:_identify(src/webots_ros2) by extension 'ignore'
[0.465s] Level 1:colcon.colcon_core.package_identification:_identify(src/webots_ros2) by extension 'ignore_ament_install'
[0.465s] Level 1:colcon.colcon_core.package_identification:_identify(src/webots_ros2) by extensions ['colcon_pkg']
[0.465s] Level 1:colcon.colcon_core.package_identification:_identify(src/webots_ros2) by extension 'colcon_pkg'
[0.465s] Level 1:colcon.colcon_core.package_identification:_identify(src/webots_ros2) by extensions ['colcon_meta']
[0.465s] Level 1:colcon.colcon_core.package_identification:_identify(src/webots_ros2) by extension 'colcon_meta'
[0.465s] Level 1:colcon.colcon_core.package_identification:_identify(src/webots_ros2) by extensions ['ros']
[0.465s] Level 1:colcon.colcon_core.package_identification:_identify(src/webots_ros2) by extension 'ros'
[0.465s] Level 1:colcon.colcon_core.package_identification:_identify(src/webots_ros2) by extensions ['cmake', 'python']
[0.465s] Level 1:colcon.colcon_core.package_identification:_identify(src/webots_ros2) by extension 'cmake'
[0.466s] Level 1:colcon.colcon_core.package_identification:_identify(src/webots_ros2) by extension 'python'
[0.466s] Level 1:colcon.colcon_core.package_identification:_identify(src/webots_ros2) by extensions ['python_setup_py']
[0.466s] Level 1:colcon.colcon_core.package_identification:_identify(src/webots_ros2) by extension 'python_setup_py'
[0.466s] Level 1:colcon.colcon_core.package_identification:_identify(src/webots_ros2/docker) by extensions ['ignore', 'ignore_ament_install']
[0.466s] Level 1:colcon.colcon_core.package_identification:_identify(src/webots_ros2/docker) by extension 'ignore'
[0.466s] Level 1:colcon.colcon_core.package_identification:_identify(src/webots_ros2/docker) by extension 'ignore_ament_install'
[0.467s] Level 1:colcon.colcon_core.package_identification:_identify(src/webots_ros2/docker) by extensions ['colcon_pkg']
[0.467s] Level 1:colcon.colcon_core.package_identification:_identify(src/webots_ros2/docker) by extension 'colcon_pkg'
[0.467s] Level 1:colcon.colcon_core.package_identification:_identify(src/webots_ros2/docker) by extensions ['colcon_meta']
[0.467s] Level 1:colcon.colcon_core.package_identification:_identify(src/webots_ros2/docker) by extension 'colcon_meta'
[0.467s] Level 1:colcon.colcon_core.package_identification:_identify(src/webots_ros2/docker) by extensions ['ros']
[0.467s] Level 1:colcon.colcon_core.package_identification:_identify(src/webots_ros2/docker) by extension 'ros'
[0.468s] Level 1:colcon.colcon_core.package_identification:_identify(src/webots_ros2/docker) by extensions ['cmake', 'python']
[0.468s] Level 1:colcon.colcon_core.package_identification:_identify(src/webots_ros2/docker) by extension 'cmake'
[0.468s] Level 1:colcon.colcon_core.package_identification:_identify(src/webots_ros2/docker) by extension 'python'
[0.468s] Level 1:colcon.colcon_core.package_identification:_identify(src/webots_ros2/docker) by extensions ['python_setup_py']
[0.468s] Level 1:colcon.colcon_core.package_identification:_identify(src/webots_ros2/docker) by extension 'python_setup_py'
[0.469s] Level 1:colcon.colcon_core.package_identification:_identify(src/webots_ros2/images) by extensions ['ignore', 'ignore_ament_install']
[0.469s] Level 1:colcon.colcon_core.package_identification:_identify(src/webots_ros2/images) by extension 'ignore'
[0.469s] Level 1:colcon.colcon_core.package_identification:_identify(src/webots_ros2/images) by extension 'ignore_ament_install'
[0.469s] Level 1:colcon.colcon_core.package_identification:_identify(src/webots_ros2/images) by extensions ['colcon_pkg']
[0.469s] Level 1:colcon.colcon_core.package_identification:_identify(src/webots_ros2/images) by extension 'colcon_pkg'
[0.469s] Level 1:colcon.colcon_core.package_identification:_identify(src/webots_ros2/images) by extensions ['colcon_meta']
[0.469s] Level 1:colcon.colcon_core.package_identification:_identify(src/webots_ros2/images) by extension 'colcon_meta'
[0.469s] Level 1:colcon.colcon_core.package_identification:_identify(src/webots_ros2/images) by extensions ['ros']
[0.469s] Level 1:colcon.colcon_core.package_identification:_identify(src/webots_ros2/images) by extension 'ros'
[0.469s] Level 1:colcon.colcon_core.package_identification:_identify(src/webots_ros2/images) by extensions ['cmake', 'python']
[0.469s] Level 1:colcon.colcon_core.package_identification:_identify(src/webots_ros2/images) by extension 'cmake'
[0.469s] Level 1:colcon.colcon_core.package_identification:_identify(src/webots_ros2/images) by extension 'python'
[0.470s] Level 1:colcon.colcon_core.package_identification:_identify(src/webots_ros2/images) by extensions ['python_setup_py']
[0.473s] Level 1:colcon.colcon_core.package_identification:_identify(src/webots_ros2/images) by extension 'python_setup_py'
[0.473s] Level 1:colcon.colcon_core.package_identification:_identify(src/webots_ros2/scripts) by extensions ['ignore', 'ignore_ament_install']
[0.473s] Level 1:colcon.colcon_core.package_identification:_identify(src/webots_ros2/scripts) by extension 'ignore'
[0.473s] Level 1:colcon.colcon_core.package_identification:_identify(src/webots_ros2/scripts) by extension 'ignore_ament_install'
[0.474s] Level 1:colcon.colcon_core.package_identification:_identify(src/webots_ros2/scripts) by extensions ['colcon_pkg']
[0.474s] Level 1:colcon.colcon_core.package_identification:_identify(src/webots_ros2/scripts) by extension 'colcon_pkg'
[0.474s] Level 1:colcon.colcon_core.package_identification:_identify(src/webots_ros2/scripts) by extensions ['colcon_meta']
[0.474s] Level 1:colcon.colcon_core.package_identification:_identify(src/webots_ros2/scripts) by extension 'colcon_meta'
[0.474s] Level 1:colcon.colcon_core.package_identification:_identify(src/webots_ros2/scripts) by extensions ['ros']
[0.474s] Level 1:colcon.colcon_core.package_identification:_identify(src/webots_ros2/scripts) by extension 'ros'
[0.475s] Level 1:colcon.colcon_core.package_identification:_identify(src/webots_ros2/scripts) by extensions ['cmake', 'python']
[0.475s] Level 1:colcon.colcon_core.package_identification:_identify(src/webots_ros2/scripts) by extension 'cmake'
[0.479s] Level 1:colcon.colcon_core.package_identification:_identify(src/webots_ros2/scripts) by extension 'python'
[0.479s] Level 1:colcon.colcon_core.package_identification:_identify(src/webots_ros2/scripts) by extensions ['python_setup_py']
[0.479s] Level 1:colcon.colcon_core.package_identification:_identify(src/webots_ros2/scripts) by extension 'python_setup_py'
[0.486s] Level 1:colcon.colcon_core.package_identification:_identify(src/webots_ros2/tests) by extensions ['ignore', 'ignore_ament_install']
[0.486s] Level 1:colcon.colcon_core.package_identification:_identify(src/webots_ros2/tests) by extension 'ignore'
[0.487s] Level 1:colcon.colcon_core.package_identification:_identify(src/webots_ros2/tests) by extension 'ignore_ament_install'
[0.487s] Level 1:colcon.colcon_core.package_identification:_identify(src/webots_ros2/tests) by extensions ['colcon_pkg']
[0.487s] Level 1:colcon.colcon_core.package_identification:_identify(src/webots_ros2/tests) by extension 'colcon_pkg'
[0.487s] Level 1:colcon.colcon_core.package_identification:_identify(src/webots_ros2/tests) by extensions ['colcon_meta']
[0.487s] Level 1:colcon.colcon_core.package_identification:_identify(src/webots_ros2/tests) by extension 'colcon_meta'
[0.487s] Level 1:colcon.colcon_core.package_identification:_identify(src/webots_ros2/tests) by extensions ['ros']
[0.487s] Level 1:colcon.colcon_core.package_identification:_identify(src/webots_ros2/tests) by extension 'ros'
[0.488s] Level 1:colcon.colcon_core.package_identification:_identify(src/webots_ros2/tests) by extensions ['cmake', 'python']
[0.488s] Level 1:colcon.colcon_core.package_identification:_identify(src/webots_ros2/tests) by extension 'cmake'
[0.488s] Level 1:colcon.colcon_core.package_identification:_identify(src/webots_ros2/tests) by extension 'python'
[0.488s] Level 1:colcon.colcon_core.package_identification:_identify(src/webots_ros2/tests) by extensions ['python_setup_py']
[0.488s] Level 1:colcon.colcon_core.package_identification:_identify(src/webots_ros2/tests) by extension 'python_setup_py'
[0.489s] Level 1:colcon.colcon_core.package_identification:_identify(src/webots_ros2/tests/sources) by extensions ['ignore', 'ignore_ament_install']
[0.489s] Level 1:colcon.colcon_core.package_identification:_identify(src/webots_ros2/tests/sources) by extension 'ignore'
[0.489s] Level 1:colcon.colcon_core.package_identification:_identify(src/webots_ros2/tests/sources) by extension 'ignore_ament_install'
[0.489s] Level 1:colcon.colcon_core.package_identification:_identify(src/webots_ros2/tests/sources) by extensions ['colcon_pkg']
[0.489s] Level 1:colcon.colcon_core.package_identification:_identify(src/webots_ros2/tests/sources) by extension 'colcon_pkg'
[0.489s] Level 1:colcon.colcon_core.package_identification:_identify(src/webots_ros2/tests/sources) by extensions ['colcon_meta']
[0.489s] Level 1:colcon.colcon_core.package_identification:_identify(src/webots_ros2/tests/sources) by extension 'colcon_meta'
[0.489s] Level 1:colcon.colcon_core.package_identification:_identify(src/webots_ros2/tests/sources) by extensions ['ros']
[0.490s] Level 1:colcon.colcon_core.package_identification:_identify(src/webots_ros2/tests/sources) by extension 'ros'
[0.490s] Level 1:colcon.colcon_core.package_identification:_identify(src/webots_ros2/tests/sources) by extensions ['cmake', 'python']
[0.490s] Level 1:colcon.colcon_core.package_identification:_identify(src/webots_ros2/tests/sources) by extension 'cmake'
[0.490s] Level 1:colcon.colcon_core.package_identification:_identify(src/webots_ros2/tests/sources) by extension 'python'
[0.490s] Level 1:colcon.colcon_core.package_identification:_identify(src/webots_ros2/tests/sources) by extensions ['python_setup_py']
[0.490s] Level 1:colcon.colcon_core.package_identification:_identify(src/webots_ros2/tests/sources) by extension 'python_setup_py'
[0.491s] Level 1:colcon.colcon_core.package_identification:_identify(src/webots_ros2/webots_ros2) by extensions ['ignore', 'ignore_ament_install']
[0.491s] Level 1:colcon.colcon_core.package_identification:_identify(src/webots_ros2/webots_ros2) by extension 'ignore'
[0.491s] Level 1:colcon.colcon_core.package_identification:_identify(src/webots_ros2/webots_ros2) by extension 'ignore_ament_install'
[0.494s] Level 1:colcon.colcon_core.package_identification:_identify(src/webots_ros2/webots_ros2) by extensions ['colcon_pkg']
[0.494s] Level 1:colcon.colcon_core.package_identification:_identify(src/webots_ros2/webots_ros2) by extension 'colcon_pkg'
[0.494s] Level 1:colcon.colcon_core.package_identification:_identify(src/webots_ros2/webots_ros2) by extensions ['colcon_meta']
[0.494s] Level 1:colcon.colcon_core.package_identification:_identify(src/webots_ros2/webots_ros2) by extension 'colcon_meta'
[0.495s] Level 1:colcon.colcon_core.package_identification:_identify(src/webots_ros2/webots_ros2) by extensions ['ros']
[0.495s] Level 1:colcon.colcon_core.package_identification:_identify(src/webots_ros2/webots_ros2) by extension 'ros'
[0.496s] DEBUG:colcon.colcon_core.package_identification:Package 'src/webots_ros2/webots_ros2' with type 'ros.ament_python' and name 'webots_ros2'
[0.496s] Level 1:colcon.colcon_core.package_identification:_identify(src/webots_ros2/webots_ros2_control) by extensions ['ignore', 'ignore_ament_install']
[0.496s] Level 1:colcon.colcon_core.package_identification:_identify(src/webots_ros2/webots_ros2_control) by extension 'ignore'
[0.496s] Level 1:colcon.colcon_core.package_identification:_identify(src/webots_ros2/webots_ros2_control) by extension 'ignore_ament_install'
[0.496s] Level 1:colcon.colcon_core.package_identification:_identify(src/webots_ros2/webots_ros2_control) by extensions ['colcon_pkg']
[0.496s] Level 1:colcon.colcon_core.package_identification:_identify(src/webots_ros2/webots_ros2_control) by extension 'colcon_pkg'
[0.496s] Level 1:colcon.colcon_core.package_identification:_identify(src/webots_ros2/webots_ros2_control) by extensions ['colcon_meta']
[0.497s] Level 1:colcon.colcon_core.package_identification:_identify(src/webots_ros2/webots_ros2_control) by extension 'colcon_meta'
[0.497s] Level 1:colcon.colcon_core.package_identification:_identify(src/webots_ros2/webots_ros2_control) by extensions ['ros']
[0.497s] Level 1:colcon.colcon_core.package_identification:_identify(src/webots_ros2/webots_ros2_control) by extension 'ros'
[0.497s] DEBUG:colcon.colcon_core.package_identification:Package 'src/webots_ros2/webots_ros2_control' with type 'ros.ament_cmake' and name 'webots_ros2_control'
[0.498s] Level 1:colcon.colcon_core.package_identification:_identify(src/webots_ros2/webots_ros2_crazyflie) by extensions ['ignore', 'ignore_ament_install']
[0.498s] Level 1:colcon.colcon_core.package_identification:_identify(src/webots_ros2/webots_ros2_crazyflie) by extension 'ignore'
[0.498s] Level 1:colcon.colcon_core.package_identification:_identify(src/webots_ros2/webots_ros2_crazyflie) by extension 'ignore_ament_install'
[0.498s] Level 1:colcon.colcon_core.package_identification:_identify(src/webots_ros2/webots_ros2_crazyflie) by extensions ['colcon_pkg']
[0.498s] Level 1:colcon.colcon_core.package_identification:_identify(src/webots_ros2/webots_ros2_crazyflie) by extension 'colcon_pkg'
[0.499s] Level 1:colcon.colcon_core.package_identification:_identify(src/webots_ros2/webots_ros2_crazyflie) by extensions ['colcon_meta']
[0.499s] Level 1:colcon.colcon_core.package_identification:_identify(src/webots_ros2/webots_ros2_crazyflie) by extension 'colcon_meta'
[0.499s] Level 1:colcon.colcon_core.package_identification:_identify(src/webots_ros2/webots_ros2_crazyflie) by extensions ['ros']
[0.499s] Level 1:colcon.colcon_core.package_identification:_identify(src/webots_ros2/webots_ros2_crazyflie) by extension 'ros'
[0.499s] DEBUG:colcon.colcon_core.package_identification:Package 'src/webots_ros2/webots_ros2_crazyflie' with type 'ros.ament_python' and name 'webots_ros2_crazyflie'
[0.500s] Level 1:colcon.colcon_core.package_identification:_identify(src/webots_ros2/webots_ros2_driver) by extensions ['ignore', 'ignore_ament_install']
[0.500s] Level 1:colcon.colcon_core.package_identification:_identify(src/webots_ros2/webots_ros2_driver) by extension 'ignore'
[0.500s] Level 1:colcon.colcon_core.package_identification:_identify(src/webots_ros2/webots_ros2_driver) by extension 'ignore_ament_install'
[0.500s] Level 1:colcon.colcon_core.package_identification:_identify(src/webots_ros2/webots_ros2_driver) by extensions ['colcon_pkg']
[0.500s] Level 1:colcon.colcon_core.package_identification:_identify(src/webots_ros2/webots_ros2_driver) by extension 'colcon_pkg'
[0.500s] Level 1:colcon.colcon_core.package_identification:_identify(src/webots_ros2/webots_ros2_driver) by extensions ['colcon_meta']
[0.500s] Level 1:colcon.colcon_core.package_identification:_identify(src/webots_ros2/webots_ros2_driver) by extension 'colcon_meta'
[0.500s] Level 1:colcon.colcon_core.package_identification:_identify(src/webots_ros2/webots_ros2_driver) by extensions ['ros']
[0.500s] Level 1:colcon.colcon_core.package_identification:_identify(src/webots_ros2/webots_ros2_driver) by extension 'ros'
[0.504s] DEBUG:colcon.colcon_core.package_identification:Package 'src/webots_ros2/webots_ros2_driver' with type 'ros.ament_cmake' and name 'webots_ros2_driver'
[0.510s] Level 1:colcon.colcon_core.package_identification:_identify(src/webots_ros2/webots_ros2_epuck) by extensions ['ignore', 'ignore_ament_install']
[0.510s] Level 1:colcon.colcon_core.package_identification:_identify(src/webots_ros2/webots_ros2_epuck) by extension 'ignore'
[0.510s] Level 1:colcon.colcon_core.package_identification:_identify(src/webots_ros2/webots_ros2_epuck) by extension 'ignore_ament_install'
[0.510s] Level 1:colcon.colcon_core.package_identification:_identify(src/webots_ros2/webots_ros2_epuck) by extensions ['colcon_pkg']
[0.511s] Level 1:colcon.colcon_core.package_identification:_identify(src/webots_ros2/webots_ros2_epuck) by extension 'colcon_pkg'
[0.511s] Level 1:colcon.colcon_core.package_identification:_identify(src/webots_ros2/webots_ros2_epuck) by extensions ['colcon_meta']
[0.511s] Level 1:colcon.colcon_core.package_identification:_identify(src/webots_ros2/webots_ros2_epuck) by extension 'colcon_meta'
[0.511s] Level 1:colcon.colcon_core.package_identification:_identify(src/webots_ros2/webots_ros2_epuck) by extensions ['ros']
[0.511s] Level 1:colcon.colcon_core.package_identification:_identify(src/webots_ros2/webots_ros2_epuck) by extension 'ros'
[0.513s] DEBUG:colcon.colcon_core.package_identification:Package 'src/webots_ros2/webots_ros2_epuck' with type 'ros.ament_python' and name 'webots_ros2_epuck'
[0.514s] Level 1:colcon.colcon_core.package_identification:_identify(src/webots_ros2/webots_ros2_husarion) by extensions ['ignore', 'ignore_ament_install']
[0.516s] Level 1:colcon.colcon_core.package_identification:_identify(src/webots_ros2/webots_ros2_husarion) by extension 'ignore'
[0.516s] Level 1:colcon.colcon_core.package_identification:_identify(src/webots_ros2/webots_ros2_husarion) by extension 'ignore_ament_install'
[0.516s] Level 1:colcon.colcon_core.package_identification:_identify(src/webots_ros2/webots_ros2_husarion) by extensions ['colcon_pkg']
[0.516s] Level 1:colcon.colcon_core.package_identification:_identify(src/webots_ros2/webots_ros2_husarion) by extension 'colcon_pkg'
[0.516s] Level 1:colcon.colcon_core.package_identification:_identify(src/webots_ros2/webots_ros2_husarion) by extensions ['colcon_meta']
[0.516s] Level 1:colcon.colcon_core.package_identification:_identify(src/webots_ros2/webots_ros2_husarion) by extension 'colcon_meta'
[0.516s] Level 1:colcon.colcon_core.package_identification:_identify(src/webots_ros2/webots_ros2_husarion) by extensions ['ros']
[0.516s] Level 1:colcon.colcon_core.package_identification:_identify(src/webots_ros2/webots_ros2_husarion) by extension 'ros'
[0.517s] DEBUG:colcon.colcon_core.package_identification:Package 'src/webots_ros2/webots_ros2_husarion' with type 'ros.ament_python' and name 'webots_ros2_husarion'
[0.517s] Level 1:colcon.colcon_core.package_identification:_identify(src/webots_ros2/webots_ros2_importer) by extensions ['ignore', 'ignore_ament_install']
[0.518s] Level 1:colcon.colcon_core.package_identification:_identify(src/webots_ros2/webots_ros2_importer) by extension 'ignore'
[0.518s] Level 1:colcon.colcon_core.package_identification:_identify(src/webots_ros2/webots_ros2_importer) by extension 'ignore_ament_install'
[0.518s] Level 1:colcon.colcon_core.package_identification:_identify(src/webots_ros2/webots_ros2_importer) by extensions ['colcon_pkg']
[0.518s] Level 1:colcon.colcon_core.package_identification:_identify(src/webots_ros2/webots_ros2_importer) by extension 'colcon_pkg'
[0.518s] Level 1:colcon.colcon_core.package_identification:_identify(src/webots_ros2/webots_ros2_importer) by extensions ['colcon_meta']
[0.518s] Level 1:colcon.colcon_core.package_identification:_identify(src/webots_ros2/webots_ros2_importer) by extension 'colcon_meta'
[0.518s] Level 1:colcon.colcon_core.package_identification:_identify(src/webots_ros2/webots_ros2_importer) by extensions ['ros']
[0.518s] Level 1:colcon.colcon_core.package_identification:_identify(src/webots_ros2/webots_ros2_importer) by extension 'ros'
[0.519s] DEBUG:colcon.colcon_core.package_identification:Package 'src/webots_ros2/webots_ros2_importer' with type 'ros.ament_python' and name 'webots_ros2_importer'
[0.519s] Level 1:colcon.colcon_core.package_identification:_identify(src/webots_ros2/webots_ros2_mavic) by extensions ['ignore', 'ignore_ament_install']
[0.519s] Level 1:colcon.colcon_core.package_identification:_identify(src/webots_ros2/webots_ros2_mavic) by extension 'ignore'
[0.519s] Level 1:colcon.colcon_core.package_identification:_identify(src/webots_ros2/webots_ros2_mavic) by extension 'ignore_ament_install'
[0.519s] Level 1:colcon.colcon_core.package_identification:_identify(src/webots_ros2/webots_ros2_mavic) by extensions ['colcon_pkg']
[0.519s] Level 1:colcon.colcon_core.package_identification:_identify(src/webots_ros2/webots_ros2_mavic) by extension 'colcon_pkg'
[0.519s] Level 1:colcon.colcon_core.package_identification:_identify(src/webots_ros2/webots_ros2_mavic) by extensions ['colcon_meta']
[0.519s] Level 1:colcon.colcon_core.package_identification:_identify(src/webots_ros2/webots_ros2_mavic) by extension 'colcon_meta'
[0.520s] Level 1:colcon.colcon_core.package_identification:_identify(src/webots_ros2/webots_ros2_mavic) by extensions ['ros']
[0.520s] Level 1:colcon.colcon_core.package_identification:_identify(src/webots_ros2/webots_ros2_mavic) by extension 'ros'
[0.520s] DEBUG:colcon.colcon_core.package_identification:Package 'src/webots_ros2/webots_ros2_mavic' with type 'ros.ament_python' and name 'webots_ros2_mavic'
[0.521s] Level 1:colcon.colcon_core.package_identification:_identify(src/webots_ros2/webots_ros2_msgs) by extensions ['ignore', 'ignore_ament_install']
[0.521s] Level 1:colcon.colcon_core.package_identification:_identify(src/webots_ros2/webots_ros2_msgs) by extension 'ignore'
[0.521s] Level 1:colcon.colcon_core.package_identification:_identify(src/webots_ros2/webots_ros2_msgs) by extension 'ignore_ament_install'
[0.521s] Level 1:colcon.colcon_core.package_identification:_identify(src/webots_ros2/webots_ros2_msgs) by extensions ['colcon_pkg']
[0.521s] Level 1:colcon.colcon_core.package_identification:_identify(src/webots_ros2/webots_ros2_msgs) by extension 'colcon_pkg'
[0.521s] Level 1:colcon.colcon_core.package_identification:_identify(src/webots_ros2/webots_ros2_msgs) by extensions ['colcon_meta']
[0.522s] Level 1:colcon.colcon_core.package_identification:_identify(src/webots_ros2/webots_ros2_msgs) by extension 'colcon_meta'
[0.522s] Level 1:colcon.colcon_core.package_identification:_identify(src/webots_ros2/webots_ros2_msgs) by extensions ['ros']
[0.522s] Level 1:colcon.colcon_core.package_identification:_identify(src/webots_ros2/webots_ros2_msgs) by extension 'ros'
[0.525s] DEBUG:colcon.colcon_core.package_identification:Package 'src/webots_ros2/webots_ros2_msgs' with type 'ros.ament_cmake' and name 'webots_ros2_msgs'
[0.526s] Level 1:colcon.colcon_core.package_identification:_identify(src/webots_ros2/webots_ros2_tesla) by extensions ['ignore', 'ignore_ament_install']
[0.526s] Level 1:colcon.colcon_core.package_identification:_identify(src/webots_ros2/webots_ros2_tesla) by extension 'ignore'
[0.526s] Level 1:colcon.colcon_core.package_identification:_identify(src/webots_ros2/webots_ros2_tesla) by extension 'ignore_ament_install'
[0.526s] Level 1:colcon.colcon_core.package_identification:_identify(src/webots_ros2/webots_ros2_tesla) by extensions ['colcon_pkg']
[0.526s] Level 1:colcon.colcon_core.package_identification:_identify(src/webots_ros2/webots_ros2_tesla) by extension 'colcon_pkg'
[0.526s] Level 1:colcon.colcon_core.package_identification:_identify(src/webots_ros2/webots_ros2_tesla) by extensions ['colcon_meta']
[0.526s] Level 1:colcon.colcon_core.package_identification:_identify(src/webots_ros2/webots_ros2_tesla) by extension 'colcon_meta'
[0.526s] Level 1:colcon.colcon_core.package_identification:_identify(src/webots_ros2/webots_ros2_tesla) by extensions ['ros']
[0.526s] Level 1:colcon.colcon_core.package_identification:_identify(src/webots_ros2/webots_ros2_tesla) by extension 'ros'
[0.527s] DEBUG:colcon.colcon_core.package_identification:Package 'src/webots_ros2/webots_ros2_tesla' with type 'ros.ament_python' and name 'webots_ros2_tesla'
[0.528s] Level 1:colcon.colcon_core.package_identification:_identify(src/webots_ros2/webots_ros2_tests) by extensions ['ignore', 'ignore_ament_install']
[0.528s] Level 1:colcon.colcon_core.package_identification:_identify(src/webots_ros2/webots_ros2_tests) by extension 'ignore'
[0.528s] Level 1:colcon.colcon_core.package_identification:_identify(src/webots_ros2/webots_ros2_tests) by extension 'ignore_ament_install'
[0.528s] Level 1:colcon.colcon_core.package_identification:_identify(src/webots_ros2/webots_ros2_tests) by extensions ['colcon_pkg']
[0.528s] Level 1:colcon.colcon_core.package_identification:_identify(src/webots_ros2/webots_ros2_tests) by extension 'colcon_pkg'
[0.528s] Level 1:colcon.colcon_core.package_identification:_identify(src/webots_ros2/webots_ros2_tests) by extensions ['colcon_meta']
[0.528s] Level 1:colcon.colcon_core.package_identification:_identify(src/webots_ros2/webots_ros2_tests) by extension 'colcon_meta'
[0.528s] Level 1:colcon.colcon_core.package_identification:_identify(src/webots_ros2/webots_ros2_tests) by extensions ['ros']
[0.528s] Level 1:colcon.colcon_core.package_identification:_identify(src/webots_ros2/webots_ros2_tests) by extension 'ros'
[0.529s] DEBUG:colcon.colcon_core.package_identification:Package 'src/webots_ros2/webots_ros2_tests' with type 'ros.ament_python' and name 'webots_ros2_tests'
[0.530s] Level 1:colcon.colcon_core.package_identification:_identify(src/webots_ros2/webots_ros2_tiago) by extensions ['ignore', 'ignore_ament_install']
[0.530s] Level 1:colcon.colcon_core.package_identification:_identify(src/webots_ros2/webots_ros2_tiago) by extension 'ignore'
[0.532s] Level 1:colcon.colcon_core.package_identification:_identify(src/webots_ros2/webots_ros2_tiago) by extension 'ignore_ament_install'
[0.533s] Level 1:colcon.colcon_core.package_identification:_identify(src/webots_ros2/webots_ros2_tiago) by extensions ['colcon_pkg']
[0.533s] Level 1:colcon.colcon_core.package_identification:_identify(src/webots_ros2/webots_ros2_tiago) by extension 'colcon_pkg'
[0.533s] Level 1:colcon.colcon_core.package_identification:_identify(src/webots_ros2/webots_ros2_tiago) by extensions ['colcon_meta']
[0.535s] Level 1:colcon.colcon_core.package_identification:_identify(src/webots_ros2/webots_ros2_tiago) by extension 'colcon_meta'
[0.535s] Level 1:colcon.colcon_core.package_identification:_identify(src/webots_ros2/webots_ros2_tiago) by extensions ['ros']
[0.535s] Level 1:colcon.colcon_core.package_identification:_identify(src/webots_ros2/webots_ros2_tiago) by extension 'ros'
[0.538s] DEBUG:colcon.colcon_core.package_identification:Package 'src/webots_ros2/webots_ros2_tiago' with type 'ros.ament_python' and name 'webots_ros2_tiago'
[0.543s] Level 1:colcon.colcon_core.package_identification:_identify(src/webots_ros2/webots_ros2_turtlebot) by extensions ['ignore', 'ignore_ament_install']
[0.543s] Level 1:colcon.colcon_core.package_identification:_identify(src/webots_ros2/webots_ros2_turtlebot) by extension 'ignore'
[0.544s] Level 1:colcon.colcon_core.package_identification:_identify(src/webots_ros2/webots_ros2_turtlebot) by extension 'ignore_ament_install'
[0.545s] Level 1:colcon.colcon_core.package_identification:_identify(src/webots_ros2/webots_ros2_turtlebot) by extensions ['colcon_pkg']
[0.545s] Level 1:colcon.colcon_core.package_identification:_identify(src/webots_ros2/webots_ros2_turtlebot) by extension 'colcon_pkg'
[0.547s] Level 1:colcon.colcon_core.package_identification:_identify(src/webots_ros2/webots_ros2_turtlebot) by extensions ['colcon_meta']
[0.547s] Level 1:colcon.colcon_core.package_identification:_identify(src/webots_ros2/webots_ros2_turtlebot) by extension 'colcon_meta'
[0.547s] Level 1:colcon.colcon_core.package_identification:_identify(src/webots_ros2/webots_ros2_turtlebot) by extensions ['ros']
[0.549s] Level 1:colcon.colcon_core.package_identification:_identify(src/webots_ros2/webots_ros2_turtlebot) by extension 'ros'
[0.551s] DEBUG:colcon.colcon_core.package_identification:Package 'src/webots_ros2/webots_ros2_turtlebot' with type 'ros.ament_python' and name 'webots_ros2_turtlebot'
[0.555s] Level 1:colcon.colcon_core.package_identification:_identify(src/webots_ros2/webots_ros2_universal_robot) by extensions ['ignore', 'ignore_ament_install']
[0.555s] Level 1:colcon.colcon_core.package_identification:_identify(src/webots_ros2/webots_ros2_universal_robot) by extension 'ignore'
[0.557s] Level 1:colcon.colcon_core.package_identification:_identify(src/webots_ros2/webots_ros2_universal_robot) by extension 'ignore_ament_install'
[0.560s] Level 1:colcon.colcon_core.package_identification:_identify(src/webots_ros2/webots_ros2_universal_robot) by extensions ['colcon_pkg']
[0.560s] Level 1:colcon.colcon_core.package_identification:_identify(src/webots_ros2/webots_ros2_universal_robot) by extension 'colcon_pkg'
[0.561s] Level 1:colcon.colcon_core.package_identification:_identify(src/webots_ros2/webots_ros2_universal_robot) by extensions ['colcon_meta']
[0.561s] Level 1:colcon.colcon_core.package_identification:_identify(src/webots_ros2/webots_ros2_universal_robot) by extension 'colcon_meta'
[0.561s] Level 1:colcon.colcon_core.package_identification:_identify(src/webots_ros2/webots_ros2_universal_robot) by extensions ['ros']
[0.561s] Level 1:colcon.colcon_core.package_identification:_identify(src/webots_ros2/webots_ros2_universal_robot) by extension 'ros'
[0.562s] DEBUG:colcon.colcon_core.package_identification:Package 'src/webots_ros2/webots_ros2_universal_robot' with type 'ros.ament_python' and name 'webots_ros2_universal_robot'
[0.563s] Level 1:colcon.colcon_core.package_discovery:discover_packages(recursive) using defaults
[0.563s] Level 1:colcon.colcon_core.package_discovery:discover_packages(ignore) discover
[0.563s] Level 1:colcon.colcon_core.package_discovery:discover_packages(ignore) using defaults
[0.563s] Level 1:colcon.colcon_core.package_discovery:discover_packages(path) discover
[0.564s] Level 1:colcon.colcon_core.package_discovery:discover_packages(path) using defaults
[0.659s] INFO:colcon.colcon_core.package_selection:Skipping not selected package 'gazeboenvs' in 'src/gazeboenvs'
[0.659s] INFO:colcon.colcon_core.package_selection:Skipping not selected package 'webots_ros2_importer' in 'src/webots_ros2/webots_ros2_importer'
[0.660s] INFO:colcon.colcon_core.package_selection:Skipping not selected package 'webots_ros2_msgs' in 'src/webots_ros2/webots_ros2_msgs'
[0.660s] INFO:colcon.colcon_core.package_selection:Skipping not selected package 'webots_ros2_driver' in 'src/webots_ros2/webots_ros2_driver'
[0.660s] INFO:colcon.colcon_core.package_selection:Skipping not selected package 'webots_ros2_control' in 'src/webots_ros2/webots_ros2_control'
[0.660s] INFO:colcon.colcon_core.package_selection:Skipping not selected package 'webots_ros2_crazyflie' in 'src/webots_ros2/webots_ros2_crazyflie'
[0.660s] INFO:colcon.colcon_core.package_selection:Skipping not selected package 'webots_ros2_mavic' in 'src/webots_ros2/webots_ros2_mavic'
[0.660s] INFO:colcon.colcon_core.package_selection:Skipping not selected package 'webots_ros2_tesla' in 'src/webots_ros2/webots_ros2_tesla'
[0.660s] INFO:colcon.colcon_core.package_selection:Skipping not selected package 'webots_ros2_epuck' in 'src/webots_ros2/webots_ros2_epuck'
[0.660s] INFO:colcon.colcon_core.package_selection:Skipping not selected package 'webots_ros2_husarion' in 'src/webots_ros2/webots_ros2_husarion'
[0.661s] INFO:colcon.colcon_core.package_selection:Skipping not selected package 'webots_ros2_tiago' in 'src/webots_ros2/webots_ros2_tiago'
[0.661s] INFO:colcon.colcon_core.package_selection:Skipping not selected package 'webots_ros2_turtlebot' in 'src/webots_ros2/webots_ros2_turtlebot'
[0.662s] INFO:colcon.colcon_core.package_selection:Skipping not selected package 'webots_ros2_universal_robot' in 'src/webots_ros2/webots_ros2_universal_robot'
[0.663s] INFO:colcon.colcon_core.package_selection:Skipping not selected package 'webots_ros2_tests' in 'src/webots_ros2/webots_ros2_tests'
[0.664s] INFO:colcon.colcon_core.package_selection:Skipping not selected package 'webots_ros2' in 'src/webots_ros2/webots_ros2'
[0.664s] Level 5:colcon.colcon_core.verb:set package 'my_package' build argument 'cmake_args' from command line to 'None'
[0.664s] Level 5:colcon.colcon_core.verb:set package 'my_package' build argument 'cmake_target' from command line to 'None'
[0.664s] Level 5:colcon.colcon_core.verb:set package 'my_package' build argument 'cmake_target_skip_unavailable' from command line to 'False'
[0.665s] Level 5:colcon.colcon_core.verb:set package 'my_package' build argument 'cmake_clean_cache' from command line to 'False'
[0.665s] Level 5:colcon.colcon_core.verb:set package 'my_package' build argument 'cmake_clean_first' from command line to 'False'
[0.669s] Level 5:colcon.colcon_core.verb:set package 'my_package' build argument 'cmake_force_configure' from command line to 'False'
[0.669s] Level 5:colcon.colcon_core.verb:set package 'my_package' build argument 'ament_cmake_args' from command line to 'None'
[0.669s] Level 5:colcon.colcon_core.verb:set package 'my_package' build argument 'catkin_cmake_args' from command line to 'None'
[0.670s] Level 5:colcon.colcon_core.verb:set package 'my_package' build argument 'catkin_skip_building_tests' from command line to 'False'
[0.670s] DEBUG:colcon.colcon_core.verb:Building package 'my_package' with the following arguments: {'ament_cmake_args': None, 'build_base': '/MRTP/MRTP/build/my_package', 'catkin_cmake_args': None, 'catkin_skip_building_tests': False, 'cmake_args': None, 'cmake_clean_cache': False, 'cmake_clean_first': False, 'cmake_force_configure': False, 'cmake_target': None, 'cmake_target_skip_unavailable': False, 'install_base': '/MRTP/MRTP/install/my_package', 'merge_install': False, 'path': '/MRTP/MRTP/src/my_package', 'symlink_install': False, 'test_result_base': None}
[0.670s] INFO:colcon.colcon_core.executor:Executing jobs using 'parallel' executor
[0.672s] DEBUG:colcon.colcon_parallel_executor.executor.parallel:run_until_complete
[0.672s] INFO:colcon.colcon_ros.task.ament_cmake.build:Building ROS package in '/MRTP/MRTP/src/my_package' with build type 'ament_cmake'
[0.672s] INFO:colcon.colcon_cmake.task.cmake.build:Building CMake package in '/MRTP/MRTP/src/my_package'
[0.680s] INFO:colcon.colcon_core.plugin_system:Skipping extension 'colcon_core.shell.bat': Not used on non-Windows systems
[0.685s] INFO:colcon.colcon_core.shell:Skip shell extension 'powershell' for command environment: Not usable outside of PowerShell
[0.685s] DEBUG:colcon.colcon_core.shell:Skip shell extension 'dsv' for command environment
[0.750s] WARNING:colcon.colcon_core.shell:The following packages are in the workspace but haven't been built:
- webots_ros2_importer
- webots_ros2_msgs
- webots_ros2_driver
They are being used from the following locations instead:
- /MRTP/MRTP/src/install/webots_ros2_importer
- /MRTP/MRTP/src/install/webots_ros2_msgs
- /MRTP/MRTP/src/install/webots_ros2_driver
To suppress this warning ignore these packages in the workspace:
--packages-ignore webots_ros2_importer webots_ros2_msgs webots_ros2_driver
[0.792s] DEBUG:colcon.colcon_core.event_handler.log_command:Invoking command in '/MRTP/MRTP/build/my_package': CMAKE_PREFIX_PATH=${CMAKE_PREFIX_PATH}:/MRTP/MRTP/install/webots_ros2_mavic:/MRTP/MRTP/install/gazeboenvs:/MRTP/MRTP/src/install/webots_ros2:/MRTP/MRTP/src/install/webots_ros2_universal_robot:/MRTP/MRTP/src/install/webots_ros2_turtlebot:/MRTP/MRTP/src/install/webots_ros2_tiago:/MRTP/MRTP/src/install/webots_ros2_tests:/MRTP/MRTP/src/install/webots_ros2_tesla:/MRTP/MRTP/src/install/webots_ros2_mavic:/MRTP/MRTP/src/install/webots_ros2_husarion:/MRTP/MRTP/src/install/webots_ros2_epuck:/MRTP/MRTP/src/install/webots_ros2_crazyflie:/MRTP/MRTP/src/install/webots_ros2_importer:/MRTP/MRTP/src/install/gazeboenvs:/opt/ros/jazzy PS1=(.venv) \[\e]0;\u@\h: \w\a\]${debian_chroot:+($debian_chroot)}\u@\h:\w\$ VIRTUAL_ENV_PROMPT=(.venv) /usr/bin/cmake --build /MRTP/MRTP/build/my_package -- -j12 -l12
[2.659s] DEBUG:colcon.colcon_core.event_handler.log_command:Invoked command in '/MRTP/MRTP/build/my_package' returned '0': CMAKE_PREFIX_PATH=${CMAKE_PREFIX_PATH}:/MRTP/MRTP/install/webots_ros2_mavic:/MRTP/MRTP/install/gazeboenvs:/MRTP/MRTP/src/install/webots_ros2:/MRTP/MRTP/src/install/webots_ros2_universal_robot:/MRTP/MRTP/src/install/webots_ros2_turtlebot:/MRTP/MRTP/src/install/webots_ros2_tiago:/MRTP/MRTP/src/install/webots_ros2_tests:/MRTP/MRTP/src/install/webots_ros2_tesla:/MRTP/MRTP/src/install/webots_ros2_mavic:/MRTP/MRTP/src/install/webots_ros2_husarion:/MRTP/MRTP/src/install/webots_ros2_epuck:/MRTP/MRTP/src/install/webots_ros2_crazyflie:/MRTP/MRTP/src/install/webots_ros2_importer:/MRTP/MRTP/src/install/gazeboenvs:/opt/ros/jazzy PS1=(.venv) \[\e]0;\u@\h: \w\a\]${debian_chroot:+($debian_chroot)}\u@\h:\w\$ VIRTUAL_ENV_PROMPT=(.venv) /usr/bin/cmake --build /MRTP/MRTP/build/my_package -- -j12 -l12
[2.706s] DEBUG:colcon.colcon_core.event_handler.log_command:Invoking command in '/MRTP/MRTP/build/my_package': CMAKE_PREFIX_PATH=${CMAKE_PREFIX_PATH}:/MRTP/MRTP/install/webots_ros2_mavic:/MRTP/MRTP/install/gazeboenvs:/MRTP/MRTP/src/install/webots_ros2:/MRTP/MRTP/src/install/webots_ros2_universal_robot:/MRTP/MRTP/src/install/webots_ros2_turtlebot:/MRTP/MRTP/src/install/webots_ros2_tiago:/MRTP/MRTP/src/install/webots_ros2_tests:/MRTP/MRTP/src/install/webots_ros2_tesla:/MRTP/MRTP/src/install/webots_ros2_mavic:/MRTP/MRTP/src/install/webots_ros2_husarion:/MRTP/MRTP/src/install/webots_ros2_epuck:/MRTP/MRTP/src/install/webots_ros2_crazyflie:/MRTP/MRTP/src/install/webots_ros2_importer:/MRTP/MRTP/src/install/gazeboenvs:/opt/ros/jazzy PS1=(.venv) \[\e]0;\u@\h: \w\a\]${debian_chroot:+($debian_chroot)}\u@\h:\w\$ VIRTUAL_ENV_PROMPT=(.venv) /usr/bin/cmake --install /MRTP/MRTP/build/my_package
[3.158s] Level 1:colcon.colcon_core.environment:create_environment_scripts_only(my_package)
[3.161s] Level 1:colcon.colcon_core.environment:checking '/MRTP/MRTP/install/my_package' for CMake module files
[3.168s] DEBUG:colcon.colcon_core.event_handler.log_command:Invoked command in '/MRTP/MRTP/build/my_package' returned '0': CMAKE_PREFIX_PATH=${CMAKE_PREFIX_PATH}:/MRTP/MRTP/install/webots_ros2_mavic:/MRTP/MRTP/install/gazeboenvs:/MRTP/MRTP/src/install/webots_ros2:/MRTP/MRTP/src/install/webots_ros2_universal_robot:/MRTP/MRTP/src/install/webots_ros2_turtlebot:/MRTP/MRTP/src/install/webots_ros2_tiago:/MRTP/MRTP/src/install/webots_ros2_tests:/MRTP/MRTP/src/install/webots_ros2_tesla:/MRTP/MRTP/src/install/webots_ros2_mavic:/MRTP/MRTP/src/install/webots_ros2_husarion:/MRTP/MRTP/src/install/webots_ros2_epuck:/MRTP/MRTP/src/install/webots_ros2_crazyflie:/MRTP/MRTP/src/install/webots_ros2_importer:/MRTP/MRTP/src/install/gazeboenvs:/opt/ros/jazzy PS1=(.venv) \[\e]0;\u@\h: \w\a\]${debian_chroot:+($debian_chroot)}\u@\h:\w\$ VIRTUAL_ENV_PROMPT=(.venv) /usr/bin/cmake --install /MRTP/MRTP/build/my_package
[3.193s] Level 1:colcon.colcon_core.environment:checking '/MRTP/MRTP/install/my_package' for CMake config files
[3.206s] Level 1:colcon.colcon_core.shell:create_environment_hook('my_package', 'cmake_prefix_path')
[3.207s] INFO:colcon.colcon_core.shell:Creating environment hook '/MRTP/MRTP/install/my_package/share/my_package/hook/cmake_prefix_path.ps1'
[3.208s] INFO:colcon.colcon_core.shell:Creating environment descriptor '/MRTP/MRTP/install/my_package/share/my_package/hook/cmake_prefix_path.dsv'
[3.211s] INFO:colcon.colcon_core.shell:Creating environment hook '/MRTP/MRTP/install/my_package/share/my_package/hook/cmake_prefix_path.sh'
[3.215s] Level 1:colcon.colcon_core.environment:checking '/MRTP/MRTP/install/my_package/lib'
[3.215s] Level 1:colcon.colcon_core.environment:checking '/MRTP/MRTP/install/my_package/bin'
[3.215s] Level 1:colcon.colcon_core.environment:checking '/MRTP/MRTP/install/my_package/lib/pkgconfig/my_package.pc'
[3.219s] Level 1:colcon.colcon_core.environment:checking '/MRTP/MRTP/install/my_package/lib/python3.12/site-packages'
[3.219s] Level 1:colcon.colcon_core.shell:create_environment_hook('my_package', 'pythonpath')
[3.220s] INFO:colcon.colcon_core.shell:Creating environment hook '/MRTP/MRTP/install/my_package/share/my_package/hook/pythonpath.ps1'
[3.224s] INFO:colcon.colcon_core.shell:Creating environment descriptor '/MRTP/MRTP/install/my_package/share/my_package/hook/pythonpath.dsv'
[3.225s] INFO:colcon.colcon_core.shell:Creating environment hook '/MRTP/MRTP/install/my_package/share/my_package/hook/pythonpath.sh'
[3.226s] Level 1:colcon.colcon_core.environment:checking '/MRTP/MRTP/install/my_package/bin'
[3.226s] INFO:colcon.colcon_core.shell:Creating package script '/MRTP/MRTP/install/my_package/share/my_package/package.ps1'
[3.227s] INFO:colcon.colcon_core.shell:Creating package descriptor '/MRTP/MRTP/install/my_package/share/my_package/package.dsv'
[3.231s] INFO:colcon.colcon_core.shell:Creating package script '/MRTP/MRTP/install/my_package/share/my_package/package.sh'
[3.232s] INFO:colcon.colcon_core.shell:Creating package script '/MRTP/MRTP/install/my_package/share/my_package/package.bash'
[3.238s] INFO:colcon.colcon_core.shell:Creating package script '/MRTP/MRTP/install/my_package/share/my_package/package.zsh'
[3.241s] Level 1:colcon.colcon_core.environment:create_file_with_runtime_dependencies(/MRTP/MRTP/install/my_package/share/colcon-core/packages/my_package)
[3.244s] Level 1:colcon.colcon_core.environment:create_environment_scripts_only(my_package)
[3.245s] Level 1:colcon.colcon_core.environment:checking '/MRTP/MRTP/install/my_package' for CMake module files
[3.256s] Level 1:colcon.colcon_core.environment:checking '/MRTP/MRTP/install/my_package' for CMake config files
[3.260s] Level 1:colcon.colcon_core.shell:create_environment_hook('my_package', 'cmake_prefix_path')
[3.260s] INFO:colcon.colcon_core.shell:Creating environment hook '/MRTP/MRTP/install/my_package/share/my_package/hook/cmake_prefix_path.ps1'
[3.261s] INFO:colcon.colcon_core.shell:Creating environment descriptor '/MRTP/MRTP/install/my_package/share/my_package/hook/cmake_prefix_path.dsv'
[3.261s] INFO:colcon.colcon_core.shell:Creating environment hook '/MRTP/MRTP/install/my_package/share/my_package/hook/cmake_prefix_path.sh'
[3.262s] Level 1:colcon.colcon_core.environment:checking '/MRTP/MRTP/install/my_package/lib'
[3.262s] Level 1:colcon.colcon_core.environment:checking '/MRTP/MRTP/install/my_package/bin'
[3.263s] Level 1:colcon.colcon_core.environment:checking '/MRTP/MRTP/install/my_package/lib/pkgconfig/my_package.pc'
[3.263s] Level 1:colcon.colcon_core.environment:checking '/MRTP/MRTP/install/my_package/lib/python3.12/site-packages'
[3.263s] Level 1:colcon.colcon_core.shell:create_environment_hook('my_package', 'pythonpath')
[3.263s] INFO:colcon.colcon_core.shell:Creating environment hook '/MRTP/MRTP/install/my_package/share/my_package/hook/pythonpath.ps1'
[3.263s] INFO:colcon.colcon_core.shell:Creating environment descriptor '/MRTP/MRTP/install/my_package/share/my_package/hook/pythonpath.dsv'
[3.265s] INFO:colcon.colcon_core.shell:Creating environment hook '/MRTP/MRTP/install/my_package/share/my_package/hook/pythonpath.sh'
[3.267s] Level 1:colcon.colcon_core.environment:checking '/MRTP/MRTP/install/my_package/bin'
[3.268s] INFO:colcon.colcon_core.shell:Creating package script '/MRTP/MRTP/install/my_package/share/my_package/package.ps1'
[3.269s] INFO:colcon.colcon_core.shell:Creating package descriptor '/MRTP/MRTP/install/my_package/share/my_package/package.dsv'
[3.274s] INFO:colcon.colcon_core.shell:Creating package script '/MRTP/MRTP/install/my_package/share/my_package/package.sh'
[3.280s] INFO:colcon.colcon_core.shell:Creating package script '/MRTP/MRTP/install/my_package/share/my_package/package.bash'
[3.286s] INFO:colcon.colcon_core.shell:Creating package script '/MRTP/MRTP/install/my_package/share/my_package/package.zsh'
[3.289s] Level 1:colcon.colcon_core.environment:create_file_with_runtime_dependencies(/MRTP/MRTP/install/my_package/share/colcon-core/packages/my_package)
[3.290s] DEBUG:colcon.colcon_parallel_executor.executor.parallel:closing loop
[3.290s] DEBUG:colcon.colcon_parallel_executor.executor.parallel:loop closed
[3.291s] DEBUG:colcon.colcon_parallel_executor.executor.parallel:run_until_complete finished with '0'
[3.291s] DEBUG:colcon.colcon_core.event_reactor:joining thread
[3.333s] INFO:colcon.colcon_core.plugin_system:Skipping extension 'colcon_notification.desktop_notification.notify_send': Could not find 'notify-send'
[3.334s] INFO:colcon.colcon_core.plugin_system:Skipping extension 'colcon_notification.desktop_notification.terminal_notifier': Not used on non-Darwin systems
[3.334s] INFO:colcon.colcon_core.plugin_system:Skipping extension 'colcon_notification.desktop_notification.win32': Not used on non-Windows systems
[3.334s] INFO:colcon.colcon_notification.desktop_notification:Sending desktop notification using 'notify2'
[3.367s] DEBUG:colcon.colcon_notification.desktop_notification.notify2:Failed to initialize notify2: org.freedesktop.DBus.Error.Spawn.ExecFailed: /usr/bin/dbus-launch terminated abnormally with the following error: Autolaunch error: X11 initialization failed.

[3.374s] DEBUG:colcon.colcon_core.event_reactor:joined thread
[3.375s] INFO:colcon.colcon_core.shell:Creating prefix script '/MRTP/MRTP/install/local_setup.ps1'
[3.382s] INFO:colcon.colcon_core.shell:Creating prefix util module '/MRTP/MRTP/install/_local_setup_util_ps1.py'
[3.384s] INFO:colcon.colcon_core.shell:Creating prefix chain script '/MRTP/MRTP/install/setup.ps1'
[3.417s] INFO:colcon.colcon_core.shell:Creating prefix script '/MRTP/MRTP/install/local_setup.sh'
[3.419s] INFO:colcon.colcon_core.shell:Creating prefix util module '/MRTP/MRTP/install/_local_setup_util_sh.py'
[3.421s] INFO:colcon.colcon_core.shell:Creating prefix chain script '/MRTP/MRTP/install/setup.sh'
[3.467s] INFO:colcon.colcon_core.shell:Creating prefix script '/MRTP/MRTP/install/local_setup.bash'
[3.469s] INFO:colcon.colcon_core.shell:Creating prefix chain script '/MRTP/MRTP/install/setup.bash'
[3.528s] INFO:colcon.colcon_core.shell:Creating prefix script '/MRTP/MRTP/install/local_setup.zsh'
[3.533s] INFO:colcon.colcon_core.shell:Creating prefix chain script '/MRTP/MRTP/install/setup.zsh'
