[0.121s] DEBUG:colcon:Command line arguments: ['/usr/bin/colcon', 'build', '--packages-select', 'my_package']
[0.122s] DEBUG:colcon:Parsed command line arguments: Namespace(log_base=None, log_level=None, verb_name='build', build_base='build', install_base='install', merge_install=False, symlink_install=False, test_result_base=None, continue_on_error=False, executor='parallel', parallel_workers=12, event_handlers=None, ignore_user_meta=False, metas=['./colcon.meta'], base_paths=['.'], packages_ignore=None, packages_ignore_regex=None, paths=None, packages_up_to=None, packages_up_to_regex=None, packages_above=None, packages_above_and_dependencies=None, packages_above_depth=None, packages_select_by_dep=None, packages_skip_by_dep=None, packages_skip_up_to=None, packages_select_build_failed=False, packages_skip_build_finished=False, packages_select_test_failures=False, packages_skip_test_passed=False, packages_select=['my_package'], packages_skip=None, packages_select_regex=None, packages_skip_regex=None, packages_start=None, packages_end=None, cmake_args=None, cmake_target=None, cmake_target_skip_unavailable=False, cmake_clean_cache=False, cmake_clean_first=False, cmake_force_configure=False, ament_cmake_args=None, catkin_cmake_args=None, catkin_skip_building_tests=False, mixin_files=None, mixin=None, verb_parser=<colcon_mixin.mixin.mixin_argument.MixinArgumentDecorator object at 0xffff97582f00>, verb_extension=<colcon_core.verb.build.BuildVerb object at 0xffff97582c00>, main=<bound method BuildVerb.main of <colcon_core.verb.build.BuildVerb object at 0xffff97582c00>>, mixin_verb=('build',))
[0.153s] Level 1:colcon.colcon_core.package_discovery:discover_packages(colcon_meta) check parameters
[0.155s] INFO:colcon.colcon_metadata.package_discovery.colcon_meta:Using configuration from '/root/.colcon/metadata/default/Gazebo.meta'
[0.156s] INFO:colcon.colcon_metadata.package_discovery.colcon_meta:Using configuration from '/root/.colcon/metadata/default/fastdds.meta'
[0.156s] INFO:colcon.colcon_metadata.package_discovery.colcon_meta:Using configuration from '/root/.colcon/metadata/default/fastrtps.meta'
[0.156s] Level 1:colcon.colcon_core.package_discovery:discover_packages(recursive) check parameters
[0.156s] Level 1:colcon.colcon_core.package_discovery:discover_packages(ignore) check parameters
[0.156s] Level 1:colcon.colcon_core.package_discovery:discover_packages(path) check parameters
[0.157s] Level 1:colcon.colcon_core.package_discovery:discover_packages(colcon_meta) discover
[0.157s] Level 1:colcon.colcon_core.package_discovery:discover_packages(recursive) discover
[0.157s] INFO:colcon.colcon_core.package_discovery:Crawling recursively for packages in '/MRTP/MRTP/src'
[0.157s] Level 1:colcon.colcon_core.package_identification:_identify(.) by extensions ['ignore', 'ignore_ament_install']
[0.157s] Level 1:colcon.colcon_core.package_identification:_identify(.) by extension 'ignore'
[0.158s] Level 1:colcon.colcon_core.package_identification:_identify(.) by extension 'ignore_ament_install'
[0.158s] Level 1:colcon.colcon_core.package_identification:_identify(.) by extensions ['colcon_pkg']
[0.158s] Level 1:colcon.colcon_core.package_identification:_identify(.) by extension 'colcon_pkg'
[0.158s] Level 1:colcon.colcon_core.package_identification:_identify(.) by extensions ['colcon_meta']
[0.158s] Level 1:colcon.colcon_core.package_identification:_identify(.) by extension 'colcon_meta'
[0.158s] Level 1:colcon.colcon_core.package_identification:_identify(.) by extensions ['ros']
[0.158s] Level 1:colcon.colcon_core.package_identification:_identify(.) by extension 'ros'
[0.178s] Level 1:colcon.colcon_core.package_identification:_identify(.) by extensions ['cmake', 'python']
[0.178s] Level 1:colcon.colcon_core.package_identification:_identify(.) by extension 'cmake'
[0.178s] Level 1:colcon.colcon_core.package_identification:_identify(.) by extension 'python'
[0.178s] Level 1:colcon.colcon_core.package_identification:_identify(.) by extensions ['python_setup_py']
[0.179s] Level 1:colcon.colcon_core.package_identification:_identify(.) by extension 'python_setup_py'
[0.179s] Level 1:colcon.colcon_core.package_identification:_identify(build) by extensions ['ignore', 'ignore_ament_install']
[0.180s] Level 1:colcon.colcon_core.package_identification:_identify(build) by extension 'ignore'
[0.180s] Level 1:colcon.colcon_core.package_identification:_identify(build) ignored
[0.181s] Level 1:colcon.colcon_core.package_identification:_identify(gazeboenvs) by extensions ['ignore', 'ignore_ament_install']
[0.181s] Level 1:colcon.colcon_core.package_identification:_identify(gazeboenvs) by extension 'ignore'
[0.181s] Level 1:colcon.colcon_core.package_identification:_identify(gazeboenvs) by extension 'ignore_ament_install'
[0.181s] Level 1:colcon.colcon_core.package_identification:_identify(gazeboenvs) by extensions ['colcon_pkg']
[0.181s] Level 1:colcon.colcon_core.package_identification:_identify(gazeboenvs) by extension 'colcon_pkg'
[0.181s] Level 1:colcon.colcon_core.package_identification:_identify(gazeboenvs) by extensions ['colcon_meta']
[0.181s] Level 1:colcon.colcon_core.package_identification:_identify(gazeboenvs) by extension 'colcon_meta'
[0.182s] Level 1:colcon.colcon_core.package_identification:_identify(gazeboenvs) by extensions ['ros']
[0.184s] Level 1:colcon.colcon_core.package_identification:_identify(gazeboenvs) by extension 'ros'
[0.186s] DEBUG:colcon.colcon_core.package_identification:Package 'gazeboenvs' with type 'ros.ament_python' and name 'gazeboenvs'
[0.188s] Level 1:colcon.colcon_core.package_identification:_identify(install) by extensions ['ignore', 'ignore_ament_install']
[0.188s] Level 1:colcon.colcon_core.package_identification:_identify(install) by extension 'ignore'
[0.188s] Level 1:colcon.colcon_core.package_identification:_identify(install) ignored
[0.189s] Level 1:colcon.colcon_core.package_identification:_identify(log) by extensions ['ignore', 'ignore_ament_install']
[0.189s] Level 1:colcon.colcon_core.package_identification:_identify(log) by extension 'ignore'
[0.189s] Level 1:colcon.colcon_core.package_identification:_identify(log) ignored
[0.190s] Level 1:colcon.colcon_core.package_identification:_identify(my_package) by extensions ['ignore', 'ignore_ament_install']
[0.190s] Level 1:colcon.colcon_core.package_identification:_identify(my_package) by extension 'ignore'
[0.190s] Level 1:colcon.colcon_core.package_identification:_identify(my_package) by extension 'ignore_ament_install'
[0.190s] Level 1:colcon.colcon_core.package_identification:_identify(my_package) by extensions ['colcon_pkg']
[0.190s] Level 1:colcon.colcon_core.package_identification:_identify(my_package) by extension 'colcon_pkg'
[0.190s] Level 1:colcon.colcon_core.package_identification:_identify(my_package) by extensions ['colcon_meta']
[0.190s] Level 1:colcon.colcon_core.package_identification:_identify(my_package) by extension 'colcon_meta'
[0.191s] Level 1:colcon.colcon_core.package_identification:_identify(my_package) by extensions ['ros']
[0.191s] Level 1:colcon.colcon_core.package_identification:_identify(my_package) by extension 'ros'
[0.192s] DEBUG:colcon.colcon_core.package_identification:Package 'my_package' with type 'ros.ament_cmake' and name 'my_package'
[0.192s] Level 1:colcon.colcon_core.package_identification:_identify(webots_ros2) by extensions ['ignore', 'ignore_ament_install']
[0.193s] Level 1:colcon.colcon_core.package_identification:_identify(webots_ros2) by extension 'ignore'
[0.193s] Level 1:colcon.colcon_core.package_identification:_identify(webots_ros2) by extension 'ignore_ament_install'
[0.193s] Level 1:colcon.colcon_core.package_identification:_identify(webots_ros2) by extensions ['colcon_pkg']
[0.193s] Level 1:colcon.colcon_core.package_identification:_identify(webots_ros2) by extension 'colcon_pkg'
[0.193s] Level 1:colcon.colcon_core.package_identification:_identify(webots_ros2) by extensions ['colcon_meta']
[0.193s] Level 1:colcon.colcon_core.package_identification:_identify(webots_ros2) by extension 'colcon_meta'
[0.193s] Level 1:colcon.colcon_core.package_identification:_identify(webots_ros2) by extensions ['ros']
[0.193s] Level 1:colcon.colcon_core.package_identification:_identify(webots_ros2) by extension 'ros'
[0.194s] Level 1:colcon.colcon_core.package_identification:_identify(webots_ros2) by extensions ['cmake', 'python']
[0.194s] Level 1:colcon.colcon_core.package_identification:_identify(webots_ros2) by extension 'cmake'
[0.194s] Level 1:colcon.colcon_core.package_identification:_identify(webots_ros2) by extension 'python'
[0.194s] Level 1:colcon.colcon_core.package_identification:_identify(webots_ros2) by extensions ['python_setup_py']
[0.194s] Level 1:colcon.colcon_core.package_identification:_identify(webots_ros2) by extension 'python_setup_py'
[0.195s] Level 1:colcon.colcon_core.package_identification:_identify(webots_ros2/docker) by extensions ['ignore', 'ignore_ament_install']
[0.195s] Level 1:colcon.colcon_core.package_identification:_identify(webots_ros2/docker) by extension 'ignore'
[0.195s] Level 1:colcon.colcon_core.package_identification:_identify(webots_ros2/docker) by extension 'ignore_ament_install'
[0.195s] Level 1:colcon.colcon_core.package_identification:_identify(webots_ros2/docker) by extensions ['colcon_pkg']
[0.195s] Level 1:colcon.colcon_core.package_identification:_identify(webots_ros2/docker) by extension 'colcon_pkg'
[0.195s] Level 1:colcon.colcon_core.package_identification:_identify(webots_ros2/docker) by extensions ['colcon_meta']
[0.195s] Level 1:colcon.colcon_core.package_identification:_identify(webots_ros2/docker) by extension 'colcon_meta'
[0.195s] Level 1:colcon.colcon_core.package_identification:_identify(webots_ros2/docker) by extensions ['ros']
[0.195s] Level 1:colcon.colcon_core.package_identification:_identify(webots_ros2/docker) by extension 'ros'
[0.196s] Level 1:colcon.colcon_core.package_identification:_identify(webots_ros2/docker) by extensions ['cmake', 'python']
[0.196s] Level 1:colcon.colcon_core.package_identification:_identify(webots_ros2/docker) by extension 'cmake'
[0.196s] Level 1:colcon.colcon_core.package_identification:_identify(webots_ros2/docker) by extension 'python'
[0.196s] Level 1:colcon.colcon_core.package_identification:_identify(webots_ros2/docker) by extensions ['python_setup_py']
[0.196s] Level 1:colcon.colcon_core.package_identification:_identify(webots_ros2/docker) by extension 'python_setup_py'
[0.197s] Level 1:colcon.colcon_core.package_identification:_identify(webots_ros2/images) by extensions ['ignore', 'ignore_ament_install']
[0.197s] Level 1:colcon.colcon_core.package_identification:_identify(webots_ros2/images) by extension 'ignore'
[0.197s] Level 1:colcon.colcon_core.package_identification:_identify(webots_ros2/images) by extension 'ignore_ament_install'
[0.197s] Level 1:colcon.colcon_core.package_identification:_identify(webots_ros2/images) by extensions ['colcon_pkg']
[0.197s] Level 1:colcon.colcon_core.package_identification:_identify(webots_ros2/images) by extension 'colcon_pkg'
[0.197s] Level 1:colcon.colcon_core.package_identification:_identify(webots_ros2/images) by extensions ['colcon_meta']
[0.197s] Level 1:colcon.colcon_core.package_identification:_identify(webots_ros2/images) by extension 'colcon_meta'
[0.197s] Level 1:colcon.colcon_core.package_identification:_identify(webots_ros2/images) by extensions ['ros']
[0.197s] Level 1:colcon.colcon_core.package_identification:_identify(webots_ros2/images) by extension 'ros'
[0.198s] Level 1:colcon.colcon_core.package_identification:_identify(webots_ros2/images) by extensions ['cmake', 'python']
[0.198s] Level 1:colcon.colcon_core.package_identification:_identify(webots_ros2/images) by extension 'cmake'
[0.198s] Level 1:colcon.colcon_core.package_identification:_identify(webots_ros2/images) by extension 'python'
[0.198s] Level 1:colcon.colcon_core.package_identification:_identify(webots_ros2/images) by extensions ['python_setup_py']
[0.198s] Level 1:colcon.colcon_core.package_identification:_identify(webots_ros2/images) by extension 'python_setup_py'
[0.199s] Level 1:colcon.colcon_core.package_identification:_identify(webots_ros2/scripts) by extensions ['ignore', 'ignore_ament_install']
[0.199s] Level 1:colcon.colcon_core.package_identification:_identify(webots_ros2/scripts) by extension 'ignore'
[0.199s] Level 1:colcon.colcon_core.package_identification:_identify(webots_ros2/scripts) by extension 'ignore_ament_install'
[0.199s] Level 1:colcon.colcon_core.package_identification:_identify(webots_ros2/scripts) by extensions ['colcon_pkg']
[0.199s] Level 1:colcon.colcon_core.package_identification:_identify(webots_ros2/scripts) by extension 'colcon_pkg'
[0.199s] Level 1:colcon.colcon_core.package_identification:_identify(webots_ros2/scripts) by extensions ['colcon_meta']
[0.199s] Level 1:colcon.colcon_core.package_identification:_identify(webots_ros2/scripts) by extension 'colcon_meta'
[0.199s] Level 1:colcon.colcon_core.package_identification:_identify(webots_ros2/scripts) by extensions ['ros']
[0.199s] Level 1:colcon.colcon_core.package_identification:_identify(webots_ros2/scripts) by extension 'ros'
[0.200s] Level 1:colcon.colcon_core.package_identification:_identify(webots_ros2/scripts) by extensions ['cmake', 'python']
[0.200s] Level 1:colcon.colcon_core.package_identification:_identify(webots_ros2/scripts) by extension 'cmake'
[0.200s] Level 1:colcon.colcon_core.package_identification:_identify(webots_ros2/scripts) by extension 'python'
[0.200s] Level 1:colcon.colcon_core.package_identification:_identify(webots_ros2/scripts) by extensions ['python_setup_py']
[0.200s] Level 1:colcon.colcon_core.package_identification:_identify(webots_ros2/scripts) by extension 'python_setup_py'
[0.201s] Level 1:colcon.colcon_core.package_identification:_identify(webots_ros2/tests) by extensions ['ignore', 'ignore_ament_install']
[0.201s] Level 1:colcon.colcon_core.package_identification:_identify(webots_ros2/tests) by extension 'ignore'
[0.201s] Level 1:colcon.colcon_core.package_identification:_identify(webots_ros2/tests) by extension 'ignore_ament_install'
[0.201s] Level 1:colcon.colcon_core.package_identification:_identify(webots_ros2/tests) by extensions ['colcon_pkg']
[0.201s] Level 1:colcon.colcon_core.package_identification:_identify(webots_ros2/tests) by extension 'colcon_pkg'
[0.201s] Level 1:colcon.colcon_core.package_identification:_identify(webots_ros2/tests) by extensions ['colcon_meta']
[0.201s] Level 1:colcon.colcon_core.package_identification:_identify(webots_ros2/tests) by extension 'colcon_meta'
[0.201s] Level 1:colcon.colcon_core.package_identification:_identify(webots_ros2/tests) by extensions ['ros']
[0.201s] Level 1:colcon.colcon_core.package_identification:_identify(webots_ros2/tests) by extension 'ros'
[0.202s] Level 1:colcon.colcon_core.package_identification:_identify(webots_ros2/tests) by extensions ['cmake', 'python']
[0.202s] Level 1:colcon.colcon_core.package_identification:_identify(webots_ros2/tests) by extension 'cmake'
[0.202s] Level 1:colcon.colcon_core.package_identification:_identify(webots_ros2/tests) by extension 'python'
[0.202s] Level 1:colcon.colcon_core.package_identification:_identify(webots_ros2/tests) by extensions ['python_setup_py']
[0.202s] Level 1:colcon.colcon_core.package_identification:_identify(webots_ros2/tests) by extension 'python_setup_py'
[0.203s] Level 1:colcon.colcon_core.package_identification:_identify(webots_ros2/tests/sources) by extensions ['ignore', 'ignore_ament_install']
[0.203s] Level 1:colcon.colcon_core.package_identification:_identify(webots_ros2/tests/sources) by extension 'ignore'
[0.203s] Level 1:colcon.colcon_core.package_identification:_identify(webots_ros2/tests/sources) by extension 'ignore_ament_install'
[0.203s] Level 1:colcon.colcon_core.package_identification:_identify(webots_ros2/tests/sources) by extensions ['colcon_pkg']
[0.203s] Level 1:colcon.colcon_core.package_identification:_identify(webots_ros2/tests/sources) by extension 'colcon_pkg'
[0.203s] Level 1:colcon.colcon_core.package_identification:_identify(webots_ros2/tests/sources) by extensions ['colcon_meta']
[0.203s] Level 1:colcon.colcon_core.package_identification:_identify(webots_ros2/tests/sources) by extension 'colcon_meta'
[0.203s] Level 1:colcon.colcon_core.package_identification:_identify(webots_ros2/tests/sources) by extensions ['ros']
[0.204s] Level 1:colcon.colcon_core.package_identification:_identify(webots_ros2/tests/sources) by extension 'ros'
[0.204s] Level 1:colcon.colcon_core.package_identification:_identify(webots_ros2/tests/sources) by extensions ['cmake', 'python']
[0.204s] Level 1:colcon.colcon_core.package_identification:_identify(webots_ros2/tests/sources) by extension 'cmake'
[0.204s] Level 1:colcon.colcon_core.package_identification:_identify(webots_ros2/tests/sources) by extension 'python'
[0.204s] Level 1:colcon.colcon_core.package_identification:_identify(webots_ros2/tests/sources) by extensions ['python_setup_py']
[0.204s] Level 1:colcon.colcon_core.package_identification:_identify(webots_ros2/tests/sources) by extension 'python_setup_py'
[0.205s] Level 1:colcon.colcon_core.package_identification:_identify(webots_ros2/webots_ros2) by extensions ['ignore', 'ignore_ament_install']
[0.205s] Level 1:colcon.colcon_core.package_identification:_identify(webots_ros2/webots_ros2) by extension 'ignore'
[0.205s] Level 1:colcon.colcon_core.package_identification:_identify(webots_ros2/webots_ros2) by extension 'ignore_ament_install'
[0.205s] Level 1:colcon.colcon_core.package_identification:_identify(webots_ros2/webots_ros2) by extensions ['colcon_pkg']
[0.205s] Level 1:colcon.colcon_core.package_identification:_identify(webots_ros2/webots_ros2) by extension 'colcon_pkg'
[0.205s] Level 1:colcon.colcon_core.package_identification:_identify(webots_ros2/webots_ros2) by extensions ['colcon_meta']
[0.206s] Level 1:colcon.colcon_core.package_identification:_identify(webots_ros2/webots_ros2) by extension 'colcon_meta'
[0.206s] Level 1:colcon.colcon_core.package_identification:_identify(webots_ros2/webots_ros2) by extensions ['ros']
[0.206s] Level 1:colcon.colcon_core.package_identification:_identify(webots_ros2/webots_ros2) by extension 'ros'
[0.207s] DEBUG:colcon.colcon_core.package_identification:Package 'webots_ros2/webots_ros2' with type 'ros.ament_python' and name 'webots_ros2'
[0.209s] Level 1:colcon.colcon_core.package_identification:_identify(webots_ros2/webots_ros2_control) by extensions ['ignore', 'ignore_ament_install']
[0.212s] Level 1:colcon.colcon_core.package_identification:_identify(webots_ros2/webots_ros2_control) by extension 'ignore'
[0.221s] Level 1:colcon.colcon_core.package_identification:_identify(webots_ros2/webots_ros2_control) by extension 'ignore_ament_install'
[0.222s] Level 1:colcon.colcon_core.package_identification:_identify(webots_ros2/webots_ros2_control) by extensions ['colcon_pkg']
[0.222s] Level 1:colcon.colcon_core.package_identification:_identify(webots_ros2/webots_ros2_control) by extension 'colcon_pkg'
[0.222s] Level 1:colcon.colcon_core.package_identification:_identify(webots_ros2/webots_ros2_control) by extensions ['colcon_meta']
[0.222s] Level 1:colcon.colcon_core.package_identification:_identify(webots_ros2/webots_ros2_control) by extension 'colcon_meta'
[0.222s] Level 1:colcon.colcon_core.package_identification:_identify(webots_ros2/webots_ros2_control) by extensions ['ros']
[0.222s] Level 1:colcon.colcon_core.package_identification:_identify(webots_ros2/webots_ros2_control) by extension 'ros'
[0.227s] DEBUG:colcon.colcon_core.package_identification:Package 'webots_ros2/webots_ros2_control' with type 'ros.ament_cmake' and name 'webots_ros2_control'
[0.228s] Level 1:colcon.colcon_core.package_identification:_identify(webots_ros2/webots_ros2_crazyflie) by extensions ['ignore', 'ignore_ament_install']
[0.228s] Level 1:colcon.colcon_core.package_identification:_identify(webots_ros2/webots_ros2_crazyflie) by extension 'ignore'
[0.228s] Level 1:colcon.colcon_core.package_identification:_identify(webots_ros2/webots_ros2_crazyflie) by extension 'ignore_ament_install'
[0.229s] Level 1:colcon.colcon_core.package_identification:_identify(webots_ros2/webots_ros2_crazyflie) by extensions ['colcon_pkg']
[0.229s] Level 1:colcon.colcon_core.package_identification:_identify(webots_ros2/webots_ros2_crazyflie) by extension 'colcon_pkg'
[0.229s] Level 1:colcon.colcon_core.package_identification:_identify(webots_ros2/webots_ros2_crazyflie) by extensions ['colcon_meta']
[0.229s] Level 1:colcon.colcon_core.package_identification:_identify(webots_ros2/webots_ros2_crazyflie) by extension 'colcon_meta'
[0.229s] Level 1:colcon.colcon_core.package_identification:_identify(webots_ros2/webots_ros2_crazyflie) by extensions ['ros']
[0.229s] Level 1:colcon.colcon_core.package_identification:_identify(webots_ros2/webots_ros2_crazyflie) by extension 'ros'
[0.230s] DEBUG:colcon.colcon_core.package_identification:Package 'webots_ros2/webots_ros2_crazyflie' with type 'ros.ament_python' and name 'webots_ros2_crazyflie'
[0.230s] Level 1:colcon.colcon_core.package_identification:_identify(webots_ros2/webots_ros2_driver) by extensions ['ignore', 'ignore_ament_install']
[0.231s] Level 1:colcon.colcon_core.package_identification:_identify(webots_ros2/webots_ros2_driver) by extension 'ignore'
[0.231s] Level 1:colcon.colcon_core.package_identification:_identify(webots_ros2/webots_ros2_driver) by extension 'ignore_ament_install'
[0.231s] Level 1:colcon.colcon_core.package_identification:_identify(webots_ros2/webots_ros2_driver) by extensions ['colcon_pkg']
[0.231s] Level 1:colcon.colcon_core.package_identification:_identify(webots_ros2/webots_ros2_driver) by extension 'colcon_pkg'
[0.231s] Level 1:colcon.colcon_core.package_identification:_identify(webots_ros2/webots_ros2_driver) by extensions ['colcon_meta']
[0.232s] Level 1:colcon.colcon_core.package_identification:_identify(webots_ros2/webots_ros2_driver) by extension 'colcon_meta'
[0.232s] Level 1:colcon.colcon_core.package_identification:_identify(webots_ros2/webots_ros2_driver) by extensions ['ros']
[0.232s] Level 1:colcon.colcon_core.package_identification:_identify(webots_ros2/webots_ros2_driver) by extension 'ros'
[0.234s] DEBUG:colcon.colcon_core.package_identification:Package 'webots_ros2/webots_ros2_driver' with type 'ros.ament_cmake' and name 'webots_ros2_driver'
[0.234s] Level 1:colcon.colcon_core.package_identification:_identify(webots_ros2/webots_ros2_epuck) by extensions ['ignore', 'ignore_ament_install']
[0.234s] Level 1:colcon.colcon_core.package_identification:_identify(webots_ros2/webots_ros2_epuck) by extension 'ignore'
[0.234s] Level 1:colcon.colcon_core.package_identification:_identify(webots_ros2/webots_ros2_epuck) by extension 'ignore_ament_install'
[0.235s] Level 1:colcon.colcon_core.package_identification:_identify(webots_ros2/webots_ros2_epuck) by extensions ['colcon_pkg']
[0.235s] Level 1:colcon.colcon_core.package_identification:_identify(webots_ros2/webots_ros2_epuck) by extension 'colcon_pkg'
[0.235s] Level 1:colcon.colcon_core.package_identification:_identify(webots_ros2/webots_ros2_epuck) by extensions ['colcon_meta']
[0.235s] Level 1:colcon.colcon_core.package_identification:_identify(webots_ros2/webots_ros2_epuck) by extension 'colcon_meta'
[0.235s] Level 1:colcon.colcon_core.package_identification:_identify(webots_ros2/webots_ros2_epuck) by extensions ['ros']
[0.235s] Level 1:colcon.colcon_core.package_identification:_identify(webots_ros2/webots_ros2_epuck) by extension 'ros'
[0.239s] DEBUG:colcon.colcon_core.package_identification:Package 'webots_ros2/webots_ros2_epuck' with type 'ros.ament_python' and name 'webots_ros2_epuck'
[0.240s] Level 1:colcon.colcon_core.package_identification:_identify(webots_ros2/webots_ros2_husarion) by extensions ['ignore', 'ignore_ament_install']
[0.240s] Level 1:colcon.colcon_core.package_identification:_identify(webots_ros2/webots_ros2_husarion) by extension 'ignore'
[0.240s] Level 1:colcon.colcon_core.package_identification:_identify(webots_ros2/webots_ros2_husarion) by extension 'ignore_ament_install'
[0.240s] Level 1:colcon.colcon_core.package_identification:_identify(webots_ros2/webots_ros2_husarion) by extensions ['colcon_pkg']
[0.241s] Level 1:colcon.colcon_core.package_identification:_identify(webots_ros2/webots_ros2_husarion) by extension 'colcon_pkg'
[0.241s] Level 1:colcon.colcon_core.package_identification:_identify(webots_ros2/webots_ros2_husarion) by extensions ['colcon_meta']
[0.241s] Level 1:colcon.colcon_core.package_identification:_identify(webots_ros2/webots_ros2_husarion) by extension 'colcon_meta'
[0.241s] Level 1:colcon.colcon_core.package_identification:_identify(webots_ros2/webots_ros2_husarion) by extensions ['ros']
[0.241s] Level 1:colcon.colcon_core.package_identification:_identify(webots_ros2/webots_ros2_husarion) by extension 'ros'
[0.242s] DEBUG:colcon.colcon_core.package_identification:Package 'webots_ros2/webots_ros2_husarion' with type 'ros.ament_python' and name 'webots_ros2_husarion'
[0.242s] Level 1:colcon.colcon_core.package_identification:_identify(webots_ros2/webots_ros2_importer) by extensions ['ignore', 'ignore_ament_install']
[0.243s] Level 1:colcon.colcon_core.package_identification:_identify(webots_ros2/webots_ros2_importer) by extension 'ignore'
[0.243s] Level 1:colcon.colcon_core.package_identification:_identify(webots_ros2/webots_ros2_importer) by extension 'ignore_ament_install'
[0.243s] Level 1:colcon.colcon_core.package_identification:_identify(webots_ros2/webots_ros2_importer) by extensions ['colcon_pkg']
[0.243s] Level 1:colcon.colcon_core.package_identification:_identify(webots_ros2/webots_ros2_importer) by extension 'colcon_pkg'
[0.243s] Level 1:colcon.colcon_core.package_identification:_identify(webots_ros2/webots_ros2_importer) by extensions ['colcon_meta']
[0.243s] Level 1:colcon.colcon_core.package_identification:_identify(webots_ros2/webots_ros2_importer) by extension 'colcon_meta'
[0.243s] Level 1:colcon.colcon_core.package_identification:_identify(webots_ros2/webots_ros2_importer) by extensions ['ros']
[0.243s] Level 1:colcon.colcon_core.package_identification:_identify(webots_ros2/webots_ros2_importer) by extension 'ros'
[0.244s] DEBUG:colcon.colcon_core.package_identification:Package 'webots_ros2/webots_ros2_importer' with type 'ros.ament_python' and name 'webots_ros2_importer'
[0.245s] Level 1:colcon.colcon_core.package_identification:_identify(webots_ros2/webots_ros2_mavic) by extensions ['ignore', 'ignore_ament_install']
[0.245s] Level 1:colcon.colcon_core.package_identification:_identify(webots_ros2/webots_ros2_mavic) by extension 'ignore'
[0.245s] Level 1:colcon.colcon_core.package_identification:_identify(webots_ros2/webots_ros2_mavic) by extension 'ignore_ament_install'
[0.245s] Level 1:colcon.colcon_core.package_identification:_identify(webots_ros2/webots_ros2_mavic) by extensions ['colcon_pkg']
[0.245s] Level 1:colcon.colcon_core.package_identification:_identify(webots_ros2/webots_ros2_mavic) by extension 'colcon_pkg'
[0.245s] Level 1:colcon.colcon_core.package_identification:_identify(webots_ros2/webots_ros2_mavic) by extensions ['colcon_meta']
[0.245s] Level 1:colcon.colcon_core.package_identification:_identify(webots_ros2/webots_ros2_mavic) by extension 'colcon_meta'
[0.246s] Level 1:colcon.colcon_core.package_identification:_identify(webots_ros2/webots_ros2_mavic) by extensions ['ros']
[0.246s] Level 1:colcon.colcon_core.package_identification:_identify(webots_ros2/webots_ros2_mavic) by extension 'ros'
[0.246s] DEBUG:colcon.colcon_core.package_identification:Package 'webots_ros2/webots_ros2_mavic' with type 'ros.ament_python' and name 'webots_ros2_mavic'
[0.247s] Level 1:colcon.colcon_core.package_identification:_identify(webots_ros2/webots_ros2_msgs) by extensions ['ignore', 'ignore_ament_install']
[0.247s] Level 1:colcon.colcon_core.package_identification:_identify(webots_ros2/webots_ros2_msgs) by extension 'ignore'
[0.247s] Level 1:colcon.colcon_core.package_identification:_identify(webots_ros2/webots_ros2_msgs) by extension 'ignore_ament_install'
[0.247s] Level 1:colcon.colcon_core.package_identification:_identify(webots_ros2/webots_ros2_msgs) by extensions ['colcon_pkg']
[0.248s] Level 1:colcon.colcon_core.package_identification:_identify(webots_ros2/webots_ros2_msgs) by extension 'colcon_pkg'
[0.248s] Level 1:colcon.colcon_core.package_identification:_identify(webots_ros2/webots_ros2_msgs) by extensions ['colcon_meta']
[0.248s] Level 1:colcon.colcon_core.package_identification:_identify(webots_ros2/webots_ros2_msgs) by extension 'colcon_meta'
[0.248s] Level 1:colcon.colcon_core.package_identification:_identify(webots_ros2/webots_ros2_msgs) by extensions ['ros']
[0.250s] Level 1:colcon.colcon_core.package_identification:_identify(webots_ros2/webots_ros2_msgs) by extension 'ros'
[0.251s] DEBUG:colcon.colcon_core.package_identification:Package 'webots_ros2/webots_ros2_msgs' with type 'ros.ament_cmake' and name 'webots_ros2_msgs'
[0.252s] Level 1:colcon.colcon_core.package_identification:_identify(webots_ros2/webots_ros2_tesla) by extensions ['ignore', 'ignore_ament_install']
[0.253s] Level 1:colcon.colcon_core.package_identification:_identify(webots_ros2/webots_ros2_tesla) by extension 'ignore'
[0.254s] Level 1:colcon.colcon_core.package_identification:_identify(webots_ros2/webots_ros2_tesla) by extension 'ignore_ament_install'
[0.255s] Level 1:colcon.colcon_core.package_identification:_identify(webots_ros2/webots_ros2_tesla) by extensions ['colcon_pkg']
[0.255s] Level 1:colcon.colcon_core.package_identification:_identify(webots_ros2/webots_ros2_tesla) by extension 'colcon_pkg'
[0.255s] Level 1:colcon.colcon_core.package_identification:_identify(webots_ros2/webots_ros2_tesla) by extensions ['colcon_meta']
[0.255s] Level 1:colcon.colcon_core.package_identification:_identify(webots_ros2/webots_ros2_tesla) by extension 'colcon_meta'
[0.255s] Level 1:colcon.colcon_core.package_identification:_identify(webots_ros2/webots_ros2_tesla) by extensions ['ros']
[0.255s] Level 1:colcon.colcon_core.package_identification:_identify(webots_ros2/webots_ros2_tesla) by extension 'ros'
[0.256s] DEBUG:colcon.colcon_core.package_identification:Package 'webots_ros2/webots_ros2_tesla' with type 'ros.ament_python' and name 'webots_ros2_tesla'
[0.256s] Level 1:colcon.colcon_core.package_identification:_identify(webots_ros2/webots_ros2_tests) by extensions ['ignore', 'ignore_ament_install']
[0.256s] Level 1:colcon.colcon_core.package_identification:_identify(webots_ros2/webots_ros2_tests) by extension 'ignore'
[0.256s] Level 1:colcon.colcon_core.package_identification:_identify(webots_ros2/webots_ros2_tests) by extension 'ignore_ament_install'
[0.256s] Level 1:colcon.colcon_core.package_identification:_identify(webots_ros2/webots_ros2_tests) by extensions ['colcon_pkg']
[0.256s] Level 1:colcon.colcon_core.package_identification:_identify(webots_ros2/webots_ros2_tests) by extension 'colcon_pkg'
[0.256s] Level 1:colcon.colcon_core.package_identification:_identify(webots_ros2/webots_ros2_tests) by extensions ['colcon_meta']
[0.257s] Level 1:colcon.colcon_core.package_identification:_identify(webots_ros2/webots_ros2_tests) by extension 'colcon_meta'
[0.257s] Level 1:colcon.colcon_core.package_identification:_identify(webots_ros2/webots_ros2_tests) by extensions ['ros']
[0.257s] Level 1:colcon.colcon_core.package_identification:_identify(webots_ros2/webots_ros2_tests) by extension 'ros'
[0.258s] DEBUG:colcon.colcon_core.package_identification:Package 'webots_ros2/webots_ros2_tests' with type 'ros.ament_python' and name 'webots_ros2_tests'
[0.259s] Level 1:colcon.colcon_core.package_identification:_identify(webots_ros2/webots_ros2_tiago) by extensions ['ignore', 'ignore_ament_install']
[0.259s] Level 1:colcon.colcon_core.package_identification:_identify(webots_ros2/webots_ros2_tiago) by extension 'ignore'
[0.259s] Level 1:colcon.colcon_core.package_identification:_identify(webots_ros2/webots_ros2_tiago) by extension 'ignore_ament_install'
[0.259s] Level 1:colcon.colcon_core.package_identification:_identify(webots_ros2/webots_ros2_tiago) by extensions ['colcon_pkg']
[0.260s] Level 1:colcon.colcon_core.package_identification:_identify(webots_ros2/webots_ros2_tiago) by extension 'colcon_pkg'
[0.260s] Level 1:colcon.colcon_core.package_identification:_identify(webots_ros2/webots_ros2_tiago) by extensions ['colcon_meta']
[0.260s] Level 1:colcon.colcon_core.package_identification:_identify(webots_ros2/webots_ros2_tiago) by extension 'colcon_meta'
[0.260s] Level 1:colcon.colcon_core.package_identification:_identify(webots_ros2/webots_ros2_tiago) by extensions ['ros']
[0.260s] Level 1:colcon.colcon_core.package_identification:_identify(webots_ros2/webots_ros2_tiago) by extension 'ros'
[0.261s] DEBUG:colcon.colcon_core.package_identification:Package 'webots_ros2/webots_ros2_tiago' with type 'ros.ament_python' and name 'webots_ros2_tiago'
[0.261s] Level 1:colcon.colcon_core.package_identification:_identify(webots_ros2/webots_ros2_turtlebot) by extensions ['ignore', 'ignore_ament_install']
[0.262s] Level 1:colcon.colcon_core.package_identification:_identify(webots_ros2/webots_ros2_turtlebot) by extension 'ignore'
[0.262s] Level 1:colcon.colcon_core.package_identification:_identify(webots_ros2/webots_ros2_turtlebot) by extension 'ignore_ament_install'
[0.262s] Level 1:colcon.colcon_core.package_identification:_identify(webots_ros2/webots_ros2_turtlebot) by extensions ['colcon_pkg']
[0.262s] Level 1:colcon.colcon_core.package_identification:_identify(webots_ros2/webots_ros2_turtlebot) by extension 'colcon_pkg'
[0.262s] Level 1:colcon.colcon_core.package_identification:_identify(webots_ros2/webots_ros2_turtlebot) by extensions ['colcon_meta']
[0.262s] Level 1:colcon.colcon_core.package_identification:_identify(webots_ros2/webots_ros2_turtlebot) by extension 'colcon_meta'
[0.262s] Level 1:colcon.colcon_core.package_identification:_identify(webots_ros2/webots_ros2_turtlebot) by extensions ['ros']
[0.262s] Level 1:colcon.colcon_core.package_identification:_identify(webots_ros2/webots_ros2_turtlebot) by extension 'ros'
[0.263s] DEBUG:colcon.colcon_core.package_identification:Package 'webots_ros2/webots_ros2_turtlebot' with type 'ros.ament_python' and name 'webots_ros2_turtlebot'
[0.264s] Level 1:colcon.colcon_core.package_identification:_identify(webots_ros2/webots_ros2_universal_robot) by extensions ['ignore', 'ignore_ament_install']
[0.264s] Level 1:colcon.colcon_core.package_identification:_identify(webots_ros2/webots_ros2_universal_robot) by extension 'ignore'
[0.264s] Level 1:colcon.colcon_core.package_identification:_identify(webots_ros2/webots_ros2_universal_robot) by extension 'ignore_ament_install'
[0.264s] Level 1:colcon.colcon_core.package_identification:_identify(webots_ros2/webots_ros2_universal_robot) by extensions ['colcon_pkg']
[0.264s] Level 1:colcon.colcon_core.package_identification:_identify(webots_ros2/webots_ros2_universal_robot) by extension 'colcon_pkg'
[0.265s] Level 1:colcon.colcon_core.package_identification:_identify(webots_ros2/webots_ros2_universal_robot) by extensions ['colcon_meta']
[0.265s] Level 1:colcon.colcon_core.package_identification:_identify(webots_ros2/webots_ros2_universal_robot) by extension 'colcon_meta'
[0.265s] Level 1:colcon.colcon_core.package_identification:_identify(webots_ros2/webots_ros2_universal_robot) by extensions ['ros']
[0.265s] Level 1:colcon.colcon_core.package_identification:_identify(webots_ros2/webots_ros2_universal_robot) by extension 'ros'
[0.266s] DEBUG:colcon.colcon_core.package_identification:Package 'webots_ros2/webots_ros2_universal_robot' with type 'ros.ament_python' and name 'webots_ros2_universal_robot'
[0.266s] Level 1:colcon.colcon_core.package_discovery:discover_packages(recursive) using defaults
[0.266s] Level 1:colcon.colcon_core.package_discovery:discover_packages(ignore) discover
[0.266s] Level 1:colcon.colcon_core.package_discovery:discover_packages(ignore) using defaults
[0.266s] Level 1:colcon.colcon_core.package_discovery:discover_packages(path) discover
[0.266s] Level 1:colcon.colcon_core.package_discovery:discover_packages(path) using defaults
[0.299s] INFO:colcon.colcon_core.package_selection:Skipping not selected package 'gazeboenvs' in 'gazeboenvs'
[0.299s] INFO:colcon.colcon_core.package_selection:Skipping not selected package 'webots_ros2_importer' in 'webots_ros2/webots_ros2_importer'
[0.299s] INFO:colcon.colcon_core.package_selection:Skipping not selected package 'webots_ros2_msgs' in 'webots_ros2/webots_ros2_msgs'
[0.299s] INFO:colcon.colcon_core.package_selection:Skipping not selected package 'webots_ros2_driver' in 'webots_ros2/webots_ros2_driver'
[0.299s] INFO:colcon.colcon_core.package_selection:Skipping not selected package 'webots_ros2_control' in 'webots_ros2/webots_ros2_control'
[0.299s] INFO:colcon.colcon_core.package_selection:Skipping not selected package 'webots_ros2_crazyflie' in 'webots_ros2/webots_ros2_crazyflie'
[0.299s] INFO:colcon.colcon_core.package_selection:Skipping not selected package 'webots_ros2_mavic' in 'webots_ros2/webots_ros2_mavic'
[0.299s] INFO:colcon.colcon_core.package_selection:Skipping not selected package 'webots_ros2_tesla' in 'webots_ros2/webots_ros2_tesla'
[0.299s] INFO:colcon.colcon_core.package_selection:Skipping not selected package 'webots_ros2_epuck' in 'webots_ros2/webots_ros2_epuck'
[0.299s] INFO:colcon.colcon_core.package_selection:Skipping not selected package 'webots_ros2_husarion' in 'webots_ros2/webots_ros2_husarion'
[0.299s] INFO:colcon.colcon_core.package_selection:Skipping not selected package 'webots_ros2_tiago' in 'webots_ros2/webots_ros2_tiago'
[0.300s] INFO:colcon.colcon_core.package_selection:Skipping not selected package 'webots_ros2_turtlebot' in 'webots_ros2/webots_ros2_turtlebot'
[0.300s] INFO:colcon.colcon_core.package_selection:Skipping not selected package 'webots_ros2_universal_robot' in 'webots_ros2/webots_ros2_universal_robot'
[0.300s] INFO:colcon.colcon_core.package_selection:Skipping not selected package 'webots_ros2_tests' in 'webots_ros2/webots_ros2_tests'
[0.300s] INFO:colcon.colcon_core.package_selection:Skipping not selected package 'webots_ros2' in 'webots_ros2/webots_ros2'
[0.300s] Level 5:colcon.colcon_core.verb:set package 'my_package' build argument 'cmake_args' from command line to 'None'
[0.300s] Level 5:colcon.colcon_core.verb:set package 'my_package' build argument 'cmake_target' from command line to 'None'
[0.300s] Level 5:colcon.colcon_core.verb:set package 'my_package' build argument 'cmake_target_skip_unavailable' from command line to 'False'
[0.300s] Level 5:colcon.colcon_core.verb:set package 'my_package' build argument 'cmake_clean_cache' from command line to 'False'
[0.300s] Level 5:colcon.colcon_core.verb:set package 'my_package' build argument 'cmake_clean_first' from command line to 'False'
[0.300s] Level 5:colcon.colcon_core.verb:set package 'my_package' build argument 'cmake_force_configure' from command line to 'False'
[0.300s] Level 5:colcon.colcon_core.verb:set package 'my_package' build argument 'ament_cmake_args' from command line to 'None'
[0.301s] Level 5:colcon.colcon_core.verb:set package 'my_package' build argument 'catkin_cmake_args' from command line to 'None'
[0.301s] Level 5:colcon.colcon_core.verb:set package 'my_package' build argument 'catkin_skip_building_tests' from command line to 'False'
[0.301s] DEBUG:colcon.colcon_core.verb:Building package 'my_package' with the following arguments: {'ament_cmake_args': None, 'build_base': '/MRTP/MRTP/src/build/my_package', 'catkin_cmake_args': None, 'catkin_skip_building_tests': False, 'cmake_args': None, 'cmake_clean_cache': False, 'cmake_clean_first': False, 'cmake_force_configure': False, 'cmake_target': None, 'cmake_target_skip_unavailable': False, 'install_base': '/MRTP/MRTP/src/install/my_package', 'merge_install': False, 'path': '/MRTP/MRTP/src/my_package', 'symlink_install': False, 'test_result_base': None}
[0.301s] INFO:colcon.colcon_core.executor:Executing jobs using 'parallel' executor
[0.302s] DEBUG:colcon.colcon_parallel_executor.executor.parallel:run_until_complete
[0.302s] INFO:colcon.colcon_ros.task.ament_cmake.build:Building ROS package in '/MRTP/MRTP/src/my_package' with build type 'ament_cmake'
[0.303s] INFO:colcon.colcon_cmake.task.cmake.build:Building CMake package in '/MRTP/MRTP/src/my_package'
[0.304s] INFO:colcon.colcon_core.plugin_system:Skipping extension 'colcon_core.shell.bat': Not used on non-Windows systems
[0.305s] INFO:colcon.colcon_core.shell:Skip shell extension 'powershell' for command environment: Not usable outside of PowerShell
[0.305s] DEBUG:colcon.colcon_core.shell:Skip shell extension 'dsv' for command environment
[0.430s] DEBUG:colcon.colcon_core.event_handler.log_command:Invoking command in '/MRTP/MRTP/src/build/my_package': AMENT_PREFIX_PATH=/MRTP/MRTP/src/install/webots_ros2_importer:/MRTP/MRTP/src/install/webots_ros2:/MRTP/MRTP/src/install/webots_ros2_universal_robot:/MRTP/MRTP/src/install/webots_ros2_turtlebot:/MRTP/MRTP/src/install/webots_ros2_tiago:/MRTP/MRTP/src/install/webots_ros2_tests:/MRTP/MRTP/src/install/webots_ros2_tesla:/MRTP/MRTP/src/install/webots_ros2_mavic:/MRTP/MRTP/src/install/webots_ros2_husarion:/MRTP/MRTP/src/install/webots_ros2_epuck:/MRTP/MRTP/src/install/webots_ros2_crazyflie:/MRTP/MRTP/src/install/webots_ros2_control:/MRTP/MRTP/src/install/my_package:/MRTP/MRTP/src/install/webots_ros2_driver:/MRTP/MRTP/src/install/webots_ros2_msgs:/MRTP/MRTP/src/install/gazeboenvs:/opt/ros/jazzy CMAKE_PREFIX_PATH=/MRTP/MRTP/src/install/webots_ros2_driver:/MRTP/MRTP/src/install/webots_ros2_msgs:/MRTP/MRTP/src/install/webots_ros2_control:/MRTP/MRTP/src/install/my_package:/opt/ros/jazzy/opt/gz_sim_vendor:/opt/ros/jazzy/opt/gz_sensors_vendor:/opt/ros/jazzy/opt/gz_physics_vendor:/opt/ros/jazzy/opt/sdformat_vendor:/opt/ros/jazzy/opt/gz_gui_vendor:/opt/ros/jazzy/opt/gz_transport_vendor:/opt/ros/jazzy/opt/gz_rendering_vendor:/opt/ros/jazzy/opt/gz_plugin_vendor:/opt/ros/jazzy/opt/gz_fuel_tools_vendor:/opt/ros/jazzy/opt/gz_msgs_vendor:/opt/ros/jazzy/opt/gz_common_vendor:/opt/ros/jazzy/opt/gz_math_vendor:/opt/ros/jazzy/opt/gz_utils_vendor:/opt/ros/jazzy/opt/gz_tools_vendor:/opt/ros/jazzy/opt/gz_ogre_next_vendor:/opt/ros/jazzy/opt/gz_dartsim_vendor:/opt/ros/jazzy/opt/gz_cmake_vendor:/MRTP/MRTP/src/install/webots_ros2:/MRTP/MRTP/src/install/webots_ros2_universal_robot:/MRTP/MRTP/src/install/webots_ros2_turtlebot:/MRTP/MRTP/src/install/webots_ros2_tiago:/MRTP/MRTP/src/install/webots_ros2_tests:/MRTP/MRTP/src/install/webots_ros2_tesla:/MRTP/MRTP/src/install/webots_ros2_mavic:/MRTP/MRTP/src/install/webots_ros2_husarion:/MRTP/MRTP/src/install/webots_ros2_epuck:/MRTP/MRTP/src/install/webots_ros2_crazyflie:/MRTP/MRTP/src/install/webots_ros2_importer:/MRTP/MRTP/src/install/gazeboenvs:/opt/ros/jazzy LD_LIBRARY_PATH=/MRTP/MRTP/src/install/webots_ros2_driver/lib:/MRTP/MRTP/src/install/webots_ros2_msgs/lib:/MRTP/MRTP/src/install/webots_ros2_control/lib:/MRTP/MRTP/src/install/my_package/lib:/opt/ros/jazzy/opt/gz_sim_vendor/lib:/opt/ros/jazzy/opt/gz_sensors_vendor/lib:/opt/ros/jazzy/opt/gz_physics_vendor/lib:/opt/ros/jazzy/opt/sdformat_vendor/lib:/opt/ros/jazzy/opt/rviz_ogre_vendor/lib:/opt/ros/jazzy/lib/aarch64-linux-gnu:/opt/ros/jazzy/opt/gz_gui_vendor/lib:/opt/ros/jazzy/opt/gz_transport_vendor/lib:/opt/ros/jazzy/opt/gz_rendering_vendor/lib:/opt/ros/jazzy/opt/gz_plugin_vendor/lib:/opt/ros/jazzy/opt/gz_fuel_tools_vendor/lib:/opt/ros/jazzy/opt/gz_msgs_vendor/lib:/opt/ros/jazzy/opt/gz_common_vendor/lib:/opt/ros/jazzy/opt/gz_math_vendor/lib:/opt/ros/jazzy/opt/gz_utils_vendor/lib:/opt/ros/jazzy/opt/gz_tools_vendor/lib:/opt/ros/jazzy/opt/gz_ogre_next_vendor/lib:/opt/ros/jazzy/opt/gz_dartsim_vendor/lib:/opt/ros/jazzy/opt/gz_cmake_vendor/lib:/opt/ros/jazzy/lib PS1=(.venv) \[\e]0;\u@\h: \w\a\]${debian_chroot:+($debian_chroot)}\u@\h:\w\$ PYTHONPATH=/MRTP/MRTP/src/install/webots_ros2_driver/lib/python3.12/site-packages:/MRTP/MRTP/src/install/webots_ros2_msgs/lib/python3.12/site-packages:/MRTP/MRTP/src/build/webots_ros2_importer:/MRTP/MRTP/src/install/webots_ros2_importer/lib/python3.12/site-packages:/MRTP/MRTP/src/install/my_package/lib/python3.12/site-packages:/MRTP/MRTP/src/build/webots_ros2:/MRTP/MRTP/src/install/webots_ros2/lib/python3.12/site-packages:/MRTP/MRTP/src/build/webots_ros2_universal_robot:/MRTP/MRTP/src/install/webots_ros2_universal_robot/lib/python3.12/site-packages:/MRTP/MRTP/src/build/webots_ros2_turtlebot:/MRTP/MRTP/src/install/webots_ros2_turtlebot/lib/python3.12/site-packages:/MRTP/MRTP/src/build/webots_ros2_tiago:/MRTP/MRTP/src/install/webots_ros2_tiago/lib/python3.12/site-packages:/MRTP/MRTP/src/build/webots_ros2_tests:/MRTP/MRTP/src/install/webots_ros2_tests/lib/python3.12/site-packages:/MRTP/MRTP/src/build/webots_ros2_tesla:/MRTP/MRTP/src/install/webots_ros2_tesla/lib/python3.12/site-packages:/MRTP/MRTP/src/build/webots_ros2_mavic:/MRTP/MRTP/src/install/webots_ros2_mavic/lib/python3.12/site-packages:/MRTP/MRTP/src/build/webots_ros2_husarion:/MRTP/MRTP/src/install/webots_ros2_husarion/lib/python3.12/site-packages:/MRTP/MRTP/src/build/webots_ros2_epuck:/MRTP/MRTP/src/install/webots_ros2_epuck/lib/python3.12/site-packages:/MRTP/MRTP/src/build/webots_ros2_crazyflie:/MRTP/MRTP/src/install/webots_ros2_crazyflie/lib/python3.12/site-packages:/MRTP/MRTP/src/build/gazeboenvs:/MRTP/MRTP/src/install/gazeboenvs/lib/python3.12/site-packages:/usr/lib/python3/dist-packages:/opt/ros/jazzy/lib/python3.12/site-packages VIRTUAL_ENV_PROMPT=(.venv) /usr/bin/cmake --build /MRTP/MRTP/src/build/my_package -- -j12 -l12
[1.568s] DEBUG:colcon.colcon_core.event_handler.log_command:Invoked command in '/MRTP/MRTP/src/build/my_package' returned '0': AMENT_PREFIX_PATH=/MRTP/MRTP/src/install/webots_ros2_importer:/MRTP/MRTP/src/install/webots_ros2:/MRTP/MRTP/src/install/webots_ros2_universal_robot:/MRTP/MRTP/src/install/webots_ros2_turtlebot:/MRTP/MRTP/src/install/webots_ros2_tiago:/MRTP/MRTP/src/install/webots_ros2_tests:/MRTP/MRTP/src/install/webots_ros2_tesla:/MRTP/MRTP/src/install/webots_ros2_mavic:/MRTP/MRTP/src/install/webots_ros2_husarion:/MRTP/MRTP/src/install/webots_ros2_epuck:/MRTP/MRTP/src/install/webots_ros2_crazyflie:/MRTP/MRTP/src/install/webots_ros2_control:/MRTP/MRTP/src/install/my_package:/MRTP/MRTP/src/install/webots_ros2_driver:/MRTP/MRTP/src/install/webots_ros2_msgs:/MRTP/MRTP/src/install/gazeboenvs:/opt/ros/jazzy CMAKE_PREFIX_PATH=/MRTP/MRTP/src/install/webots_ros2_driver:/MRTP/MRTP/src/install/webots_ros2_msgs:/MRTP/MRTP/src/install/webots_ros2_control:/MRTP/MRTP/src/install/my_package:/opt/ros/jazzy/opt/gz_sim_vendor:/opt/ros/jazzy/opt/gz_sensors_vendor:/opt/ros/jazzy/opt/gz_physics_vendor:/opt/ros/jazzy/opt/sdformat_vendor:/opt/ros/jazzy/opt/gz_gui_vendor:/opt/ros/jazzy/opt/gz_transport_vendor:/opt/ros/jazzy/opt/gz_rendering_vendor:/opt/ros/jazzy/opt/gz_plugin_vendor:/opt/ros/jazzy/opt/gz_fuel_tools_vendor:/opt/ros/jazzy/opt/gz_msgs_vendor:/opt/ros/jazzy/opt/gz_common_vendor:/opt/ros/jazzy/opt/gz_math_vendor:/opt/ros/jazzy/opt/gz_utils_vendor:/opt/ros/jazzy/opt/gz_tools_vendor:/opt/ros/jazzy/opt/gz_ogre_next_vendor:/opt/ros/jazzy/opt/gz_dartsim_vendor:/opt/ros/jazzy/opt/gz_cmake_vendor:/MRTP/MRTP/src/install/webots_ros2:/MRTP/MRTP/src/install/webots_ros2_universal_robot:/MRTP/MRTP/src/install/webots_ros2_turtlebot:/MRTP/MRTP/src/install/webots_ros2_tiago:/MRTP/MRTP/src/install/webots_ros2_tests:/MRTP/MRTP/src/install/webots_ros2_tesla:/MRTP/MRTP/src/install/webots_ros2_mavic:/MRTP/MRTP/src/install/webots_ros2_husarion:/MRTP/MRTP/src/install/webots_ros2_epuck:/MRTP/MRTP/src/install/webots_ros2_crazyflie:/MRTP/MRTP/src/install/webots_ros2_importer:/MRTP/MRTP/src/install/gazeboenvs:/opt/ros/jazzy LD_LIBRARY_PATH=/MRTP/MRTP/src/install/webots_ros2_driver/lib:/MRTP/MRTP/src/install/webots_ros2_msgs/lib:/MRTP/MRTP/src/install/webots_ros2_control/lib:/MRTP/MRTP/src/install/my_package/lib:/opt/ros/jazzy/opt/gz_sim_vendor/lib:/opt/ros/jazzy/opt/gz_sensors_vendor/lib:/opt/ros/jazzy/opt/gz_physics_vendor/lib:/opt/ros/jazzy/opt/sdformat_vendor/lib:/opt/ros/jazzy/opt/rviz_ogre_vendor/lib:/opt/ros/jazzy/lib/aarch64-linux-gnu:/opt/ros/jazzy/opt/gz_gui_vendor/lib:/opt/ros/jazzy/opt/gz_transport_vendor/lib:/opt/ros/jazzy/opt/gz_rendering_vendor/lib:/opt/ros/jazzy/opt/gz_plugin_vendor/lib:/opt/ros/jazzy/opt/gz_fuel_tools_vendor/lib:/opt/ros/jazzy/opt/gz_msgs_vendor/lib:/opt/ros/jazzy/opt/gz_common_vendor/lib:/opt/ros/jazzy/opt/gz_math_vendor/lib:/opt/ros/jazzy/opt/gz_utils_vendor/lib:/opt/ros/jazzy/opt/gz_tools_vendor/lib:/opt/ros/jazzy/opt/gz_ogre_next_vendor/lib:/opt/ros/jazzy/opt/gz_dartsim_vendor/lib:/opt/ros/jazzy/opt/gz_cmake_vendor/lib:/opt/ros/jazzy/lib PS1=(.venv) \[\e]0;\u@\h: \w\a\]${debian_chroot:+($debian_chroot)}\u@\h:\w\$ PYTHONPATH=/MRTP/MRTP/src/install/webots_ros2_driver/lib/python3.12/site-packages:/MRTP/MRTP/src/install/webots_ros2_msgs/lib/python3.12/site-packages:/MRTP/MRTP/src/build/webots_ros2_importer:/MRTP/MRTP/src/install/webots_ros2_importer/lib/python3.12/site-packages:/MRTP/MRTP/src/install/my_package/lib/python3.12/site-packages:/MRTP/MRTP/src/build/webots_ros2:/MRTP/MRTP/src/install/webots_ros2/lib/python3.12/site-packages:/MRTP/MRTP/src/build/webots_ros2_universal_robot:/MRTP/MRTP/src/install/webots_ros2_universal_robot/lib/python3.12/site-packages:/MRTP/MRTP/src/build/webots_ros2_turtlebot:/MRTP/MRTP/src/install/webots_ros2_turtlebot/lib/python3.12/site-packages:/MRTP/MRTP/src/build/webots_ros2_tiago:/MRTP/MRTP/src/install/webots_ros2_tiago/lib/python3.12/site-packages:/MRTP/MRTP/src/build/webots_ros2_tests:/MRTP/MRTP/src/install/webots_ros2_tests/lib/python3.12/site-packages:/MRTP/MRTP/src/build/webots_ros2_tesla:/MRTP/MRTP/src/install/webots_ros2_tesla/lib/python3.12/site-packages:/MRTP/MRTP/src/build/webots_ros2_mavic:/MRTP/MRTP/src/install/webots_ros2_mavic/lib/python3.12/site-packages:/MRTP/MRTP/src/build/webots_ros2_husarion:/MRTP/MRTP/src/install/webots_ros2_husarion/lib/python3.12/site-packages:/MRTP/MRTP/src/build/webots_ros2_epuck:/MRTP/MRTP/src/install/webots_ros2_epuck/lib/python3.12/site-packages:/MRTP/MRTP/src/build/webots_ros2_crazyflie:/MRTP/MRTP/src/install/webots_ros2_crazyflie/lib/python3.12/site-packages:/MRTP/MRTP/src/build/gazeboenvs:/MRTP/MRTP/src/install/gazeboenvs/lib/python3.12/site-packages:/usr/lib/python3/dist-packages:/opt/ros/jazzy/lib/python3.12/site-packages VIRTUAL_ENV_PROMPT=(.venv) /usr/bin/cmake --build /MRTP/MRTP/src/build/my_package -- -j12 -l12
[1.605s] DEBUG:colcon.colcon_core.event_handler.log_command:Invoking command in '/MRTP/MRTP/src/build/my_package': AMENT_PREFIX_PATH=/MRTP/MRTP/src/install/webots_ros2_importer:/MRTP/MRTP/src/install/webots_ros2:/MRTP/MRTP/src/install/webots_ros2_universal_robot:/MRTP/MRTP/src/install/webots_ros2_turtlebot:/MRTP/MRTP/src/install/webots_ros2_tiago:/MRTP/MRTP/src/install/webots_ros2_tests:/MRTP/MRTP/src/install/webots_ros2_tesla:/MRTP/MRTP/src/install/webots_ros2_mavic:/MRTP/MRTP/src/install/webots_ros2_husarion:/MRTP/MRTP/src/install/webots_ros2_epuck:/MRTP/MRTP/src/install/webots_ros2_crazyflie:/MRTP/MRTP/src/install/webots_ros2_control:/MRTP/MRTP/src/install/my_package:/MRTP/MRTP/src/install/webots_ros2_driver:/MRTP/MRTP/src/install/webots_ros2_msgs:/MRTP/MRTP/src/install/gazeboenvs:/opt/ros/jazzy CMAKE_PREFIX_PATH=/MRTP/MRTP/src/install/webots_ros2_driver:/MRTP/MRTP/src/install/webots_ros2_msgs:/MRTP/MRTP/src/install/webots_ros2_control:/MRTP/MRTP/src/install/my_package:/opt/ros/jazzy/opt/gz_sim_vendor:/opt/ros/jazzy/opt/gz_sensors_vendor:/opt/ros/jazzy/opt/gz_physics_vendor:/opt/ros/jazzy/opt/sdformat_vendor:/opt/ros/jazzy/opt/gz_gui_vendor:/opt/ros/jazzy/opt/gz_transport_vendor:/opt/ros/jazzy/opt/gz_rendering_vendor:/opt/ros/jazzy/opt/gz_plugin_vendor:/opt/ros/jazzy/opt/gz_fuel_tools_vendor:/opt/ros/jazzy/opt/gz_msgs_vendor:/opt/ros/jazzy/opt/gz_common_vendor:/opt/ros/jazzy/opt/gz_math_vendor:/opt/ros/jazzy/opt/gz_utils_vendor:/opt/ros/jazzy/opt/gz_tools_vendor:/opt/ros/jazzy/opt/gz_ogre_next_vendor:/opt/ros/jazzy/opt/gz_dartsim_vendor:/opt/ros/jazzy/opt/gz_cmake_vendor:/MRTP/MRTP/src/install/webots_ros2:/MRTP/MRTP/src/install/webots_ros2_universal_robot:/MRTP/MRTP/src/install/webots_ros2_turtlebot:/MRTP/MRTP/src/install/webots_ros2_tiago:/MRTP/MRTP/src/install/webots_ros2_tests:/MRTP/MRTP/src/install/webots_ros2_tesla:/MRTP/MRTP/src/install/webots_ros2_mavic:/MRTP/MRTP/src/install/webots_ros2_husarion:/MRTP/MRTP/src/install/webots_ros2_epuck:/MRTP/MRTP/src/install/webots_ros2_crazyflie:/MRTP/MRTP/src/install/webots_ros2_importer:/MRTP/MRTP/src/install/gazeboenvs:/opt/ros/jazzy LD_LIBRARY_PATH=/MRTP/MRTP/src/install/webots_ros2_driver/lib:/MRTP/MRTP/src/install/webots_ros2_msgs/lib:/MRTP/MRTP/src/install/webots_ros2_control/lib:/MRTP/MRTP/src/install/my_package/lib:/opt/ros/jazzy/opt/gz_sim_vendor/lib:/opt/ros/jazzy/opt/gz_sensors_vendor/lib:/opt/ros/jazzy/opt/gz_physics_vendor/lib:/opt/ros/jazzy/opt/sdformat_vendor/lib:/opt/ros/jazzy/opt/rviz_ogre_vendor/lib:/opt/ros/jazzy/lib/aarch64-linux-gnu:/opt/ros/jazzy/opt/gz_gui_vendor/lib:/opt/ros/jazzy/opt/gz_transport_vendor/lib:/opt/ros/jazzy/opt/gz_rendering_vendor/lib:/opt/ros/jazzy/opt/gz_plugin_vendor/lib:/opt/ros/jazzy/opt/gz_fuel_tools_vendor/lib:/opt/ros/jazzy/opt/gz_msgs_vendor/lib:/opt/ros/jazzy/opt/gz_common_vendor/lib:/opt/ros/jazzy/opt/gz_math_vendor/lib:/opt/ros/jazzy/opt/gz_utils_vendor/lib:/opt/ros/jazzy/opt/gz_tools_vendor/lib:/opt/ros/jazzy/opt/gz_ogre_next_vendor/lib:/opt/ros/jazzy/opt/gz_dartsim_vendor/lib:/opt/ros/jazzy/opt/gz_cmake_vendor/lib:/opt/ros/jazzy/lib PS1=(.venv) \[\e]0;\u@\h: \w\a\]${debian_chroot:+($debian_chroot)}\u@\h:\w\$ PYTHONPATH=/MRTP/MRTP/src/install/webots_ros2_driver/lib/python3.12/site-packages:/MRTP/MRTP/src/install/webots_ros2_msgs/lib/python3.12/site-packages:/MRTP/MRTP/src/build/webots_ros2_importer:/MRTP/MRTP/src/install/webots_ros2_importer/lib/python3.12/site-packages:/MRTP/MRTP/src/install/my_package/lib/python3.12/site-packages:/MRTP/MRTP/src/build/webots_ros2:/MRTP/MRTP/src/install/webots_ros2/lib/python3.12/site-packages:/MRTP/MRTP/src/build/webots_ros2_universal_robot:/MRTP/MRTP/src/install/webots_ros2_universal_robot/lib/python3.12/site-packages:/MRTP/MRTP/src/build/webots_ros2_turtlebot:/MRTP/MRTP/src/install/webots_ros2_turtlebot/lib/python3.12/site-packages:/MRTP/MRTP/src/build/webots_ros2_tiago:/MRTP/MRTP/src/install/webots_ros2_tiago/lib/python3.12/site-packages:/MRTP/MRTP/src/build/webots_ros2_tests:/MRTP/MRTP/src/install/webots_ros2_tests/lib/python3.12/site-packages:/MRTP/MRTP/src/build/webots_ros2_tesla:/MRTP/MRTP/src/install/webots_ros2_tesla/lib/python3.12/site-packages:/MRTP/MRTP/src/build/webots_ros2_mavic:/MRTP/MRTP/src/install/webots_ros2_mavic/lib/python3.12/site-packages:/MRTP/MRTP/src/build/webots_ros2_husarion:/MRTP/MRTP/src/install/webots_ros2_husarion/lib/python3.12/site-packages:/MRTP/MRTP/src/build/webots_ros2_epuck:/MRTP/MRTP/src/install/webots_ros2_epuck/lib/python3.12/site-packages:/MRTP/MRTP/src/build/webots_ros2_crazyflie:/MRTP/MRTP/src/install/webots_ros2_crazyflie/lib/python3.12/site-packages:/MRTP/MRTP/src/build/gazeboenvs:/MRTP/MRTP/src/install/gazeboenvs/lib/python3.12/site-packages:/usr/lib/python3/dist-packages:/opt/ros/jazzy/lib/python3.12/site-packages VIRTUAL_ENV_PROMPT=(.venv) /usr/bin/cmake --install /MRTP/MRTP/src/build/my_package
[1.798s] Level 1:colcon.colcon_core.environment:create_environment_scripts_only(my_package)
[1.801s] Level 1:colcon.colcon_core.environment:checking '/MRTP/MRTP/src/install/my_package' for CMake module files
[1.803s] DEBUG:colcon.colcon_core.event_handler.log_command:Invoked command in '/MRTP/MRTP/src/build/my_package' returned '0': AMENT_PREFIX_PATH=/MRTP/MRTP/src/install/webots_ros2_importer:/MRTP/MRTP/src/install/webots_ros2:/MRTP/MRTP/src/install/webots_ros2_universal_robot:/MRTP/MRTP/src/install/webots_ros2_turtlebot:/MRTP/MRTP/src/install/webots_ros2_tiago:/MRTP/MRTP/src/install/webots_ros2_tests:/MRTP/MRTP/src/install/webots_ros2_tesla:/MRTP/MRTP/src/install/webots_ros2_mavic:/MRTP/MRTP/src/install/webots_ros2_husarion:/MRTP/MRTP/src/install/webots_ros2_epuck:/MRTP/MRTP/src/install/webots_ros2_crazyflie:/MRTP/MRTP/src/install/webots_ros2_control:/MRTP/MRTP/src/install/my_package:/MRTP/MRTP/src/install/webots_ros2_driver:/MRTP/MRTP/src/install/webots_ros2_msgs:/MRTP/MRTP/src/install/gazeboenvs:/opt/ros/jazzy CMAKE_PREFIX_PATH=/MRTP/MRTP/src/install/webots_ros2_driver:/MRTP/MRTP/src/install/webots_ros2_msgs:/MRTP/MRTP/src/install/webots_ros2_control:/MRTP/MRTP/src/install/my_package:/opt/ros/jazzy/opt/gz_sim_vendor:/opt/ros/jazzy/opt/gz_sensors_vendor:/opt/ros/jazzy/opt/gz_physics_vendor:/opt/ros/jazzy/opt/sdformat_vendor:/opt/ros/jazzy/opt/gz_gui_vendor:/opt/ros/jazzy/opt/gz_transport_vendor:/opt/ros/jazzy/opt/gz_rendering_vendor:/opt/ros/jazzy/opt/gz_plugin_vendor:/opt/ros/jazzy/opt/gz_fuel_tools_vendor:/opt/ros/jazzy/opt/gz_msgs_vendor:/opt/ros/jazzy/opt/gz_common_vendor:/opt/ros/jazzy/opt/gz_math_vendor:/opt/ros/jazzy/opt/gz_utils_vendor:/opt/ros/jazzy/opt/gz_tools_vendor:/opt/ros/jazzy/opt/gz_ogre_next_vendor:/opt/ros/jazzy/opt/gz_dartsim_vendor:/opt/ros/jazzy/opt/gz_cmake_vendor:/MRTP/MRTP/src/install/webots_ros2:/MRTP/MRTP/src/install/webots_ros2_universal_robot:/MRTP/MRTP/src/install/webots_ros2_turtlebot:/MRTP/MRTP/src/install/webots_ros2_tiago:/MRTP/MRTP/src/install/webots_ros2_tests:/MRTP/MRTP/src/install/webots_ros2_tesla:/MRTP/MRTP/src/install/webots_ros2_mavic:/MRTP/MRTP/src/install/webots_ros2_husarion:/MRTP/MRTP/src/install/webots_ros2_epuck:/MRTP/MRTP/src/install/webots_ros2_crazyflie:/MRTP/MRTP/src/install/webots_ros2_importer:/MRTP/MRTP/src/install/gazeboenvs:/opt/ros/jazzy LD_LIBRARY_PATH=/MRTP/MRTP/src/install/webots_ros2_driver/lib:/MRTP/MRTP/src/install/webots_ros2_msgs/lib:/MRTP/MRTP/src/install/webots_ros2_control/lib:/MRTP/MRTP/src/install/my_package/lib:/opt/ros/jazzy/opt/gz_sim_vendor/lib:/opt/ros/jazzy/opt/gz_sensors_vendor/lib:/opt/ros/jazzy/opt/gz_physics_vendor/lib:/opt/ros/jazzy/opt/sdformat_vendor/lib:/opt/ros/jazzy/opt/rviz_ogre_vendor/lib:/opt/ros/jazzy/lib/aarch64-linux-gnu:/opt/ros/jazzy/opt/gz_gui_vendor/lib:/opt/ros/jazzy/opt/gz_transport_vendor/lib:/opt/ros/jazzy/opt/gz_rendering_vendor/lib:/opt/ros/jazzy/opt/gz_plugin_vendor/lib:/opt/ros/jazzy/opt/gz_fuel_tools_vendor/lib:/opt/ros/jazzy/opt/gz_msgs_vendor/lib:/opt/ros/jazzy/opt/gz_common_vendor/lib:/opt/ros/jazzy/opt/gz_math_vendor/lib:/opt/ros/jazzy/opt/gz_utils_vendor/lib:/opt/ros/jazzy/opt/gz_tools_vendor/lib:/opt/ros/jazzy/opt/gz_ogre_next_vendor/lib:/opt/ros/jazzy/opt/gz_dartsim_vendor/lib:/opt/ros/jazzy/opt/gz_cmake_vendor/lib:/opt/ros/jazzy/lib PS1=(.venv) \[\e]0;\u@\h: \w\a\]${debian_chroot:+($debian_chroot)}\u@\h:\w\$ PYTHONPATH=/MRTP/MRTP/src/install/webots_ros2_driver/lib/python3.12/site-packages:/MRTP/MRTP/src/install/webots_ros2_msgs/lib/python3.12/site-packages:/MRTP/MRTP/src/build/webots_ros2_importer:/MRTP/MRTP/src/install/webots_ros2_importer/lib/python3.12/site-packages:/MRTP/MRTP/src/install/my_package/lib/python3.12/site-packages:/MRTP/MRTP/src/build/webots_ros2:/MRTP/MRTP/src/install/webots_ros2/lib/python3.12/site-packages:/MRTP/MRTP/src/build/webots_ros2_universal_robot:/MRTP/MRTP/src/install/webots_ros2_universal_robot/lib/python3.12/site-packages:/MRTP/MRTP/src/build/webots_ros2_turtlebot:/MRTP/MRTP/src/install/webots_ros2_turtlebot/lib/python3.12/site-packages:/MRTP/MRTP/src/build/webots_ros2_tiago:/MRTP/MRTP/src/install/webots_ros2_tiago/lib/python3.12/site-packages:/MRTP/MRTP/src/build/webots_ros2_tests:/MRTP/MRTP/src/install/webots_ros2_tests/lib/python3.12/site-packages:/MRTP/MRTP/src/build/webots_ros2_tesla:/MRTP/MRTP/src/install/webots_ros2_tesla/lib/python3.12/site-packages:/MRTP/MRTP/src/build/webots_ros2_mavic:/MRTP/MRTP/src/install/webots_ros2_mavic/lib/python3.12/site-packages:/MRTP/MRTP/src/build/webots_ros2_husarion:/MRTP/MRTP/src/install/webots_ros2_husarion/lib/python3.12/site-packages:/MRTP/MRTP/src/build/webots_ros2_epuck:/MRTP/MRTP/src/install/webots_ros2_epuck/lib/python3.12/site-packages:/MRTP/MRTP/src/build/webots_ros2_crazyflie:/MRTP/MRTP/src/install/webots_ros2_crazyflie/lib/python3.12/site-packages:/MRTP/MRTP/src/build/gazeboenvs:/MRTP/MRTP/src/install/gazeboenvs/lib/python3.12/site-packages:/usr/lib/python3/dist-packages:/opt/ros/jazzy/lib/python3.12/site-packages VIRTUAL_ENV_PROMPT=(.venv) /usr/bin/cmake --install /MRTP/MRTP/src/build/my_package
[1.807s] Level 1:colcon.colcon_core.environment:checking '/MRTP/MRTP/src/install/my_package' for CMake config files
[1.818s] Level 1:colcon.colcon_core.shell:create_environment_hook('my_package', 'cmake_prefix_path')
[1.818s] INFO:colcon.colcon_core.shell:Creating environment hook '/MRTP/MRTP/src/install/my_package/share/my_package/hook/cmake_prefix_path.ps1'
[1.819s] INFO:colcon.colcon_core.shell:Creating environment descriptor '/MRTP/MRTP/src/install/my_package/share/my_package/hook/cmake_prefix_path.dsv'
[1.820s] INFO:colcon.colcon_core.shell:Creating environment hook '/MRTP/MRTP/src/install/my_package/share/my_package/hook/cmake_prefix_path.sh'
[1.822s] Level 1:colcon.colcon_core.environment:checking '/MRTP/MRTP/src/install/my_package/lib'
[1.822s] Level 1:colcon.colcon_core.shell:create_environment_hook('my_package', 'ld_library_path_lib')
[1.822s] INFO:colcon.colcon_core.shell:Creating environment hook '/MRTP/MRTP/src/install/my_package/share/my_package/hook/ld_library_path_lib.ps1'
[1.825s] INFO:colcon.colcon_core.shell:Creating environment descriptor '/MRTP/MRTP/src/install/my_package/share/my_package/hook/ld_library_path_lib.dsv'
[1.826s] INFO:colcon.colcon_core.shell:Creating environment hook '/MRTP/MRTP/src/install/my_package/share/my_package/hook/ld_library_path_lib.sh'
[1.827s] Level 1:colcon.colcon_core.environment:checking '/MRTP/MRTP/src/install/my_package/bin'
[1.827s] Level 1:colcon.colcon_core.environment:checking '/MRTP/MRTP/src/install/my_package/lib/pkgconfig/my_package.pc'
[1.830s] Level 1:colcon.colcon_core.environment:checking '/MRTP/MRTP/src/install/my_package/lib/python3.12/site-packages'
[1.833s] Level 1:colcon.colcon_core.shell:create_environment_hook('my_package', 'pythonpath')
[1.833s] INFO:colcon.colcon_core.shell:Creating environment hook '/MRTP/MRTP/src/install/my_package/share/my_package/hook/pythonpath.ps1'
[1.839s] INFO:colcon.colcon_core.shell:Creating environment descriptor '/MRTP/MRTP/src/install/my_package/share/my_package/hook/pythonpath.dsv'
[1.842s] INFO:colcon.colcon_core.shell:Creating environment hook '/MRTP/MRTP/src/install/my_package/share/my_package/hook/pythonpath.sh'
[1.849s] Level 1:colcon.colcon_core.environment:checking '/MRTP/MRTP/src/install/my_package/bin'
[1.853s] INFO:colcon.colcon_core.shell:Creating package script '/MRTP/MRTP/src/install/my_package/share/my_package/package.ps1'
[1.855s] INFO:colcon.colcon_core.shell:Creating package descriptor '/MRTP/MRTP/src/install/my_package/share/my_package/package.dsv'
[1.857s] INFO:colcon.colcon_core.shell:Creating package script '/MRTP/MRTP/src/install/my_package/share/my_package/package.sh'
[1.859s] INFO:colcon.colcon_core.shell:Creating package script '/MRTP/MRTP/src/install/my_package/share/my_package/package.bash'
[1.860s] INFO:colcon.colcon_core.shell:Creating package script '/MRTP/MRTP/src/install/my_package/share/my_package/package.zsh'
[1.861s] Level 1:colcon.colcon_core.environment:create_file_with_runtime_dependencies(/MRTP/MRTP/src/install/my_package/share/colcon-core/packages/my_package)
[1.864s] Level 1:colcon.colcon_core.environment:create_environment_scripts_only(my_package)
[1.864s] Level 1:colcon.colcon_core.environment:checking '/MRTP/MRTP/src/install/my_package' for CMake module files
[1.869s] Level 1:colcon.colcon_core.environment:checking '/MRTP/MRTP/src/install/my_package' for CMake config files
[1.878s] Level 1:colcon.colcon_core.shell:create_environment_hook('my_package', 'cmake_prefix_path')
[1.878s] INFO:colcon.colcon_core.shell:Creating environment hook '/MRTP/MRTP/src/install/my_package/share/my_package/hook/cmake_prefix_path.ps1'
[1.880s] INFO:colcon.colcon_core.shell:Creating environment descriptor '/MRTP/MRTP/src/install/my_package/share/my_package/hook/cmake_prefix_path.dsv'
[1.881s] INFO:colcon.colcon_core.shell:Creating environment hook '/MRTP/MRTP/src/install/my_package/share/my_package/hook/cmake_prefix_path.sh'
[1.884s] Level 1:colcon.colcon_core.environment:checking '/MRTP/MRTP/src/install/my_package/lib'
[1.885s] Level 1:colcon.colcon_core.shell:create_environment_hook('my_package', 'ld_library_path_lib')
[1.885s] INFO:colcon.colcon_core.shell:Creating environment hook '/MRTP/MRTP/src/install/my_package/share/my_package/hook/ld_library_path_lib.ps1'
[1.887s] INFO:colcon.colcon_core.shell:Creating environment descriptor '/MRTP/MRTP/src/install/my_package/share/my_package/hook/ld_library_path_lib.dsv'
[1.888s] INFO:colcon.colcon_core.shell:Creating environment hook '/MRTP/MRTP/src/install/my_package/share/my_package/hook/ld_library_path_lib.sh'
[1.889s] Level 1:colcon.colcon_core.environment:checking '/MRTP/MRTP/src/install/my_package/bin'
[1.890s] Level 1:colcon.colcon_core.environment:checking '/MRTP/MRTP/src/install/my_package/lib/pkgconfig/my_package.pc'
[1.890s] Level 1:colcon.colcon_core.environment:checking '/MRTP/MRTP/src/install/my_package/lib/python3.12/site-packages'
[1.891s] Level 1:colcon.colcon_core.shell:create_environment_hook('my_package', 'pythonpath')
[1.891s] INFO:colcon.colcon_core.shell:Creating environment hook '/MRTP/MRTP/src/install/my_package/share/my_package/hook/pythonpath.ps1'
[1.893s] INFO:colcon.colcon_core.shell:Creating environment descriptor '/MRTP/MRTP/src/install/my_package/share/my_package/hook/pythonpath.dsv'
[1.895s] INFO:colcon.colcon_core.shell:Creating environment hook '/MRTP/MRTP/src/install/my_package/share/my_package/hook/pythonpath.sh'
[1.896s] Level 1:colcon.colcon_core.environment:checking '/MRTP/MRTP/src/install/my_package/bin'
[1.897s] INFO:colcon.colcon_core.shell:Creating package script '/MRTP/MRTP/src/install/my_package/share/my_package/package.ps1'
[1.898s] INFO:colcon.colcon_core.shell:Creating package descriptor '/MRTP/MRTP/src/install/my_package/share/my_package/package.dsv'
[1.899s] INFO:colcon.colcon_core.shell:Creating package script '/MRTP/MRTP/src/install/my_package/share/my_package/package.sh'
[1.900s] INFO:colcon.colcon_core.shell:Creating package script '/MRTP/MRTP/src/install/my_package/share/my_package/package.bash'
[1.901s] INFO:colcon.colcon_core.shell:Creating package script '/MRTP/MRTP/src/install/my_package/share/my_package/package.zsh'
[1.902s] Level 1:colcon.colcon_core.environment:create_file_with_runtime_dependencies(/MRTP/MRTP/src/install/my_package/share/colcon-core/packages/my_package)
[1.903s] DEBUG:colcon.colcon_parallel_executor.executor.parallel:closing loop
[1.904s] DEBUG:colcon.colcon_parallel_executor.executor.parallel:loop closed
[1.904s] DEBUG:colcon.colcon_parallel_executor.executor.parallel:run_until_complete finished with '0'
[1.905s] DEBUG:colcon.colcon_core.event_reactor:joining thread
[1.920s] INFO:colcon.colcon_core.plugin_system:Skipping extension 'colcon_notification.desktop_notification.notify_send': Could not find 'notify-send'
[1.920s] INFO:colcon.colcon_core.plugin_system:Skipping extension 'colcon_notification.desktop_notification.terminal_notifier': Not used on non-Darwin systems
[1.921s] INFO:colcon.colcon_core.plugin_system:Skipping extension 'colcon_notification.desktop_notification.win32': Not used on non-Windows systems
[1.921s] INFO:colcon.colcon_notification.desktop_notification:Sending desktop notification using 'notify2'
[1.935s] DEBUG:colcon.colcon_notification.desktop_notification.notify2:Failed to initialize notify2: org.freedesktop.DBus.Error.Spawn.ExecFailed: /usr/bin/dbus-launch terminated abnormally with the following error: Autolaunch error: X11 initialization failed.

[1.936s] DEBUG:colcon.colcon_core.event_reactor:joined thread
[1.937s] INFO:colcon.colcon_core.shell:Creating prefix script '/MRTP/MRTP/src/install/local_setup.ps1'
[1.939s] INFO:colcon.colcon_core.shell:Creating prefix util module '/MRTP/MRTP/src/install/_local_setup_util_ps1.py'
[1.943s] INFO:colcon.colcon_core.shell:Creating prefix chain script '/MRTP/MRTP/src/install/setup.ps1'
[1.956s] INFO:colcon.colcon_core.shell:Creating prefix script '/MRTP/MRTP/src/install/local_setup.sh'
[1.962s] INFO:colcon.colcon_core.shell:Creating prefix util module '/MRTP/MRTP/src/install/_local_setup_util_sh.py'
[1.966s] INFO:colcon.colcon_core.shell:Creating prefix chain script '/MRTP/MRTP/src/install/setup.sh'
[1.994s] INFO:colcon.colcon_core.shell:Creating prefix script '/MRTP/MRTP/src/install/local_setup.bash'
[1.997s] INFO:colcon.colcon_core.shell:Creating prefix chain script '/MRTP/MRTP/src/install/setup.bash'
[2.035s] INFO:colcon.colcon_core.shell:Creating prefix script '/MRTP/MRTP/src/install/local_setup.zsh'
[2.041s] INFO:colcon.colcon_core.shell:Creating prefix chain script '/MRTP/MRTP/src/install/setup.zsh'
