-- Found ament_cmake: 2.5.5 (/opt/ros/jazzy/share/ament_cmake/cmake)
-- Override CMake install command with custom implementation using symlinks instead of copying resources
-- Found rclcpp: 28.1.16 (/opt/ros/jazzy/share/rclcpp/cmake)
-- Found rosidl_generator_c: 4.6.7 (/opt/ros/jazzy/share/rosidl_generator_c/cmake)
-- Found rosidl_generator_cpp: 4.6.7 (/opt/ros/jazzy/share/rosidl_generator_cpp/cmake)
-- Using all available rosidl_typesupport_c: rosidl_typesupport_fastrtps_c;rosidl_typesupport_introspection_c
-- Using all available rosidl_typesupport_cpp: rosidl_typesupport_fastrtps_cpp;rosidl_typesupport_introspection_cpp
-- Found rmw_implementation_cmake: 7.3.3 (/opt/ros/jazzy/share/rmw_implementation_cmake/cmake)
-- Found rmw_fastrtps_cpp: 8.4.3 (/opt/ros/jazzy/share/rmw_fastrtps_cpp/cmake)
-- Using RMW implementation 'rmw_fastrtps_cpp' as default
-- Found geometry_msgs: 5.3.6 (/opt/ros/jazzy/share/geometry_msgs/cmake)
-- Found pluginlib: 5.4.4 (/opt/ros/jazzy/share/pluginlib/cmake)
-- Found webots_ros2_driver: 2025.0.1 (/MRTP/MRTP/src/install/webots_ros2_driver/share/webots_ros2_driver/cmake)
-- Found eigen3_cmake_module: 0.3.0 (/opt/ros/jazzy/share/eigen3_cmake_module/cmake)
-- Ensuring Eigen3 include directory is part of orocos-kdl CMake target
-- Configuring done (1.2s)
-- Generating done (0.1s)
-- Build files have been written to: /MRTP/MRTP/src/build/my_package
[  0%] Built target ament_cmake_python_symlink_my_package
[ 50%] [32mBuilding CXX object CMakeFiles/my_package.dir/src/MyRobotDriver.cpp.o[0m
running egg_info
creating my_package.egg-info
writing my_package.egg-info/PKG-INFO
writing dependency_links to my_package.egg-info/dependency_links.txt
writing top-level names to my_package.egg-info/top_level.txt
writing manifest file 'my_package.egg-info/SOURCES.txt'
reading manifest file 'my_package.egg-info/SOURCES.txt'
writing manifest file 'my_package.egg-info/SOURCES.txt'
[ 50%] Built target ament_cmake_python_build_my_package_egg
[100%] [32m[1mLinking CXX shared library libmy_package.so[0m
[100%] Built target my_package
-- Install configuration: ""
-- Execute custom install script
-- Up-to-date symlink: /MRTP/MRTP/src/install/my_package/share/my_package//my_robot_driver.xml
-- Up-to-date symlink: /MRTP/MRTP/src/install/my_package/lib/libmy_package.so
-- Up-to-date symlink: /MRTP/MRTP/src/install/my_package/include/include/my_package/MyRobotDriver.hpp
-- Up-to-date symlink: /MRTP/MRTP/src/install/my_package/share/my_package/my_robot_driver.xml
-- Up-to-date symlink: /MRTP/MRTP/src/install/my_package/share/my_package/launch/robot_launch.py
-- Up-to-date symlink: /MRTP/MRTP/src/install/my_package/share/my_package/resource/my_robot.urdf
-- Up-to-date symlink: /MRTP/MRTP/src/install/my_package/share/my_package/worlds/wharehouse.wbt
-- Up-to-date symlink: /MRTP/MRTP/src/install/my_package/share/my_package/environment/library_path.sh
-- Up-to-date symlink: /MRTP/MRTP/src/install/my_package/share/my_package/environment/library_path.dsv
-- Symlinking: /MRTP/MRTP/src/install/my_package/share/my_package/environment/pythonpath.sh
-- Symlinking: /MRTP/MRTP/src/install/my_package/share/my_package/environment/pythonpath.dsv
-- Symlinking: /MRTP/MRTP/src/install/my_package/lib/python3.12/site-packages/my_package-0.0.0-py3.12.egg-info/PKG-INFO
-- Symlinking: /MRTP/MRTP/src/install/my_package/lib/python3.12/site-packages/my_package-0.0.0-py3.12.egg-info/SOURCES.txt
-- Symlinking: /MRTP/MRTP/src/install/my_package/lib/python3.12/site-packages/my_package-0.0.0-py3.12.egg-info/dependency_links.txt
-- Symlinking: /MRTP/MRTP/src/install/my_package/lib/python3.12/site-packages/my_package-0.0.0-py3.12.egg-info/top_level.txt
-- Symlinking: /MRTP/MRTP/src/install/my_package/lib/python3.12/site-packages/my_package/__init__.py
-- Symlinking: /MRTP/MRTP/src/install/my_package/lib/python3.12/site-packages/my_package/mavic_autopilot.py
-- Up-to-date symlink: /MRTP/MRTP/src/install/my_package/share/ament_index/resource_index/package_run_dependencies/my_package
-- Up-to-date symlink: /MRTP/MRTP/src/install/my_package/share/ament_index/resource_index/parent_prefix_path/my_package
-- Up-to-date symlink: /MRTP/MRTP/src/install/my_package/share/my_package/environment/ament_prefix_path.sh
-- Up-to-date symlink: /MRTP/MRTP/src/install/my_package/share/my_package/environment/ament_prefix_path.dsv
-- Up-to-date symlink: /MRTP/MRTP/src/install/my_package/share/my_package/environment/path.sh
-- Up-to-date symlink: /MRTP/MRTP/src/install/my_package/share/my_package/environment/path.dsv
-- Up-to-date symlink: /MRTP/MRTP/src/install/my_package/share/my_package/local_setup.bash
-- Up-to-date symlink: /MRTP/MRTP/src/install/my_package/share/my_package/local_setup.sh
-- Up-to-date symlink: /MRTP/MRTP/src/install/my_package/share/my_package/local_setup.zsh
-- Up-to-date symlink: /MRTP/MRTP/src/install/my_package/share/my_package/local_setup.dsv
-- Symlinking: /MRTP/MRTP/src/install/my_package/share/my_package/package.dsv
-- Up-to-date symlink: /MRTP/MRTP/src/install/my_package/share/ament_index/resource_index/packages/my_package
-- Up-to-date symlink: /MRTP/MRTP/src/install/my_package/share/ament_index/resource_index/webots_ros2_driver__pluginlib__plugin/my_package
-- Up-to-date symlink: /MRTP/MRTP/src/install/my_package/share/my_package/cmake/ament_cmake_export_include_directories-extras.cmake
-- Up-to-date symlink: /MRTP/MRTP/src/install/my_package/share/my_package/cmake/ament_cmake_export_libraries-extras.cmake
-- Up-to-date symlink: /MRTP/MRTP/src/install/my_package/share/my_package/cmake/my_packageConfig.cmake
-- Up-to-date symlink: /MRTP/MRTP/src/install/my_package/share/my_package/cmake/my_packageConfig-version.cmake
-- Up-to-date symlink: /MRTP/MRTP/src/install/my_package/share/my_package/package.xml
Listing '/MRTP/MRTP/src/install/my_package/lib/python3.12/site-packages/my_package'...
Compiling '/MRTP/MRTP/src/install/my_package/lib/python3.12/site-packages/my_package/__init__.py'...
Compiling '/MRTP/MRTP/src/install/my_package/lib/python3.12/site-packages/my_package/mavic_autopilot.py'...
