[0.412s] Invoking command in '/MRTP/MRTP/src/build/webots_ros2_msgs': CMAKE_PREFIX_PATH=${CMAKE_PREFIX_PATH}:/MRTP/MRTP/src/install/webots_ros2:/MRTP/MRTP/src/install/webots_ros2_universal_robot:/MRTP/MRTP/src/install/webots_ros2_turtlebot:/MRTP/MRTP/src/install/webots_ros2_tiago:/MRTP/MRTP/src/install/webots_ros2_tests:/MRTP/MRTP/src/install/webots_ros2_tesla:/MRTP/MRTP/src/install/webots_ros2_mavic:/MRTP/MRTP/src/install/webots_ros2_husarion:/MRTP/MRTP/src/install/webots_ros2_epuck:/MRTP/MRTP/src/install/webots_ros2_crazyflie:/MRTP/MRTP/src/install/webots_ros2_importer:/MRTP/MRTP/src/install/gazeboenvs:/opt/ros/jazzy PS1=(.venv) \[\e]0;\u@\h: \w\a\]${debian_chroot:+($debian_chroot)}\u@\h:\w\$ VIRTUAL_ENV_PROMPT=(.venv) /usr/bin/cmake --build /MRTP/MRTP/src/build/webots_ros2_msgs -- -j12 -l12
[1.037s] [  1%] Built target webots_ros2_msgs__rosidl_generator_type_description
[1.093s] [  1%] Built target ament_cmake_python_symlink_webots_ros2_msgs
[1.291s] [  1%] Built target webots_ros2_msgs__cpp
[1.414s] [ 27%] Built target webots_ros2_msgs__rosidl_generator_c
[1.877s] [ 49%] Built target webots_ros2_msgs__rosidl_typesupport_fastrtps_c
[1.885s] [ 53%] Built target webots_ros2_msgs__rosidl_typesupport_cpp
[1.893s] [ 56%] Built target webots_ros2_msgs__rosidl_typesupport_fastrtps_cpp
[2.243s] [ 72%] Built target webots_ros2_msgs__rosidl_typesupport_introspection_cpp
[2.253s] [ 82%] Built target webots_ros2_msgs__rosidl_typesupport_introspection_c
[2.260s] [ 85%] Built target webots_ros2_msgs__rosidl_typesupport_c
[2.311s] running egg_info
[2.368s] writing webots_ros2_msgs.egg-info/PKG-INFO
[2.376s] writing dependency_links to webots_ros2_msgs.egg-info/dependency_links.txt
[2.381s] writing top-level names to webots_ros2_msgs.egg-info/top_level.txt
[2.454s] [ 85%] Built target webots_ros2_msgs
[2.587s] reading manifest file 'webots_ros2_msgs.egg-info/SOURCES.txt'
[2.600s] writing manifest file 'webots_ros2_msgs.egg-info/SOURCES.txt'
[2.743s] [ 85%] Built target ament_cmake_python_build_webots_ros2_msgs_egg
[2.760s] [ 86%] Built target webots_ros2_msgs__py
[3.027s] [ 95%] Built target webots_ros2_msgs__rosidl_generator_py
[3.383s] [ 97%] Built target webots_ros2_msgs_s__rosidl_typesupport_introspection_c
[3.393s] [ 98%] Built target webots_ros2_msgs_s__rosidl_typesupport_fastrtps_c
[3.431s] [100%] Built target webots_ros2_msgs_s__rosidl_typesupport_c
[3.660s] Invoked command in '/MRTP/MRTP/src/build/webots_ros2_msgs' returned '0': CMAKE_PREFIX_PATH=${CMAKE_PREFIX_PATH}:/MRTP/MRTP/src/install/webots_ros2:/MRTP/MRTP/src/install/webots_ros2_universal_robot:/MRTP/MRTP/src/install/webots_ros2_turtlebot:/MRTP/MRTP/src/install/webots_ros2_tiago:/MRTP/MRTP/src/install/webots_ros2_tests:/MRTP/MRTP/src/install/webots_ros2_tesla:/MRTP/MRTP/src/install/webots_ros2_mavic:/MRTP/MRTP/src/install/webots_ros2_husarion:/MRTP/MRTP/src/install/webots_ros2_epuck:/MRTP/MRTP/src/install/webots_ros2_crazyflie:/MRTP/MRTP/src/install/webots_ros2_importer:/MRTP/MRTP/src/install/gazeboenvs:/opt/ros/jazzy PS1=(.venv) \[\e]0;\u@\h: \w\a\]${debian_chroot:+($debian_chroot)}\u@\h:\w\$ VIRTUAL_ENV_PROMPT=(.venv) /usr/bin/cmake --build /MRTP/MRTP/src/build/webots_ros2_msgs -- -j12 -l12
[3.784s] Invoking command in '/MRTP/MRTP/src/build/webots_ros2_msgs': CMAKE_PREFIX_PATH=${CMAKE_PREFIX_PATH}:/MRTP/MRTP/src/install/webots_ros2:/MRTP/MRTP/src/install/webots_ros2_universal_robot:/MRTP/MRTP/src/install/webots_ros2_turtlebot:/MRTP/MRTP/src/install/webots_ros2_tiago:/MRTP/MRTP/src/install/webots_ros2_tests:/MRTP/MRTP/src/install/webots_ros2_tesla:/MRTP/MRTP/src/install/webots_ros2_mavic:/MRTP/MRTP/src/install/webots_ros2_husarion:/MRTP/MRTP/src/install/webots_ros2_epuck:/MRTP/MRTP/src/install/webots_ros2_crazyflie:/MRTP/MRTP/src/install/webots_ros2_importer:/MRTP/MRTP/src/install/gazeboenvs:/opt/ros/jazzy PS1=(.venv) \[\e]0;\u@\h: \w\a\]${debian_chroot:+($debian_chroot)}\u@\h:\w\$ VIRTUAL_ENV_PROMPT=(.venv) /usr/bin/cmake --install /MRTP/MRTP/src/build/webots_ros2_msgs
[3.850s] -- Install configuration: ""
[3.852s] -- Execute custom install script
[3.854s] -- Up-to-date symlink: /MRTP/MRTP/src/install/webots_ros2_msgs/share/ament_index/resource_index/rosidl_interfaces/webots_ros2_msgs
[3.856s] -- Up-to-date symlink: /MRTP/MRTP/src/install/webots_ros2_msgs/share/webots_ros2_msgs/msg/BoolStamped.json
[3.862s] -- Up-to-date symlink: /MRTP/MRTP/src/install/webots_ros2_msgs/share/webots_ros2_msgs/msg/FloatStamped.json
[3.867s] -- Up-to-date symlink: /MRTP/MRTP/src/install/webots_ros2_msgs/share/webots_ros2_msgs/msg/StringStamped.json
[3.868s] -- Up-to-date symlink: /MRTP/MRTP/src/install/webots_ros2_msgs/share/webots_ros2_msgs/msg/CameraRecognitionObject.json
[3.868s] -- Up-to-date symlink: /MRTP/MRTP/src/install/webots_ros2_msgs/share/webots_ros2_msgs/msg/CameraRecognitionObjects.json
[3.869s] -- Up-to-date symlink: /MRTP/MRTP/src/install/webots_ros2_msgs/share/webots_ros2_msgs/msg/UrdfRobot.json
[3.869s] -- Up-to-date symlink: /MRTP/MRTP/src/install/webots_ros2_msgs/share/webots_ros2_msgs/msg/PenInkProperties.json
[3.869s] -- Up-to-date symlink: /MRTP/MRTP/src/install/webots_ros2_msgs/share/webots_ros2_msgs/srv/EmitterSendString.json
[3.870s] -- Up-to-date symlink: /MRTP/MRTP/src/install/webots_ros2_msgs/share/webots_ros2_msgs/srv/GetBool.json
[3.870s] -- Up-to-date symlink: /MRTP/MRTP/src/install/webots_ros2_msgs/share/webots_ros2_msgs/srv/SetString.json
[3.871s] -- Up-to-date symlink: /MRTP/MRTP/src/install/webots_ros2_msgs/share/webots_ros2_msgs/srv/SpawnNodeFromString.json
[3.871s] -- Up-to-date symlink: /MRTP/MRTP/src/install/webots_ros2_msgs/share/webots_ros2_msgs/srv/SpawnUrdfRobot.json
[3.886s] -- Up-to-date symlink: /MRTP/MRTP/src/install/webots_ros2_msgs/include/webots_ros2_msgs/webots_ros2_msgs/msg/bool_stamped.h
[3.889s] -- Up-to-date symlink: /MRTP/MRTP/src/install/webots_ros2_msgs/include/webots_ros2_msgs/webots_ros2_msgs/msg/camera_recognition_object.h
[3.890s] -- Up-to-date symlink: /MRTP/MRTP/src/install/webots_ros2_msgs/include/webots_ros2_msgs/webots_ros2_msgs/msg/camera_recognition_objects.h
[3.891s] -- Up-to-date symlink: /MRTP/MRTP/src/install/webots_ros2_msgs/include/webots_ros2_msgs/webots_ros2_msgs/msg/detail/bool_stamped__functions.h
[3.892s] -- Up-to-date symlink: /MRTP/MRTP/src/install/webots_ros2_msgs/include/webots_ros2_msgs/webots_ros2_msgs/msg/detail/bool_stamped__struct.h
[3.898s] -- Up-to-date symlink: /MRTP/MRTP/src/install/webots_ros2_msgs/include/webots_ros2_msgs/webots_ros2_msgs/msg/detail/bool_stamped__type_support.h
[3.899s] -- Up-to-date symlink: /MRTP/MRTP/src/install/webots_ros2_msgs/include/webots_ros2_msgs/webots_ros2_msgs/msg/detail/camera_recognition_object__functions.h
[3.903s] -- Up-to-date symlink: /MRTP/MRTP/src/install/webots_ros2_msgs/include/webots_ros2_msgs/webots_ros2_msgs/msg/detail/camera_recognition_object__struct.h
[3.904s] -- Up-to-date symlink: /MRTP/MRTP/src/install/webots_ros2_msgs/include/webots_ros2_msgs/webots_ros2_msgs/msg/detail/camera_recognition_object__type_support.h
[3.906s] -- Up-to-date symlink: /MRTP/MRTP/src/install/webots_ros2_msgs/include/webots_ros2_msgs/webots_ros2_msgs/msg/detail/camera_recognition_objects__functions.h
[3.907s] -- Up-to-date symlink: /MRTP/MRTP/src/install/webots_ros2_msgs/include/webots_ros2_msgs/webots_ros2_msgs/msg/detail/camera_recognition_objects__struct.h
[3.908s] -- Up-to-date symlink: /MRTP/MRTP/src/install/webots_ros2_msgs/include/webots_ros2_msgs/webots_ros2_msgs/msg/detail/camera_recognition_objects__type_support.h
[3.910s] -- Up-to-date symlink: /MRTP/MRTP/src/install/webots_ros2_msgs/include/webots_ros2_msgs/webots_ros2_msgs/msg/detail/float_stamped__functions.h
[3.911s] -- Up-to-date symlink: /MRTP/MRTP/src/install/webots_ros2_msgs/include/webots_ros2_msgs/webots_ros2_msgs/msg/detail/float_stamped__struct.h
[3.913s] -- Up-to-date symlink: /MRTP/MRTP/src/install/webots_ros2_msgs/include/webots_ros2_msgs/webots_ros2_msgs/msg/detail/float_stamped__type_support.h
[3.915s] -- Up-to-date symlink: /MRTP/MRTP/src/install/webots_ros2_msgs/include/webots_ros2_msgs/webots_ros2_msgs/msg/detail/pen_ink_properties__functions.h
[3.916s] -- Up-to-date symlink: /MRTP/MRTP/src/install/webots_ros2_msgs/include/webots_ros2_msgs/webots_ros2_msgs/msg/detail/pen_ink_properties__struct.h
[3.922s] -- Up-to-date symlink: /MRTP/MRTP/src/install/webots_ros2_msgs/include/webots_ros2_msgs/webots_ros2_msgs/msg/detail/pen_ink_properties__type_support.h
[3.927s] -- Up-to-date symlink: /MRTP/MRTP/src/install/webots_ros2_msgs/include/webots_ros2_msgs/webots_ros2_msgs/msg/detail/string_stamped__functions.h
[3.930s] -- Up-to-date symlink: /MRTP/MRTP/src/install/webots_ros2_msgs/include/webots_ros2_msgs/webots_ros2_msgs/msg/detail/string_stamped__struct.h
[3.932s] -- Up-to-date symlink: /MRTP/MRTP/src/install/webots_ros2_msgs/include/webots_ros2_msgs/webots_ros2_msgs/msg/detail/string_stamped__type_support.h
[3.933s] -- Up-to-date symlink: /MRTP/MRTP/src/install/webots_ros2_msgs/include/webots_ros2_msgs/webots_ros2_msgs/msg/detail/urdf_robot__functions.h
[3.934s] -- Up-to-date symlink: /MRTP/MRTP/src/install/webots_ros2_msgs/include/webots_ros2_msgs/webots_ros2_msgs/msg/detail/urdf_robot__struct.h
[3.936s] -- Up-to-date symlink: /MRTP/MRTP/src/install/webots_ros2_msgs/include/webots_ros2_msgs/webots_ros2_msgs/msg/detail/urdf_robot__type_support.h
[3.950s] -- Up-to-date symlink: /MRTP/MRTP/src/install/webots_ros2_msgs/include/webots_ros2_msgs/webots_ros2_msgs/msg/float_stamped.h
[3.960s] -- Up-to-date symlink: /MRTP/MRTP/src/install/webots_ros2_msgs/include/webots_ros2_msgs/webots_ros2_msgs/msg/pen_ink_properties.h
[3.963s] -- Up-to-date symlink: /MRTP/MRTP/src/install/webots_ros2_msgs/include/webots_ros2_msgs/webots_ros2_msgs/msg/rosidl_generator_c__visibility_control.h
[3.965s] -- Up-to-date symlink: /MRTP/MRTP/src/install/webots_ros2_msgs/include/webots_ros2_msgs/webots_ros2_msgs/msg/string_stamped.h
[3.966s] -- Up-to-date symlink: /MRTP/MRTP/src/install/webots_ros2_msgs/include/webots_ros2_msgs/webots_ros2_msgs/msg/urdf_robot.h
[3.968s] -- Up-to-date symlink: /MRTP/MRTP/src/install/webots_ros2_msgs/include/webots_ros2_msgs/webots_ros2_msgs/srv/detail/emitter_send_string__functions.h
[3.972s] -- Up-to-date symlink: /MRTP/MRTP/src/install/webots_ros2_msgs/include/webots_ros2_msgs/webots_ros2_msgs/srv/detail/emitter_send_string__struct.h
[3.976s] -- Up-to-date symlink: /MRTP/MRTP/src/install/webots_ros2_msgs/include/webots_ros2_msgs/webots_ros2_msgs/srv/detail/emitter_send_string__type_support.h
[3.978s] -- Up-to-date symlink: /MRTP/MRTP/src/install/webots_ros2_msgs/include/webots_ros2_msgs/webots_ros2_msgs/srv/detail/get_bool__functions.h
[3.983s] -- Up-to-date symlink: /MRTP/MRTP/src/install/webots_ros2_msgs/include/webots_ros2_msgs/webots_ros2_msgs/srv/detail/get_bool__struct.h
[3.987s] -- Up-to-date symlink: /MRTP/MRTP/src/install/webots_ros2_msgs/include/webots_ros2_msgs/webots_ros2_msgs/srv/detail/get_bool__type_support.h
[3.988s] -- Up-to-date symlink: /MRTP/MRTP/src/install/webots_ros2_msgs/include/webots_ros2_msgs/webots_ros2_msgs/srv/detail/set_string__functions.h
[3.990s] -- Up-to-date symlink: /MRTP/MRTP/src/install/webots_ros2_msgs/include/webots_ros2_msgs/webots_ros2_msgs/srv/detail/set_string__struct.h
[3.992s] -- Up-to-date symlink: /MRTP/MRTP/src/install/webots_ros2_msgs/include/webots_ros2_msgs/webots_ros2_msgs/srv/detail/set_string__type_support.h
[3.994s] -- Up-to-date symlink: /MRTP/MRTP/src/install/webots_ros2_msgs/include/webots_ros2_msgs/webots_ros2_msgs/srv/detail/spawn_node_from_string__functions.h
[3.996s] -- Up-to-date symlink: /MRTP/MRTP/src/install/webots_ros2_msgs/include/webots_ros2_msgs/webots_ros2_msgs/srv/detail/spawn_node_from_string__struct.h
[4.001s] -- Up-to-date symlink: /MRTP/MRTP/src/install/webots_ros2_msgs/include/webots_ros2_msgs/webots_ros2_msgs/srv/detail/spawn_node_from_string__type_support.h
[4.002s] -- Up-to-date symlink: /MRTP/MRTP/src/install/webots_ros2_msgs/include/webots_ros2_msgs/webots_ros2_msgs/srv/detail/spawn_urdf_robot__functions.h
[4.006s] -- Up-to-date symlink: /MRTP/MRTP/src/install/webots_ros2_msgs/include/webots_ros2_msgs/webots_ros2_msgs/srv/detail/spawn_urdf_robot__struct.h
[4.008s] -- Up-to-date symlink: /MRTP/MRTP/src/install/webots_ros2_msgs/include/webots_ros2_msgs/webots_ros2_msgs/srv/detail/spawn_urdf_robot__type_support.h
[4.010s] -- Up-to-date symlink: /MRTP/MRTP/src/install/webots_ros2_msgs/include/webots_ros2_msgs/webots_ros2_msgs/srv/emitter_send_string.h
[4.011s] -- Up-to-date symlink: /MRTP/MRTP/src/install/webots_ros2_msgs/include/webots_ros2_msgs/webots_ros2_msgs/srv/get_bool.h
[4.014s] -- Up-to-date symlink: /MRTP/MRTP/src/install/webots_ros2_msgs/include/webots_ros2_msgs/webots_ros2_msgs/srv/set_string.h
[4.017s] -- Up-to-date symlink: /MRTP/MRTP/src/install/webots_ros2_msgs/include/webots_ros2_msgs/webots_ros2_msgs/srv/spawn_node_from_string.h
[4.019s] -- Up-to-date symlink: /MRTP/MRTP/src/install/webots_ros2_msgs/include/webots_ros2_msgs/webots_ros2_msgs/srv/spawn_urdf_robot.h
[4.020s] -- Up-to-date symlink: /MRTP/MRTP/src/install/webots_ros2_msgs/share/webots_ros2_msgs/environment/library_path.sh
[4.021s] -- Up-to-date symlink: /MRTP/MRTP/src/install/webots_ros2_msgs/share/webots_ros2_msgs/environment/library_path.dsv
[4.032s] -- Up-to-date symlink: /MRTP/MRTP/src/install/webots_ros2_msgs/include/webots_ros2_msgs/webots_ros2_msgs/msg/detail/bool_stamped__rosidl_typesupport_fastrtps_c.h
[4.033s] -- Up-to-date symlink: /MRTP/MRTP/src/install/webots_ros2_msgs/include/webots_ros2_msgs/webots_ros2_msgs/msg/detail/camera_recognition_object__rosidl_typesupport_fastrtps_c.h
[4.035s] -- Up-to-date symlink: /MRTP/MRTP/src/install/webots_ros2_msgs/include/webots_ros2_msgs/webots_ros2_msgs/msg/detail/camera_recognition_objects__rosidl_typesupport_fastrtps_c.h
[4.048s] -- Up-to-date symlink: /MRTP/MRTP/src/install/webots_ros2_msgs/include/webots_ros2_msgs/webots_ros2_msgs/msg/detail/float_stamped__rosidl_typesupport_fastrtps_c.h
[4.049s] -- Up-to-date symlink: /MRTP/MRTP/src/install/webots_ros2_msgs/include/webots_ros2_msgs/webots_ros2_msgs/msg/detail/pen_ink_properties__rosidl_typesupport_fastrtps_c.h
[4.050s] -- Up-to-date symlink: /MRTP/MRTP/src/install/webots_ros2_msgs/include/webots_ros2_msgs/webots_ros2_msgs/msg/detail/string_stamped__rosidl_typesupport_fastrtps_c.h
[4.051s] -- Up-to-date symlink: /MRTP/MRTP/src/install/webots_ros2_msgs/include/webots_ros2_msgs/webots_ros2_msgs/msg/detail/urdf_robot__rosidl_typesupport_fastrtps_c.h
[4.061s] -- Up-to-date symlink: /MRTP/MRTP/src/install/webots_ros2_msgs/include/webots_ros2_msgs/webots_ros2_msgs/msg/rosidl_typesupport_fastrtps_c__visibility_control.h
[4.062s] -- Up-to-date symlink: /MRTP/MRTP/src/install/webots_ros2_msgs/include/webots_ros2_msgs/webots_ros2_msgs/srv/detail/emitter_send_string__rosidl_typesupport_fastrtps_c.h
[4.065s] -- Up-to-date symlink: /MRTP/MRTP/src/install/webots_ros2_msgs/include/webots_ros2_msgs/webots_ros2_msgs/srv/detail/get_bool__rosidl_typesupport_fastrtps_c.h
[4.082s] -- Up-to-date symlink: /MRTP/MRTP/src/install/webots_ros2_msgs/include/webots_ros2_msgs/webots_ros2_msgs/srv/detail/set_string__rosidl_typesupport_fastrtps_c.h
[4.085s] -- Up-to-date symlink: /MRTP/MRTP/src/install/webots_ros2_msgs/include/webots_ros2_msgs/webots_ros2_msgs/srv/detail/spawn_node_from_string__rosidl_typesupport_fastrtps_c.h
[4.094s] -- Up-to-date symlink: /MRTP/MRTP/src/install/webots_ros2_msgs/include/webots_ros2_msgs/webots_ros2_msgs/srv/detail/spawn_urdf_robot__rosidl_typesupport_fastrtps_c.h
[4.096s] -- Up-to-date symlink: /MRTP/MRTP/src/install/webots_ros2_msgs/include/webots_ros2_msgs/webots_ros2_msgs/msg/bool_stamped.hpp
[4.097s] -- Up-to-date symlink: /MRTP/MRTP/src/install/webots_ros2_msgs/include/webots_ros2_msgs/webots_ros2_msgs/msg/camera_recognition_object.hpp
[4.098s] -- Up-to-date symlink: /MRTP/MRTP/src/install/webots_ros2_msgs/include/webots_ros2_msgs/webots_ros2_msgs/msg/camera_recognition_objects.hpp
[4.099s] -- Up-to-date symlink: /MRTP/MRTP/src/install/webots_ros2_msgs/include/webots_ros2_msgs/webots_ros2_msgs/msg/detail/bool_stamped__builder.hpp
[4.100s] -- Up-to-date symlink: /MRTP/MRTP/src/install/webots_ros2_msgs/include/webots_ros2_msgs/webots_ros2_msgs/msg/detail/bool_stamped__struct.hpp
[4.103s] -- Up-to-date symlink: /MRTP/MRTP/src/install/webots_ros2_msgs/include/webots_ros2_msgs/webots_ros2_msgs/msg/detail/bool_stamped__traits.hpp
[4.106s] -- Up-to-date symlink: /MRTP/MRTP/src/install/webots_ros2_msgs/include/webots_ros2_msgs/webots_ros2_msgs/msg/detail/bool_stamped__type_support.hpp
[4.110s] -- Up-to-date symlink: /MRTP/MRTP/src/install/webots_ros2_msgs/include/webots_ros2_msgs/webots_ros2_msgs/msg/detail/camera_recognition_object__builder.hpp
[4.113s] -- Up-to-date symlink: /MRTP/MRTP/src/install/webots_ros2_msgs/include/webots_ros2_msgs/webots_ros2_msgs/msg/detail/camera_recognition_object__struct.hpp
[4.120s] -- Up-to-date symlink: /MRTP/MRTP/src/install/webots_ros2_msgs/include/webots_ros2_msgs/webots_ros2_msgs/msg/detail/camera_recognition_object__traits.hpp
[4.125s] -- Up-to-date symlink: /MRTP/MRTP/src/install/webots_ros2_msgs/include/webots_ros2_msgs/webots_ros2_msgs/msg/detail/camera_recognition_object__type_support.hpp
[4.130s] -- Up-to-date symlink: /MRTP/MRTP/src/install/webots_ros2_msgs/include/webots_ros2_msgs/webots_ros2_msgs/msg/detail/camera_recognition_objects__builder.hpp
[4.131s] -- Up-to-date symlink: /MRTP/MRTP/src/install/webots_ros2_msgs/include/webots_ros2_msgs/webots_ros2_msgs/msg/detail/camera_recognition_objects__struct.hpp
[4.134s] -- Up-to-date symlink: /MRTP/MRTP/src/install/webots_ros2_msgs/include/webots_ros2_msgs/webots_ros2_msgs/msg/detail/camera_recognition_objects__traits.hpp
[4.135s] -- Up-to-date symlink: /MRTP/MRTP/src/install/webots_ros2_msgs/include/webots_ros2_msgs/webots_ros2_msgs/msg/detail/camera_recognition_objects__type_support.hpp
[4.139s] -- Up-to-date symlink: /MRTP/MRTP/src/install/webots_ros2_msgs/include/webots_ros2_msgs/webots_ros2_msgs/msg/detail/float_stamped__builder.hpp
[4.156s] -- Up-to-date symlink: /MRTP/MRTP/src/install/webots_ros2_msgs/include/webots_ros2_msgs/webots_ros2_msgs/msg/detail/float_stamped__struct.hpp
[4.163s] -- Up-to-date symlink: /MRTP/MRTP/src/install/webots_ros2_msgs/include/webots_ros2_msgs/webots_ros2_msgs/msg/detail/float_stamped__traits.hpp
[4.166s] -- Up-to-date symlink: /MRTP/MRTP/src/install/webots_ros2_msgs/include/webots_ros2_msgs/webots_ros2_msgs/msg/detail/float_stamped__type_support.hpp
[4.167s] -- Up-to-date symlink: /MRTP/MRTP/src/install/webots_ros2_msgs/include/webots_ros2_msgs/webots_ros2_msgs/msg/detail/pen_ink_properties__builder.hpp
[4.174s] -- Up-to-date symlink: /MRTP/MRTP/src/install/webots_ros2_msgs/include/webots_ros2_msgs/webots_ros2_msgs/msg/detail/pen_ink_properties__struct.hpp
[4.176s] -- Up-to-date symlink: /MRTP/MRTP/src/install/webots_ros2_msgs/include/webots_ros2_msgs/webots_ros2_msgs/msg/detail/pen_ink_properties__traits.hpp
[4.178s] -- Up-to-date symlink: /MRTP/MRTP/src/install/webots_ros2_msgs/include/webots_ros2_msgs/webots_ros2_msgs/msg/detail/pen_ink_properties__type_support.hpp
[4.180s] -- Up-to-date symlink: /MRTP/MRTP/src/install/webots_ros2_msgs/include/webots_ros2_msgs/webots_ros2_msgs/msg/detail/string_stamped__builder.hpp
[4.182s] -- Up-to-date symlink: /MRTP/MRTP/src/install/webots_ros2_msgs/include/webots_ros2_msgs/webots_ros2_msgs/msg/detail/string_stamped__struct.hpp
[4.185s] -- Up-to-date symlink: /MRTP/MRTP/src/install/webots_ros2_msgs/include/webots_ros2_msgs/webots_ros2_msgs/msg/detail/string_stamped__traits.hpp
[4.189s] -- Up-to-date symlink: /MRTP/MRTP/src/install/webots_ros2_msgs/include/webots_ros2_msgs/webots_ros2_msgs/msg/detail/string_stamped__type_support.hpp
[4.204s] -- Up-to-date symlink: /MRTP/MRTP/src/install/webots_ros2_msgs/include/webots_ros2_msgs/webots_ros2_msgs/msg/detail/urdf_robot__builder.hpp
[4.213s] -- Up-to-date symlink: /MRTP/MRTP/src/install/webots_ros2_msgs/include/webots_ros2_msgs/webots_ros2_msgs/msg/detail/urdf_robot__struct.hpp
[4.225s] -- Up-to-date symlink: /MRTP/MRTP/src/install/webots_ros2_msgs/include/webots_ros2_msgs/webots_ros2_msgs/msg/detail/urdf_robot__traits.hpp
[4.253s] -- Up-to-date symlink: /MRTP/MRTP/src/install/webots_ros2_msgs/include/webots_ros2_msgs/webots_ros2_msgs/msg/detail/urdf_robot__type_support.hpp
[4.263s] -- Up-to-date symlink: /MRTP/MRTP/src/install/webots_ros2_msgs/include/webots_ros2_msgs/webots_ros2_msgs/msg/float_stamped.hpp
[4.268s] -- Up-to-date symlink: /MRTP/MRTP/src/install/webots_ros2_msgs/include/webots_ros2_msgs/webots_ros2_msgs/msg/pen_ink_properties.hpp
[4.283s] -- Up-to-date symlink: /MRTP/MRTP/src/install/webots_ros2_msgs/include/webots_ros2_msgs/webots_ros2_msgs/msg/rosidl_generator_cpp__visibility_control.hpp
[4.288s] -- Up-to-date symlink: /MRTP/MRTP/src/install/webots_ros2_msgs/include/webots_ros2_msgs/webots_ros2_msgs/msg/string_stamped.hpp
[4.292s] -- Up-to-date symlink: /MRTP/MRTP/src/install/webots_ros2_msgs/include/webots_ros2_msgs/webots_ros2_msgs/msg/urdf_robot.hpp
[4.294s] -- Up-to-date symlink: /MRTP/MRTP/src/install/webots_ros2_msgs/include/webots_ros2_msgs/webots_ros2_msgs/srv/detail/emitter_send_string__builder.hpp
[4.294s] -- Up-to-date symlink: /MRTP/MRTP/src/install/webots_ros2_msgs/include/webots_ros2_msgs/webots_ros2_msgs/srv/detail/emitter_send_string__struct.hpp
[4.295s] -- Up-to-date symlink: /MRTP/MRTP/src/install/webots_ros2_msgs/include/webots_ros2_msgs/webots_ros2_msgs/srv/detail/emitter_send_string__traits.hpp
[4.296s] -- Up-to-date symlink: /MRTP/MRTP/src/install/webots_ros2_msgs/include/webots_ros2_msgs/webots_ros2_msgs/srv/detail/emitter_send_string__type_support.hpp
[4.300s] -- Up-to-date symlink: /MRTP/MRTP/src/install/webots_ros2_msgs/include/webots_ros2_msgs/webots_ros2_msgs/srv/detail/get_bool__builder.hpp
[4.309s] -- Up-to-date symlink: /MRTP/MRTP/src/install/webots_ros2_msgs/include/webots_ros2_msgs/webots_ros2_msgs/srv/detail/get_bool__struct.hpp
[4.321s] -- Up-to-date symlink: /MRTP/MRTP/src/install/webots_ros2_msgs/include/webots_ros2_msgs/webots_ros2_msgs/srv/detail/get_bool__traits.hpp
[4.322s] -- Up-to-date symlink: /MRTP/MRTP/src/install/webots_ros2_msgs/include/webots_ros2_msgs/webots_ros2_msgs/srv/detail/get_bool__type_support.hpp
[4.329s] -- Up-to-date symlink: /MRTP/MRTP/src/install/webots_ros2_msgs/include/webots_ros2_msgs/webots_ros2_msgs/srv/detail/set_string__builder.hpp
[4.330s] -- Up-to-date symlink: /MRTP/MRTP/src/install/webots_ros2_msgs/include/webots_ros2_msgs/webots_ros2_msgs/srv/detail/set_string__struct.hpp
[4.332s] -- Up-to-date symlink: /MRTP/MRTP/src/install/webots_ros2_msgs/include/webots_ros2_msgs/webots_ros2_msgs/srv/detail/set_string__traits.hpp
[4.333s] -- Up-to-date symlink: /MRTP/MRTP/src/install/webots_ros2_msgs/include/webots_ros2_msgs/webots_ros2_msgs/srv/detail/set_string__type_support.hpp
[4.334s] -- Up-to-date symlink: /MRTP/MRTP/src/install/webots_ros2_msgs/include/webots_ros2_msgs/webots_ros2_msgs/srv/detail/spawn_node_from_string__builder.hpp
[4.336s] -- Up-to-date symlink: /MRTP/MRTP/src/install/webots_ros2_msgs/include/webots_ros2_msgs/webots_ros2_msgs/srv/detail/spawn_node_from_string__struct.hpp
[4.342s] -- Up-to-date symlink: /MRTP/MRTP/src/install/webots_ros2_msgs/include/webots_ros2_msgs/webots_ros2_msgs/srv/detail/spawn_node_from_string__traits.hpp
[4.342s] -- Up-to-date symlink: /MRTP/MRTP/src/install/webots_ros2_msgs/include/webots_ros2_msgs/webots_ros2_msgs/srv/detail/spawn_node_from_string__type_support.hpp
[4.343s] -- Up-to-date symlink: /MRTP/MRTP/src/install/webots_ros2_msgs/include/webots_ros2_msgs/webots_ros2_msgs/srv/detail/spawn_urdf_robot__builder.hpp
[4.344s] -- Up-to-date symlink: /MRTP/MRTP/src/install/webots_ros2_msgs/include/webots_ros2_msgs/webots_ros2_msgs/srv/detail/spawn_urdf_robot__struct.hpp
[4.344s] -- Up-to-date symlink: /MRTP/MRTP/src/install/webots_ros2_msgs/include/webots_ros2_msgs/webots_ros2_msgs/srv/detail/spawn_urdf_robot__traits.hpp
[4.345s] -- Up-to-date symlink: /MRTP/MRTP/src/install/webots_ros2_msgs/include/webots_ros2_msgs/webots_ros2_msgs/srv/detail/spawn_urdf_robot__type_support.hpp
[4.346s] -- Up-to-date symlink: /MRTP/MRTP/src/install/webots_ros2_msgs/include/webots_ros2_msgs/webots_ros2_msgs/srv/emitter_send_string.hpp
[4.348s] -- Up-to-date symlink: /MRTP/MRTP/src/install/webots_ros2_msgs/include/webots_ros2_msgs/webots_ros2_msgs/srv/get_bool.hpp
[4.349s] -- Up-to-date symlink: /MRTP/MRTP/src/install/webots_ros2_msgs/include/webots_ros2_msgs/webots_ros2_msgs/srv/set_string.hpp
[4.353s] -- Up-to-date symlink: /MRTP/MRTP/src/install/webots_ros2_msgs/include/webots_ros2_msgs/webots_ros2_msgs/srv/spawn_node_from_string.hpp
[4.355s] -- Up-to-date symlink: /MRTP/MRTP/src/install/webots_ros2_msgs/include/webots_ros2_msgs/webots_ros2_msgs/srv/spawn_urdf_robot.hpp
[4.375s] -- Up-to-date symlink: /MRTP/MRTP/src/install/webots_ros2_msgs/include/webots_ros2_msgs/webots_ros2_msgs/msg/detail/bool_stamped__rosidl_typesupport_fastrtps_cpp.hpp
[4.381s] -- Up-to-date symlink: /MRTP/MRTP/src/install/webots_ros2_msgs/include/webots_ros2_msgs/webots_ros2_msgs/msg/detail/camera_recognition_object__rosidl_typesupport_fastrtps_cpp.hpp
[4.385s] -- Up-to-date symlink: /MRTP/MRTP/src/install/webots_ros2_msgs/include/webots_ros2_msgs/webots_ros2_msgs/msg/detail/camera_recognition_objects__rosidl_typesupport_fastrtps_cpp.hpp
[4.387s] -- Up-to-date symlink: /MRTP/MRTP/src/install/webots_ros2_msgs/include/webots_ros2_msgs/webots_ros2_msgs/msg/detail/float_stamped__rosidl_typesupport_fastrtps_cpp.hpp
[4.389s] -- Up-to-date symlink: /MRTP/MRTP/src/install/webots_ros2_msgs/include/webots_ros2_msgs/webots_ros2_msgs/msg/detail/pen_ink_properties__rosidl_typesupport_fastrtps_cpp.hpp
[4.391s] -- Up-to-date symlink: /MRTP/MRTP/src/install/webots_ros2_msgs/include/webots_ros2_msgs/webots_ros2_msgs/msg/detail/string_stamped__rosidl_typesupport_fastrtps_cpp.hpp
[4.396s] -- Up-to-date symlink: /MRTP/MRTP/src/install/webots_ros2_msgs/include/webots_ros2_msgs/webots_ros2_msgs/msg/detail/urdf_robot__rosidl_typesupport_fastrtps_cpp.hpp
[4.398s] -- Up-to-date symlink: /MRTP/MRTP/src/install/webots_ros2_msgs/include/webots_ros2_msgs/webots_ros2_msgs/msg/rosidl_typesupport_fastrtps_cpp__visibility_control.h
[4.406s] -- Up-to-date symlink: /MRTP/MRTP/src/install/webots_ros2_msgs/include/webots_ros2_msgs/webots_ros2_msgs/srv/detail/emitter_send_string__rosidl_typesupport_fastrtps_cpp.hpp
[4.407s] -- Up-to-date symlink: /MRTP/MRTP/src/install/webots_ros2_msgs/include/webots_ros2_msgs/webots_ros2_msgs/srv/detail/get_bool__rosidl_typesupport_fastrtps_cpp.hpp
[4.414s] -- Up-to-date symlink: /MRTP/MRTP/src/install/webots_ros2_msgs/include/webots_ros2_msgs/webots_ros2_msgs/srv/detail/set_string__rosidl_typesupport_fastrtps_cpp.hpp
[4.415s] -- Up-to-date symlink: /MRTP/MRTP/src/install/webots_ros2_msgs/include/webots_ros2_msgs/webots_ros2_msgs/srv/detail/spawn_node_from_string__rosidl_typesupport_fastrtps_cpp.hpp
[4.417s] -- Up-to-date symlink: /MRTP/MRTP/src/install/webots_ros2_msgs/include/webots_ros2_msgs/webots_ros2_msgs/srv/detail/spawn_urdf_robot__rosidl_typesupport_fastrtps_cpp.hpp
[4.425s] -- Up-to-date symlink: /MRTP/MRTP/src/install/webots_ros2_msgs/include/webots_ros2_msgs/webots_ros2_msgs/msg/detail/bool_stamped__rosidl_typesupport_introspection_c.h
[4.430s] -- Up-to-date symlink: /MRTP/MRTP/src/install/webots_ros2_msgs/include/webots_ros2_msgs/webots_ros2_msgs/msg/detail/camera_recognition_object__rosidl_typesupport_introspection_c.h
[4.431s] -- Up-to-date symlink: /MRTP/MRTP/src/install/webots_ros2_msgs/include/webots_ros2_msgs/webots_ros2_msgs/msg/detail/camera_recognition_objects__rosidl_typesupport_introspection_c.h
[4.432s] -- Up-to-date symlink: /MRTP/MRTP/src/install/webots_ros2_msgs/include/webots_ros2_msgs/webots_ros2_msgs/msg/detail/float_stamped__rosidl_typesupport_introspection_c.h
[4.435s] -- Up-to-date symlink: /MRTP/MRTP/src/install/webots_ros2_msgs/include/webots_ros2_msgs/webots_ros2_msgs/msg/detail/pen_ink_properties__rosidl_typesupport_introspection_c.h
[4.436s] -- Up-to-date symlink: /MRTP/MRTP/src/install/webots_ros2_msgs/include/webots_ros2_msgs/webots_ros2_msgs/msg/detail/string_stamped__rosidl_typesupport_introspection_c.h
[4.440s] -- Up-to-date symlink: /MRTP/MRTP/src/install/webots_ros2_msgs/include/webots_ros2_msgs/webots_ros2_msgs/msg/detail/urdf_robot__rosidl_typesupport_introspection_c.h
[4.441s] -- Up-to-date symlink: /MRTP/MRTP/src/install/webots_ros2_msgs/include/webots_ros2_msgs/webots_ros2_msgs/msg/rosidl_typesupport_introspection_c__visibility_control.h
[4.442s] -- Up-to-date symlink: /MRTP/MRTP/src/install/webots_ros2_msgs/include/webots_ros2_msgs/webots_ros2_msgs/srv/detail/emitter_send_string__rosidl_typesupport_introspection_c.h
[4.443s] -- Up-to-date symlink: /MRTP/MRTP/src/install/webots_ros2_msgs/include/webots_ros2_msgs/webots_ros2_msgs/srv/detail/get_bool__rosidl_typesupport_introspection_c.h
[4.444s] -- Up-to-date symlink: /MRTP/MRTP/src/install/webots_ros2_msgs/include/webots_ros2_msgs/webots_ros2_msgs/srv/detail/set_string__rosidl_typesupport_introspection_c.h
[4.449s] -- Up-to-date symlink: /MRTP/MRTP/src/install/webots_ros2_msgs/include/webots_ros2_msgs/webots_ros2_msgs/srv/detail/spawn_node_from_string__rosidl_typesupport_introspection_c.h
[4.451s] -- Up-to-date symlink: /MRTP/MRTP/src/install/webots_ros2_msgs/include/webots_ros2_msgs/webots_ros2_msgs/srv/detail/spawn_urdf_robot__rosidl_typesupport_introspection_c.h
[4.462s] -- Up-to-date symlink: /MRTP/MRTP/src/install/webots_ros2_msgs/include/webots_ros2_msgs/webots_ros2_msgs/msg/detail/bool_stamped__rosidl_typesupport_introspection_cpp.hpp
[4.463s] -- Up-to-date symlink: /MRTP/MRTP/src/install/webots_ros2_msgs/include/webots_ros2_msgs/webots_ros2_msgs/msg/detail/camera_recognition_object__rosidl_typesupport_introspection_cpp.hpp
[4.470s] -- Up-to-date symlink: /MRTP/MRTP/src/install/webots_ros2_msgs/include/webots_ros2_msgs/webots_ros2_msgs/msg/detail/camera_recognition_objects__rosidl_typesupport_introspection_cpp.hpp
[4.474s] -- Up-to-date symlink: /MRTP/MRTP/src/install/webots_ros2_msgs/include/webots_ros2_msgs/webots_ros2_msgs/msg/detail/float_stamped__rosidl_typesupport_introspection_cpp.hpp
[4.481s] -- Up-to-date symlink: /MRTP/MRTP/src/install/webots_ros2_msgs/include/webots_ros2_msgs/webots_ros2_msgs/msg/detail/pen_ink_properties__rosidl_typesupport_introspection_cpp.hpp
[4.482s] -- Up-to-date symlink: /MRTP/MRTP/src/install/webots_ros2_msgs/include/webots_ros2_msgs/webots_ros2_msgs/msg/detail/string_stamped__rosidl_typesupport_introspection_cpp.hpp
[4.488s] -- Up-to-date symlink: /MRTP/MRTP/src/install/webots_ros2_msgs/include/webots_ros2_msgs/webots_ros2_msgs/msg/detail/urdf_robot__rosidl_typesupport_introspection_cpp.hpp
[4.490s] -- Up-to-date symlink: /MRTP/MRTP/src/install/webots_ros2_msgs/include/webots_ros2_msgs/webots_ros2_msgs/srv/detail/emitter_send_string__rosidl_typesupport_introspection_cpp.hpp
[4.495s] -- Up-to-date symlink: /MRTP/MRTP/src/install/webots_ros2_msgs/include/webots_ros2_msgs/webots_ros2_msgs/srv/detail/get_bool__rosidl_typesupport_introspection_cpp.hpp
[4.499s] -- Up-to-date symlink: /MRTP/MRTP/src/install/webots_ros2_msgs/include/webots_ros2_msgs/webots_ros2_msgs/srv/detail/set_string__rosidl_typesupport_introspection_cpp.hpp
[4.500s] -- Up-to-date symlink: /MRTP/MRTP/src/install/webots_ros2_msgs/include/webots_ros2_msgs/webots_ros2_msgs/srv/detail/spawn_node_from_string__rosidl_typesupport_introspection_cpp.hpp
[4.503s] -- Up-to-date symlink: /MRTP/MRTP/src/install/webots_ros2_msgs/include/webots_ros2_msgs/webots_ros2_msgs/srv/detail/spawn_urdf_robot__rosidl_typesupport_introspection_cpp.hpp
[4.504s] -- Up-to-date symlink: /MRTP/MRTP/src/install/webots_ros2_msgs/share/webots_ros2_msgs/environment/pythonpath.sh
[4.516s] -- Up-to-date symlink: /MRTP/MRTP/src/install/webots_ros2_msgs/share/webots_ros2_msgs/environment/pythonpath.dsv
[4.518s] -- Up-to-date symlink: /MRTP/MRTP/src/install/webots_ros2_msgs/lib/python3.12/site-packages/webots_ros2_msgs-2025.0.1-py3.12.egg-info/PKG-INFO
[4.522s] -- Up-to-date symlink: /MRTP/MRTP/src/install/webots_ros2_msgs/lib/python3.12/site-packages/webots_ros2_msgs-2025.0.1-py3.12.egg-info/SOURCES.txt
[4.527s] -- Up-to-date symlink: /MRTP/MRTP/src/install/webots_ros2_msgs/lib/python3.12/site-packages/webots_ros2_msgs-2025.0.1-py3.12.egg-info/dependency_links.txt
[4.528s] -- Up-to-date symlink: /MRTP/MRTP/src/install/webots_ros2_msgs/lib/python3.12/site-packages/webots_ros2_msgs-2025.0.1-py3.12.egg-info/top_level.txt
[4.546s] -- Up-to-date symlink: /MRTP/MRTP/src/install/webots_ros2_msgs/lib/python3.12/site-packages/webots_ros2_msgs/__init__.py
[4.554s] -- Up-to-date symlink: /MRTP/MRTP/src/install/webots_ros2_msgs/lib/python3.12/site-packages/webots_ros2_msgs/_webots_ros2_msgs_s.ep.rosidl_typesupport_c.c
[4.566s] -- Up-to-date symlink: /MRTP/MRTP/src/install/webots_ros2_msgs/lib/python3.12/site-packages/webots_ros2_msgs/_webots_ros2_msgs_s.ep.rosidl_typesupport_fastrtps_c.c
[4.571s] -- Up-to-date symlink: /MRTP/MRTP/src/install/webots_ros2_msgs/lib/python3.12/site-packages/webots_ros2_msgs/_webots_ros2_msgs_s.ep.rosidl_typesupport_introspection_c.c
[4.576s] -- Up-to-date symlink: /MRTP/MRTP/src/install/webots_ros2_msgs/lib/python3.12/site-packages/webots_ros2_msgs/msg/__init__.py
[4.577s] -- Up-to-date symlink: /MRTP/MRTP/src/install/webots_ros2_msgs/lib/python3.12/site-packages/webots_ros2_msgs/msg/_bool_stamped.py
[4.585s] -- Up-to-date symlink: /MRTP/MRTP/src/install/webots_ros2_msgs/lib/python3.12/site-packages/webots_ros2_msgs/msg/_bool_stamped_s.c
[4.591s] -- Up-to-date symlink: /MRTP/MRTP/src/install/webots_ros2_msgs/lib/python3.12/site-packages/webots_ros2_msgs/msg/_camera_recognition_object.py
[4.593s] -- Up-to-date symlink: /MRTP/MRTP/src/install/webots_ros2_msgs/lib/python3.12/site-packages/webots_ros2_msgs/msg/_camera_recognition_object_s.c
[4.599s] -- Up-to-date symlink: /MRTP/MRTP/src/install/webots_ros2_msgs/lib/python3.12/site-packages/webots_ros2_msgs/msg/_camera_recognition_objects.py
[4.600s] -- Up-to-date symlink: /MRTP/MRTP/src/install/webots_ros2_msgs/lib/python3.12/site-packages/webots_ros2_msgs/msg/_camera_recognition_objects_s.c
[4.601s] -- Up-to-date symlink: /MRTP/MRTP/src/install/webots_ros2_msgs/lib/python3.12/site-packages/webots_ros2_msgs/msg/_float_stamped.py
[4.603s] -- Up-to-date symlink: /MRTP/MRTP/src/install/webots_ros2_msgs/lib/python3.12/site-packages/webots_ros2_msgs/msg/_float_stamped_s.c
[4.607s] -- Up-to-date symlink: /MRTP/MRTP/src/install/webots_ros2_msgs/lib/python3.12/site-packages/webots_ros2_msgs/msg/_pen_ink_properties.py
[4.610s] -- Up-to-date symlink: /MRTP/MRTP/src/install/webots_ros2_msgs/lib/python3.12/site-packages/webots_ros2_msgs/msg/_pen_ink_properties_s.c
[4.611s] -- Up-to-date symlink: /MRTP/MRTP/src/install/webots_ros2_msgs/lib/python3.12/site-packages/webots_ros2_msgs/msg/_string_stamped.py
[4.612s] -- Up-to-date symlink: /MRTP/MRTP/src/install/webots_ros2_msgs/lib/python3.12/site-packages/webots_ros2_msgs/msg/_string_stamped_s.c
[4.616s] -- Up-to-date symlink: /MRTP/MRTP/src/install/webots_ros2_msgs/lib/python3.12/site-packages/webots_ros2_msgs/msg/_urdf_robot.py
[4.624s] -- Up-to-date symlink: /MRTP/MRTP/src/install/webots_ros2_msgs/lib/python3.12/site-packages/webots_ros2_msgs/msg/_urdf_robot_s.c
[4.625s] -- Up-to-date symlink: /MRTP/MRTP/src/install/webots_ros2_msgs/lib/python3.12/site-packages/webots_ros2_msgs/srv/__init__.py
[4.628s] -- Up-to-date symlink: /MRTP/MRTP/src/install/webots_ros2_msgs/lib/python3.12/site-packages/webots_ros2_msgs/srv/_emitter_send_string.py
[4.632s] -- Up-to-date symlink: /MRTP/MRTP/src/install/webots_ros2_msgs/lib/python3.12/site-packages/webots_ros2_msgs/srv/_emitter_send_string_s.c
[4.641s] -- Up-to-date symlink: /MRTP/MRTP/src/install/webots_ros2_msgs/lib/python3.12/site-packages/webots_ros2_msgs/srv/_get_bool.py
[4.644s] -- Up-to-date symlink: /MRTP/MRTP/src/install/webots_ros2_msgs/lib/python3.12/site-packages/webots_ros2_msgs/srv/_get_bool_s.c
[4.648s] -- Up-to-date symlink: /MRTP/MRTP/src/install/webots_ros2_msgs/lib/python3.12/site-packages/webots_ros2_msgs/srv/_set_string.py
[4.650s] -- Up-to-date symlink: /MRTP/MRTP/src/install/webots_ros2_msgs/lib/python3.12/site-packages/webots_ros2_msgs/srv/_set_string_s.c
[4.663s] -- Up-to-date symlink: /MRTP/MRTP/src/install/webots_ros2_msgs/lib/python3.12/site-packages/webots_ros2_msgs/srv/_spawn_node_from_string.py
[4.670s] -- Up-to-date symlink: /MRTP/MRTP/src/install/webots_ros2_msgs/lib/python3.12/site-packages/webots_ros2_msgs/srv/_spawn_node_from_string_s.c
[4.679s] -- Up-to-date symlink: /MRTP/MRTP/src/install/webots_ros2_msgs/lib/python3.12/site-packages/webots_ros2_msgs/srv/_spawn_urdf_robot.py
[4.680s] -- Up-to-date symlink: /MRTP/MRTP/src/install/webots_ros2_msgs/lib/python3.12/site-packages/webots_ros2_msgs/srv/_spawn_urdf_robot_s.c
[4.689s] -- Up-to-date symlink: /MRTP/MRTP/src/install/webots_ros2_msgs/lib/python3.12/site-packages/webots_ros2_msgs/webots_ros2_msgs_s__rosidl_typesupport_c.so
[4.696s] -- Up-to-date symlink: /MRTP/MRTP/src/install/webots_ros2_msgs/lib/python3.12/site-packages/webots_ros2_msgs/webots_ros2_msgs_s__rosidl_typesupport_fastrtps_c.so
[4.708s] -- Up-to-date symlink: /MRTP/MRTP/src/install/webots_ros2_msgs/lib/python3.12/site-packages/webots_ros2_msgs/webots_ros2_msgs_s__rosidl_typesupport_introspection_c.so
[4.711s] -- Up-to-date symlink: /MRTP/MRTP/src/install/webots_ros2_msgs/lib/python3.12/site-packages/webots_ros2_msgs/webots_ros2_msgs_s__rosidl_typesupport_fastrtps_c.so
[4.716s] -- Up-to-date symlink: /MRTP/MRTP/src/install/webots_ros2_msgs/lib/python3.12/site-packages/webots_ros2_msgs/webots_ros2_msgs_s__rosidl_typesupport_introspection_c.so
[4.719s] -- Up-to-date symlink: /MRTP/MRTP/src/install/webots_ros2_msgs/lib/python3.12/site-packages/webots_ros2_msgs/webots_ros2_msgs_s__rosidl_typesupport_c.so
[4.723s] -- Up-to-date symlink: /MRTP/MRTP/src/install/webots_ros2_msgs/share/webots_ros2_msgs/msg/BoolStamped.idl
[4.728s] -- Up-to-date symlink: /MRTP/MRTP/src/install/webots_ros2_msgs/share/webots_ros2_msgs/msg/FloatStamped.idl
[4.729s] -- Up-to-date symlink: /MRTP/MRTP/src/install/webots_ros2_msgs/share/webots_ros2_msgs/msg/StringStamped.idl
[4.737s] -- Up-to-date symlink: /MRTP/MRTP/src/install/webots_ros2_msgs/share/webots_ros2_msgs/msg/CameraRecognitionObject.idl
[4.740s] -- Up-to-date symlink: /MRTP/MRTP/src/install/webots_ros2_msgs/share/webots_ros2_msgs/msg/CameraRecognitionObjects.idl
[4.743s] -- Up-to-date symlink: /MRTP/MRTP/src/install/webots_ros2_msgs/share/webots_ros2_msgs/msg/UrdfRobot.idl
[4.746s] -- Up-to-date symlink: /MRTP/MRTP/src/install/webots_ros2_msgs/share/webots_ros2_msgs/msg/PenInkProperties.idl
[4.750s] -- Up-to-date symlink: /MRTP/MRTP/src/install/webots_ros2_msgs/share/webots_ros2_msgs/srv/EmitterSendString.idl
[4.756s] -- Up-to-date symlink: /MRTP/MRTP/src/install/webots_ros2_msgs/share/webots_ros2_msgs/srv/GetBool.idl
[4.760s] -- Up-to-date symlink: /MRTP/MRTP/src/install/webots_ros2_msgs/share/webots_ros2_msgs/srv/SetString.idl
[4.768s] -- Up-to-date symlink: /MRTP/MRTP/src/install/webots_ros2_msgs/share/webots_ros2_msgs/srv/SpawnNodeFromString.idl
[4.772s] -- Up-to-date symlink: /MRTP/MRTP/src/install/webots_ros2_msgs/share/webots_ros2_msgs/srv/SpawnUrdfRobot.idl
[4.776s] -- Up-to-date symlink: /MRTP/MRTP/src/install/webots_ros2_msgs/share/webots_ros2_msgs/msg/BoolStamped.msg
[4.779s] -- Up-to-date symlink: /MRTP/MRTP/src/install/webots_ros2_msgs/share/webots_ros2_msgs/msg/FloatStamped.msg
[4.784s] -- Up-to-date symlink: /MRTP/MRTP/src/install/webots_ros2_msgs/share/webots_ros2_msgs/msg/StringStamped.msg
[4.786s] -- Up-to-date symlink: /MRTP/MRTP/src/install/webots_ros2_msgs/share/webots_ros2_msgs/msg/CameraRecognitionObject.msg
[4.788s] -- Up-to-date symlink: /MRTP/MRTP/src/install/webots_ros2_msgs/share/webots_ros2_msgs/msg/CameraRecognitionObjects.msg
[4.791s] -- Up-to-date symlink: /MRTP/MRTP/src/install/webots_ros2_msgs/share/webots_ros2_msgs/msg/UrdfRobot.msg
[4.796s] -- Up-to-date symlink: /MRTP/MRTP/src/install/webots_ros2_msgs/share/webots_ros2_msgs/msg/PenInkProperties.msg
[4.801s] -- Up-to-date symlink: /MRTP/MRTP/src/install/webots_ros2_msgs/share/webots_ros2_msgs/srv/EmitterSendString.srv
[4.805s] -- Up-to-date symlink: /MRTP/MRTP/src/install/webots_ros2_msgs/share/webots_ros2_msgs/srv/GetBool.srv
[4.810s] -- Up-to-date symlink: /MRTP/MRTP/src/install/webots_ros2_msgs/share/webots_ros2_msgs/srv/SetString.srv
[4.822s] -- Up-to-date symlink: /MRTP/MRTP/src/install/webots_ros2_msgs/share/webots_ros2_msgs/srv/SpawnNodeFromString.srv
[4.837s] -- Up-to-date symlink: /MRTP/MRTP/src/install/webots_ros2_msgs/share/webots_ros2_msgs/srv/SpawnUrdfRobot.srv
[4.844s] -- Up-to-date symlink: /MRTP/MRTP/src/install/webots_ros2_msgs/share/ament_index/resource_index/package_run_dependencies/webots_ros2_msgs
[4.847s] -- Up-to-date symlink: /MRTP/MRTP/src/install/webots_ros2_msgs/share/ament_index/resource_index/parent_prefix_path/webots_ros2_msgs
[4.868s] -- Up-to-date symlink: /MRTP/MRTP/src/install/webots_ros2_msgs/share/webots_ros2_msgs/environment/ament_prefix_path.sh
[4.883s] -- Up-to-date symlink: /MRTP/MRTP/src/install/webots_ros2_msgs/share/webots_ros2_msgs/environment/ament_prefix_path.dsv
[4.886s] -- Up-to-date symlink: /MRTP/MRTP/src/install/webots_ros2_msgs/share/webots_ros2_msgs/environment/path.sh
[4.893s] -- Up-to-date symlink: /MRTP/MRTP/src/install/webots_ros2_msgs/share/webots_ros2_msgs/environment/path.dsv
[4.896s] -- Up-to-date symlink: /MRTP/MRTP/src/install/webots_ros2_msgs/share/webots_ros2_msgs/local_setup.bash
[4.904s] -- Up-to-date symlink: /MRTP/MRTP/src/install/webots_ros2_msgs/share/webots_ros2_msgs/local_setup.sh
[4.913s] -- Up-to-date symlink: /MRTP/MRTP/src/install/webots_ros2_msgs/share/webots_ros2_msgs/local_setup.zsh
[4.925s] -- Up-to-date symlink: /MRTP/MRTP/src/install/webots_ros2_msgs/share/webots_ros2_msgs/local_setup.dsv
[4.929s] -- Symlinking: /MRTP/MRTP/src/install/webots_ros2_msgs/share/webots_ros2_msgs/package.dsv
[5.012s] -- Up-to-date symlink: /MRTP/MRTP/src/install/webots_ros2_msgs/share/ament_index/resource_index/packages/webots_ros2_msgs
[5.015s] -- Up-to-date symlink: /MRTP/MRTP/src/install/webots_ros2_msgs/share/webots_ros2_msgs/cmake/rosidl_cmake-extras.cmake
[5.017s] -- Up-to-date symlink: /MRTP/MRTP/src/install/webots_ros2_msgs/share/webots_ros2_msgs/cmake/ament_cmake_export_dependencies-extras.cmake
[5.019s] -- Up-to-date symlink: /MRTP/MRTP/src/install/webots_ros2_msgs/share/webots_ros2_msgs/cmake/ament_cmake_export_include_directories-extras.cmake
[5.021s] -- Up-to-date symlink: /MRTP/MRTP/src/install/webots_ros2_msgs/share/webots_ros2_msgs/cmake/ament_cmake_export_libraries-extras.cmake
[5.024s] -- Up-to-date symlink: /MRTP/MRTP/src/install/webots_ros2_msgs/share/webots_ros2_msgs/cmake/ament_cmake_export_targets-extras.cmake
[5.026s] -- Up-to-date symlink: /MRTP/MRTP/src/install/webots_ros2_msgs/share/webots_ros2_msgs/cmake/rosidl_cmake_export_typesupport_targets-extras.cmake
[5.028s] -- Up-to-date symlink: /MRTP/MRTP/src/install/webots_ros2_msgs/share/webots_ros2_msgs/cmake/rosidl_cmake_export_typesupport_libraries-extras.cmake
[5.033s] -- Up-to-date symlink: /MRTP/MRTP/src/install/webots_ros2_msgs/share/webots_ros2_msgs/cmake/webots_ros2_msgsConfig.cmake
[5.037s] -- Up-to-date symlink: /MRTP/MRTP/src/install/webots_ros2_msgs/share/webots_ros2_msgs/cmake/webots_ros2_msgsConfig-version.cmake
[5.039s] -- Up-to-date symlink: /MRTP/MRTP/src/install/webots_ros2_msgs/share/webots_ros2_msgs/package.xml
[5.042s] -- Up-to-date: /MRTP/MRTP/src/install/webots_ros2_msgs/lib/libwebots_ros2_msgs__rosidl_generator_c.so
[5.049s] -- Up-to-date: /MRTP/MRTP/src/install/webots_ros2_msgs/lib/libwebots_ros2_msgs__rosidl_typesupport_fastrtps_c.so
[5.060s] -- Up-to-date: /MRTP/MRTP/src/install/webots_ros2_msgs/lib/libwebots_ros2_msgs__rosidl_typesupport_fastrtps_cpp.so
[5.070s] -- Up-to-date: /MRTP/MRTP/src/install/webots_ros2_msgs/lib/libwebots_ros2_msgs__rosidl_typesupport_introspection_c.so
[5.077s] -- Up-to-date: /MRTP/MRTP/src/install/webots_ros2_msgs/lib/libwebots_ros2_msgs__rosidl_typesupport_c.so
[5.083s] -- Up-to-date: /MRTP/MRTP/src/install/webots_ros2_msgs/lib/libwebots_ros2_msgs__rosidl_typesupport_introspection_cpp.so
[5.090s] -- Up-to-date: /MRTP/MRTP/src/install/webots_ros2_msgs/lib/libwebots_ros2_msgs__rosidl_typesupport_cpp.so
[5.351s] Listing '/MRTP/MRTP/src/install/webots_ros2_msgs/lib/python3.12/site-packages/webots_ros2_msgs'...
[5.353s] Listing '/MRTP/MRTP/src/install/webots_ros2_msgs/lib/python3.12/site-packages/webots_ros2_msgs/msg'...
[5.357s] Listing '/MRTP/MRTP/src/install/webots_ros2_msgs/lib/python3.12/site-packages/webots_ros2_msgs/srv'...
[5.367s] -- Up-to-date: /MRTP/MRTP/src/install/webots_ros2_msgs/lib/libwebots_ros2_msgs__rosidl_generator_py.so
[5.376s] -- Up-to-date: /MRTP/MRTP/src/install/webots_ros2_msgs/share/webots_ros2_msgs/cmake/export_webots_ros2_msgs__rosidl_generator_cExport.cmake
[5.376s] -- Up-to-date: /MRTP/MRTP/src/install/webots_ros2_msgs/share/webots_ros2_msgs/cmake/export_webots_ros2_msgs__rosidl_generator_cExport-noconfig.cmake
[5.383s] -- Up-to-date: /MRTP/MRTP/src/install/webots_ros2_msgs/share/webots_ros2_msgs/cmake/export_webots_ros2_msgs__rosidl_typesupport_fastrtps_cExport.cmake
[5.384s] -- Up-to-date: /MRTP/MRTP/src/install/webots_ros2_msgs/share/webots_ros2_msgs/cmake/export_webots_ros2_msgs__rosidl_typesupport_fastrtps_cExport-noconfig.cmake
[5.386s] -- Up-to-date: /MRTP/MRTP/src/install/webots_ros2_msgs/share/webots_ros2_msgs/cmake/export_webots_ros2_msgs__rosidl_generator_cppExport.cmake
[5.392s] -- Up-to-date: /MRTP/MRTP/src/install/webots_ros2_msgs/share/webots_ros2_msgs/cmake/export_webots_ros2_msgs__rosidl_typesupport_fastrtps_cppExport.cmake
[5.394s] -- Up-to-date: /MRTP/MRTP/src/install/webots_ros2_msgs/share/webots_ros2_msgs/cmake/export_webots_ros2_msgs__rosidl_typesupport_fastrtps_cppExport-noconfig.cmake
[5.398s] -- Up-to-date: /MRTP/MRTP/src/install/webots_ros2_msgs/share/webots_ros2_msgs/cmake/webots_ros2_msgs__rosidl_typesupport_introspection_cExport.cmake
[5.400s] -- Up-to-date: /MRTP/MRTP/src/install/webots_ros2_msgs/share/webots_ros2_msgs/cmake/webots_ros2_msgs__rosidl_typesupport_introspection_cExport-noconfig.cmake
[5.402s] -- Up-to-date: /MRTP/MRTP/src/install/webots_ros2_msgs/share/webots_ros2_msgs/cmake/webots_ros2_msgs__rosidl_typesupport_cExport.cmake
[5.404s] -- Up-to-date: /MRTP/MRTP/src/install/webots_ros2_msgs/share/webots_ros2_msgs/cmake/webots_ros2_msgs__rosidl_typesupport_cExport-noconfig.cmake
[5.411s] -- Up-to-date: /MRTP/MRTP/src/install/webots_ros2_msgs/share/webots_ros2_msgs/cmake/webots_ros2_msgs__rosidl_typesupport_introspection_cppExport.cmake
[5.416s] -- Up-to-date: /MRTP/MRTP/src/install/webots_ros2_msgs/share/webots_ros2_msgs/cmake/webots_ros2_msgs__rosidl_typesupport_introspection_cppExport-noconfig.cmake
[5.420s] -- Up-to-date: /MRTP/MRTP/src/install/webots_ros2_msgs/share/webots_ros2_msgs/cmake/webots_ros2_msgs__rosidl_typesupport_cppExport.cmake
[5.422s] -- Up-to-date: /MRTP/MRTP/src/install/webots_ros2_msgs/share/webots_ros2_msgs/cmake/webots_ros2_msgs__rosidl_typesupport_cppExport-noconfig.cmake
[5.435s] -- Up-to-date: /MRTP/MRTP/src/install/webots_ros2_msgs/share/webots_ros2_msgs/cmake/export_webots_ros2_msgs__rosidl_generator_pyExport.cmake
[5.437s] -- Up-to-date: /MRTP/MRTP/src/install/webots_ros2_msgs/share/webots_ros2_msgs/cmake/export_webots_ros2_msgs__rosidl_generator_pyExport-noconfig.cmake
[5.471s] Invoked command in '/MRTP/MRTP/src/build/webots_ros2_msgs' returned '0': CMAKE_PREFIX_PATH=${CMAKE_PREFIX_PATH}:/MRTP/MRTP/src/install/webots_ros2:/MRTP/MRTP/src/install/webots_ros2_universal_robot:/MRTP/MRTP/src/install/webots_ros2_turtlebot:/MRTP/MRTP/src/install/webots_ros2_tiago:/MRTP/MRTP/src/install/webots_ros2_tests:/MRTP/MRTP/src/install/webots_ros2_tesla:/MRTP/MRTP/src/install/webots_ros2_mavic:/MRTP/MRTP/src/install/webots_ros2_husarion:/MRTP/MRTP/src/install/webots_ros2_epuck:/MRTP/MRTP/src/install/webots_ros2_crazyflie:/MRTP/MRTP/src/install/webots_ros2_importer:/MRTP/MRTP/src/install/gazeboenvs:/opt/ros/jazzy PS1=(.venv) \[\e]0;\u@\h: \w\a\]${debian_chroot:+($debian_chroot)}\u@\h:\w\$ VIRTUAL_ENV_PROMPT=(.venv) /usr/bin/cmake --install /MRTP/MRTP/src/build/webots_ros2_msgs
