running develop
running egg_info
creating webots_ros2_mavic.egg-info
writing webots_ros2_mavic.egg-info/PKG-INFO
writing dependency_links to webots_ros2_mavic.egg-info/dependency_links.txt
writing entry points to webots_ros2_mavic.egg-info/entry_points.txt
writing requirements to webots_ros2_mavic.egg-info/requires.txt
writing top-level names to webots_ros2_mavic.egg-info/top_level.txt
writing manifest file 'webots_ros2_mavic.egg-info/SOURCES.txt'
reading manifest file 'webots_ros2_mavic.egg-info/SOURCES.txt'
writing manifest file 'webots_ros2_mavic.egg-info/SOURCES.txt'
running build_ext
Creating /MRTP/MRTP/src/install/webots_ros2_mavic/lib/python3.12/site-packages/webots-ros2-mavic.egg-link (link to .)

Installed /MRTP/MRTP/src/build/webots_ros2_mavic
running symlink_data
creating /MRTP/MRTP/src/install/webots_ros2_mavic/share/ament_index
creating /MRTP/MRTP/src/install/webots_ros2_mavic/share/ament_index/resource_index
creating /MRTP/MRTP/src/install/webots_ros2_mavic/share/ament_index/resource_index/packages
symbolically linking /MRTP/MRTP/src/build/webots_ros2_mavic/resource/webots_ros2_mavic -> /MRTP/MRTP/src/install/webots_ros2_mavic/share/ament_index/resource_index/packages
creating /MRTP/MRTP/src/install/webots_ros2_mavic/share/webots_ros2_mavic/launch
symbolically linking /MRTP/MRTP/src/build/webots_ros2_mavic/launch/robot_launch.py -> /MRTP/MRTP/src/install/webots_ros2_mavic/share/webots_ros2_mavic/launch
creating /MRTP/MRTP/src/install/webots_ros2_mavic/share/webots_ros2_mavic/worlds
symbolically linking /MRTP/MRTP/src/build/webots_ros2_mavic/worlds/mavic_world.wbt -> /MRTP/MRTP/src/install/webots_ros2_mavic/share/webots_ros2_mavic/worlds
symbolically linking /MRTP/MRTP/src/build/webots_ros2_mavic/worlds/.mavic_world.wbproj -> /MRTP/MRTP/src/install/webots_ros2_mavic/share/webots_ros2_mavic/worlds
creating /MRTP/MRTP/src/install/webots_ros2_mavic/share/webots_ros2_mavic/resource
symbolically linking /MRTP/MRTP/src/build/webots_ros2_mavic/resource/mavic_webots.urdf -> /MRTP/MRTP/src/install/webots_ros2_mavic/share/webots_ros2_mavic/resource
symbolically linking /MRTP/MRTP/src/build/webots_ros2_mavic/package.xml -> /MRTP/MRTP/src/install/webots_ros2_mavic/share/webots_ros2_mavic
