[0.754s] Invoking command in '/MRTP/MRTP/src/build/webots_ros2_mavic': AMENT_PREFIX_PATH=/MRTP/MRTP/src/install/webots_ros2_driver:/MRTP/MRTP/src/install/webots_ros2_msgs:/MRTP/MRTP/src/install/webots_ros2_importer:${AMENT_PREFIX_PATH} CMAKE_PREFIX_PATH=/MRTP/MRTP/src/install/webots_ros2_driver:/MRTP/MRTP/src/install/webots_ros2_msgs:${CMAKE_PREFIX_PATH} LD_LIBRARY_PATH=/MRTP/MRTP/src/install/webots_ros2_driver/lib:/MRTP/MRTP/src/install/webots_ros2_msgs/lib:${LD_LIBRARY_PATH} PS1=(.venv) \[\e]0;\u@\h: \w\a\]${debian_chroot:+($debian_chroot)}\u@\h:\w\$ PYTHONPATH=/MRTP/MRTP/src/build/webots_ros2_mavic/prefix_override:/usr/lib/python3/dist-packages/colcon_core/task/python/colcon_distutils_commands:/MRTP/MRTP/src/install/webots_ros2_mavic/lib/python3.12/site-packages:/MRTP/MRTP/src/install/webots_ros2_driver/lib/python3.12/site-packages:/MRTP/MRTP/src/install/webots_ros2_msgs/lib/python3.12/site-packages:/MRTP/MRTP/src/build/webots_ros2_importer:/MRTP/MRTP/src/install/webots_ros2_importer/lib/python3.12/site-packages:${PYTHONPATH} VIRTUAL_ENV_PROMPT=(.venv) /usr/bin/python3 -W ignore:setup.py install is deprecated -W ignore:easy_install command is deprecated setup.py develop --editable --build-directory /MRTP/MRTP/src/build/webots_ros2_mavic/build --no-deps symlink_data
[0.995s] running develop
[1.134s] running egg_info
[1.134s] creating webots_ros2_mavic.egg-info
[1.143s] writing webots_ros2_mavic.egg-info/PKG-INFO
[1.144s] writing dependency_links to webots_ros2_mavic.egg-info/dependency_links.txt
[1.145s] writing entry points to webots_ros2_mavic.egg-info/entry_points.txt
[1.146s] writing requirements to webots_ros2_mavic.egg-info/requires.txt
[1.147s] writing top-level names to webots_ros2_mavic.egg-info/top_level.txt
[1.148s] writing manifest file 'webots_ros2_mavic.egg-info/SOURCES.txt'
[1.192s] reading manifest file 'webots_ros2_mavic.egg-info/SOURCES.txt'
[1.195s] writing manifest file 'webots_ros2_mavic.egg-info/SOURCES.txt'
[1.206s] running build_ext
[1.207s] Creating /MRTP/MRTP/src/install/webots_ros2_mavic/lib/python3.12/site-packages/webots-ros2-mavic.egg-link (link to .)
[1.210s] 
[1.212s] Installed /MRTP/MRTP/src/build/webots_ros2_mavic
[1.212s] running symlink_data
[1.213s] creating /MRTP/MRTP/src/install/webots_ros2_mavic/share/ament_index
[1.213s] creating /MRTP/MRTP/src/install/webots_ros2_mavic/share/ament_index/resource_index
[1.214s] creating /MRTP/MRTP/src/install/webots_ros2_mavic/share/ament_index/resource_index/packages
[1.215s] symbolically linking /MRTP/MRTP/src/build/webots_ros2_mavic/resource/webots_ros2_mavic -> /MRTP/MRTP/src/install/webots_ros2_mavic/share/ament_index/resource_index/packages
[1.215s] creating /MRTP/MRTP/src/install/webots_ros2_mavic/share/webots_ros2_mavic/launch
[1.215s] symbolically linking /MRTP/MRTP/src/build/webots_ros2_mavic/launch/robot_launch.py -> /MRTP/MRTP/src/install/webots_ros2_mavic/share/webots_ros2_mavic/launch
[1.216s] creating /MRTP/MRTP/src/install/webots_ros2_mavic/share/webots_ros2_mavic/worlds
[1.218s] symbolically linking /MRTP/MRTP/src/build/webots_ros2_mavic/worlds/mavic_world.wbt -> /MRTP/MRTP/src/install/webots_ros2_mavic/share/webots_ros2_mavic/worlds
[1.219s] symbolically linking /MRTP/MRTP/src/build/webots_ros2_mavic/worlds/.mavic_world.wbproj -> /MRTP/MRTP/src/install/webots_ros2_mavic/share/webots_ros2_mavic/worlds
[1.221s] creating /MRTP/MRTP/src/install/webots_ros2_mavic/share/webots_ros2_mavic/resource
[1.221s] symbolically linking /MRTP/MRTP/src/build/webots_ros2_mavic/resource/mavic_webots.urdf -> /MRTP/MRTP/src/install/webots_ros2_mavic/share/webots_ros2_mavic/resource
[1.223s] symbolically linking /MRTP/MRTP/src/build/webots_ros2_mavic/package.xml -> /MRTP/MRTP/src/install/webots_ros2_mavic/share/webots_ros2_mavic
[1.237s] Invoked command in '/MRTP/MRTP/src/build/webots_ros2_mavic' returned '0': AMENT_PREFIX_PATH=/MRTP/MRTP/src/install/webots_ros2_driver:/MRTP/MRTP/src/install/webots_ros2_msgs:/MRTP/MRTP/src/install/webots_ros2_importer:${AMENT_PREFIX_PATH} CMAKE_PREFIX_PATH=/MRTP/MRTP/src/install/webots_ros2_driver:/MRTP/MRTP/src/install/webots_ros2_msgs:${CMAKE_PREFIX_PATH} LD_LIBRARY_PATH=/MRTP/MRTP/src/install/webots_ros2_driver/lib:/MRTP/MRTP/src/install/webots_ros2_msgs/lib:${LD_LIBRARY_PATH} PS1=(.venv) \[\e]0;\u@\h: \w\a\]${debian_chroot:+($debian_chroot)}\u@\h:\w\$ PYTHONPATH=/MRTP/MRTP/src/build/webots_ros2_mavic/prefix_override:/usr/lib/python3/dist-packages/colcon_core/task/python/colcon_distutils_commands:/MRTP/MRTP/src/install/webots_ros2_mavic/lib/python3.12/site-packages:/MRTP/MRTP/src/install/webots_ros2_driver/lib/python3.12/site-packages:/MRTP/MRTP/src/install/webots_ros2_msgs/lib/python3.12/site-packages:/MRTP/MRTP/src/build/webots_ros2_importer:/MRTP/MRTP/src/install/webots_ros2_importer/lib/python3.12/site-packages:${PYTHONPATH} VIRTUAL_ENV_PROMPT=(.venv) /usr/bin/python3 -W ignore:setup.py install is deprecated -W ignore:easy_install command is deprecated setup.py develop --editable --build-directory /MRTP/MRTP/src/build/webots_ros2_mavic/build --no-deps symlink_data
