[0.707s] DEBUG:colcon:Command line arguments: ['/usr/bin/colcon', 'build', '--packages-select', 'my_package']
[0.707s] DEBUG:colcon:Parsed command line arguments: Namespace(log_base=None, log_level=None, verb_name='build', build_base='build', install_base='install', merge_install=False, symlink_install=False, test_result_base=None, continue_on_error=False, executor='parallel', parallel_workers=12, event_handlers=None, ignore_user_meta=False, metas=['./colcon.meta'], base_paths=['.'], packages_ignore=None, packages_ignore_regex=None, paths=None, packages_up_to=None, packages_up_to_regex=None, packages_above=None, packages_above_and_dependencies=None, packages_above_depth=None, packages_select_by_dep=None, packages_skip_by_dep=None, packages_skip_up_to=None, packages_select_build_failed=False, packages_skip_build_finished=False, packages_select_test_failures=False, packages_skip_test_passed=False, packages_select=['my_package'], packages_skip=None, packages_select_regex=None, packages_skip_regex=None, packages_start=None, packages_end=None, cmake_args=None, cmake_target=None, cmake_target_skip_unavailable=False, cmake_clean_cache=False, cmake_clean_first=False, cmake_force_configure=False, ament_cmake_args=None, catkin_cmake_args=None, catkin_skip_building_tests=False, mixin_files=None, mixin=None, verb_parser=<colcon_mixin.mixin.mixin_argument.MixinArgumentDecorator object at 0xffff7fdbf170>, verb_extension=<colcon_core.verb.build.BuildVerb object at 0xffff7fdbee40>, main=<bound method BuildVerb.main of <colcon_core.verb.build.BuildVerb object at 0xffff7fdbee40>>, mixin_verb=('build',))
[0.853s] Level 1:colcon.colcon_core.package_discovery:discover_packages(colcon_meta) check parameters
[0.860s] INFO:colcon.colcon_metadata.package_discovery.colcon_meta:Using configuration from '/root/.colcon/metadata/default/Gazebo.meta'
[0.861s] INFO:colcon.colcon_metadata.package_discovery.colcon_meta:Using configuration from '/root/.colcon/metadata/default/fastdds.meta'
[0.865s] INFO:colcon.colcon_metadata.package_discovery.colcon_meta:Using configuration from '/root/.colcon/metadata/default/fastrtps.meta'
[0.866s] Level 1:colcon.colcon_core.package_discovery:discover_packages(recursive) check parameters
[0.866s] Level 1:colcon.colcon_core.package_discovery:discover_packages(ignore) check parameters
[0.868s] Level 1:colcon.colcon_core.package_discovery:discover_packages(path) check parameters
[0.872s] Level 1:colcon.colcon_core.package_discovery:discover_packages(colcon_meta) discover
[0.877s] Level 1:colcon.colcon_core.package_discovery:discover_packages(recursive) discover
[0.877s] INFO:colcon.colcon_core.package_discovery:Crawling recursively for packages in '/MRTP/MRTP'
[0.878s] Level 1:colcon.colcon_core.package_identification:_identify(.) by extensions ['ignore', 'ignore_ament_install']
[0.878s] Level 1:colcon.colcon_core.package_identification:_identify(.) by extension 'ignore'
[0.878s] Level 1:colcon.colcon_core.package_identification:_identify(.) by extension 'ignore_ament_install'
[0.878s] Level 1:colcon.colcon_core.package_identification:_identify(.) by extensions ['colcon_pkg']
[0.878s] Level 1:colcon.colcon_core.package_identification:_identify(.) by extension 'colcon_pkg'
[0.878s] Level 1:colcon.colcon_core.package_identification:_identify(.) by extensions ['colcon_meta']
[0.878s] Level 1:colcon.colcon_core.package_identification:_identify(.) by extension 'colcon_meta'
[0.879s] Level 1:colcon.colcon_core.package_identification:_identify(.) by extensions ['ros']
[0.879s] Level 1:colcon.colcon_core.package_identification:_identify(.) by extension 'ros'
[0.976s] Level 1:colcon.colcon_core.package_identification:_identify(.) by extensions ['cmake', 'python']
[0.979s] Level 1:colcon.colcon_core.package_identification:_identify(.) by extension 'cmake'
[0.990s] Level 1:colcon.colcon_core.package_identification:_identify(.) by extension 'python'
[0.994s] Level 1:colcon.colcon_core.package_identification:_identify(.) by extensions ['python_setup_py']
[0.997s] Level 1:colcon.colcon_core.package_identification:_identify(.) by extension 'python_setup_py'
[1.014s] Level 1:colcon.colcon_core.package_identification:_identify(build) by extensions ['ignore', 'ignore_ament_install']
[1.015s] Level 1:colcon.colcon_core.package_identification:_identify(build) by extension 'ignore'
[1.016s] Level 1:colcon.colcon_core.package_identification:_identify(build) ignored
[1.028s] Level 1:colcon.colcon_core.package_identification:_identify(install) by extensions ['ignore', 'ignore_ament_install']
[1.028s] Level 1:colcon.colcon_core.package_identification:_identify(install) by extension 'ignore'
[1.028s] Level 1:colcon.colcon_core.package_identification:_identify(install) ignored
[1.029s] Level 1:colcon.colcon_core.package_identification:_identify(log) by extensions ['ignore', 'ignore_ament_install']
[1.029s] Level 1:colcon.colcon_core.package_identification:_identify(log) by extension 'ignore'
[1.034s] Level 1:colcon.colcon_core.package_identification:_identify(log) ignored
[1.034s] Level 1:colcon.colcon_core.package_identification:_identify(src) by extensions ['ignore', 'ignore_ament_install']
[1.034s] Level 1:colcon.colcon_core.package_identification:_identify(src) by extension 'ignore'
[1.034s] Level 1:colcon.colcon_core.package_identification:_identify(src) by extension 'ignore_ament_install'
[1.034s] Level 1:colcon.colcon_core.package_identification:_identify(src) by extensions ['colcon_pkg']
[1.034s] Level 1:colcon.colcon_core.package_identification:_identify(src) by extension 'colcon_pkg'
[1.035s] Level 1:colcon.colcon_core.package_identification:_identify(src) by extensions ['colcon_meta']
[1.035s] Level 1:colcon.colcon_core.package_identification:_identify(src) by extension 'colcon_meta'
[1.035s] Level 1:colcon.colcon_core.package_identification:_identify(src) by extensions ['ros']
[1.035s] Level 1:colcon.colcon_core.package_identification:_identify(src) by extension 'ros'
[1.035s] Level 1:colcon.colcon_core.package_identification:_identify(src) by extensions ['cmake', 'python']
[1.035s] Level 1:colcon.colcon_core.package_identification:_identify(src) by extension 'cmake'
[1.035s] Level 1:colcon.colcon_core.package_identification:_identify(src) by extension 'python'
[1.035s] Level 1:colcon.colcon_core.package_identification:_identify(src) by extensions ['python_setup_py']
[1.035s] Level 1:colcon.colcon_core.package_identification:_identify(src) by extension 'python_setup_py'
[1.036s] Level 1:colcon.colcon_core.package_identification:_identify(src/build) by extensions ['ignore', 'ignore_ament_install']
[1.036s] Level 1:colcon.colcon_core.package_identification:_identify(src/build) by extension 'ignore'
[1.036s] Level 1:colcon.colcon_core.package_identification:_identify(src/build) ignored
[1.037s] Level 1:colcon.colcon_core.package_identification:_identify(src/gazeboenvs) by extensions ['ignore', 'ignore_ament_install']
[1.037s] Level 1:colcon.colcon_core.package_identification:_identify(src/gazeboenvs) by extension 'ignore'
[1.037s] Level 1:colcon.colcon_core.package_identification:_identify(src/gazeboenvs) by extension 'ignore_ament_install'
[1.037s] Level 1:colcon.colcon_core.package_identification:_identify(src/gazeboenvs) by extensions ['colcon_pkg']
[1.037s] Level 1:colcon.colcon_core.package_identification:_identify(src/gazeboenvs) by extension 'colcon_pkg'
[1.037s] Level 1:colcon.colcon_core.package_identification:_identify(src/gazeboenvs) by extensions ['colcon_meta']
[1.037s] Level 1:colcon.colcon_core.package_identification:_identify(src/gazeboenvs) by extension 'colcon_meta'
[1.037s] Level 1:colcon.colcon_core.package_identification:_identify(src/gazeboenvs) by extensions ['ros']
[1.037s] Level 1:colcon.colcon_core.package_identification:_identify(src/gazeboenvs) by extension 'ros'
[1.040s] DEBUG:colcon.colcon_core.package_identification:Package 'src/gazeboenvs' with type 'ros.ament_python' and name 'gazeboenvs'
[1.055s] Level 1:colcon.colcon_core.package_identification:_identify(src/install) by extensions ['ignore', 'ignore_ament_install']
[1.055s] Level 1:colcon.colcon_core.package_identification:_identify(src/install) by extension 'ignore'
[1.056s] Level 1:colcon.colcon_core.package_identification:_identify(src/install) ignored
[1.059s] Level 1:colcon.colcon_core.package_identification:_identify(src/log) by extensions ['ignore', 'ignore_ament_install']
[1.059s] Level 1:colcon.colcon_core.package_identification:_identify(src/log) by extension 'ignore'
[1.059s] Level 1:colcon.colcon_core.package_identification:_identify(src/log) ignored
[1.060s] Level 1:colcon.colcon_core.package_identification:_identify(src/my_package) by extensions ['ignore', 'ignore_ament_install']
[1.060s] Level 1:colcon.colcon_core.package_identification:_identify(src/my_package) by extension 'ignore'
[1.060s] Level 1:colcon.colcon_core.package_identification:_identify(src/my_package) by extension 'ignore_ament_install'
[1.060s] Level 1:colcon.colcon_core.package_identification:_identify(src/my_package) by extensions ['colcon_pkg']
[1.061s] Level 1:colcon.colcon_core.package_identification:_identify(src/my_package) by extension 'colcon_pkg'
[1.061s] Level 1:colcon.colcon_core.package_identification:_identify(src/my_package) by extensions ['colcon_meta']
[1.061s] Level 1:colcon.colcon_core.package_identification:_identify(src/my_package) by extension 'colcon_meta'
[1.061s] Level 1:colcon.colcon_core.package_identification:_identify(src/my_package) by extensions ['ros']
[1.061s] Level 1:colcon.colcon_core.package_identification:_identify(src/my_package) by extension 'ros'
[1.063s] DEBUG:colcon.colcon_core.package_identification:Package 'src/my_package' with type 'ros.ament_cmake' and name 'my_package'
[1.063s] Level 1:colcon.colcon_core.package_identification:_identify(src/webots_ros2) by extensions ['ignore', 'ignore_ament_install']
[1.063s] Level 1:colcon.colcon_core.package_identification:_identify(src/webots_ros2) by extension 'ignore'
[1.063s] Level 1:colcon.colcon_core.package_identification:_identify(src/webots_ros2) by extension 'ignore_ament_install'
[1.064s] Level 1:colcon.colcon_core.package_identification:_identify(src/webots_ros2) by extensions ['colcon_pkg']
[1.064s] Level 1:colcon.colcon_core.package_identification:_identify(src/webots_ros2) by extension 'colcon_pkg'
[1.064s] Level 1:colcon.colcon_core.package_identification:_identify(src/webots_ros2) by extensions ['colcon_meta']
[1.064s] Level 1:colcon.colcon_core.package_identification:_identify(src/webots_ros2) by extension 'colcon_meta'
[1.073s] Level 1:colcon.colcon_core.package_identification:_identify(src/webots_ros2) by extensions ['ros']
[1.073s] Level 1:colcon.colcon_core.package_identification:_identify(src/webots_ros2) by extension 'ros'
[1.073s] Level 1:colcon.colcon_core.package_identification:_identify(src/webots_ros2) by extensions ['cmake', 'python']
[1.073s] Level 1:colcon.colcon_core.package_identification:_identify(src/webots_ros2) by extension 'cmake'
[1.073s] Level 1:colcon.colcon_core.package_identification:_identify(src/webots_ros2) by extension 'python'
[1.073s] Level 1:colcon.colcon_core.package_identification:_identify(src/webots_ros2) by extensions ['python_setup_py']
[1.074s] Level 1:colcon.colcon_core.package_identification:_identify(src/webots_ros2) by extension 'python_setup_py'
[1.074s] Level 1:colcon.colcon_core.package_identification:_identify(src/webots_ros2/docker) by extensions ['ignore', 'ignore_ament_install']
[1.074s] Level 1:colcon.colcon_core.package_identification:_identify(src/webots_ros2/docker) by extension 'ignore'
[1.074s] Level 1:colcon.colcon_core.package_identification:_identify(src/webots_ros2/docker) by extension 'ignore_ament_install'
[1.074s] Level 1:colcon.colcon_core.package_identification:_identify(src/webots_ros2/docker) by extensions ['colcon_pkg']
[1.074s] Level 1:colcon.colcon_core.package_identification:_identify(src/webots_ros2/docker) by extension 'colcon_pkg'
[1.074s] Level 1:colcon.colcon_core.package_identification:_identify(src/webots_ros2/docker) by extensions ['colcon_meta']
[1.075s] Level 1:colcon.colcon_core.package_identification:_identify(src/webots_ros2/docker) by extension 'colcon_meta'
[1.075s] Level 1:colcon.colcon_core.package_identification:_identify(src/webots_ros2/docker) by extensions ['ros']
[1.075s] Level 1:colcon.colcon_core.package_identification:_identify(src/webots_ros2/docker) by extension 'ros'
[1.075s] Level 1:colcon.colcon_core.package_identification:_identify(src/webots_ros2/docker) by extensions ['cmake', 'python']
[1.075s] Level 1:colcon.colcon_core.package_identification:_identify(src/webots_ros2/docker) by extension 'cmake'
[1.075s] Level 1:colcon.colcon_core.package_identification:_identify(src/webots_ros2/docker) by extension 'python'
[1.075s] Level 1:colcon.colcon_core.package_identification:_identify(src/webots_ros2/docker) by extensions ['python_setup_py']
[1.075s] Level 1:colcon.colcon_core.package_identification:_identify(src/webots_ros2/docker) by extension 'python_setup_py'
[1.075s] Level 1:colcon.colcon_core.package_identification:_identify(src/webots_ros2/images) by extensions ['ignore', 'ignore_ament_install']
[1.076s] Level 1:colcon.colcon_core.package_identification:_identify(src/webots_ros2/images) by extension 'ignore'
[1.076s] Level 1:colcon.colcon_core.package_identification:_identify(src/webots_ros2/images) by extension 'ignore_ament_install'
[1.076s] Level 1:colcon.colcon_core.package_identification:_identify(src/webots_ros2/images) by extensions ['colcon_pkg']
[1.076s] Level 1:colcon.colcon_core.package_identification:_identify(src/webots_ros2/images) by extension 'colcon_pkg'
[1.076s] Level 1:colcon.colcon_core.package_identification:_identify(src/webots_ros2/images) by extensions ['colcon_meta']
[1.076s] Level 1:colcon.colcon_core.package_identification:_identify(src/webots_ros2/images) by extension 'colcon_meta'
[1.076s] Level 1:colcon.colcon_core.package_identification:_identify(src/webots_ros2/images) by extensions ['ros']
[1.076s] Level 1:colcon.colcon_core.package_identification:_identify(src/webots_ros2/images) by extension 'ros'
[1.076s] Level 1:colcon.colcon_core.package_identification:_identify(src/webots_ros2/images) by extensions ['cmake', 'python']
[1.076s] Level 1:colcon.colcon_core.package_identification:_identify(src/webots_ros2/images) by extension 'cmake'
[1.076s] Level 1:colcon.colcon_core.package_identification:_identify(src/webots_ros2/images) by extension 'python'
[1.076s] Level 1:colcon.colcon_core.package_identification:_identify(src/webots_ros2/images) by extensions ['python_setup_py']
[1.076s] Level 1:colcon.colcon_core.package_identification:_identify(src/webots_ros2/images) by extension 'python_setup_py'
[1.077s] Level 1:colcon.colcon_core.package_identification:_identify(src/webots_ros2/scripts) by extensions ['ignore', 'ignore_ament_install']
[1.077s] Level 1:colcon.colcon_core.package_identification:_identify(src/webots_ros2/scripts) by extension 'ignore'
[1.077s] Level 1:colcon.colcon_core.package_identification:_identify(src/webots_ros2/scripts) by extension 'ignore_ament_install'
[1.078s] Level 1:colcon.colcon_core.package_identification:_identify(src/webots_ros2/scripts) by extensions ['colcon_pkg']
[1.078s] Level 1:colcon.colcon_core.package_identification:_identify(src/webots_ros2/scripts) by extension 'colcon_pkg'
[1.078s] Level 1:colcon.colcon_core.package_identification:_identify(src/webots_ros2/scripts) by extensions ['colcon_meta']
[1.078s] Level 1:colcon.colcon_core.package_identification:_identify(src/webots_ros2/scripts) by extension 'colcon_meta'
[1.078s] Level 1:colcon.colcon_core.package_identification:_identify(src/webots_ros2/scripts) by extensions ['ros']
[1.078s] Level 1:colcon.colcon_core.package_identification:_identify(src/webots_ros2/scripts) by extension 'ros'
[1.078s] Level 1:colcon.colcon_core.package_identification:_identify(src/webots_ros2/scripts) by extensions ['cmake', 'python']
[1.078s] Level 1:colcon.colcon_core.package_identification:_identify(src/webots_ros2/scripts) by extension 'cmake'
[1.078s] Level 1:colcon.colcon_core.package_identification:_identify(src/webots_ros2/scripts) by extension 'python'
[1.079s] Level 1:colcon.colcon_core.package_identification:_identify(src/webots_ros2/scripts) by extensions ['python_setup_py']
[1.079s] Level 1:colcon.colcon_core.package_identification:_identify(src/webots_ros2/scripts) by extension 'python_setup_py'
[1.079s] Level 1:colcon.colcon_core.package_identification:_identify(src/webots_ros2/tests) by extensions ['ignore', 'ignore_ament_install']
[1.079s] Level 1:colcon.colcon_core.package_identification:_identify(src/webots_ros2/tests) by extension 'ignore'
[1.080s] Level 1:colcon.colcon_core.package_identification:_identify(src/webots_ros2/tests) by extension 'ignore_ament_install'
[1.086s] Level 1:colcon.colcon_core.package_identification:_identify(src/webots_ros2/tests) by extensions ['colcon_pkg']
[1.086s] Level 1:colcon.colcon_core.package_identification:_identify(src/webots_ros2/tests) by extension 'colcon_pkg'
[1.086s] Level 1:colcon.colcon_core.package_identification:_identify(src/webots_ros2/tests) by extensions ['colcon_meta']
[1.086s] Level 1:colcon.colcon_core.package_identification:_identify(src/webots_ros2/tests) by extension 'colcon_meta'
[1.086s] Level 1:colcon.colcon_core.package_identification:_identify(src/webots_ros2/tests) by extensions ['ros']
[1.086s] Level 1:colcon.colcon_core.package_identification:_identify(src/webots_ros2/tests) by extension 'ros'
[1.087s] Level 1:colcon.colcon_core.package_identification:_identify(src/webots_ros2/tests) by extensions ['cmake', 'python']
[1.087s] Level 1:colcon.colcon_core.package_identification:_identify(src/webots_ros2/tests) by extension 'cmake'
[1.087s] Level 1:colcon.colcon_core.package_identification:_identify(src/webots_ros2/tests) by extension 'python'
[1.087s] Level 1:colcon.colcon_core.package_identification:_identify(src/webots_ros2/tests) by extensions ['python_setup_py']
[1.087s] Level 1:colcon.colcon_core.package_identification:_identify(src/webots_ros2/tests) by extension 'python_setup_py'
[1.087s] Level 1:colcon.colcon_core.package_identification:_identify(src/webots_ros2/tests/sources) by extensions ['ignore', 'ignore_ament_install']
[1.087s] Level 1:colcon.colcon_core.package_identification:_identify(src/webots_ros2/tests/sources) by extension 'ignore'
[1.087s] Level 1:colcon.colcon_core.package_identification:_identify(src/webots_ros2/tests/sources) by extension 'ignore_ament_install'
[1.088s] Level 1:colcon.colcon_core.package_identification:_identify(src/webots_ros2/tests/sources) by extensions ['colcon_pkg']
[1.088s] Level 1:colcon.colcon_core.package_identification:_identify(src/webots_ros2/tests/sources) by extension 'colcon_pkg'
[1.088s] Level 1:colcon.colcon_core.package_identification:_identify(src/webots_ros2/tests/sources) by extensions ['colcon_meta']
[1.088s] Level 1:colcon.colcon_core.package_identification:_identify(src/webots_ros2/tests/sources) by extension 'colcon_meta'
[1.088s] Level 1:colcon.colcon_core.package_identification:_identify(src/webots_ros2/tests/sources) by extensions ['ros']
[1.088s] Level 1:colcon.colcon_core.package_identification:_identify(src/webots_ros2/tests/sources) by extension 'ros'
[1.088s] Level 1:colcon.colcon_core.package_identification:_identify(src/webots_ros2/tests/sources) by extensions ['cmake', 'python']
[1.088s] Level 1:colcon.colcon_core.package_identification:_identify(src/webots_ros2/tests/sources) by extension 'cmake'
[1.088s] Level 1:colcon.colcon_core.package_identification:_identify(src/webots_ros2/tests/sources) by extension 'python'
[1.088s] Level 1:colcon.colcon_core.package_identification:_identify(src/webots_ros2/tests/sources) by extensions ['python_setup_py']
[1.088s] Level 1:colcon.colcon_core.package_identification:_identify(src/webots_ros2/tests/sources) by extension 'python_setup_py'
[1.089s] Level 1:colcon.colcon_core.package_identification:_identify(src/webots_ros2/webots_ros2) by extensions ['ignore', 'ignore_ament_install']
[1.089s] Level 1:colcon.colcon_core.package_identification:_identify(src/webots_ros2/webots_ros2) by extension 'ignore'
[1.089s] Level 1:colcon.colcon_core.package_identification:_identify(src/webots_ros2/webots_ros2) by extension 'ignore_ament_install'
[1.089s] Level 1:colcon.colcon_core.package_identification:_identify(src/webots_ros2/webots_ros2) by extensions ['colcon_pkg']
[1.089s] Level 1:colcon.colcon_core.package_identification:_identify(src/webots_ros2/webots_ros2) by extension 'colcon_pkg'
[1.089s] Level 1:colcon.colcon_core.package_identification:_identify(src/webots_ros2/webots_ros2) by extensions ['colcon_meta']
[1.089s] Level 1:colcon.colcon_core.package_identification:_identify(src/webots_ros2/webots_ros2) by extension 'colcon_meta'
[1.089s] Level 1:colcon.colcon_core.package_identification:_identify(src/webots_ros2/webots_ros2) by extensions ['ros']
[1.089s] Level 1:colcon.colcon_core.package_identification:_identify(src/webots_ros2/webots_ros2) by extension 'ros'
[1.090s] DEBUG:colcon.colcon_core.package_identification:Package 'src/webots_ros2/webots_ros2' with type 'ros.ament_python' and name 'webots_ros2'
[1.096s] Level 1:colcon.colcon_core.package_identification:_identify(src/webots_ros2/webots_ros2_control) by extensions ['ignore', 'ignore_ament_install']
[1.096s] Level 1:colcon.colcon_core.package_identification:_identify(src/webots_ros2/webots_ros2_control) by extension 'ignore'
[1.099s] Level 1:colcon.colcon_core.package_identification:_identify(src/webots_ros2/webots_ros2_control) by extension 'ignore_ament_install'
[1.099s] Level 1:colcon.colcon_core.package_identification:_identify(src/webots_ros2/webots_ros2_control) by extensions ['colcon_pkg']
[1.099s] Level 1:colcon.colcon_core.package_identification:_identify(src/webots_ros2/webots_ros2_control) by extension 'colcon_pkg'
[1.100s] Level 1:colcon.colcon_core.package_identification:_identify(src/webots_ros2/webots_ros2_control) by extensions ['colcon_meta']
[1.100s] Level 1:colcon.colcon_core.package_identification:_identify(src/webots_ros2/webots_ros2_control) by extension 'colcon_meta'
[1.100s] Level 1:colcon.colcon_core.package_identification:_identify(src/webots_ros2/webots_ros2_control) by extensions ['ros']
[1.100s] Level 1:colcon.colcon_core.package_identification:_identify(src/webots_ros2/webots_ros2_control) by extension 'ros'
[1.104s] DEBUG:colcon.colcon_core.package_identification:Package 'src/webots_ros2/webots_ros2_control' with type 'ros.ament_cmake' and name 'webots_ros2_control'
[1.108s] Level 1:colcon.colcon_core.package_identification:_identify(src/webots_ros2/webots_ros2_crazyflie) by extensions ['ignore', 'ignore_ament_install']
[1.108s] Level 1:colcon.colcon_core.package_identification:_identify(src/webots_ros2/webots_ros2_crazyflie) by extension 'ignore'
[1.108s] Level 1:colcon.colcon_core.package_identification:_identify(src/webots_ros2/webots_ros2_crazyflie) by extension 'ignore_ament_install'
[1.108s] Level 1:colcon.colcon_core.package_identification:_identify(src/webots_ros2/webots_ros2_crazyflie) by extensions ['colcon_pkg']
[1.109s] Level 1:colcon.colcon_core.package_identification:_identify(src/webots_ros2/webots_ros2_crazyflie) by extension 'colcon_pkg'
[1.109s] Level 1:colcon.colcon_core.package_identification:_identify(src/webots_ros2/webots_ros2_crazyflie) by extensions ['colcon_meta']
[1.109s] Level 1:colcon.colcon_core.package_identification:_identify(src/webots_ros2/webots_ros2_crazyflie) by extension 'colcon_meta'
[1.109s] Level 1:colcon.colcon_core.package_identification:_identify(src/webots_ros2/webots_ros2_crazyflie) by extensions ['ros']
[1.109s] Level 1:colcon.colcon_core.package_identification:_identify(src/webots_ros2/webots_ros2_crazyflie) by extension 'ros'
[1.109s] DEBUG:colcon.colcon_core.package_identification:Package 'src/webots_ros2/webots_ros2_crazyflie' with type 'ros.ament_python' and name 'webots_ros2_crazyflie'
[1.110s] Level 1:colcon.colcon_core.package_identification:_identify(src/webots_ros2/webots_ros2_driver) by extensions ['ignore', 'ignore_ament_install']
[1.110s] Level 1:colcon.colcon_core.package_identification:_identify(src/webots_ros2/webots_ros2_driver) by extension 'ignore'
[1.110s] Level 1:colcon.colcon_core.package_identification:_identify(src/webots_ros2/webots_ros2_driver) by extension 'ignore_ament_install'
[1.110s] Level 1:colcon.colcon_core.package_identification:_identify(src/webots_ros2/webots_ros2_driver) by extensions ['colcon_pkg']
[1.110s] Level 1:colcon.colcon_core.package_identification:_identify(src/webots_ros2/webots_ros2_driver) by extension 'colcon_pkg'
[1.110s] Level 1:colcon.colcon_core.package_identification:_identify(src/webots_ros2/webots_ros2_driver) by extensions ['colcon_meta']
[1.110s] Level 1:colcon.colcon_core.package_identification:_identify(src/webots_ros2/webots_ros2_driver) by extension 'colcon_meta'
[1.110s] Level 1:colcon.colcon_core.package_identification:_identify(src/webots_ros2/webots_ros2_driver) by extensions ['ros']
[1.110s] Level 1:colcon.colcon_core.package_identification:_identify(src/webots_ros2/webots_ros2_driver) by extension 'ros'
[1.111s] DEBUG:colcon.colcon_core.package_identification:Package 'src/webots_ros2/webots_ros2_driver' with type 'ros.ament_cmake' and name 'webots_ros2_driver'
[1.118s] Level 1:colcon.colcon_core.package_identification:_identify(src/webots_ros2/webots_ros2_epuck) by extensions ['ignore', 'ignore_ament_install']
[1.118s] Level 1:colcon.colcon_core.package_identification:_identify(src/webots_ros2/webots_ros2_epuck) by extension 'ignore'
[1.118s] Level 1:colcon.colcon_core.package_identification:_identify(src/webots_ros2/webots_ros2_epuck) by extension 'ignore_ament_install'
[1.118s] Level 1:colcon.colcon_core.package_identification:_identify(src/webots_ros2/webots_ros2_epuck) by extensions ['colcon_pkg']
[1.118s] Level 1:colcon.colcon_core.package_identification:_identify(src/webots_ros2/webots_ros2_epuck) by extension 'colcon_pkg'
[1.118s] Level 1:colcon.colcon_core.package_identification:_identify(src/webots_ros2/webots_ros2_epuck) by extensions ['colcon_meta']
[1.118s] Level 1:colcon.colcon_core.package_identification:_identify(src/webots_ros2/webots_ros2_epuck) by extension 'colcon_meta'
[1.118s] Level 1:colcon.colcon_core.package_identification:_identify(src/webots_ros2/webots_ros2_epuck) by extensions ['ros']
[1.118s] Level 1:colcon.colcon_core.package_identification:_identify(src/webots_ros2/webots_ros2_epuck) by extension 'ros'
[1.119s] DEBUG:colcon.colcon_core.package_identification:Package 'src/webots_ros2/webots_ros2_epuck' with type 'ros.ament_python' and name 'webots_ros2_epuck'
[1.119s] Level 1:colcon.colcon_core.package_identification:_identify(src/webots_ros2/webots_ros2_husarion) by extensions ['ignore', 'ignore_ament_install']
[1.119s] Level 1:colcon.colcon_core.package_identification:_identify(src/webots_ros2/webots_ros2_husarion) by extension 'ignore'
[1.119s] Level 1:colcon.colcon_core.package_identification:_identify(src/webots_ros2/webots_ros2_husarion) by extension 'ignore_ament_install'
[1.120s] Level 1:colcon.colcon_core.package_identification:_identify(src/webots_ros2/webots_ros2_husarion) by extensions ['colcon_pkg']
[1.120s] Level 1:colcon.colcon_core.package_identification:_identify(src/webots_ros2/webots_ros2_husarion) by extension 'colcon_pkg'
[1.120s] Level 1:colcon.colcon_core.package_identification:_identify(src/webots_ros2/webots_ros2_husarion) by extensions ['colcon_meta']
[1.120s] Level 1:colcon.colcon_core.package_identification:_identify(src/webots_ros2/webots_ros2_husarion) by extension 'colcon_meta'
[1.120s] Level 1:colcon.colcon_core.package_identification:_identify(src/webots_ros2/webots_ros2_husarion) by extensions ['ros']
[1.120s] Level 1:colcon.colcon_core.package_identification:_identify(src/webots_ros2/webots_ros2_husarion) by extension 'ros'
[1.120s] DEBUG:colcon.colcon_core.package_identification:Package 'src/webots_ros2/webots_ros2_husarion' with type 'ros.ament_python' and name 'webots_ros2_husarion'
[1.121s] Level 1:colcon.colcon_core.package_identification:_identify(src/webots_ros2/webots_ros2_importer) by extensions ['ignore', 'ignore_ament_install']
[1.121s] Level 1:colcon.colcon_core.package_identification:_identify(src/webots_ros2/webots_ros2_importer) by extension 'ignore'
[1.121s] Level 1:colcon.colcon_core.package_identification:_identify(src/webots_ros2/webots_ros2_importer) by extension 'ignore_ament_install'
[1.121s] Level 1:colcon.colcon_core.package_identification:_identify(src/webots_ros2/webots_ros2_importer) by extensions ['colcon_pkg']
[1.121s] Level 1:colcon.colcon_core.package_identification:_identify(src/webots_ros2/webots_ros2_importer) by extension 'colcon_pkg'
[1.121s] Level 1:colcon.colcon_core.package_identification:_identify(src/webots_ros2/webots_ros2_importer) by extensions ['colcon_meta']
[1.121s] Level 1:colcon.colcon_core.package_identification:_identify(src/webots_ros2/webots_ros2_importer) by extension 'colcon_meta'
[1.121s] Level 1:colcon.colcon_core.package_identification:_identify(src/webots_ros2/webots_ros2_importer) by extensions ['ros']
[1.121s] Level 1:colcon.colcon_core.package_identification:_identify(src/webots_ros2/webots_ros2_importer) by extension 'ros'
[1.122s] DEBUG:colcon.colcon_core.package_identification:Package 'src/webots_ros2/webots_ros2_importer' with type 'ros.ament_python' and name 'webots_ros2_importer'
[1.122s] Level 1:colcon.colcon_core.package_identification:_identify(src/webots_ros2/webots_ros2_mavic) by extensions ['ignore', 'ignore_ament_install']
[1.122s] Level 1:colcon.colcon_core.package_identification:_identify(src/webots_ros2/webots_ros2_mavic) by extension 'ignore'
[1.122s] Level 1:colcon.colcon_core.package_identification:_identify(src/webots_ros2/webots_ros2_mavic) by extension 'ignore_ament_install'
[1.122s] Level 1:colcon.colcon_core.package_identification:_identify(src/webots_ros2/webots_ros2_mavic) by extensions ['colcon_pkg']
[1.122s] Level 1:colcon.colcon_core.package_identification:_identify(src/webots_ros2/webots_ros2_mavic) by extension 'colcon_pkg'
[1.122s] Level 1:colcon.colcon_core.package_identification:_identify(src/webots_ros2/webots_ros2_mavic) by extensions ['colcon_meta']
[1.122s] Level 1:colcon.colcon_core.package_identification:_identify(src/webots_ros2/webots_ros2_mavic) by extension 'colcon_meta'
[1.123s] Level 1:colcon.colcon_core.package_identification:_identify(src/webots_ros2/webots_ros2_mavic) by extensions ['ros']
[1.123s] Level 1:colcon.colcon_core.package_identification:_identify(src/webots_ros2/webots_ros2_mavic) by extension 'ros'
[1.123s] DEBUG:colcon.colcon_core.package_identification:Package 'src/webots_ros2/webots_ros2_mavic' with type 'ros.ament_python' and name 'webots_ros2_mavic'
[1.130s] Level 1:colcon.colcon_core.package_identification:_identify(src/webots_ros2/webots_ros2_msgs) by extensions ['ignore', 'ignore_ament_install']
[1.130s] Level 1:colcon.colcon_core.package_identification:_identify(src/webots_ros2/webots_ros2_msgs) by extension 'ignore'
[1.130s] Level 1:colcon.colcon_core.package_identification:_identify(src/webots_ros2/webots_ros2_msgs) by extension 'ignore_ament_install'
[1.130s] Level 1:colcon.colcon_core.package_identification:_identify(src/webots_ros2/webots_ros2_msgs) by extensions ['colcon_pkg']
[1.130s] Level 1:colcon.colcon_core.package_identification:_identify(src/webots_ros2/webots_ros2_msgs) by extension 'colcon_pkg'
[1.130s] Level 1:colcon.colcon_core.package_identification:_identify(src/webots_ros2/webots_ros2_msgs) by extensions ['colcon_meta']
[1.130s] Level 1:colcon.colcon_core.package_identification:_identify(src/webots_ros2/webots_ros2_msgs) by extension 'colcon_meta'
[1.131s] Level 1:colcon.colcon_core.package_identification:_identify(src/webots_ros2/webots_ros2_msgs) by extensions ['ros']
[1.131s] Level 1:colcon.colcon_core.package_identification:_identify(src/webots_ros2/webots_ros2_msgs) by extension 'ros'
[1.131s] DEBUG:colcon.colcon_core.package_identification:Package 'src/webots_ros2/webots_ros2_msgs' with type 'ros.ament_cmake' and name 'webots_ros2_msgs'
[1.132s] Level 1:colcon.colcon_core.package_identification:_identify(src/webots_ros2/webots_ros2_tesla) by extensions ['ignore', 'ignore_ament_install']
[1.132s] Level 1:colcon.colcon_core.package_identification:_identify(src/webots_ros2/webots_ros2_tesla) by extension 'ignore'
[1.132s] Level 1:colcon.colcon_core.package_identification:_identify(src/webots_ros2/webots_ros2_tesla) by extension 'ignore_ament_install'
[1.132s] Level 1:colcon.colcon_core.package_identification:_identify(src/webots_ros2/webots_ros2_tesla) by extensions ['colcon_pkg']
[1.134s] Level 1:colcon.colcon_core.package_identification:_identify(src/webots_ros2/webots_ros2_tesla) by extension 'colcon_pkg'
[1.134s] Level 1:colcon.colcon_core.package_identification:_identify(src/webots_ros2/webots_ros2_tesla) by extensions ['colcon_meta']
[1.134s] Level 1:colcon.colcon_core.package_identification:_identify(src/webots_ros2/webots_ros2_tesla) by extension 'colcon_meta'
[1.134s] Level 1:colcon.colcon_core.package_identification:_identify(src/webots_ros2/webots_ros2_tesla) by extensions ['ros']
[1.134s] Level 1:colcon.colcon_core.package_identification:_identify(src/webots_ros2/webots_ros2_tesla) by extension 'ros'
[1.135s] DEBUG:colcon.colcon_core.package_identification:Package 'src/webots_ros2/webots_ros2_tesla' with type 'ros.ament_python' and name 'webots_ros2_tesla'
[1.135s] Level 1:colcon.colcon_core.package_identification:_identify(src/webots_ros2/webots_ros2_tests) by extensions ['ignore', 'ignore_ament_install']
[1.135s] Level 1:colcon.colcon_core.package_identification:_identify(src/webots_ros2/webots_ros2_tests) by extension 'ignore'
[1.135s] Level 1:colcon.colcon_core.package_identification:_identify(src/webots_ros2/webots_ros2_tests) by extension 'ignore_ament_install'
[1.136s] Level 1:colcon.colcon_core.package_identification:_identify(src/webots_ros2/webots_ros2_tests) by extensions ['colcon_pkg']
[1.136s] Level 1:colcon.colcon_core.package_identification:_identify(src/webots_ros2/webots_ros2_tests) by extension 'colcon_pkg'
[1.136s] Level 1:colcon.colcon_core.package_identification:_identify(src/webots_ros2/webots_ros2_tests) by extensions ['colcon_meta']
[1.136s] Level 1:colcon.colcon_core.package_identification:_identify(src/webots_ros2/webots_ros2_tests) by extension 'colcon_meta'
[1.136s] Level 1:colcon.colcon_core.package_identification:_identify(src/webots_ros2/webots_ros2_tests) by extensions ['ros']
[1.136s] Level 1:colcon.colcon_core.package_identification:_identify(src/webots_ros2/webots_ros2_tests) by extension 'ros'
[1.136s] DEBUG:colcon.colcon_core.package_identification:Package 'src/webots_ros2/webots_ros2_tests' with type 'ros.ament_python' and name 'webots_ros2_tests'
[1.137s] Level 1:colcon.colcon_core.package_identification:_identify(src/webots_ros2/webots_ros2_tiago) by extensions ['ignore', 'ignore_ament_install']
[1.137s] Level 1:colcon.colcon_core.package_identification:_identify(src/webots_ros2/webots_ros2_tiago) by extension 'ignore'
[1.137s] Level 1:colcon.colcon_core.package_identification:_identify(src/webots_ros2/webots_ros2_tiago) by extension 'ignore_ament_install'
[1.137s] Level 1:colcon.colcon_core.package_identification:_identify(src/webots_ros2/webots_ros2_tiago) by extensions ['colcon_pkg']
[1.137s] Level 1:colcon.colcon_core.package_identification:_identify(src/webots_ros2/webots_ros2_tiago) by extension 'colcon_pkg'
[1.137s] Level 1:colcon.colcon_core.package_identification:_identify(src/webots_ros2/webots_ros2_tiago) by extensions ['colcon_meta']
[1.137s] Level 1:colcon.colcon_core.package_identification:_identify(src/webots_ros2/webots_ros2_tiago) by extension 'colcon_meta'
[1.137s] Level 1:colcon.colcon_core.package_identification:_identify(src/webots_ros2/webots_ros2_tiago) by extensions ['ros']
[1.137s] Level 1:colcon.colcon_core.package_identification:_identify(src/webots_ros2/webots_ros2_tiago) by extension 'ros'
[1.138s] DEBUG:colcon.colcon_core.package_identification:Package 'src/webots_ros2/webots_ros2_tiago' with type 'ros.ament_python' and name 'webots_ros2_tiago'
[1.138s] Level 1:colcon.colcon_core.package_identification:_identify(src/webots_ros2/webots_ros2_turtlebot) by extensions ['ignore', 'ignore_ament_install']
[1.139s] Level 1:colcon.colcon_core.package_identification:_identify(src/webots_ros2/webots_ros2_turtlebot) by extension 'ignore'
[1.139s] Level 1:colcon.colcon_core.package_identification:_identify(src/webots_ros2/webots_ros2_turtlebot) by extension 'ignore_ament_install'
[1.139s] Level 1:colcon.colcon_core.package_identification:_identify(src/webots_ros2/webots_ros2_turtlebot) by extensions ['colcon_pkg']
[1.139s] Level 1:colcon.colcon_core.package_identification:_identify(src/webots_ros2/webots_ros2_turtlebot) by extension 'colcon_pkg'
[1.139s] Level 1:colcon.colcon_core.package_identification:_identify(src/webots_ros2/webots_ros2_turtlebot) by extensions ['colcon_meta']
[1.139s] Level 1:colcon.colcon_core.package_identification:_identify(src/webots_ros2/webots_ros2_turtlebot) by extension 'colcon_meta'
[1.139s] Level 1:colcon.colcon_core.package_identification:_identify(src/webots_ros2/webots_ros2_turtlebot) by extensions ['ros']
[1.139s] Level 1:colcon.colcon_core.package_identification:_identify(src/webots_ros2/webots_ros2_turtlebot) by extension 'ros'
[1.139s] DEBUG:colcon.colcon_core.package_identification:Package 'src/webots_ros2/webots_ros2_turtlebot' with type 'ros.ament_python' and name 'webots_ros2_turtlebot'
[1.147s] Level 1:colcon.colcon_core.package_identification:_identify(src/webots_ros2/webots_ros2_universal_robot) by extensions ['ignore', 'ignore_ament_install']
[1.148s] Level 1:colcon.colcon_core.package_identification:_identify(src/webots_ros2/webots_ros2_universal_robot) by extension 'ignore'
[1.148s] Level 1:colcon.colcon_core.package_identification:_identify(src/webots_ros2/webots_ros2_universal_robot) by extension 'ignore_ament_install'
[1.148s] Level 1:colcon.colcon_core.package_identification:_identify(src/webots_ros2/webots_ros2_universal_robot) by extensions ['colcon_pkg']
[1.149s] Level 1:colcon.colcon_core.package_identification:_identify(src/webots_ros2/webots_ros2_universal_robot) by extension 'colcon_pkg'
[1.149s] Level 1:colcon.colcon_core.package_identification:_identify(src/webots_ros2/webots_ros2_universal_robot) by extensions ['colcon_meta']
[1.149s] Level 1:colcon.colcon_core.package_identification:_identify(src/webots_ros2/webots_ros2_universal_robot) by extension 'colcon_meta'
[1.149s] Level 1:colcon.colcon_core.package_identification:_identify(src/webots_ros2/webots_ros2_universal_robot) by extensions ['ros']
[1.149s] Level 1:colcon.colcon_core.package_identification:_identify(src/webots_ros2/webots_ros2_universal_robot) by extension 'ros'
[1.149s] DEBUG:colcon.colcon_core.package_identification:Package 'src/webots_ros2/webots_ros2_universal_robot' with type 'ros.ament_python' and name 'webots_ros2_universal_robot'
[1.149s] Level 1:colcon.colcon_core.package_discovery:discover_packages(recursive) using defaults
[1.149s] Level 1:colcon.colcon_core.package_discovery:discover_packages(ignore) discover
[1.149s] Level 1:colcon.colcon_core.package_discovery:discover_packages(ignore) using defaults
[1.149s] Level 1:colcon.colcon_core.package_discovery:discover_packages(path) discover
[1.150s] Level 1:colcon.colcon_core.package_discovery:discover_packages(path) using defaults
[1.283s] INFO:colcon.colcon_core.package_selection:Skipping not selected package 'gazeboenvs' in 'src/gazeboenvs'
[1.288s] INFO:colcon.colcon_core.package_selection:Skipping not selected package 'webots_ros2_importer' in 'src/webots_ros2/webots_ros2_importer'
[1.288s] INFO:colcon.colcon_core.package_selection:Skipping not selected package 'webots_ros2_msgs' in 'src/webots_ros2/webots_ros2_msgs'
[1.288s] INFO:colcon.colcon_core.package_selection:Skipping not selected package 'webots_ros2_driver' in 'src/webots_ros2/webots_ros2_driver'
[1.290s] INFO:colcon.colcon_core.package_selection:Skipping not selected package 'webots_ros2_control' in 'src/webots_ros2/webots_ros2_control'
[1.294s] INFO:colcon.colcon_core.package_selection:Skipping not selected package 'webots_ros2_crazyflie' in 'src/webots_ros2/webots_ros2_crazyflie'
[1.298s] INFO:colcon.colcon_core.package_selection:Skipping not selected package 'webots_ros2_mavic' in 'src/webots_ros2/webots_ros2_mavic'
[1.299s] INFO:colcon.colcon_core.package_selection:Skipping not selected package 'webots_ros2_tesla' in 'src/webots_ros2/webots_ros2_tesla'
[1.299s] INFO:colcon.colcon_core.package_selection:Skipping not selected package 'webots_ros2_epuck' in 'src/webots_ros2/webots_ros2_epuck'
[1.299s] INFO:colcon.colcon_core.package_selection:Skipping not selected package 'webots_ros2_husarion' in 'src/webots_ros2/webots_ros2_husarion'
[1.303s] INFO:colcon.colcon_core.package_selection:Skipping not selected package 'webots_ros2_tiago' in 'src/webots_ros2/webots_ros2_tiago'
[1.303s] INFO:colcon.colcon_core.package_selection:Skipping not selected package 'webots_ros2_turtlebot' in 'src/webots_ros2/webots_ros2_turtlebot'
[1.303s] INFO:colcon.colcon_core.package_selection:Skipping not selected package 'webots_ros2_universal_robot' in 'src/webots_ros2/webots_ros2_universal_robot'
[1.303s] INFO:colcon.colcon_core.package_selection:Skipping not selected package 'webots_ros2_tests' in 'src/webots_ros2/webots_ros2_tests'
[1.304s] INFO:colcon.colcon_core.package_selection:Skipping not selected package 'webots_ros2' in 'src/webots_ros2/webots_ros2'
[1.304s] Level 5:colcon.colcon_core.verb:set package 'my_package' build argument 'cmake_args' from command line to 'None'
[1.307s] Level 5:colcon.colcon_core.verb:set package 'my_package' build argument 'cmake_target' from command line to 'None'
[1.310s] Level 5:colcon.colcon_core.verb:set package 'my_package' build argument 'cmake_target_skip_unavailable' from command line to 'False'
[1.312s] Level 5:colcon.colcon_core.verb:set package 'my_package' build argument 'cmake_clean_cache' from command line to 'False'
[1.313s] Level 5:colcon.colcon_core.verb:set package 'my_package' build argument 'cmake_clean_first' from command line to 'False'
[1.313s] Level 5:colcon.colcon_core.verb:set package 'my_package' build argument 'cmake_force_configure' from command line to 'False'
[1.314s] Level 5:colcon.colcon_core.verb:set package 'my_package' build argument 'ament_cmake_args' from command line to 'None'
[1.314s] Level 5:colcon.colcon_core.verb:set package 'my_package' build argument 'catkin_cmake_args' from command line to 'None'
[1.315s] Level 5:colcon.colcon_core.verb:set package 'my_package' build argument 'catkin_skip_building_tests' from command line to 'False'
[1.315s] DEBUG:colcon.colcon_core.verb:Building package 'my_package' with the following arguments: {'ament_cmake_args': None, 'build_base': '/MRTP/MRTP/build/my_package', 'catkin_cmake_args': None, 'catkin_skip_building_tests': False, 'cmake_args': None, 'cmake_clean_cache': False, 'cmake_clean_first': False, 'cmake_force_configure': False, 'cmake_target': None, 'cmake_target_skip_unavailable': False, 'install_base': '/MRTP/MRTP/install/my_package', 'merge_install': False, 'path': '/MRTP/MRTP/src/my_package', 'symlink_install': False, 'test_result_base': None}
[1.321s] INFO:colcon.colcon_core.executor:Executing jobs using 'parallel' executor
[1.335s] DEBUG:colcon.colcon_parallel_executor.executor.parallel:run_until_complete
[1.338s] INFO:colcon.colcon_ros.task.ament_cmake.build:Building ROS package in '/MRTP/MRTP/src/my_package' with build type 'ament_cmake'
[1.344s] INFO:colcon.colcon_cmake.task.cmake.build:Building CMake package in '/MRTP/MRTP/src/my_package'
[1.354s] INFO:colcon.colcon_core.plugin_system:Skipping extension 'colcon_core.shell.bat': Not used on non-Windows systems
[1.356s] INFO:colcon.colcon_core.shell:Skip shell extension 'powershell' for command environment: Not usable outside of PowerShell
[1.358s] DEBUG:colcon.colcon_core.shell:Skip shell extension 'dsv' for command environment
[1.446s] WARNING:colcon.colcon_core.shell:The following packages are in the workspace but haven't been built:
- webots_ros2_importer
- webots_ros2_msgs
- webots_ros2_driver
They are being used from the following locations instead:
- /MRTP/MRTP/src/install/webots_ros2_importer
- /MRTP/MRTP/src/install/webots_ros2_msgs
- /MRTP/MRTP/src/install/webots_ros2_driver
To suppress this warning ignore these packages in the workspace:
--packages-ignore webots_ros2_importer webots_ros2_msgs webots_ros2_driver
[1.575s] DEBUG:colcon.colcon_core.event_handler.log_command:Invoking command in '/MRTP/MRTP/build/my_package': CMAKE_PREFIX_PATH=${CMAKE_PREFIX_PATH}:/MRTP/MRTP/install/webots_ros2_mavic:/MRTP/MRTP/install/gazeboenvs:/MRTP/MRTP/src/install/webots_ros2:/MRTP/MRTP/src/install/webots_ros2_universal_robot:/MRTP/MRTP/src/install/webots_ros2_turtlebot:/MRTP/MRTP/src/install/webots_ros2_tiago:/MRTP/MRTP/src/install/webots_ros2_tests:/MRTP/MRTP/src/install/webots_ros2_tesla:/MRTP/MRTP/src/install/webots_ros2_mavic:/MRTP/MRTP/src/install/webots_ros2_husarion:/MRTP/MRTP/src/install/webots_ros2_epuck:/MRTP/MRTP/src/install/webots_ros2_crazyflie:/MRTP/MRTP/src/install/webots_ros2_importer:/MRTP/MRTP/src/install/gazeboenvs:/opt/ros/jazzy PS1=(.venv) \[\e]0;\u@\h: \w\a\]${debian_chroot:+($debian_chroot)}\u@\h:\w\$ VIRTUAL_ENV_PROMPT=(.venv) /usr/bin/cmake --build /MRTP/MRTP/build/my_package -- -j12 -l12
[3.958s] DEBUG:colcon.colcon_core.event_handler.log_command:Invoked command in '/MRTP/MRTP/build/my_package' returned '0': CMAKE_PREFIX_PATH=${CMAKE_PREFIX_PATH}:/MRTP/MRTP/install/webots_ros2_mavic:/MRTP/MRTP/install/gazeboenvs:/MRTP/MRTP/src/install/webots_ros2:/MRTP/MRTP/src/install/webots_ros2_universal_robot:/MRTP/MRTP/src/install/webots_ros2_turtlebot:/MRTP/MRTP/src/install/webots_ros2_tiago:/MRTP/MRTP/src/install/webots_ros2_tests:/MRTP/MRTP/src/install/webots_ros2_tesla:/MRTP/MRTP/src/install/webots_ros2_mavic:/MRTP/MRTP/src/install/webots_ros2_husarion:/MRTP/MRTP/src/install/webots_ros2_epuck:/MRTP/MRTP/src/install/webots_ros2_crazyflie:/MRTP/MRTP/src/install/webots_ros2_importer:/MRTP/MRTP/src/install/gazeboenvs:/opt/ros/jazzy PS1=(.venv) \[\e]0;\u@\h: \w\a\]${debian_chroot:+($debian_chroot)}\u@\h:\w\$ VIRTUAL_ENV_PROMPT=(.venv) /usr/bin/cmake --build /MRTP/MRTP/build/my_package -- -j12 -l12
[3.991s] DEBUG:colcon.colcon_core.event_handler.log_command:Invoking command in '/MRTP/MRTP/build/my_package': CMAKE_PREFIX_PATH=${CMAKE_PREFIX_PATH}:/MRTP/MRTP/install/webots_ros2_mavic:/MRTP/MRTP/install/gazeboenvs:/MRTP/MRTP/src/install/webots_ros2:/MRTP/MRTP/src/install/webots_ros2_universal_robot:/MRTP/MRTP/src/install/webots_ros2_turtlebot:/MRTP/MRTP/src/install/webots_ros2_tiago:/MRTP/MRTP/src/install/webots_ros2_tests:/MRTP/MRTP/src/install/webots_ros2_tesla:/MRTP/MRTP/src/install/webots_ros2_mavic:/MRTP/MRTP/src/install/webots_ros2_husarion:/MRTP/MRTP/src/install/webots_ros2_epuck:/MRTP/MRTP/src/install/webots_ros2_crazyflie:/MRTP/MRTP/src/install/webots_ros2_importer:/MRTP/MRTP/src/install/gazeboenvs:/opt/ros/jazzy PS1=(.venv) \[\e]0;\u@\h: \w\a\]${debian_chroot:+($debian_chroot)}\u@\h:\w\$ VIRTUAL_ENV_PROMPT=(.venv) /usr/bin/cmake --install /MRTP/MRTP/build/my_package
[4.349s] Level 1:colcon.colcon_core.environment:create_environment_scripts_only(my_package)
[4.352s] Level 1:colcon.colcon_core.environment:checking '/MRTP/MRTP/install/my_package' for CMake module files
[4.352s] DEBUG:colcon.colcon_core.event_handler.log_command:Invoked command in '/MRTP/MRTP/build/my_package' returned '0': CMAKE_PREFIX_PATH=${CMAKE_PREFIX_PATH}:/MRTP/MRTP/install/webots_ros2_mavic:/MRTP/MRTP/install/gazeboenvs:/MRTP/MRTP/src/install/webots_ros2:/MRTP/MRTP/src/install/webots_ros2_universal_robot:/MRTP/MRTP/src/install/webots_ros2_turtlebot:/MRTP/MRTP/src/install/webots_ros2_tiago:/MRTP/MRTP/src/install/webots_ros2_tests:/MRTP/MRTP/src/install/webots_ros2_tesla:/MRTP/MRTP/src/install/webots_ros2_mavic:/MRTP/MRTP/src/install/webots_ros2_husarion:/MRTP/MRTP/src/install/webots_ros2_epuck:/MRTP/MRTP/src/install/webots_ros2_crazyflie:/MRTP/MRTP/src/install/webots_ros2_importer:/MRTP/MRTP/src/install/gazeboenvs:/opt/ros/jazzy PS1=(.venv) \[\e]0;\u@\h: \w\a\]${debian_chroot:+($debian_chroot)}\u@\h:\w\$ VIRTUAL_ENV_PROMPT=(.venv) /usr/bin/cmake --install /MRTP/MRTP/build/my_package
[4.364s] Level 1:colcon.colcon_core.environment:checking '/MRTP/MRTP/install/my_package' for CMake config files
[4.367s] Level 1:colcon.colcon_core.shell:create_environment_hook('my_package', 'cmake_prefix_path')
[4.368s] INFO:colcon.colcon_core.shell:Creating environment hook '/MRTP/MRTP/install/my_package/share/my_package/hook/cmake_prefix_path.ps1'
[4.371s] INFO:colcon.colcon_core.shell:Creating environment descriptor '/MRTP/MRTP/install/my_package/share/my_package/hook/cmake_prefix_path.dsv'
[4.374s] INFO:colcon.colcon_core.shell:Creating environment hook '/MRTP/MRTP/install/my_package/share/my_package/hook/cmake_prefix_path.sh'
[4.377s] Level 1:colcon.colcon_core.environment:checking '/MRTP/MRTP/install/my_package/lib'
[4.378s] Level 1:colcon.colcon_core.environment:checking '/MRTP/MRTP/install/my_package/bin'
[4.379s] Level 1:colcon.colcon_core.environment:checking '/MRTP/MRTP/install/my_package/lib/pkgconfig/my_package.pc'
[4.381s] Level 1:colcon.colcon_core.environment:checking '/MRTP/MRTP/install/my_package/lib/python3.12/site-packages'
[4.384s] Level 1:colcon.colcon_core.shell:create_environment_hook('my_package', 'pythonpath')
[4.385s] INFO:colcon.colcon_core.shell:Creating environment hook '/MRTP/MRTP/install/my_package/share/my_package/hook/pythonpath.ps1'
[4.386s] INFO:colcon.colcon_core.shell:Creating environment descriptor '/MRTP/MRTP/install/my_package/share/my_package/hook/pythonpath.dsv'
[4.388s] INFO:colcon.colcon_core.shell:Creating environment hook '/MRTP/MRTP/install/my_package/share/my_package/hook/pythonpath.sh'
[4.393s] Level 1:colcon.colcon_core.environment:checking '/MRTP/MRTP/install/my_package/bin'
[4.401s] INFO:colcon.colcon_core.shell:Creating package script '/MRTP/MRTP/install/my_package/share/my_package/package.ps1'
[4.402s] INFO:colcon.colcon_core.shell:Creating package descriptor '/MRTP/MRTP/install/my_package/share/my_package/package.dsv'
[4.407s] INFO:colcon.colcon_core.shell:Creating package script '/MRTP/MRTP/install/my_package/share/my_package/package.sh'
[4.409s] INFO:colcon.colcon_core.shell:Creating package script '/MRTP/MRTP/install/my_package/share/my_package/package.bash'
[4.411s] INFO:colcon.colcon_core.shell:Creating package script '/MRTP/MRTP/install/my_package/share/my_package/package.zsh'
[4.413s] Level 1:colcon.colcon_core.environment:create_file_with_runtime_dependencies(/MRTP/MRTP/install/my_package/share/colcon-core/packages/my_package)
[4.416s] Level 1:colcon.colcon_core.environment:create_environment_scripts_only(my_package)
[4.419s] Level 1:colcon.colcon_core.environment:checking '/MRTP/MRTP/install/my_package' for CMake module files
[4.425s] Level 1:colcon.colcon_core.environment:checking '/MRTP/MRTP/install/my_package' for CMake config files
[4.440s] Level 1:colcon.colcon_core.shell:create_environment_hook('my_package', 'cmake_prefix_path')
[4.440s] INFO:colcon.colcon_core.shell:Creating environment hook '/MRTP/MRTP/install/my_package/share/my_package/hook/cmake_prefix_path.ps1'
[4.447s] INFO:colcon.colcon_core.shell:Creating environment descriptor '/MRTP/MRTP/install/my_package/share/my_package/hook/cmake_prefix_path.dsv'
[4.448s] INFO:colcon.colcon_core.shell:Creating environment hook '/MRTP/MRTP/install/my_package/share/my_package/hook/cmake_prefix_path.sh'
[4.467s] Level 1:colcon.colcon_core.environment:checking '/MRTP/MRTP/install/my_package/lib'
[4.469s] Level 1:colcon.colcon_core.environment:checking '/MRTP/MRTP/install/my_package/bin'
[4.469s] Level 1:colcon.colcon_core.environment:checking '/MRTP/MRTP/install/my_package/lib/pkgconfig/my_package.pc'
[4.470s] Level 1:colcon.colcon_core.environment:checking '/MRTP/MRTP/install/my_package/lib/python3.12/site-packages'
[4.470s] Level 1:colcon.colcon_core.shell:create_environment_hook('my_package', 'pythonpath')
[4.471s] INFO:colcon.colcon_core.shell:Creating environment hook '/MRTP/MRTP/install/my_package/share/my_package/hook/pythonpath.ps1'
[4.473s] INFO:colcon.colcon_core.shell:Creating environment descriptor '/MRTP/MRTP/install/my_package/share/my_package/hook/pythonpath.dsv'
[4.476s] INFO:colcon.colcon_core.shell:Creating environment hook '/MRTP/MRTP/install/my_package/share/my_package/hook/pythonpath.sh'
[4.478s] Level 1:colcon.colcon_core.environment:checking '/MRTP/MRTP/install/my_package/bin'
[4.481s] INFO:colcon.colcon_core.shell:Creating package script '/MRTP/MRTP/install/my_package/share/my_package/package.ps1'
[4.482s] INFO:colcon.colcon_core.shell:Creating package descriptor '/MRTP/MRTP/install/my_package/share/my_package/package.dsv'
[4.483s] INFO:colcon.colcon_core.shell:Creating package script '/MRTP/MRTP/install/my_package/share/my_package/package.sh'
[4.484s] INFO:colcon.colcon_core.shell:Creating package script '/MRTP/MRTP/install/my_package/share/my_package/package.bash'
[4.485s] INFO:colcon.colcon_core.shell:Creating package script '/MRTP/MRTP/install/my_package/share/my_package/package.zsh'
[4.486s] Level 1:colcon.colcon_core.environment:create_file_with_runtime_dependencies(/MRTP/MRTP/install/my_package/share/colcon-core/packages/my_package)
[4.488s] DEBUG:colcon.colcon_parallel_executor.executor.parallel:closing loop
[4.489s] DEBUG:colcon.colcon_parallel_executor.executor.parallel:loop closed
[4.492s] DEBUG:colcon.colcon_parallel_executor.executor.parallel:run_until_complete finished with '0'
[4.492s] DEBUG:colcon.colcon_core.event_reactor:joining thread
[4.552s] INFO:colcon.colcon_core.plugin_system:Skipping extension 'colcon_notification.desktop_notification.notify_send': Could not find 'notify-send'
[4.552s] INFO:colcon.colcon_core.plugin_system:Skipping extension 'colcon_notification.desktop_notification.terminal_notifier': Not used on non-Darwin systems
[4.552s] INFO:colcon.colcon_core.plugin_system:Skipping extension 'colcon_notification.desktop_notification.win32': Not used on non-Windows systems
[4.552s] INFO:colcon.colcon_notification.desktop_notification:Sending desktop notification using 'notify2'
[4.623s] DEBUG:colcon.colcon_notification.desktop_notification.notify2:Failed to initialize notify2: org.freedesktop.DBus.Error.Spawn.ExecFailed: /usr/bin/dbus-launch terminated abnormally with the following error: Autolaunch error: X11 initialization failed.

[4.623s] DEBUG:colcon.colcon_core.event_reactor:joined thread
[4.624s] INFO:colcon.colcon_core.shell:Creating prefix script '/MRTP/MRTP/install/local_setup.ps1'
[4.626s] INFO:colcon.colcon_core.shell:Creating prefix util module '/MRTP/MRTP/install/_local_setup_util_ps1.py'
[4.630s] INFO:colcon.colcon_core.shell:Creating prefix chain script '/MRTP/MRTP/install/setup.ps1'
[4.789s] INFO:colcon.colcon_core.shell:Creating prefix script '/MRTP/MRTP/install/local_setup.sh'
[4.793s] INFO:colcon.colcon_core.shell:Creating prefix util module '/MRTP/MRTP/install/_local_setup_util_sh.py'
[4.796s] INFO:colcon.colcon_core.shell:Creating prefix chain script '/MRTP/MRTP/install/setup.sh'
[4.807s] INFO:colcon.colcon_core.shell:Creating prefix script '/MRTP/MRTP/install/local_setup.bash'
[4.808s] INFO:colcon.colcon_core.shell:Creating prefix chain script '/MRTP/MRTP/install/setup.bash'
[4.823s] INFO:colcon.colcon_core.shell:Creating prefix script '/MRTP/MRTP/install/local_setup.zsh'
[4.824s] INFO:colcon.colcon_core.shell:Creating prefix chain script '/MRTP/MRTP/install/setup.zsh'
