running egg_info
writing ../../../build/webots_ros2_mavic/webots_ros2_mavic.egg-info/PKG-INFO
writing dependency_links to ../../../build/webots_ros2_mavic/webots_ros2_mavic.egg-info/dependency_links.txt
writing entry points to ../../../build/webots_ros2_mavic/webots_ros2_mavic.egg-info/entry_points.txt
writing requirements to ../../../build/webots_ros2_mavic/webots_ros2_mavic.egg-info/requires.txt
writing top-level names to ../../../build/webots_ros2_mavic/webots_ros2_mavic.egg-info/top_level.txt
reading manifest file '../../../build/webots_ros2_mavic/webots_ros2_mavic.egg-info/SOURCES.txt'
writing manifest file '../../../build/webots_ros2_mavic/webots_ros2_mavic.egg-info/SOURCES.txt'
running build
running build_py
copying webots_ros2_mavic/mavic_driver.py -> /MRTP/MRTP/build/webots_ros2_mavic/build/lib/webots_ros2_mavic
running install
running install_lib
copying /MRTP/MRTP/build/webots_ros2_mavic/build/lib/webots_ros2_mavic/mavic_driver.py -> /MRTP/MRTP/install/webots_ros2_mavic/lib/python3.12/site-packages/webots_ros2_mavic
byte-compiling /MRTP/MRTP/install/webots_ros2_mavic/lib/python3.12/site-packages/webots_ros2_mavic/mavic_driver.py to mavic_driver.cpython-312.pyc
running install_data
running install_egg_info
removing '/MRTP/MRTP/install/webots_ros2_mavic/lib/python3.12/site-packages/webots_ros2_mavic-2025.0.1-py3.12.egg-info' (and everything under it)
Copying ../../../build/webots_ros2_mavic/webots_ros2_mavic.egg-info to /MRTP/MRTP/install/webots_ros2_mavic/lib/python3.12/site-packages/webots_ros2_mavic-2025.0.1-py3.12.egg-info
running install_scripts
writing list of installed files to '/MRTP/MRTP/build/webots_ros2_mavic/install.log'
