[2.571s] Invoking command in '/MRTP/MRTP/src/webots_ros2/webots_ros2_mavic': PS1=(.venv) \[\e]0;\u@\h: \w\a\]${debian_chroot:+($debian_chroot)}\u@\h:\w\$ PYTHONPATH=/MRTP/MRTP/build/webots_ros2_mavic/prefix_override:/usr/lib/python3/dist-packages/colcon_core/task/python/colcon_distutils_commands:/MRTP/MRTP/install/webots_ros2_mavic/lib/python3.12/site-packages:${PYTHONPATH} VIRTUAL_ENV_PROMPT=(.venv) /usr/bin/python3 -W ignore:setup.py install is deprecated -W ignore:easy_install command is deprecated setup.py egg_info --egg-base ../../../build/webots_ros2_mavic build --build-base /MRTP/MRTP/build/webots_ros2_mavic/build install --record /MRTP/MRTP/build/webots_ros2_mavic/install.log --single-version-externally-managed install_data
[3.367s] running egg_info
[3.418s] writing ../../../build/webots_ros2_mavic/webots_ros2_mavic.egg-info/PKG-INFO
[3.419s] writing dependency_links to ../../../build/webots_ros2_mavic/webots_ros2_mavic.egg-info/dependency_links.txt
[3.419s] writing entry points to ../../../build/webots_ros2_mavic/webots_ros2_mavic.egg-info/entry_points.txt
[3.421s] writing requirements to ../../../build/webots_ros2_mavic/webots_ros2_mavic.egg-info/requires.txt
[3.422s] writing top-level names to ../../../build/webots_ros2_mavic/webots_ros2_mavic.egg-info/top_level.txt
[3.466s] reading manifest file '../../../build/webots_ros2_mavic/webots_ros2_mavic.egg-info/SOURCES.txt'
[3.472s] writing manifest file '../../../build/webots_ros2_mavic/webots_ros2_mavic.egg-info/SOURCES.txt'
[3.473s] running build
[3.473s] running build_py
[3.474s] copying webots_ros2_mavic/mavic_driver.py -> /MRTP/MRTP/build/webots_ros2_mavic/build/lib/webots_ros2_mavic
[3.476s] running install
[3.485s] running install_lib
[3.528s] copying /MRTP/MRTP/build/webots_ros2_mavic/build/lib/webots_ros2_mavic/mavic_driver.py -> /MRTP/MRTP/install/webots_ros2_mavic/lib/python3.12/site-packages/webots_ros2_mavic
[3.549s] byte-compiling /MRTP/MRTP/install/webots_ros2_mavic/lib/python3.12/site-packages/webots_ros2_mavic/mavic_driver.py to mavic_driver.cpython-312.pyc
[3.567s] running install_data
[3.581s] running install_egg_info
[3.660s] removing '/MRTP/MRTP/install/webots_ros2_mavic/lib/python3.12/site-packages/webots_ros2_mavic-2025.0.1-py3.12.egg-info' (and everything under it)
[3.662s] Copying ../../../build/webots_ros2_mavic/webots_ros2_mavic.egg-info to /MRTP/MRTP/install/webots_ros2_mavic/lib/python3.12/site-packages/webots_ros2_mavic-2025.0.1-py3.12.egg-info
[3.767s] running install_scripts
[4.007s] writing list of installed files to '/MRTP/MRTP/build/webots_ros2_mavic/install.log'
[4.067s] Invoked command in '/MRTP/MRTP/src/webots_ros2/webots_ros2_mavic' returned '0': PS1=(.venv) \[\e]0;\u@\h: \w\a\]${debian_chroot:+($debian_chroot)}\u@\h:\w\$ PYTHONPATH=/MRTP/MRTP/build/webots_ros2_mavic/prefix_override:/usr/lib/python3/dist-packages/colcon_core/task/python/colcon_distutils_commands:/MRTP/MRTP/install/webots_ros2_mavic/lib/python3.12/site-packages:${PYTHONPATH} VIRTUAL_ENV_PROMPT=(.venv) /usr/bin/python3 -W ignore:setup.py install is deprecated -W ignore:easy_install command is deprecated setup.py egg_info --egg-base ../../../build/webots_ros2_mavic build --build-base /MRTP/MRTP/build/webots_ros2_mavic/build install --record /MRTP/MRTP/build/webots_ros2_mavic/install.log --single-version-externally-managed install_data
