[0.245s] Invoking command in '/MRTP/MRTP/build/my_package': CMAKE_PREFIX_PATH=${CMAKE_PREFIX_PATH}:/MRTP/MRTP/install/webots_ros2_mavic:/MRTP/MRTP/install/gazeboenvs:/MRTP/MRTP/src/install/webots_ros2:/MRTP/MRTP/src/install/webots_ros2_universal_robot:/MRTP/MRTP/src/install/webots_ros2_turtlebot:/MRTP/MRTP/src/install/webots_ros2_tiago:/MRTP/MRTP/src/install/webots_ros2_tests:/MRTP/MRTP/src/install/webots_ros2_tesla:/MRTP/MRTP/src/install/webots_ros2_mavic:/MRTP/MRTP/src/install/webots_ros2_husarion:/MRTP/MRTP/src/install/webots_ros2_epuck:/MRTP/MRTP/src/install/webots_ros2_crazyflie:/MRTP/MRTP/src/install/webots_ros2_importer:/MRTP/MRTP/src/install/gazeboenvs:/opt/ros/jazzy PS1=(.venv) \[\e]0;\u@\h: \w\a\]${debian_chroot:+($debian_chroot)}\u@\h:\w\$ VIRTUAL_ENV_PROMPT=(.venv) /usr/bin/cmake --build /MRTP/MRTP/build/my_package -- -j12 -l12
[0.712s] [100%] Built target autopilot_node
[0.848s] [100%] Built target ament_cmake_python_copy_my_package
[1.582s] running egg_info
[1.607s] writing my_package.egg-info/PKG-INFO
[1.610s] writing dependency_links to my_package.egg-info/dependency_links.txt
[1.625s] writing top-level names to my_package.egg-info/top_level.txt
[1.897s] reading manifest file 'my_package.egg-info/SOURCES.txt'
[1.899s] writing manifest file 'my_package.egg-info/SOURCES.txt'
[2.037s] [100%] Built target ament_cmake_python_build_my_package_egg
[2.091s] Invoked command in '/MRTP/MRTP/build/my_package' returned '0': CMAKE_PREFIX_PATH=${CMAKE_PREFIX_PATH}:/MRTP/MRTP/install/webots_ros2_mavic:/MRTP/MRTP/install/gazeboenvs:/MRTP/MRTP/src/install/webots_ros2:/MRTP/MRTP/src/install/webots_ros2_universal_robot:/MRTP/MRTP/src/install/webots_ros2_turtlebot:/MRTP/MRTP/src/install/webots_ros2_tiago:/MRTP/MRTP/src/install/webots_ros2_tests:/MRTP/MRTP/src/install/webots_ros2_tesla:/MRTP/MRTP/src/install/webots_ros2_mavic:/MRTP/MRTP/src/install/webots_ros2_husarion:/MRTP/MRTP/src/install/webots_ros2_epuck:/MRTP/MRTP/src/install/webots_ros2_crazyflie:/MRTP/MRTP/src/install/webots_ros2_importer:/MRTP/MRTP/src/install/gazeboenvs:/opt/ros/jazzy PS1=(.venv) \[\e]0;\u@\h: \w\a\]${debian_chroot:+($debian_chroot)}\u@\h:\w\$ VIRTUAL_ENV_PROMPT=(.venv) /usr/bin/cmake --build /MRTP/MRTP/build/my_package -- -j12 -l12
[2.171s] Invoking command in '/MRTP/MRTP/build/my_package': CMAKE_PREFIX_PATH=${CMAKE_PREFIX_PATH}:/MRTP/MRTP/install/webots_ros2_mavic:/MRTP/MRTP/install/gazeboenvs:/MRTP/MRTP/src/install/webots_ros2:/MRTP/MRTP/src/install/webots_ros2_universal_robot:/MRTP/MRTP/src/install/webots_ros2_turtlebot:/MRTP/MRTP/src/install/webots_ros2_tiago:/MRTP/MRTP/src/install/webots_ros2_tests:/MRTP/MRTP/src/install/webots_ros2_tesla:/MRTP/MRTP/src/install/webots_ros2_mavic:/MRTP/MRTP/src/install/webots_ros2_husarion:/MRTP/MRTP/src/install/webots_ros2_epuck:/MRTP/MRTP/src/install/webots_ros2_crazyflie:/MRTP/MRTP/src/install/webots_ros2_importer:/MRTP/MRTP/src/install/gazeboenvs:/opt/ros/jazzy PS1=(.venv) \[\e]0;\u@\h: \w\a\]${debian_chroot:+($debian_chroot)}\u@\h:\w\$ VIRTUAL_ENV_PROMPT=(.venv) /usr/bin/cmake --install /MRTP/MRTP/build/my_package
[2.265s] -- Install configuration: ""
[2.279s] -- Up-to-date: /MRTP/MRTP/install/my_package/lib/my_package/autopilot_node
[2.282s] -- Up-to-date: /MRTP/MRTP/install/my_package/share/my_package/environment/pythonpath.sh
[2.285s] -- Up-to-date: /MRTP/MRTP/install/my_package/share/my_package/environment/pythonpath.dsv
[2.286s] -- Up-to-date: /MRTP/MRTP/install/my_package/lib/python3.12/site-packages/my_package-0.0.0-py3.12.egg-info
[2.288s] -- Installing: /MRTP/MRTP/install/my_package/lib/python3.12/site-packages/my_package-0.0.0-py3.12.egg-info/PKG-INFO
[2.299s] -- Installing: /MRTP/MRTP/install/my_package/lib/python3.12/site-packages/my_package-0.0.0-py3.12.egg-info/SOURCES.txt
[2.309s] -- Installing: /MRTP/MRTP/install/my_package/lib/python3.12/site-packages/my_package-0.0.0-py3.12.egg-info/top_level.txt
[2.314s] -- Installing: /MRTP/MRTP/install/my_package/lib/python3.12/site-packages/my_package-0.0.0-py3.12.egg-info/dependency_links.txt
[2.323s] -- Up-to-date: /MRTP/MRTP/install/my_package/lib/python3.12/site-packages/my_package
[2.324s] -- Up-to-date: /MRTP/MRTP/install/my_package/lib/python3.12/site-packages/my_package/__init__.py
[2.325s] -- Installing: /MRTP/MRTP/install/my_package/lib/python3.12/site-packages/my_package/mavic_driver.py
[2.448s] Listing '/MRTP/MRTP/install/my_package/lib/python3.12/site-packages/my_package'...
[2.448s] Compiling '/MRTP/MRTP/install/my_package/lib/python3.12/site-packages/my_package/mavic_driver.py'...
[2.457s] -- Up-to-date: /MRTP/MRTP/install/my_package/share/my_package/launch
[2.461s] -- Up-to-date: /MRTP/MRTP/install/my_package/share/my_package/launch/robot_launch.py
[2.463s] -- Up-to-date: /MRTP/MRTP/install/my_package/share/my_package/resource
[2.464s] -- Up-to-date: /MRTP/MRTP/install/my_package/share/my_package/resource/mavic_webots.urdf
[2.464s] -- Up-to-date: /MRTP/MRTP/install/my_package/share/my_package/worlds
[2.466s] -- Up-to-date: /MRTP/MRTP/install/my_package/share/my_package/worlds/wharehouse.wbt
[2.467s] -- Up-to-date: /MRTP/MRTP/install/my_package/share/ament_index/resource_index/package_run_dependencies/my_package
[2.468s] -- Up-to-date: /MRTP/MRTP/install/my_package/share/ament_index/resource_index/parent_prefix_path/my_package
[2.469s] -- Up-to-date: /MRTP/MRTP/install/my_package/share/my_package/environment/ament_prefix_path.sh
[2.470s] -- Up-to-date: /MRTP/MRTP/install/my_package/share/my_package/environment/ament_prefix_path.dsv
[2.472s] -- Up-to-date: /MRTP/MRTP/install/my_package/share/my_package/environment/path.sh
[2.472s] -- Up-to-date: /MRTP/MRTP/install/my_package/share/my_package/environment/path.dsv
[2.473s] -- Up-to-date: /MRTP/MRTP/install/my_package/share/my_package/local_setup.bash
[2.473s] -- Up-to-date: /MRTP/MRTP/install/my_package/share/my_package/local_setup.sh
[2.474s] -- Up-to-date: /MRTP/MRTP/install/my_package/share/my_package/local_setup.zsh
[2.476s] -- Up-to-date: /MRTP/MRTP/install/my_package/share/my_package/local_setup.dsv
[2.477s] -- Installing: /MRTP/MRTP/install/my_package/share/my_package/package.dsv
[2.484s] -- Up-to-date: /MRTP/MRTP/install/my_package/share/ament_index/resource_index/packages/my_package
[2.488s] -- Up-to-date: /MRTP/MRTP/install/my_package/share/my_package/cmake/my_packageConfig.cmake
[2.492s] -- Up-to-date: /MRTP/MRTP/install/my_package/share/my_package/cmake/my_packageConfig-version.cmake
[2.495s] -- Up-to-date: /MRTP/MRTP/install/my_package/share/my_package/package.xml
[2.511s] Invoked command in '/MRTP/MRTP/build/my_package' returned '0': CMAKE_PREFIX_PATH=${CMAKE_PREFIX_PATH}:/MRTP/MRTP/install/webots_ros2_mavic:/MRTP/MRTP/install/gazeboenvs:/MRTP/MRTP/src/install/webots_ros2:/MRTP/MRTP/src/install/webots_ros2_universal_robot:/MRTP/MRTP/src/install/webots_ros2_turtlebot:/MRTP/MRTP/src/install/webots_ros2_tiago:/MRTP/MRTP/src/install/webots_ros2_tests:/MRTP/MRTP/src/install/webots_ros2_tesla:/MRTP/MRTP/src/install/webots_ros2_mavic:/MRTP/MRTP/src/install/webots_ros2_husarion:/MRTP/MRTP/src/install/webots_ros2_epuck:/MRTP/MRTP/src/install/webots_ros2_crazyflie:/MRTP/MRTP/src/install/webots_ros2_importer:/MRTP/MRTP/src/install/gazeboenvs:/opt/ros/jazzy PS1=(.venv) \[\e]0;\u@\h: \w\a\]${debian_chroot:+($debian_chroot)}\u@\h:\w\$ VIRTUAL_ENV_PROMPT=(.venv) /usr/bin/cmake --install /MRTP/MRTP/build/my_package
