[0.064s] DEBUG:colcon:Command line arguments: ['/usr/bin/colcon', 'build', '--symlink-install']
[0.065s] DEBUG:colcon:Parsed command line arguments: Namespace(log_base=None, log_level=None, verb_name='build', build_base='build', install_base='install', merge_install=False, symlink_install=True, test_result_base=None, continue_on_error=False, executor='parallel', parallel_workers=12, event_handlers=None, ignore_user_meta=False, metas=['./colcon.meta'], base_paths=['.'], packages_ignore=None, packages_ignore_regex=None, paths=None, packages_up_to=None, packages_up_to_regex=None, packages_above=None, packages_above_and_dependencies=None, packages_above_depth=None, packages_select_by_dep=None, packages_skip_by_dep=None, packages_skip_up_to=None, packages_select_build_failed=False, packages_skip_build_finished=False, packages_select_test_failures=False, packages_skip_test_passed=False, packages_select=None, packages_skip=None, packages_select_regex=None, packages_skip_regex=None, packages_start=None, packages_end=None, cmake_args=None, cmake_target=None, cmake_target_skip_unavailable=False, cmake_clean_cache=False, cmake_clean_first=False, cmake_force_configure=False, ament_cmake_args=None, catkin_cmake_args=None, catkin_skip_building_tests=False, mixin_files=None, mixin=None, verb_parser=<colcon_mixin.mixin.mixin_argument.MixinArgumentDecorator object at 0xffff9826fd40>, verb_extension=<colcon_core.verb.build.BuildVerb object at 0xffff9826f9b0>, main=<bound method BuildVerb.main of <colcon_core.verb.build.BuildVerb object at 0xffff9826f9b0>>, mixin_verb=('build',))
[0.087s] Level 1:colcon.colcon_core.package_discovery:discover_packages(colcon_meta) check parameters
[0.087s] INFO:colcon.colcon_metadata.package_discovery.colcon_meta:Using configuration from '/root/.colcon/metadata/default/Gazebo.meta'
[0.088s] INFO:colcon.colcon_metadata.package_discovery.colcon_meta:Using configuration from '/root/.colcon/metadata/default/fastdds.meta'
[0.088s] INFO:colcon.colcon_metadata.package_discovery.colcon_meta:Using configuration from '/root/.colcon/metadata/default/fastrtps.meta'
[0.088s] Level 1:colcon.colcon_core.package_discovery:discover_packages(recursive) check parameters
[0.088s] Level 1:colcon.colcon_core.package_discovery:discover_packages(ignore) check parameters
[0.088s] Level 1:colcon.colcon_core.package_discovery:discover_packages(path) check parameters
[0.088s] Level 1:colcon.colcon_core.package_discovery:discover_packages(colcon_meta) discover
[0.088s] Level 1:colcon.colcon_core.package_discovery:discover_packages(recursive) discover
[0.088s] INFO:colcon.colcon_core.package_discovery:Crawling recursively for packages in '/MRTP/MRTP/src'
[0.088s] Level 1:colcon.colcon_core.package_identification:_identify(.) by extensions ['ignore', 'ignore_ament_install']
[0.088s] Level 1:colcon.colcon_core.package_identification:_identify(.) by extension 'ignore'
[0.089s] Level 1:colcon.colcon_core.package_identification:_identify(.) by extension 'ignore_ament_install'
[0.089s] Level 1:colcon.colcon_core.package_identification:_identify(.) by extensions ['colcon_pkg']
[0.089s] Level 1:colcon.colcon_core.package_identification:_identify(.) by extension 'colcon_pkg'
[0.089s] Level 1:colcon.colcon_core.package_identification:_identify(.) by extensions ['colcon_meta']
[0.089s] Level 1:colcon.colcon_core.package_identification:_identify(.) by extension 'colcon_meta'
[0.089s] Level 1:colcon.colcon_core.package_identification:_identify(.) by extensions ['ros']
[0.089s] Level 1:colcon.colcon_core.package_identification:_identify(.) by extension 'ros'
[0.103s] Level 1:colcon.colcon_core.package_identification:_identify(.) by extensions ['cmake', 'python']
[0.103s] Level 1:colcon.colcon_core.package_identification:_identify(.) by extension 'cmake'
[0.103s] Level 1:colcon.colcon_core.package_identification:_identify(.) by extension 'python'
[0.103s] Level 1:colcon.colcon_core.package_identification:_identify(.) by extensions ['python_setup_py']
[0.103s] Level 1:colcon.colcon_core.package_identification:_identify(.) by extension 'python_setup_py'
[0.104s] Level 1:colcon.colcon_core.package_identification:_identify(build) by extensions ['ignore', 'ignore_ament_install']
[0.104s] Level 1:colcon.colcon_core.package_identification:_identify(build) by extension 'ignore'
[0.104s] Level 1:colcon.colcon_core.package_identification:_identify(build) ignored
[0.104s] Level 1:colcon.colcon_core.package_identification:_identify(gazeboenvs) by extensions ['ignore', 'ignore_ament_install']
[0.104s] Level 1:colcon.colcon_core.package_identification:_identify(gazeboenvs) by extension 'ignore'
[0.104s] Level 1:colcon.colcon_core.package_identification:_identify(gazeboenvs) by extension 'ignore_ament_install'
[0.104s] Level 1:colcon.colcon_core.package_identification:_identify(gazeboenvs) by extensions ['colcon_pkg']
[0.104s] Level 1:colcon.colcon_core.package_identification:_identify(gazeboenvs) by extension 'colcon_pkg'
[0.104s] Level 1:colcon.colcon_core.package_identification:_identify(gazeboenvs) by extensions ['colcon_meta']
[0.105s] Level 1:colcon.colcon_core.package_identification:_identify(gazeboenvs) by extension 'colcon_meta'
[0.105s] Level 1:colcon.colcon_core.package_identification:_identify(gazeboenvs) by extensions ['ros']
[0.105s] Level 1:colcon.colcon_core.package_identification:_identify(gazeboenvs) by extension 'ros'
[0.106s] DEBUG:colcon.colcon_core.package_identification:Package 'gazeboenvs' with type 'ros.ament_python' and name 'gazeboenvs'
[0.106s] Level 1:colcon.colcon_core.package_identification:_identify(install) by extensions ['ignore', 'ignore_ament_install']
[0.106s] Level 1:colcon.colcon_core.package_identification:_identify(install) by extension 'ignore'
[0.106s] Level 1:colcon.colcon_core.package_identification:_identify(install) ignored
[0.107s] Level 1:colcon.colcon_core.package_identification:_identify(log) by extensions ['ignore', 'ignore_ament_install']
[0.107s] Level 1:colcon.colcon_core.package_identification:_identify(log) by extension 'ignore'
[0.107s] Level 1:colcon.colcon_core.package_identification:_identify(log) ignored
[0.108s] Level 1:colcon.colcon_core.package_identification:_identify(webots_ros2) by extensions ['ignore', 'ignore_ament_install']
[0.108s] Level 1:colcon.colcon_core.package_identification:_identify(webots_ros2) by extension 'ignore'
[0.108s] Level 1:colcon.colcon_core.package_identification:_identify(webots_ros2) by extension 'ignore_ament_install'
[0.108s] Level 1:colcon.colcon_core.package_identification:_identify(webots_ros2) by extensions ['colcon_pkg']
[0.108s] Level 1:colcon.colcon_core.package_identification:_identify(webots_ros2) by extension 'colcon_pkg'
[0.108s] Level 1:colcon.colcon_core.package_identification:_identify(webots_ros2) by extensions ['colcon_meta']
[0.108s] Level 1:colcon.colcon_core.package_identification:_identify(webots_ros2) by extension 'colcon_meta'
[0.108s] Level 1:colcon.colcon_core.package_identification:_identify(webots_ros2) by extensions ['ros']
[0.108s] Level 1:colcon.colcon_core.package_identification:_identify(webots_ros2) by extension 'ros'
[0.108s] Level 1:colcon.colcon_core.package_identification:_identify(webots_ros2) by extensions ['cmake', 'python']
[0.108s] Level 1:colcon.colcon_core.package_identification:_identify(webots_ros2) by extension 'cmake'
[0.108s] Level 1:colcon.colcon_core.package_identification:_identify(webots_ros2) by extension 'python'
[0.109s] Level 1:colcon.colcon_core.package_identification:_identify(webots_ros2) by extensions ['python_setup_py']
[0.109s] Level 1:colcon.colcon_core.package_identification:_identify(webots_ros2) by extension 'python_setup_py'
[0.109s] Level 1:colcon.colcon_core.package_identification:_identify(webots_ros2/docker) by extensions ['ignore', 'ignore_ament_install']
[0.109s] Level 1:colcon.colcon_core.package_identification:_identify(webots_ros2/docker) by extension 'ignore'
[0.109s] Level 1:colcon.colcon_core.package_identification:_identify(webots_ros2/docker) by extension 'ignore_ament_install'
[0.109s] Level 1:colcon.colcon_core.package_identification:_identify(webots_ros2/docker) by extensions ['colcon_pkg']
[0.110s] Level 1:colcon.colcon_core.package_identification:_identify(webots_ros2/docker) by extension 'colcon_pkg'
[0.110s] Level 1:colcon.colcon_core.package_identification:_identify(webots_ros2/docker) by extensions ['colcon_meta']
[0.110s] Level 1:colcon.colcon_core.package_identification:_identify(webots_ros2/docker) by extension 'colcon_meta'
[0.110s] Level 1:colcon.colcon_core.package_identification:_identify(webots_ros2/docker) by extensions ['ros']
[0.110s] Level 1:colcon.colcon_core.package_identification:_identify(webots_ros2/docker) by extension 'ros'
[0.110s] Level 1:colcon.colcon_core.package_identification:_identify(webots_ros2/docker) by extensions ['cmake', 'python']
[0.110s] Level 1:colcon.colcon_core.package_identification:_identify(webots_ros2/docker) by extension 'cmake'
[0.110s] Level 1:colcon.colcon_core.package_identification:_identify(webots_ros2/docker) by extension 'python'
[0.110s] Level 1:colcon.colcon_core.package_identification:_identify(webots_ros2/docker) by extensions ['python_setup_py']
[0.110s] Level 1:colcon.colcon_core.package_identification:_identify(webots_ros2/docker) by extension 'python_setup_py'
[0.110s] Level 1:colcon.colcon_core.package_identification:_identify(webots_ros2/images) by extensions ['ignore', 'ignore_ament_install']
[0.110s] Level 1:colcon.colcon_core.package_identification:_identify(webots_ros2/images) by extension 'ignore'
[0.110s] Level 1:colcon.colcon_core.package_identification:_identify(webots_ros2/images) by extension 'ignore_ament_install'
[0.111s] Level 1:colcon.colcon_core.package_identification:_identify(webots_ros2/images) by extensions ['colcon_pkg']
[0.111s] Level 1:colcon.colcon_core.package_identification:_identify(webots_ros2/images) by extension 'colcon_pkg'
[0.111s] Level 1:colcon.colcon_core.package_identification:_identify(webots_ros2/images) by extensions ['colcon_meta']
[0.111s] Level 1:colcon.colcon_core.package_identification:_identify(webots_ros2/images) by extension 'colcon_meta'
[0.111s] Level 1:colcon.colcon_core.package_identification:_identify(webots_ros2/images) by extensions ['ros']
[0.111s] Level 1:colcon.colcon_core.package_identification:_identify(webots_ros2/images) by extension 'ros'
[0.111s] Level 1:colcon.colcon_core.package_identification:_identify(webots_ros2/images) by extensions ['cmake', 'python']
[0.111s] Level 1:colcon.colcon_core.package_identification:_identify(webots_ros2/images) by extension 'cmake'
[0.111s] Level 1:colcon.colcon_core.package_identification:_identify(webots_ros2/images) by extension 'python'
[0.111s] Level 1:colcon.colcon_core.package_identification:_identify(webots_ros2/images) by extensions ['python_setup_py']
[0.111s] Level 1:colcon.colcon_core.package_identification:_identify(webots_ros2/images) by extension 'python_setup_py'
[0.112s] Level 1:colcon.colcon_core.package_identification:_identify(webots_ros2/scripts) by extensions ['ignore', 'ignore_ament_install']
[0.112s] Level 1:colcon.colcon_core.package_identification:_identify(webots_ros2/scripts) by extension 'ignore'
[0.112s] Level 1:colcon.colcon_core.package_identification:_identify(webots_ros2/scripts) by extension 'ignore_ament_install'
[0.112s] Level 1:colcon.colcon_core.package_identification:_identify(webots_ros2/scripts) by extensions ['colcon_pkg']
[0.112s] Level 1:colcon.colcon_core.package_identification:_identify(webots_ros2/scripts) by extension 'colcon_pkg'
[0.112s] Level 1:colcon.colcon_core.package_identification:_identify(webots_ros2/scripts) by extensions ['colcon_meta']
[0.112s] Level 1:colcon.colcon_core.package_identification:_identify(webots_ros2/scripts) by extension 'colcon_meta'
[0.112s] Level 1:colcon.colcon_core.package_identification:_identify(webots_ros2/scripts) by extensions ['ros']
[0.112s] Level 1:colcon.colcon_core.package_identification:_identify(webots_ros2/scripts) by extension 'ros'
[0.112s] Level 1:colcon.colcon_core.package_identification:_identify(webots_ros2/scripts) by extensions ['cmake', 'python']
[0.112s] Level 1:colcon.colcon_core.package_identification:_identify(webots_ros2/scripts) by extension 'cmake'
[0.112s] Level 1:colcon.colcon_core.package_identification:_identify(webots_ros2/scripts) by extension 'python'
[0.112s] Level 1:colcon.colcon_core.package_identification:_identify(webots_ros2/scripts) by extensions ['python_setup_py']
[0.112s] Level 1:colcon.colcon_core.package_identification:_identify(webots_ros2/scripts) by extension 'python_setup_py'
[0.112s] Level 1:colcon.colcon_core.package_identification:_identify(webots_ros2/tests) by extensions ['ignore', 'ignore_ament_install']
[0.112s] Level 1:colcon.colcon_core.package_identification:_identify(webots_ros2/tests) by extension 'ignore'
[0.113s] Level 1:colcon.colcon_core.package_identification:_identify(webots_ros2/tests) by extension 'ignore_ament_install'
[0.113s] Level 1:colcon.colcon_core.package_identification:_identify(webots_ros2/tests) by extensions ['colcon_pkg']
[0.113s] Level 1:colcon.colcon_core.package_identification:_identify(webots_ros2/tests) by extension 'colcon_pkg'
[0.113s] Level 1:colcon.colcon_core.package_identification:_identify(webots_ros2/tests) by extensions ['colcon_meta']
[0.113s] Level 1:colcon.colcon_core.package_identification:_identify(webots_ros2/tests) by extension 'colcon_meta'
[0.113s] Level 1:colcon.colcon_core.package_identification:_identify(webots_ros2/tests) by extensions ['ros']
[0.113s] Level 1:colcon.colcon_core.package_identification:_identify(webots_ros2/tests) by extension 'ros'
[0.113s] Level 1:colcon.colcon_core.package_identification:_identify(webots_ros2/tests) by extensions ['cmake', 'python']
[0.113s] Level 1:colcon.colcon_core.package_identification:_identify(webots_ros2/tests) by extension 'cmake'
[0.113s] Level 1:colcon.colcon_core.package_identification:_identify(webots_ros2/tests) by extension 'python'
[0.113s] Level 1:colcon.colcon_core.package_identification:_identify(webots_ros2/tests) by extensions ['python_setup_py']
[0.113s] Level 1:colcon.colcon_core.package_identification:_identify(webots_ros2/tests) by extension 'python_setup_py'
[0.113s] Level 1:colcon.colcon_core.package_identification:_identify(webots_ros2/tests/sources) by extensions ['ignore', 'ignore_ament_install']
[0.113s] Level 1:colcon.colcon_core.package_identification:_identify(webots_ros2/tests/sources) by extension 'ignore'
[0.113s] Level 1:colcon.colcon_core.package_identification:_identify(webots_ros2/tests/sources) by extension 'ignore_ament_install'
[0.114s] Level 1:colcon.colcon_core.package_identification:_identify(webots_ros2/tests/sources) by extensions ['colcon_pkg']
[0.114s] Level 1:colcon.colcon_core.package_identification:_identify(webots_ros2/tests/sources) by extension 'colcon_pkg'
[0.114s] Level 1:colcon.colcon_core.package_identification:_identify(webots_ros2/tests/sources) by extensions ['colcon_meta']
[0.114s] Level 1:colcon.colcon_core.package_identification:_identify(webots_ros2/tests/sources) by extension 'colcon_meta'
[0.114s] Level 1:colcon.colcon_core.package_identification:_identify(webots_ros2/tests/sources) by extensions ['ros']
[0.114s] Level 1:colcon.colcon_core.package_identification:_identify(webots_ros2/tests/sources) by extension 'ros'
[0.114s] Level 1:colcon.colcon_core.package_identification:_identify(webots_ros2/tests/sources) by extensions ['cmake', 'python']
[0.114s] Level 1:colcon.colcon_core.package_identification:_identify(webots_ros2/tests/sources) by extension 'cmake'
[0.114s] Level 1:colcon.colcon_core.package_identification:_identify(webots_ros2/tests/sources) by extension 'python'
[0.114s] Level 1:colcon.colcon_core.package_identification:_identify(webots_ros2/tests/sources) by extensions ['python_setup_py']
[0.114s] Level 1:colcon.colcon_core.package_identification:_identify(webots_ros2/tests/sources) by extension 'python_setup_py'
[0.114s] Level 1:colcon.colcon_core.package_identification:_identify(webots_ros2/webots_ros2) by extensions ['ignore', 'ignore_ament_install']
[0.114s] Level 1:colcon.colcon_core.package_identification:_identify(webots_ros2/webots_ros2) by extension 'ignore'
[0.114s] Level 1:colcon.colcon_core.package_identification:_identify(webots_ros2/webots_ros2) by extension 'ignore_ament_install'
[0.114s] Level 1:colcon.colcon_core.package_identification:_identify(webots_ros2/webots_ros2) by extensions ['colcon_pkg']
[0.115s] Level 1:colcon.colcon_core.package_identification:_identify(webots_ros2/webots_ros2) by extension 'colcon_pkg'
[0.115s] Level 1:colcon.colcon_core.package_identification:_identify(webots_ros2/webots_ros2) by extensions ['colcon_meta']
[0.115s] Level 1:colcon.colcon_core.package_identification:_identify(webots_ros2/webots_ros2) by extension 'colcon_meta'
[0.115s] Level 1:colcon.colcon_core.package_identification:_identify(webots_ros2/webots_ros2) by extensions ['ros']
[0.115s] Level 1:colcon.colcon_core.package_identification:_identify(webots_ros2/webots_ros2) by extension 'ros'
[0.115s] DEBUG:colcon.colcon_core.package_identification:Package 'webots_ros2/webots_ros2' with type 'ros.ament_python' and name 'webots_ros2'
[0.116s] Level 1:colcon.colcon_core.package_identification:_identify(webots_ros2/webots_ros2_control) by extensions ['ignore', 'ignore_ament_install']
[0.116s] Level 1:colcon.colcon_core.package_identification:_identify(webots_ros2/webots_ros2_control) by extension 'ignore'
[0.116s] Level 1:colcon.colcon_core.package_identification:_identify(webots_ros2/webots_ros2_control) by extension 'ignore_ament_install'
[0.116s] Level 1:colcon.colcon_core.package_identification:_identify(webots_ros2/webots_ros2_control) by extensions ['colcon_pkg']
[0.116s] Level 1:colcon.colcon_core.package_identification:_identify(webots_ros2/webots_ros2_control) by extension 'colcon_pkg'
[0.116s] Level 1:colcon.colcon_core.package_identification:_identify(webots_ros2/webots_ros2_control) by extensions ['colcon_meta']
[0.116s] Level 1:colcon.colcon_core.package_identification:_identify(webots_ros2/webots_ros2_control) by extension 'colcon_meta'
[0.116s] Level 1:colcon.colcon_core.package_identification:_identify(webots_ros2/webots_ros2_control) by extensions ['ros']
[0.116s] Level 1:colcon.colcon_core.package_identification:_identify(webots_ros2/webots_ros2_control) by extension 'ros'
[0.117s] DEBUG:colcon.colcon_core.package_identification:Package 'webots_ros2/webots_ros2_control' with type 'ros.ament_cmake' and name 'webots_ros2_control'
[0.117s] Level 1:colcon.colcon_core.package_identification:_identify(webots_ros2/webots_ros2_crazyflie) by extensions ['ignore', 'ignore_ament_install']
[0.117s] Level 1:colcon.colcon_core.package_identification:_identify(webots_ros2/webots_ros2_crazyflie) by extension 'ignore'
[0.117s] Level 1:colcon.colcon_core.package_identification:_identify(webots_ros2/webots_ros2_crazyflie) by extension 'ignore_ament_install'
[0.117s] Level 1:colcon.colcon_core.package_identification:_identify(webots_ros2/webots_ros2_crazyflie) by extensions ['colcon_pkg']
[0.117s] Level 1:colcon.colcon_core.package_identification:_identify(webots_ros2/webots_ros2_crazyflie) by extension 'colcon_pkg'
[0.117s] Level 1:colcon.colcon_core.package_identification:_identify(webots_ros2/webots_ros2_crazyflie) by extensions ['colcon_meta']
[0.117s] Level 1:colcon.colcon_core.package_identification:_identify(webots_ros2/webots_ros2_crazyflie) by extension 'colcon_meta'
[0.118s] Level 1:colcon.colcon_core.package_identification:_identify(webots_ros2/webots_ros2_crazyflie) by extensions ['ros']
[0.118s] Level 1:colcon.colcon_core.package_identification:_identify(webots_ros2/webots_ros2_crazyflie) by extension 'ros'
[0.118s] DEBUG:colcon.colcon_core.package_identification:Package 'webots_ros2/webots_ros2_crazyflie' with type 'ros.ament_python' and name 'webots_ros2_crazyflie'
[0.119s] Level 1:colcon.colcon_core.package_identification:_identify(webots_ros2/webots_ros2_driver) by extensions ['ignore', 'ignore_ament_install']
[0.119s] Level 1:colcon.colcon_core.package_identification:_identify(webots_ros2/webots_ros2_driver) by extension 'ignore'
[0.119s] Level 1:colcon.colcon_core.package_identification:_identify(webots_ros2/webots_ros2_driver) by extension 'ignore_ament_install'
[0.119s] Level 1:colcon.colcon_core.package_identification:_identify(webots_ros2/webots_ros2_driver) by extensions ['colcon_pkg']
[0.119s] Level 1:colcon.colcon_core.package_identification:_identify(webots_ros2/webots_ros2_driver) by extension 'colcon_pkg'
[0.119s] Level 1:colcon.colcon_core.package_identification:_identify(webots_ros2/webots_ros2_driver) by extensions ['colcon_meta']
[0.119s] Level 1:colcon.colcon_core.package_identification:_identify(webots_ros2/webots_ros2_driver) by extension 'colcon_meta'
[0.119s] Level 1:colcon.colcon_core.package_identification:_identify(webots_ros2/webots_ros2_driver) by extensions ['ros']
[0.119s] Level 1:colcon.colcon_core.package_identification:_identify(webots_ros2/webots_ros2_driver) by extension 'ros'
[0.120s] DEBUG:colcon.colcon_core.package_identification:Package 'webots_ros2/webots_ros2_driver' with type 'ros.ament_cmake' and name 'webots_ros2_driver'
[0.120s] Level 1:colcon.colcon_core.package_identification:_identify(webots_ros2/webots_ros2_epuck) by extensions ['ignore', 'ignore_ament_install']
[0.120s] Level 1:colcon.colcon_core.package_identification:_identify(webots_ros2/webots_ros2_epuck) by extension 'ignore'
[0.120s] Level 1:colcon.colcon_core.package_identification:_identify(webots_ros2/webots_ros2_epuck) by extension 'ignore_ament_install'
[0.120s] Level 1:colcon.colcon_core.package_identification:_identify(webots_ros2/webots_ros2_epuck) by extensions ['colcon_pkg']
[0.120s] Level 1:colcon.colcon_core.package_identification:_identify(webots_ros2/webots_ros2_epuck) by extension 'colcon_pkg'
[0.121s] Level 1:colcon.colcon_core.package_identification:_identify(webots_ros2/webots_ros2_epuck) by extensions ['colcon_meta']
[0.121s] Level 1:colcon.colcon_core.package_identification:_identify(webots_ros2/webots_ros2_epuck) by extension 'colcon_meta'
[0.121s] Level 1:colcon.colcon_core.package_identification:_identify(webots_ros2/webots_ros2_epuck) by extensions ['ros']
[0.121s] Level 1:colcon.colcon_core.package_identification:_identify(webots_ros2/webots_ros2_epuck) by extension 'ros'
[0.121s] DEBUG:colcon.colcon_core.package_identification:Package 'webots_ros2/webots_ros2_epuck' with type 'ros.ament_python' and name 'webots_ros2_epuck'
[0.121s] Level 1:colcon.colcon_core.package_identification:_identify(webots_ros2/webots_ros2_husarion) by extensions ['ignore', 'ignore_ament_install']
[0.122s] Level 1:colcon.colcon_core.package_identification:_identify(webots_ros2/webots_ros2_husarion) by extension 'ignore'
[0.122s] Level 1:colcon.colcon_core.package_identification:_identify(webots_ros2/webots_ros2_husarion) by extension 'ignore_ament_install'
[0.122s] Level 1:colcon.colcon_core.package_identification:_identify(webots_ros2/webots_ros2_husarion) by extensions ['colcon_pkg']
[0.122s] Level 1:colcon.colcon_core.package_identification:_identify(webots_ros2/webots_ros2_husarion) by extension 'colcon_pkg'
[0.122s] Level 1:colcon.colcon_core.package_identification:_identify(webots_ros2/webots_ros2_husarion) by extensions ['colcon_meta']
[0.122s] Level 1:colcon.colcon_core.package_identification:_identify(webots_ros2/webots_ros2_husarion) by extension 'colcon_meta'
[0.122s] Level 1:colcon.colcon_core.package_identification:_identify(webots_ros2/webots_ros2_husarion) by extensions ['ros']
[0.122s] Level 1:colcon.colcon_core.package_identification:_identify(webots_ros2/webots_ros2_husarion) by extension 'ros'
[0.122s] DEBUG:colcon.colcon_core.package_identification:Package 'webots_ros2/webots_ros2_husarion' with type 'ros.ament_python' and name 'webots_ros2_husarion'
[0.123s] Level 1:colcon.colcon_core.package_identification:_identify(webots_ros2/webots_ros2_importer) by extensions ['ignore', 'ignore_ament_install']
[0.123s] Level 1:colcon.colcon_core.package_identification:_identify(webots_ros2/webots_ros2_importer) by extension 'ignore'
[0.123s] Level 1:colcon.colcon_core.package_identification:_identify(webots_ros2/webots_ros2_importer) by extension 'ignore_ament_install'
[0.123s] Level 1:colcon.colcon_core.package_identification:_identify(webots_ros2/webots_ros2_importer) by extensions ['colcon_pkg']
[0.123s] Level 1:colcon.colcon_core.package_identification:_identify(webots_ros2/webots_ros2_importer) by extension 'colcon_pkg'
[0.123s] Level 1:colcon.colcon_core.package_identification:_identify(webots_ros2/webots_ros2_importer) by extensions ['colcon_meta']
[0.123s] Level 1:colcon.colcon_core.package_identification:_identify(webots_ros2/webots_ros2_importer) by extension 'colcon_meta'
[0.123s] Level 1:colcon.colcon_core.package_identification:_identify(webots_ros2/webots_ros2_importer) by extensions ['ros']
[0.123s] Level 1:colcon.colcon_core.package_identification:_identify(webots_ros2/webots_ros2_importer) by extension 'ros'
[0.124s] DEBUG:colcon.colcon_core.package_identification:Package 'webots_ros2/webots_ros2_importer' with type 'ros.ament_python' and name 'webots_ros2_importer'
[0.124s] Level 1:colcon.colcon_core.package_identification:_identify(webots_ros2/webots_ros2_mavic) by extensions ['ignore', 'ignore_ament_install']
[0.124s] Level 1:colcon.colcon_core.package_identification:_identify(webots_ros2/webots_ros2_mavic) by extension 'ignore'
[0.124s] Level 1:colcon.colcon_core.package_identification:_identify(webots_ros2/webots_ros2_mavic) by extension 'ignore_ament_install'
[0.124s] Level 1:colcon.colcon_core.package_identification:_identify(webots_ros2/webots_ros2_mavic) by extensions ['colcon_pkg']
[0.124s] Level 1:colcon.colcon_core.package_identification:_identify(webots_ros2/webots_ros2_mavic) by extension 'colcon_pkg'
[0.124s] Level 1:colcon.colcon_core.package_identification:_identify(webots_ros2/webots_ros2_mavic) by extensions ['colcon_meta']
[0.124s] Level 1:colcon.colcon_core.package_identification:_identify(webots_ros2/webots_ros2_mavic) by extension 'colcon_meta'
[0.124s] Level 1:colcon.colcon_core.package_identification:_identify(webots_ros2/webots_ros2_mavic) by extensions ['ros']
[0.124s] Level 1:colcon.colcon_core.package_identification:_identify(webots_ros2/webots_ros2_mavic) by extension 'ros'
[0.125s] DEBUG:colcon.colcon_core.package_identification:Package 'webots_ros2/webots_ros2_mavic' with type 'ros.ament_python' and name 'webots_ros2_mavic'
[0.125s] Level 1:colcon.colcon_core.package_identification:_identify(webots_ros2/webots_ros2_msgs) by extensions ['ignore', 'ignore_ament_install']
[0.125s] Level 1:colcon.colcon_core.package_identification:_identify(webots_ros2/webots_ros2_msgs) by extension 'ignore'
[0.125s] Level 1:colcon.colcon_core.package_identification:_identify(webots_ros2/webots_ros2_msgs) by extension 'ignore_ament_install'
[0.125s] Level 1:colcon.colcon_core.package_identification:_identify(webots_ros2/webots_ros2_msgs) by extensions ['colcon_pkg']
[0.125s] Level 1:colcon.colcon_core.package_identification:_identify(webots_ros2/webots_ros2_msgs) by extension 'colcon_pkg'
[0.125s] Level 1:colcon.colcon_core.package_identification:_identify(webots_ros2/webots_ros2_msgs) by extensions ['colcon_meta']
[0.125s] Level 1:colcon.colcon_core.package_identification:_identify(webots_ros2/webots_ros2_msgs) by extension 'colcon_meta'
[0.125s] Level 1:colcon.colcon_core.package_identification:_identify(webots_ros2/webots_ros2_msgs) by extensions ['ros']
[0.126s] Level 1:colcon.colcon_core.package_identification:_identify(webots_ros2/webots_ros2_msgs) by extension 'ros'
[0.126s] DEBUG:colcon.colcon_core.package_identification:Package 'webots_ros2/webots_ros2_msgs' with type 'ros.ament_cmake' and name 'webots_ros2_msgs'
[0.127s] Level 1:colcon.colcon_core.package_identification:_identify(webots_ros2/webots_ros2_tesla) by extensions ['ignore', 'ignore_ament_install']
[0.127s] Level 1:colcon.colcon_core.package_identification:_identify(webots_ros2/webots_ros2_tesla) by extension 'ignore'
[0.127s] Level 1:colcon.colcon_core.package_identification:_identify(webots_ros2/webots_ros2_tesla) by extension 'ignore_ament_install'
[0.127s] Level 1:colcon.colcon_core.package_identification:_identify(webots_ros2/webots_ros2_tesla) by extensions ['colcon_pkg']
[0.127s] Level 1:colcon.colcon_core.package_identification:_identify(webots_ros2/webots_ros2_tesla) by extension 'colcon_pkg'
[0.127s] Level 1:colcon.colcon_core.package_identification:_identify(webots_ros2/webots_ros2_tesla) by extensions ['colcon_meta']
[0.127s] Level 1:colcon.colcon_core.package_identification:_identify(webots_ros2/webots_ros2_tesla) by extension 'colcon_meta'
[0.127s] Level 1:colcon.colcon_core.package_identification:_identify(webots_ros2/webots_ros2_tesla) by extensions ['ros']
[0.127s] Level 1:colcon.colcon_core.package_identification:_identify(webots_ros2/webots_ros2_tesla) by extension 'ros'
[0.127s] DEBUG:colcon.colcon_core.package_identification:Package 'webots_ros2/webots_ros2_tesla' with type 'ros.ament_python' and name 'webots_ros2_tesla'
[0.128s] Level 1:colcon.colcon_core.package_identification:_identify(webots_ros2/webots_ros2_tests) by extensions ['ignore', 'ignore_ament_install']
[0.128s] Level 1:colcon.colcon_core.package_identification:_identify(webots_ros2/webots_ros2_tests) by extension 'ignore'
[0.128s] Level 1:colcon.colcon_core.package_identification:_identify(webots_ros2/webots_ros2_tests) by extension 'ignore_ament_install'
[0.128s] Level 1:colcon.colcon_core.package_identification:_identify(webots_ros2/webots_ros2_tests) by extensions ['colcon_pkg']
[0.128s] Level 1:colcon.colcon_core.package_identification:_identify(webots_ros2/webots_ros2_tests) by extension 'colcon_pkg'
[0.128s] Level 1:colcon.colcon_core.package_identification:_identify(webots_ros2/webots_ros2_tests) by extensions ['colcon_meta']
[0.128s] Level 1:colcon.colcon_core.package_identification:_identify(webots_ros2/webots_ros2_tests) by extension 'colcon_meta'
[0.128s] Level 1:colcon.colcon_core.package_identification:_identify(webots_ros2/webots_ros2_tests) by extensions ['ros']
[0.128s] Level 1:colcon.colcon_core.package_identification:_identify(webots_ros2/webots_ros2_tests) by extension 'ros'
[0.129s] DEBUG:colcon.colcon_core.package_identification:Package 'webots_ros2/webots_ros2_tests' with type 'ros.ament_python' and name 'webots_ros2_tests'
[0.129s] Level 1:colcon.colcon_core.package_identification:_identify(webots_ros2/webots_ros2_tiago) by extensions ['ignore', 'ignore_ament_install']
[0.129s] Level 1:colcon.colcon_core.package_identification:_identify(webots_ros2/webots_ros2_tiago) by extension 'ignore'
[0.129s] Level 1:colcon.colcon_core.package_identification:_identify(webots_ros2/webots_ros2_tiago) by extension 'ignore_ament_install'
[0.129s] Level 1:colcon.colcon_core.package_identification:_identify(webots_ros2/webots_ros2_tiago) by extensions ['colcon_pkg']
[0.129s] Level 1:colcon.colcon_core.package_identification:_identify(webots_ros2/webots_ros2_tiago) by extension 'colcon_pkg'
[0.129s] Level 1:colcon.colcon_core.package_identification:_identify(webots_ros2/webots_ros2_tiago) by extensions ['colcon_meta']
[0.129s] Level 1:colcon.colcon_core.package_identification:_identify(webots_ros2/webots_ros2_tiago) by extension 'colcon_meta'
[0.129s] Level 1:colcon.colcon_core.package_identification:_identify(webots_ros2/webots_ros2_tiago) by extensions ['ros']
[0.129s] Level 1:colcon.colcon_core.package_identification:_identify(webots_ros2/webots_ros2_tiago) by extension 'ros'
[0.130s] DEBUG:colcon.colcon_core.package_identification:Package 'webots_ros2/webots_ros2_tiago' with type 'ros.ament_python' and name 'webots_ros2_tiago'
[0.130s] Level 1:colcon.colcon_core.package_identification:_identify(webots_ros2/webots_ros2_turtlebot) by extensions ['ignore', 'ignore_ament_install']
[0.130s] Level 1:colcon.colcon_core.package_identification:_identify(webots_ros2/webots_ros2_turtlebot) by extension 'ignore'
[0.130s] Level 1:colcon.colcon_core.package_identification:_identify(webots_ros2/webots_ros2_turtlebot) by extension 'ignore_ament_install'
[0.130s] Level 1:colcon.colcon_core.package_identification:_identify(webots_ros2/webots_ros2_turtlebot) by extensions ['colcon_pkg']
[0.130s] Level 1:colcon.colcon_core.package_identification:_identify(webots_ros2/webots_ros2_turtlebot) by extension 'colcon_pkg'
[0.130s] Level 1:colcon.colcon_core.package_identification:_identify(webots_ros2/webots_ros2_turtlebot) by extensions ['colcon_meta']
[0.130s] Level 1:colcon.colcon_core.package_identification:_identify(webots_ros2/webots_ros2_turtlebot) by extension 'colcon_meta'
[0.131s] Level 1:colcon.colcon_core.package_identification:_identify(webots_ros2/webots_ros2_turtlebot) by extensions ['ros']
[0.131s] Level 1:colcon.colcon_core.package_identification:_identify(webots_ros2/webots_ros2_turtlebot) by extension 'ros'
[0.131s] DEBUG:colcon.colcon_core.package_identification:Package 'webots_ros2/webots_ros2_turtlebot' with type 'ros.ament_python' and name 'webots_ros2_turtlebot'
[0.131s] Level 1:colcon.colcon_core.package_identification:_identify(webots_ros2/webots_ros2_universal_robot) by extensions ['ignore', 'ignore_ament_install']
[0.131s] Level 1:colcon.colcon_core.package_identification:_identify(webots_ros2/webots_ros2_universal_robot) by extension 'ignore'
[0.132s] Level 1:colcon.colcon_core.package_identification:_identify(webots_ros2/webots_ros2_universal_robot) by extension 'ignore_ament_install'
[0.132s] Level 1:colcon.colcon_core.package_identification:_identify(webots_ros2/webots_ros2_universal_robot) by extensions ['colcon_pkg']
[0.132s] Level 1:colcon.colcon_core.package_identification:_identify(webots_ros2/webots_ros2_universal_robot) by extension 'colcon_pkg'
[0.132s] Level 1:colcon.colcon_core.package_identification:_identify(webots_ros2/webots_ros2_universal_robot) by extensions ['colcon_meta']
[0.132s] Level 1:colcon.colcon_core.package_identification:_identify(webots_ros2/webots_ros2_universal_robot) by extension 'colcon_meta'
[0.132s] Level 1:colcon.colcon_core.package_identification:_identify(webots_ros2/webots_ros2_universal_robot) by extensions ['ros']
[0.132s] Level 1:colcon.colcon_core.package_identification:_identify(webots_ros2/webots_ros2_universal_robot) by extension 'ros'
[0.132s] DEBUG:colcon.colcon_core.package_identification:Package 'webots_ros2/webots_ros2_universal_robot' with type 'ros.ament_python' and name 'webots_ros2_universal_robot'
[0.132s] Level 1:colcon.colcon_core.package_discovery:discover_packages(recursive) using defaults
[0.132s] Level 1:colcon.colcon_core.package_discovery:discover_packages(ignore) discover
[0.132s] Level 1:colcon.colcon_core.package_discovery:discover_packages(ignore) using defaults
[0.132s] Level 1:colcon.colcon_core.package_discovery:discover_packages(path) discover
[0.132s] Level 1:colcon.colcon_core.package_discovery:discover_packages(path) using defaults
[0.147s] Level 5:colcon.colcon_core.verb:set package 'gazeboenvs' build argument 'cmake_args' from command line to 'None'
[0.148s] Level 5:colcon.colcon_core.verb:set package 'gazeboenvs' build argument 'cmake_target' from command line to 'None'
[0.148s] Level 5:colcon.colcon_core.verb:set package 'gazeboenvs' build argument 'cmake_target_skip_unavailable' from command line to 'False'
[0.148s] Level 5:colcon.colcon_core.verb:set package 'gazeboenvs' build argument 'cmake_clean_cache' from command line to 'False'
[0.148s] Level 5:colcon.colcon_core.verb:set package 'gazeboenvs' build argument 'cmake_clean_first' from command line to 'False'
[0.148s] Level 5:colcon.colcon_core.verb:set package 'gazeboenvs' build argument 'cmake_force_configure' from command line to 'False'
[0.148s] Level 5:colcon.colcon_core.verb:set package 'gazeboenvs' build argument 'ament_cmake_args' from command line to 'None'
[0.148s] Level 5:colcon.colcon_core.verb:set package 'gazeboenvs' build argument 'catkin_cmake_args' from command line to 'None'
[0.148s] Level 5:colcon.colcon_core.verb:set package 'gazeboenvs' build argument 'catkin_skip_building_tests' from command line to 'False'
[0.148s] DEBUG:colcon.colcon_core.verb:Building package 'gazeboenvs' with the following arguments: {'ament_cmake_args': None, 'build_base': '/MRTP/MRTP/src/build/gazeboenvs', 'catkin_cmake_args': None, 'catkin_skip_building_tests': False, 'cmake_args': None, 'cmake_clean_cache': False, 'cmake_clean_first': False, 'cmake_force_configure': False, 'cmake_target': None, 'cmake_target_skip_unavailable': False, 'install_base': '/MRTP/MRTP/src/install/gazeboenvs', 'merge_install': False, 'path': '/MRTP/MRTP/src/gazeboenvs', 'symlink_install': True, 'test_result_base': None}
[0.148s] Level 5:colcon.colcon_core.verb:set package 'webots_ros2_importer' build argument 'cmake_args' from command line to 'None'
[0.148s] Level 5:colcon.colcon_core.verb:set package 'webots_ros2_importer' build argument 'cmake_target' from command line to 'None'
[0.148s] Level 5:colcon.colcon_core.verb:set package 'webots_ros2_importer' build argument 'cmake_target_skip_unavailable' from command line to 'False'
[0.148s] Level 5:colcon.colcon_core.verb:set package 'webots_ros2_importer' build argument 'cmake_clean_cache' from command line to 'False'
[0.148s] Level 5:colcon.colcon_core.verb:set package 'webots_ros2_importer' build argument 'cmake_clean_first' from command line to 'False'
[0.148s] Level 5:colcon.colcon_core.verb:set package 'webots_ros2_importer' build argument 'cmake_force_configure' from command line to 'False'
[0.148s] Level 5:colcon.colcon_core.verb:set package 'webots_ros2_importer' build argument 'ament_cmake_args' from command line to 'None'
[0.148s] Level 5:colcon.colcon_core.verb:set package 'webots_ros2_importer' build argument 'catkin_cmake_args' from command line to 'None'
[0.148s] Level 5:colcon.colcon_core.verb:set package 'webots_ros2_importer' build argument 'catkin_skip_building_tests' from command line to 'False'
[0.148s] DEBUG:colcon.colcon_core.verb:Building package 'webots_ros2_importer' with the following arguments: {'ament_cmake_args': None, 'build_base': '/MRTP/MRTP/src/build/webots_ros2_importer', 'catkin_cmake_args': None, 'catkin_skip_building_tests': False, 'cmake_args': None, 'cmake_clean_cache': False, 'cmake_clean_first': False, 'cmake_force_configure': False, 'cmake_target': None, 'cmake_target_skip_unavailable': False, 'install_base': '/MRTP/MRTP/src/install/webots_ros2_importer', 'merge_install': False, 'path': '/MRTP/MRTP/src/webots_ros2/webots_ros2_importer', 'symlink_install': True, 'test_result_base': None}
[0.148s] Level 5:colcon.colcon_core.verb:set package 'webots_ros2_msgs' build argument 'cmake_args' from command line to 'None'
[0.148s] Level 5:colcon.colcon_core.verb:set package 'webots_ros2_msgs' build argument 'cmake_target' from command line to 'None'
[0.148s] Level 5:colcon.colcon_core.verb:set package 'webots_ros2_msgs' build argument 'cmake_target_skip_unavailable' from command line to 'False'
[0.148s] Level 5:colcon.colcon_core.verb:set package 'webots_ros2_msgs' build argument 'cmake_clean_cache' from command line to 'False'
[0.148s] Level 5:colcon.colcon_core.verb:set package 'webots_ros2_msgs' build argument 'cmake_clean_first' from command line to 'False'
[0.148s] Level 5:colcon.colcon_core.verb:set package 'webots_ros2_msgs' build argument 'cmake_force_configure' from command line to 'False'
[0.148s] Level 5:colcon.colcon_core.verb:set package 'webots_ros2_msgs' build argument 'ament_cmake_args' from command line to 'None'
[0.148s] Level 5:colcon.colcon_core.verb:set package 'webots_ros2_msgs' build argument 'catkin_cmake_args' from command line to 'None'
[0.148s] Level 5:colcon.colcon_core.verb:set package 'webots_ros2_msgs' build argument 'catkin_skip_building_tests' from command line to 'False'
[0.148s] DEBUG:colcon.colcon_core.verb:Building package 'webots_ros2_msgs' with the following arguments: {'ament_cmake_args': None, 'build_base': '/MRTP/MRTP/src/build/webots_ros2_msgs', 'catkin_cmake_args': None, 'catkin_skip_building_tests': False, 'cmake_args': None, 'cmake_clean_cache': False, 'cmake_clean_first': False, 'cmake_force_configure': False, 'cmake_target': None, 'cmake_target_skip_unavailable': False, 'install_base': '/MRTP/MRTP/src/install/webots_ros2_msgs', 'merge_install': False, 'path': '/MRTP/MRTP/src/webots_ros2/webots_ros2_msgs', 'symlink_install': True, 'test_result_base': None}
[0.148s] Level 5:colcon.colcon_core.verb:set package 'webots_ros2_driver' build argument 'cmake_args' from command line to 'None'
[0.148s] Level 5:colcon.colcon_core.verb:set package 'webots_ros2_driver' build argument 'cmake_target' from command line to 'None'
[0.149s] Level 5:colcon.colcon_core.verb:set package 'webots_ros2_driver' build argument 'cmake_target_skip_unavailable' from command line to 'False'
[0.149s] Level 5:colcon.colcon_core.verb:set package 'webots_ros2_driver' build argument 'cmake_clean_cache' from command line to 'False'
[0.149s] Level 5:colcon.colcon_core.verb:set package 'webots_ros2_driver' build argument 'cmake_clean_first' from command line to 'False'
[0.149s] Level 5:colcon.colcon_core.verb:set package 'webots_ros2_driver' build argument 'cmake_force_configure' from command line to 'False'
[0.149s] Level 5:colcon.colcon_core.verb:set package 'webots_ros2_driver' build argument 'ament_cmake_args' from command line to 'None'
[0.149s] Level 5:colcon.colcon_core.verb:set package 'webots_ros2_driver' build argument 'catkin_cmake_args' from command line to 'None'
[0.149s] Level 5:colcon.colcon_core.verb:set package 'webots_ros2_driver' build argument 'catkin_skip_building_tests' from command line to 'False'
[0.149s] DEBUG:colcon.colcon_core.verb:Building package 'webots_ros2_driver' with the following arguments: {'ament_cmake_args': None, 'build_base': '/MRTP/MRTP/src/build/webots_ros2_driver', 'catkin_cmake_args': None, 'catkin_skip_building_tests': False, 'cmake_args': None, 'cmake_clean_cache': False, 'cmake_clean_first': False, 'cmake_force_configure': False, 'cmake_target': None, 'cmake_target_skip_unavailable': False, 'install_base': '/MRTP/MRTP/src/install/webots_ros2_driver', 'merge_install': False, 'path': '/MRTP/MRTP/src/webots_ros2/webots_ros2_driver', 'symlink_install': True, 'test_result_base': None}
[0.149s] Level 5:colcon.colcon_core.verb:set package 'webots_ros2_control' build argument 'cmake_args' from command line to 'None'
[0.149s] Level 5:colcon.colcon_core.verb:set package 'webots_ros2_control' build argument 'cmake_target' from command line to 'None'
[0.149s] Level 5:colcon.colcon_core.verb:set package 'webots_ros2_control' build argument 'cmake_target_skip_unavailable' from command line to 'False'
[0.149s] Level 5:colcon.colcon_core.verb:set package 'webots_ros2_control' build argument 'cmake_clean_cache' from command line to 'False'
[0.149s] Level 5:colcon.colcon_core.verb:set package 'webots_ros2_control' build argument 'cmake_clean_first' from command line to 'False'
[0.149s] Level 5:colcon.colcon_core.verb:set package 'webots_ros2_control' build argument 'cmake_force_configure' from command line to 'False'
[0.149s] Level 5:colcon.colcon_core.verb:set package 'webots_ros2_control' build argument 'ament_cmake_args' from command line to 'None'
[0.149s] Level 5:colcon.colcon_core.verb:set package 'webots_ros2_control' build argument 'catkin_cmake_args' from command line to 'None'
[0.149s] Level 5:colcon.colcon_core.verb:set package 'webots_ros2_control' build argument 'catkin_skip_building_tests' from command line to 'False'
[0.149s] DEBUG:colcon.colcon_core.verb:Building package 'webots_ros2_control' with the following arguments: {'ament_cmake_args': None, 'build_base': '/MRTP/MRTP/src/build/webots_ros2_control', 'catkin_cmake_args': None, 'catkin_skip_building_tests': False, 'cmake_args': None, 'cmake_clean_cache': False, 'cmake_clean_first': False, 'cmake_force_configure': False, 'cmake_target': None, 'cmake_target_skip_unavailable': False, 'install_base': '/MRTP/MRTP/src/install/webots_ros2_control', 'merge_install': False, 'path': '/MRTP/MRTP/src/webots_ros2/webots_ros2_control', 'symlink_install': True, 'test_result_base': None}
[0.149s] Level 5:colcon.colcon_core.verb:set package 'webots_ros2_crazyflie' build argument 'cmake_args' from command line to 'None'
[0.149s] Level 5:colcon.colcon_core.verb:set package 'webots_ros2_crazyflie' build argument 'cmake_target' from command line to 'None'
[0.149s] Level 5:colcon.colcon_core.verb:set package 'webots_ros2_crazyflie' build argument 'cmake_target_skip_unavailable' from command line to 'False'
[0.149s] Level 5:colcon.colcon_core.verb:set package 'webots_ros2_crazyflie' build argument 'cmake_clean_cache' from command line to 'False'
[0.149s] Level 5:colcon.colcon_core.verb:set package 'webots_ros2_crazyflie' build argument 'cmake_clean_first' from command line to 'False'
[0.149s] Level 5:colcon.colcon_core.verb:set package 'webots_ros2_crazyflie' build argument 'cmake_force_configure' from command line to 'False'
[0.149s] Level 5:colcon.colcon_core.verb:set package 'webots_ros2_crazyflie' build argument 'ament_cmake_args' from command line to 'None'
[0.149s] Level 5:colcon.colcon_core.verb:set package 'webots_ros2_crazyflie' build argument 'catkin_cmake_args' from command line to 'None'
[0.149s] Level 5:colcon.colcon_core.verb:set package 'webots_ros2_crazyflie' build argument 'catkin_skip_building_tests' from command line to 'False'
[0.149s] DEBUG:colcon.colcon_core.verb:Building package 'webots_ros2_crazyflie' with the following arguments: {'ament_cmake_args': None, 'build_base': '/MRTP/MRTP/src/build/webots_ros2_crazyflie', 'catkin_cmake_args': None, 'catkin_skip_building_tests': False, 'cmake_args': None, 'cmake_clean_cache': False, 'cmake_clean_first': False, 'cmake_force_configure': False, 'cmake_target': None, 'cmake_target_skip_unavailable': False, 'install_base': '/MRTP/MRTP/src/install/webots_ros2_crazyflie', 'merge_install': False, 'path': '/MRTP/MRTP/src/webots_ros2/webots_ros2_crazyflie', 'symlink_install': True, 'test_result_base': None}
[0.150s] Level 5:colcon.colcon_core.verb:set package 'webots_ros2_mavic' build argument 'cmake_args' from command line to 'None'
[0.150s] Level 5:colcon.colcon_core.verb:set package 'webots_ros2_mavic' build argument 'cmake_target' from command line to 'None'
[0.150s] Level 5:colcon.colcon_core.verb:set package 'webots_ros2_mavic' build argument 'cmake_target_skip_unavailable' from command line to 'False'
[0.150s] Level 5:colcon.colcon_core.verb:set package 'webots_ros2_mavic' build argument 'cmake_clean_cache' from command line to 'False'
[0.150s] Level 5:colcon.colcon_core.verb:set package 'webots_ros2_mavic' build argument 'cmake_clean_first' from command line to 'False'
[0.150s] Level 5:colcon.colcon_core.verb:set package 'webots_ros2_mavic' build argument 'cmake_force_configure' from command line to 'False'
[0.150s] Level 5:colcon.colcon_core.verb:set package 'webots_ros2_mavic' build argument 'ament_cmake_args' from command line to 'None'
[0.150s] Level 5:colcon.colcon_core.verb:set package 'webots_ros2_mavic' build argument 'catkin_cmake_args' from command line to 'None'
[0.150s] Level 5:colcon.colcon_core.verb:set package 'webots_ros2_mavic' build argument 'catkin_skip_building_tests' from command line to 'False'
[0.150s] DEBUG:colcon.colcon_core.verb:Building package 'webots_ros2_mavic' with the following arguments: {'ament_cmake_args': None, 'build_base': '/MRTP/MRTP/src/build/webots_ros2_mavic', 'catkin_cmake_args': None, 'catkin_skip_building_tests': False, 'cmake_args': None, 'cmake_clean_cache': False, 'cmake_clean_first': False, 'cmake_force_configure': False, 'cmake_target': None, 'cmake_target_skip_unavailable': False, 'install_base': '/MRTP/MRTP/src/install/webots_ros2_mavic', 'merge_install': False, 'path': '/MRTP/MRTP/src/webots_ros2/webots_ros2_mavic', 'symlink_install': True, 'test_result_base': None}
[0.150s] Level 5:colcon.colcon_core.verb:set package 'webots_ros2_tesla' build argument 'cmake_args' from command line to 'None'
[0.150s] Level 5:colcon.colcon_core.verb:set package 'webots_ros2_tesla' build argument 'cmake_target' from command line to 'None'
[0.150s] Level 5:colcon.colcon_core.verb:set package 'webots_ros2_tesla' build argument 'cmake_target_skip_unavailable' from command line to 'False'
[0.150s] Level 5:colcon.colcon_core.verb:set package 'webots_ros2_tesla' build argument 'cmake_clean_cache' from command line to 'False'
[0.150s] Level 5:colcon.colcon_core.verb:set package 'webots_ros2_tesla' build argument 'cmake_clean_first' from command line to 'False'
[0.150s] Level 5:colcon.colcon_core.verb:set package 'webots_ros2_tesla' build argument 'cmake_force_configure' from command line to 'False'
[0.150s] Level 5:colcon.colcon_core.verb:set package 'webots_ros2_tesla' build argument 'ament_cmake_args' from command line to 'None'
[0.150s] Level 5:colcon.colcon_core.verb:set package 'webots_ros2_tesla' build argument 'catkin_cmake_args' from command line to 'None'
[0.150s] Level 5:colcon.colcon_core.verb:set package 'webots_ros2_tesla' build argument 'catkin_skip_building_tests' from command line to 'False'
[0.150s] DEBUG:colcon.colcon_core.verb:Building package 'webots_ros2_tesla' with the following arguments: {'ament_cmake_args': None, 'build_base': '/MRTP/MRTP/src/build/webots_ros2_tesla', 'catkin_cmake_args': None, 'catkin_skip_building_tests': False, 'cmake_args': None, 'cmake_clean_cache': False, 'cmake_clean_first': False, 'cmake_force_configure': False, 'cmake_target': None, 'cmake_target_skip_unavailable': False, 'install_base': '/MRTP/MRTP/src/install/webots_ros2_tesla', 'merge_install': False, 'path': '/MRTP/MRTP/src/webots_ros2/webots_ros2_tesla', 'symlink_install': True, 'test_result_base': None}
[0.150s] Level 5:colcon.colcon_core.verb:set package 'webots_ros2_epuck' build argument 'cmake_args' from command line to 'None'
[0.150s] Level 5:colcon.colcon_core.verb:set package 'webots_ros2_epuck' build argument 'cmake_target' from command line to 'None'
[0.150s] Level 5:colcon.colcon_core.verb:set package 'webots_ros2_epuck' build argument 'cmake_target_skip_unavailable' from command line to 'False'
[0.150s] Level 5:colcon.colcon_core.verb:set package 'webots_ros2_epuck' build argument 'cmake_clean_cache' from command line to 'False'
[0.150s] Level 5:colcon.colcon_core.verb:set package 'webots_ros2_epuck' build argument 'cmake_clean_first' from command line to 'False'
[0.150s] Level 5:colcon.colcon_core.verb:set package 'webots_ros2_epuck' build argument 'cmake_force_configure' from command line to 'False'
[0.150s] Level 5:colcon.colcon_core.verb:set package 'webots_ros2_epuck' build argument 'ament_cmake_args' from command line to 'None'
[0.150s] Level 5:colcon.colcon_core.verb:set package 'webots_ros2_epuck' build argument 'catkin_cmake_args' from command line to 'None'
[0.150s] Level 5:colcon.colcon_core.verb:set package 'webots_ros2_epuck' build argument 'catkin_skip_building_tests' from command line to 'False'
[0.150s] DEBUG:colcon.colcon_core.verb:Building package 'webots_ros2_epuck' with the following arguments: {'ament_cmake_args': None, 'build_base': '/MRTP/MRTP/src/build/webots_ros2_epuck', 'catkin_cmake_args': None, 'catkin_skip_building_tests': False, 'cmake_args': None, 'cmake_clean_cache': False, 'cmake_clean_first': False, 'cmake_force_configure': False, 'cmake_target': None, 'cmake_target_skip_unavailable': False, 'install_base': '/MRTP/MRTP/src/install/webots_ros2_epuck', 'merge_install': False, 'path': '/MRTP/MRTP/src/webots_ros2/webots_ros2_epuck', 'symlink_install': True, 'test_result_base': None}
[0.150s] Level 5:colcon.colcon_core.verb:set package 'webots_ros2_husarion' build argument 'cmake_args' from command line to 'None'
[0.150s] Level 5:colcon.colcon_core.verb:set package 'webots_ros2_husarion' build argument 'cmake_target' from command line to 'None'
[0.150s] Level 5:colcon.colcon_core.verb:set package 'webots_ros2_husarion' build argument 'cmake_target_skip_unavailable' from command line to 'False'
[0.151s] Level 5:colcon.colcon_core.verb:set package 'webots_ros2_husarion' build argument 'cmake_clean_cache' from command line to 'False'
[0.151s] Level 5:colcon.colcon_core.verb:set package 'webots_ros2_husarion' build argument 'cmake_clean_first' from command line to 'False'
[0.151s] Level 5:colcon.colcon_core.verb:set package 'webots_ros2_husarion' build argument 'cmake_force_configure' from command line to 'False'
[0.151s] Level 5:colcon.colcon_core.verb:set package 'webots_ros2_husarion' build argument 'ament_cmake_args' from command line to 'None'
[0.151s] Level 5:colcon.colcon_core.verb:set package 'webots_ros2_husarion' build argument 'catkin_cmake_args' from command line to 'None'
[0.151s] Level 5:colcon.colcon_core.verb:set package 'webots_ros2_husarion' build argument 'catkin_skip_building_tests' from command line to 'False'
[0.151s] DEBUG:colcon.colcon_core.verb:Building package 'webots_ros2_husarion' with the following arguments: {'ament_cmake_args': None, 'build_base': '/MRTP/MRTP/src/build/webots_ros2_husarion', 'catkin_cmake_args': None, 'catkin_skip_building_tests': False, 'cmake_args': None, 'cmake_clean_cache': False, 'cmake_clean_first': False, 'cmake_force_configure': False, 'cmake_target': None, 'cmake_target_skip_unavailable': False, 'install_base': '/MRTP/MRTP/src/install/webots_ros2_husarion', 'merge_install': False, 'path': '/MRTP/MRTP/src/webots_ros2/webots_ros2_husarion', 'symlink_install': True, 'test_result_base': None}
[0.151s] Level 5:colcon.colcon_core.verb:set package 'webots_ros2_tiago' build argument 'cmake_args' from command line to 'None'
[0.151s] Level 5:colcon.colcon_core.verb:set package 'webots_ros2_tiago' build argument 'cmake_target' from command line to 'None'
[0.151s] Level 5:colcon.colcon_core.verb:set package 'webots_ros2_tiago' build argument 'cmake_target_skip_unavailable' from command line to 'False'
[0.151s] Level 5:colcon.colcon_core.verb:set package 'webots_ros2_tiago' build argument 'cmake_clean_cache' from command line to 'False'
[0.151s] Level 5:colcon.colcon_core.verb:set package 'webots_ros2_tiago' build argument 'cmake_clean_first' from command line to 'False'
[0.151s] Level 5:colcon.colcon_core.verb:set package 'webots_ros2_tiago' build argument 'cmake_force_configure' from command line to 'False'
[0.151s] Level 5:colcon.colcon_core.verb:set package 'webots_ros2_tiago' build argument 'ament_cmake_args' from command line to 'None'
[0.151s] Level 5:colcon.colcon_core.verb:set package 'webots_ros2_tiago' build argument 'catkin_cmake_args' from command line to 'None'
[0.151s] Level 5:colcon.colcon_core.verb:set package 'webots_ros2_tiago' build argument 'catkin_skip_building_tests' from command line to 'False'
[0.151s] DEBUG:colcon.colcon_core.verb:Building package 'webots_ros2_tiago' with the following arguments: {'ament_cmake_args': None, 'build_base': '/MRTP/MRTP/src/build/webots_ros2_tiago', 'catkin_cmake_args': None, 'catkin_skip_building_tests': False, 'cmake_args': None, 'cmake_clean_cache': False, 'cmake_clean_first': False, 'cmake_force_configure': False, 'cmake_target': None, 'cmake_target_skip_unavailable': False, 'install_base': '/MRTP/MRTP/src/install/webots_ros2_tiago', 'merge_install': False, 'path': '/MRTP/MRTP/src/webots_ros2/webots_ros2_tiago', 'symlink_install': True, 'test_result_base': None}
[0.151s] Level 5:colcon.colcon_core.verb:set package 'webots_ros2_turtlebot' build argument 'cmake_args' from command line to 'None'
[0.151s] Level 5:colcon.colcon_core.verb:set package 'webots_ros2_turtlebot' build argument 'cmake_target' from command line to 'None'
[0.151s] Level 5:colcon.colcon_core.verb:set package 'webots_ros2_turtlebot' build argument 'cmake_target_skip_unavailable' from command line to 'False'
[0.151s] Level 5:colcon.colcon_core.verb:set package 'webots_ros2_turtlebot' build argument 'cmake_clean_cache' from command line to 'False'
[0.151s] Level 5:colcon.colcon_core.verb:set package 'webots_ros2_turtlebot' build argument 'cmake_clean_first' from command line to 'False'
[0.151s] Level 5:colcon.colcon_core.verb:set package 'webots_ros2_turtlebot' build argument 'cmake_force_configure' from command line to 'False'
[0.151s] Level 5:colcon.colcon_core.verb:set package 'webots_ros2_turtlebot' build argument 'ament_cmake_args' from command line to 'None'
[0.151s] Level 5:colcon.colcon_core.verb:set package 'webots_ros2_turtlebot' build argument 'catkin_cmake_args' from command line to 'None'
[0.151s] Level 5:colcon.colcon_core.verb:set package 'webots_ros2_turtlebot' build argument 'catkin_skip_building_tests' from command line to 'False'
[0.151s] DEBUG:colcon.colcon_core.verb:Building package 'webots_ros2_turtlebot' with the following arguments: {'ament_cmake_args': None, 'build_base': '/MRTP/MRTP/src/build/webots_ros2_turtlebot', 'catkin_cmake_args': None, 'catkin_skip_building_tests': False, 'cmake_args': None, 'cmake_clean_cache': False, 'cmake_clean_first': False, 'cmake_force_configure': False, 'cmake_target': None, 'cmake_target_skip_unavailable': False, 'install_base': '/MRTP/MRTP/src/install/webots_ros2_turtlebot', 'merge_install': False, 'path': '/MRTP/MRTP/src/webots_ros2/webots_ros2_turtlebot', 'symlink_install': True, 'test_result_base': None}
[0.151s] Level 5:colcon.colcon_core.verb:set package 'webots_ros2_universal_robot' build argument 'cmake_args' from command line to 'None'
[0.151s] Level 5:colcon.colcon_core.verb:set package 'webots_ros2_universal_robot' build argument 'cmake_target' from command line to 'None'
[0.151s] Level 5:colcon.colcon_core.verb:set package 'webots_ros2_universal_robot' build argument 'cmake_target_skip_unavailable' from command line to 'False'
[0.152s] Level 5:colcon.colcon_core.verb:set package 'webots_ros2_universal_robot' build argument 'cmake_clean_cache' from command line to 'False'
[0.152s] Level 5:colcon.colcon_core.verb:set package 'webots_ros2_universal_robot' build argument 'cmake_clean_first' from command line to 'False'
[0.152s] Level 5:colcon.colcon_core.verb:set package 'webots_ros2_universal_robot' build argument 'cmake_force_configure' from command line to 'False'
[0.152s] Level 5:colcon.colcon_core.verb:set package 'webots_ros2_universal_robot' build argument 'ament_cmake_args' from command line to 'None'
[0.152s] Level 5:colcon.colcon_core.verb:set package 'webots_ros2_universal_robot' build argument 'catkin_cmake_args' from command line to 'None'
[0.152s] Level 5:colcon.colcon_core.verb:set package 'webots_ros2_universal_robot' build argument 'catkin_skip_building_tests' from command line to 'False'
[0.152s] DEBUG:colcon.colcon_core.verb:Building package 'webots_ros2_universal_robot' with the following arguments: {'ament_cmake_args': None, 'build_base': '/MRTP/MRTP/src/build/webots_ros2_universal_robot', 'catkin_cmake_args': None, 'catkin_skip_building_tests': False, 'cmake_args': None, 'cmake_clean_cache': False, 'cmake_clean_first': False, 'cmake_force_configure': False, 'cmake_target': None, 'cmake_target_skip_unavailable': False, 'install_base': '/MRTP/MRTP/src/install/webots_ros2_universal_robot', 'merge_install': False, 'path': '/MRTP/MRTP/src/webots_ros2/webots_ros2_universal_robot', 'symlink_install': True, 'test_result_base': None}
[0.152s] Level 5:colcon.colcon_core.verb:set package 'webots_ros2_tests' build argument 'cmake_args' from command line to 'None'
[0.152s] Level 5:colcon.colcon_core.verb:set package 'webots_ros2_tests' build argument 'cmake_target' from command line to 'None'
[0.152s] Level 5:colcon.colcon_core.verb:set package 'webots_ros2_tests' build argument 'cmake_target_skip_unavailable' from command line to 'False'
[0.152s] Level 5:colcon.colcon_core.verb:set package 'webots_ros2_tests' build argument 'cmake_clean_cache' from command line to 'False'
[0.152s] Level 5:colcon.colcon_core.verb:set package 'webots_ros2_tests' build argument 'cmake_clean_first' from command line to 'False'
[0.152s] Level 5:colcon.colcon_core.verb:set package 'webots_ros2_tests' build argument 'cmake_force_configure' from command line to 'False'
[0.152s] Level 5:colcon.colcon_core.verb:set package 'webots_ros2_tests' build argument 'ament_cmake_args' from command line to 'None'
[0.152s] Level 5:colcon.colcon_core.verb:set package 'webots_ros2_tests' build argument 'catkin_cmake_args' from command line to 'None'
[0.152s] Level 5:colcon.colcon_core.verb:set package 'webots_ros2_tests' build argument 'catkin_skip_building_tests' from command line to 'False'
[0.152s] DEBUG:colcon.colcon_core.verb:Building package 'webots_ros2_tests' with the following arguments: {'ament_cmake_args': None, 'build_base': '/MRTP/MRTP/src/build/webots_ros2_tests', 'catkin_cmake_args': None, 'catkin_skip_building_tests': False, 'cmake_args': None, 'cmake_clean_cache': False, 'cmake_clean_first': False, 'cmake_force_configure': False, 'cmake_target': None, 'cmake_target_skip_unavailable': False, 'install_base': '/MRTP/MRTP/src/install/webots_ros2_tests', 'merge_install': False, 'path': '/MRTP/MRTP/src/webots_ros2/webots_ros2_tests', 'symlink_install': True, 'test_result_base': None}
[0.152s] Level 5:colcon.colcon_core.verb:set package 'webots_ros2' build argument 'cmake_args' from command line to 'None'
[0.152s] Level 5:colcon.colcon_core.verb:set package 'webots_ros2' build argument 'cmake_target' from command line to 'None'
[0.152s] Level 5:colcon.colcon_core.verb:set package 'webots_ros2' build argument 'cmake_target_skip_unavailable' from command line to 'False'
[0.152s] Level 5:colcon.colcon_core.verb:set package 'webots_ros2' build argument 'cmake_clean_cache' from command line to 'False'
[0.152s] Level 5:colcon.colcon_core.verb:set package 'webots_ros2' build argument 'cmake_clean_first' from command line to 'False'
[0.152s] Level 5:colcon.colcon_core.verb:set package 'webots_ros2' build argument 'cmake_force_configure' from command line to 'False'
[0.152s] Level 5:colcon.colcon_core.verb:set package 'webots_ros2' build argument 'ament_cmake_args' from command line to 'None'
[0.152s] Level 5:colcon.colcon_core.verb:set package 'webots_ros2' build argument 'catkin_cmake_args' from command line to 'None'
[0.152s] Level 5:colcon.colcon_core.verb:set package 'webots_ros2' build argument 'catkin_skip_building_tests' from command line to 'False'
[0.152s] DEBUG:colcon.colcon_core.verb:Building package 'webots_ros2' with the following arguments: {'ament_cmake_args': None, 'build_base': '/MRTP/MRTP/src/build/webots_ros2', 'catkin_cmake_args': None, 'catkin_skip_building_tests': False, 'cmake_args': None, 'cmake_clean_cache': False, 'cmake_clean_first': False, 'cmake_force_configure': False, 'cmake_target': None, 'cmake_target_skip_unavailable': False, 'install_base': '/MRTP/MRTP/src/install/webots_ros2', 'merge_install': False, 'path': '/MRTP/MRTP/src/webots_ros2/webots_ros2', 'symlink_install': True, 'test_result_base': None}
[0.152s] INFO:colcon.colcon_core.executor:Executing jobs using 'parallel' executor
[0.153s] DEBUG:colcon.colcon_parallel_executor.executor.parallel:run_until_complete
[0.153s] INFO:colcon.colcon_ros.task.ament_python.build:Building ROS package in '/MRTP/MRTP/src/webots_ros2/webots_ros2_importer' with build type 'ament_python'
[0.153s] Level 1:colcon.colcon_core.shell:create_environment_hook('webots_ros2_importer', 'ament_prefix_path')
[0.154s] INFO:colcon.colcon_core.plugin_system:Skipping extension 'colcon_core.shell.bat': Not used on non-Windows systems
[0.154s] INFO:colcon.colcon_core.shell:Creating environment hook '/MRTP/MRTP/src/install/webots_ros2_importer/share/webots_ros2_importer/hook/ament_prefix_path.ps1'
[0.155s] INFO:colcon.colcon_core.shell:Creating environment descriptor '/MRTP/MRTP/src/install/webots_ros2_importer/share/webots_ros2_importer/hook/ament_prefix_path.dsv'
[0.156s] INFO:colcon.colcon_core.shell:Creating environment hook '/MRTP/MRTP/src/install/webots_ros2_importer/share/webots_ros2_importer/hook/ament_prefix_path.sh'
[0.156s] INFO:colcon.colcon_core.shell:Skip shell extension 'powershell' for command environment: Not usable outside of PowerShell
[0.156s] DEBUG:colcon.colcon_core.shell:Skip shell extension 'dsv' for command environment
[0.159s] INFO:colcon.colcon_ros.task.ament_cmake.build:Building ROS package in '/MRTP/MRTP/src/webots_ros2/webots_ros2_msgs' with build type 'ament_cmake'
[0.159s] INFO:colcon.colcon_cmake.task.cmake.build:Building CMake package in '/MRTP/MRTP/src/webots_ros2/webots_ros2_msgs'
[0.159s] INFO:colcon.colcon_core.shell:Skip shell extension 'powershell' for command environment: Not usable outside of PowerShell
[0.159s] DEBUG:colcon.colcon_core.shell:Skip shell extension 'dsv' for command environment
[0.161s] INFO:colcon.colcon_ros.task.ament_python.build:Building ROS package in '/MRTP/MRTP/src/gazeboenvs' with build type 'ament_python'
[0.161s] Level 1:colcon.colcon_core.shell:create_environment_hook('gazeboenvs', 'ament_prefix_path')
[0.161s] INFO:colcon.colcon_core.shell:Creating environment hook '/MRTP/MRTP/src/install/gazeboenvs/share/gazeboenvs/hook/ament_prefix_path.ps1'
[0.163s] INFO:colcon.colcon_core.shell:Creating environment descriptor '/MRTP/MRTP/src/install/gazeboenvs/share/gazeboenvs/hook/ament_prefix_path.dsv'
[0.163s] INFO:colcon.colcon_core.shell:Creating environment hook '/MRTP/MRTP/src/install/gazeboenvs/share/gazeboenvs/hook/ament_prefix_path.sh'
[0.164s] INFO:colcon.colcon_core.shell:Skip shell extension 'powershell' for command environment: Not usable outside of PowerShell
[0.164s] DEBUG:colcon.colcon_core.shell:Skip shell extension 'dsv' for command environment
[0.256s] INFO:colcon.colcon_core.task.python.build:Building Python package in '/MRTP/MRTP/src/webots_ros2/webots_ros2_importer'
[0.257s] INFO:colcon.colcon_core.shell:Skip shell extension 'powershell' for command environment: Not usable outside of PowerShell
[0.257s] DEBUG:colcon.colcon_core.shell:Skip shell extension 'dsv' for command environment
[0.264s] DEBUG:colcon.colcon_core.event_handler.log_command:Invoking command in '/MRTP/MRTP/src/build/webots_ros2_msgs': CMAKE_PREFIX_PATH=${CMAKE_PREFIX_PATH}:/opt/ros/jazzy PS1=(.venv) \[\e]0;\u@\h: \w\a\]${debian_chroot:+($debian_chroot)}\u@\h:\w\$ VIRTUAL_ENV_PROMPT=(.venv) /usr/bin/cmake /MRTP/MRTP/src/webots_ros2/webots_ros2_msgs -DAMENT_CMAKE_SYMLINK_INSTALL=1 -DCMAKE_INSTALL_PREFIX=/MRTP/MRTP/src/install/webots_ros2_msgs
[0.370s] INFO:colcon.colcon_core.task.python.build:Building Python package in '/MRTP/MRTP/src/gazeboenvs'
[0.370s] INFO:colcon.colcon_core.shell:Skip shell extension 'powershell' for command environment: Not usable outside of PowerShell
[0.370s] DEBUG:colcon.colcon_core.shell:Skip shell extension 'dsv' for command environment
[0.653s] DEBUG:colcon.colcon_core.event_handler.log_command:Invoking command in '/MRTP/MRTP/src/build/webots_ros2_importer': PS1=(.venv) \[\e]0;\u@\h: \w\a\]${debian_chroot:+($debian_chroot)}\u@\h:\w\$ PYTHONPATH=/MRTP/MRTP/src/build/webots_ros2_importer/prefix_override:/usr/lib/python3/dist-packages/colcon_core/task/python/colcon_distutils_commands:/MRTP/MRTP/src/install/webots_ros2_importer/lib/python3.12/site-packages:${PYTHONPATH} VIRTUAL_ENV_PROMPT=(.venv) /usr/bin/python3 -W ignore:setup.py install is deprecated -W ignore:easy_install command is deprecated setup.py develop --editable --build-directory /MRTP/MRTP/src/build/webots_ros2_importer/build --no-deps symlink_data
[0.664s] DEBUG:colcon.colcon_core.event_handler.log_command:Invoking command in '/MRTP/MRTP/src/build/gazeboenvs': PS1=(.venv) \[\e]0;\u@\h: \w\a\]${debian_chroot:+($debian_chroot)}\u@\h:\w\$ PYTHONPATH=/MRTP/MRTP/src/build/gazeboenvs/prefix_override:/usr/lib/python3/dist-packages/colcon_core/task/python/colcon_distutils_commands:/MRTP/MRTP/src/install/gazeboenvs/lib/python3.12/site-packages:${PYTHONPATH} VIRTUAL_ENV_PROMPT=(.venv) /usr/bin/python3 -W ignore:setup.py install is deprecated -W ignore:easy_install command is deprecated setup.py develop --editable --build-directory /MRTP/MRTP/src/build/gazeboenvs/build --no-deps symlink_data
[0.957s] Level 1:colcon.colcon_core.shell:create_environment_hook('webots_ros2_importer', 'pythonpath_develop')
[0.957s] INFO:colcon.colcon_core.shell:Creating environment hook '/MRTP/MRTP/src/build/webots_ros2_importer/share/webots_ros2_importer/hook/pythonpath_develop.ps1'
[0.958s] DEBUG:colcon.colcon_core.event_handler.log_command:Invoked command in '/MRTP/MRTP/src/build/webots_ros2_importer' returned '0': PS1=(.venv) \[\e]0;\u@\h: \w\a\]${debian_chroot:+($debian_chroot)}\u@\h:\w\$ PYTHONPATH=/MRTP/MRTP/src/build/webots_ros2_importer/prefix_override:/usr/lib/python3/dist-packages/colcon_core/task/python/colcon_distutils_commands:/MRTP/MRTP/src/install/webots_ros2_importer/lib/python3.12/site-packages:${PYTHONPATH} VIRTUAL_ENV_PROMPT=(.venv) /usr/bin/python3 -W ignore:setup.py install is deprecated -W ignore:easy_install command is deprecated setup.py develop --editable --build-directory /MRTP/MRTP/src/build/webots_ros2_importer/build --no-deps symlink_data
[0.959s] INFO:colcon.colcon_core.shell:Creating environment descriptor '/MRTP/MRTP/src/build/webots_ros2_importer/share/webots_ros2_importer/hook/pythonpath_develop.dsv'
[0.960s] INFO:colcon.colcon_core.shell:Creating environment hook '/MRTP/MRTP/src/build/webots_ros2_importer/share/webots_ros2_importer/hook/pythonpath_develop.sh'
[0.963s] Level 1:colcon.colcon_core.environment:checking '/MRTP/MRTP/src/install/webots_ros2_importer' for CMake module files
[0.966s] Level 1:colcon.colcon_core.environment:checking '/MRTP/MRTP/src/install/webots_ros2_importer' for CMake config files
[0.970s] Level 1:colcon.colcon_core.environment:checking '/MRTP/MRTP/src/install/webots_ros2_importer/lib'
[0.970s] Level 1:colcon.colcon_core.environment:checking '/MRTP/MRTP/src/install/webots_ros2_importer/bin'
[0.970s] Level 1:colcon.colcon_core.environment:checking '/MRTP/MRTP/src/install/webots_ros2_importer/lib/pkgconfig/webots_ros2_importer.pc'
[0.971s] Level 1:colcon.colcon_core.environment:checking '/MRTP/MRTP/src/install/webots_ros2_importer/lib/python3.12/site-packages'
[0.971s] Level 1:colcon.colcon_core.shell:create_environment_hook('webots_ros2_importer', 'pythonpath')
[0.971s] INFO:colcon.colcon_core.shell:Creating environment hook '/MRTP/MRTP/src/install/webots_ros2_importer/share/webots_ros2_importer/hook/pythonpath.ps1'
[0.972s] INFO:colcon.colcon_core.shell:Creating environment descriptor '/MRTP/MRTP/src/install/webots_ros2_importer/share/webots_ros2_importer/hook/pythonpath.dsv'
[0.972s] INFO:colcon.colcon_core.shell:Creating environment hook '/MRTP/MRTP/src/install/webots_ros2_importer/share/webots_ros2_importer/hook/pythonpath.sh'
[0.973s] Level 1:colcon.colcon_core.environment:checking '/MRTP/MRTP/src/install/webots_ros2_importer/bin'
[0.973s] Level 1:colcon.colcon_core.environment:create_environment_scripts_only(webots_ros2_importer)
[0.973s] INFO:colcon.colcon_core.shell:Creating package script '/MRTP/MRTP/src/install/webots_ros2_importer/share/webots_ros2_importer/package.ps1'
[0.974s] INFO:colcon.colcon_core.shell:Creating package descriptor '/MRTP/MRTP/src/install/webots_ros2_importer/share/webots_ros2_importer/package.dsv'
[0.975s] INFO:colcon.colcon_core.shell:Creating package script '/MRTP/MRTP/src/install/webots_ros2_importer/share/webots_ros2_importer/package.sh'
[0.976s] INFO:colcon.colcon_core.shell:Creating package script '/MRTP/MRTP/src/install/webots_ros2_importer/share/webots_ros2_importer/package.bash'
[0.977s] INFO:colcon.colcon_core.shell:Creating package script '/MRTP/MRTP/src/install/webots_ros2_importer/share/webots_ros2_importer/package.zsh'
[0.978s] Level 1:colcon.colcon_core.environment:create_file_with_runtime_dependencies(/MRTP/MRTP/src/install/webots_ros2_importer/share/colcon-core/packages/webots_ros2_importer)
[0.990s] Level 1:colcon.colcon_core.shell:create_environment_hook('gazeboenvs', 'pythonpath_develop')
[0.990s] INFO:colcon.colcon_core.shell:Creating environment hook '/MRTP/MRTP/src/build/gazeboenvs/share/gazeboenvs/hook/pythonpath_develop.ps1'
[0.991s] DEBUG:colcon.colcon_core.event_handler.log_command:Invoked command in '/MRTP/MRTP/src/build/gazeboenvs' returned '0': PS1=(.venv) \[\e]0;\u@\h: \w\a\]${debian_chroot:+($debian_chroot)}\u@\h:\w\$ PYTHONPATH=/MRTP/MRTP/src/build/gazeboenvs/prefix_override:/usr/lib/python3/dist-packages/colcon_core/task/python/colcon_distutils_commands:/MRTP/MRTP/src/install/gazeboenvs/lib/python3.12/site-packages:${PYTHONPATH} VIRTUAL_ENV_PROMPT=(.venv) /usr/bin/python3 -W ignore:setup.py install is deprecated -W ignore:easy_install command is deprecated setup.py develop --editable --build-directory /MRTP/MRTP/src/build/gazeboenvs/build --no-deps symlink_data
[0.991s] INFO:colcon.colcon_core.shell:Creating environment descriptor '/MRTP/MRTP/src/build/gazeboenvs/share/gazeboenvs/hook/pythonpath_develop.dsv'
[0.992s] INFO:colcon.colcon_core.shell:Creating environment hook '/MRTP/MRTP/src/build/gazeboenvs/share/gazeboenvs/hook/pythonpath_develop.sh'
[0.992s] Level 1:colcon.colcon_core.environment:checking '/MRTP/MRTP/src/install/gazeboenvs' for CMake module files
[0.993s] Level 1:colcon.colcon_core.environment:checking '/MRTP/MRTP/src/install/gazeboenvs' for CMake config files
[0.995s] Level 1:colcon.colcon_core.environment:checking '/MRTP/MRTP/src/install/gazeboenvs/lib'
[0.996s] Level 1:colcon.colcon_core.environment:checking '/MRTP/MRTP/src/install/gazeboenvs/bin'
[0.996s] Level 1:colcon.colcon_core.environment:checking '/MRTP/MRTP/src/install/gazeboenvs/lib/pkgconfig/gazeboenvs.pc'
[0.996s] Level 1:colcon.colcon_core.environment:checking '/MRTP/MRTP/src/install/gazeboenvs/lib/python3.12/site-packages'
[0.996s] Level 1:colcon.colcon_core.shell:create_environment_hook('gazeboenvs', 'pythonpath')
[0.996s] INFO:colcon.colcon_core.shell:Creating environment hook '/MRTP/MRTP/src/install/gazeboenvs/share/gazeboenvs/hook/pythonpath.ps1'
[0.997s] INFO:colcon.colcon_core.shell:Creating environment descriptor '/MRTP/MRTP/src/install/gazeboenvs/share/gazeboenvs/hook/pythonpath.dsv'
[0.997s] INFO:colcon.colcon_core.shell:Creating environment hook '/MRTP/MRTP/src/install/gazeboenvs/share/gazeboenvs/hook/pythonpath.sh'
[0.997s] Level 1:colcon.colcon_core.environment:checking '/MRTP/MRTP/src/install/gazeboenvs/bin'
[0.998s] Level 1:colcon.colcon_core.environment:create_environment_scripts_only(gazeboenvs)
[0.998s] INFO:colcon.colcon_core.shell:Creating package script '/MRTP/MRTP/src/install/gazeboenvs/share/gazeboenvs/package.ps1'
[0.998s] INFO:colcon.colcon_core.shell:Creating package descriptor '/MRTP/MRTP/src/install/gazeboenvs/share/gazeboenvs/package.dsv'
[0.999s] INFO:colcon.colcon_core.shell:Creating package script '/MRTP/MRTP/src/install/gazeboenvs/share/gazeboenvs/package.sh'
[0.999s] INFO:colcon.colcon_core.shell:Creating package script '/MRTP/MRTP/src/install/gazeboenvs/share/gazeboenvs/package.bash'
[1.000s] INFO:colcon.colcon_core.shell:Creating package script '/MRTP/MRTP/src/install/gazeboenvs/share/gazeboenvs/package.zsh'
[1.000s] Level 1:colcon.colcon_core.environment:create_file_with_runtime_dependencies(/MRTP/MRTP/src/install/gazeboenvs/share/colcon-core/packages/gazeboenvs)
[2.583s] DEBUG:colcon.colcon_core.event_handler.log_command:Invoked command in '/MRTP/MRTP/src/build/webots_ros2_msgs' returned '0': CMAKE_PREFIX_PATH=${CMAKE_PREFIX_PATH}:/opt/ros/jazzy PS1=(.venv) \[\e]0;\u@\h: \w\a\]${debian_chroot:+($debian_chroot)}\u@\h:\w\$ VIRTUAL_ENV_PROMPT=(.venv) /usr/bin/cmake /MRTP/MRTP/src/webots_ros2/webots_ros2_msgs -DAMENT_CMAKE_SYMLINK_INSTALL=1 -DCMAKE_INSTALL_PREFIX=/MRTP/MRTP/src/install/webots_ros2_msgs
[2.584s] DEBUG:colcon.colcon_core.event_handler.log_command:Invoking command in '/MRTP/MRTP/src/build/webots_ros2_msgs': CMAKE_PREFIX_PATH=${CMAKE_PREFIX_PATH}:/opt/ros/jazzy PS1=(.venv) \[\e]0;\u@\h: \w\a\]${debian_chroot:+($debian_chroot)}\u@\h:\w\$ VIRTUAL_ENV_PROMPT=(.venv) /usr/bin/cmake --build /MRTP/MRTP/src/build/webots_ros2_msgs -- -j12 -l12
[8.029s] DEBUG:colcon.colcon_core.event_handler.log_command:Invoked command in '/MRTP/MRTP/src/build/webots_ros2_msgs' returned '0': CMAKE_PREFIX_PATH=${CMAKE_PREFIX_PATH}:/opt/ros/jazzy PS1=(.venv) \[\e]0;\u@\h: \w\a\]${debian_chroot:+($debian_chroot)}\u@\h:\w\$ VIRTUAL_ENV_PROMPT=(.venv) /usr/bin/cmake --build /MRTP/MRTP/src/build/webots_ros2_msgs -- -j12 -l12
[8.034s] DEBUG:colcon.colcon_core.event_handler.log_command:Invoking command in '/MRTP/MRTP/src/build/webots_ros2_msgs': CMAKE_PREFIX_PATH=${CMAKE_PREFIX_PATH}:/opt/ros/jazzy PS1=(.venv) \[\e]0;\u@\h: \w\a\]${debian_chroot:+($debian_chroot)}\u@\h:\w\$ VIRTUAL_ENV_PROMPT=(.venv) /usr/bin/cmake --install /MRTP/MRTP/src/build/webots_ros2_msgs
[9.304s] Level 1:colcon.colcon_core.environment:create_environment_scripts_only(webots_ros2_msgs)
[9.304s] Level 1:colcon.colcon_core.environment:checking '/MRTP/MRTP/src/install/webots_ros2_msgs' for CMake module files
[9.304s] DEBUG:colcon.colcon_core.event_handler.log_command:Invoked command in '/MRTP/MRTP/src/build/webots_ros2_msgs' returned '0': CMAKE_PREFIX_PATH=${CMAKE_PREFIX_PATH}:/opt/ros/jazzy PS1=(.venv) \[\e]0;\u@\h: \w\a\]${debian_chroot:+($debian_chroot)}\u@\h:\w\$ VIRTUAL_ENV_PROMPT=(.venv) /usr/bin/cmake --install /MRTP/MRTP/src/build/webots_ros2_msgs
[9.306s] Level 1:colcon.colcon_core.environment:checking '/MRTP/MRTP/src/install/webots_ros2_msgs' for CMake config files
[9.314s] Level 1:colcon.colcon_core.shell:create_environment_hook('webots_ros2_msgs', 'cmake_prefix_path')
[9.314s] INFO:colcon.colcon_core.shell:Creating environment hook '/MRTP/MRTP/src/install/webots_ros2_msgs/share/webots_ros2_msgs/hook/cmake_prefix_path.ps1'
[9.315s] INFO:colcon.colcon_core.shell:Creating environment descriptor '/MRTP/MRTP/src/install/webots_ros2_msgs/share/webots_ros2_msgs/hook/cmake_prefix_path.dsv'
[9.315s] INFO:colcon.colcon_core.shell:Creating environment hook '/MRTP/MRTP/src/install/webots_ros2_msgs/share/webots_ros2_msgs/hook/cmake_prefix_path.sh'
[9.316s] Level 1:colcon.colcon_core.environment:checking '/MRTP/MRTP/src/install/webots_ros2_msgs/lib'
[9.316s] Level 1:colcon.colcon_core.shell:create_environment_hook('webots_ros2_msgs', 'ld_library_path_lib')
[9.316s] INFO:colcon.colcon_core.shell:Creating environment hook '/MRTP/MRTP/src/install/webots_ros2_msgs/share/webots_ros2_msgs/hook/ld_library_path_lib.ps1'
[9.317s] INFO:colcon.colcon_core.shell:Creating environment descriptor '/MRTP/MRTP/src/install/webots_ros2_msgs/share/webots_ros2_msgs/hook/ld_library_path_lib.dsv'
[9.317s] INFO:colcon.colcon_core.shell:Creating environment hook '/MRTP/MRTP/src/install/webots_ros2_msgs/share/webots_ros2_msgs/hook/ld_library_path_lib.sh'
[9.317s] Level 1:colcon.colcon_core.environment:checking '/MRTP/MRTP/src/install/webots_ros2_msgs/bin'
[9.317s] Level 1:colcon.colcon_core.environment:checking '/MRTP/MRTP/src/install/webots_ros2_msgs/lib/pkgconfig/webots_ros2_msgs.pc'
[9.318s] Level 1:colcon.colcon_core.environment:checking '/MRTP/MRTP/src/install/webots_ros2_msgs/lib/python3.12/site-packages'
[9.318s] Level 1:colcon.colcon_core.shell:create_environment_hook('webots_ros2_msgs', 'pythonpath')
[9.318s] INFO:colcon.colcon_core.shell:Creating environment hook '/MRTP/MRTP/src/install/webots_ros2_msgs/share/webots_ros2_msgs/hook/pythonpath.ps1'
[9.318s] INFO:colcon.colcon_core.shell:Creating environment descriptor '/MRTP/MRTP/src/install/webots_ros2_msgs/share/webots_ros2_msgs/hook/pythonpath.dsv'
[9.318s] INFO:colcon.colcon_core.shell:Creating environment hook '/MRTP/MRTP/src/install/webots_ros2_msgs/share/webots_ros2_msgs/hook/pythonpath.sh'
[9.319s] Level 1:colcon.colcon_core.environment:checking '/MRTP/MRTP/src/install/webots_ros2_msgs/bin'
[9.319s] INFO:colcon.colcon_core.shell:Creating package script '/MRTP/MRTP/src/install/webots_ros2_msgs/share/webots_ros2_msgs/package.ps1'
[9.319s] INFO:colcon.colcon_core.shell:Creating package descriptor '/MRTP/MRTP/src/install/webots_ros2_msgs/share/webots_ros2_msgs/package.dsv'
[9.320s] INFO:colcon.colcon_core.shell:Creating package script '/MRTP/MRTP/src/install/webots_ros2_msgs/share/webots_ros2_msgs/package.sh'
[9.320s] INFO:colcon.colcon_core.shell:Creating package script '/MRTP/MRTP/src/install/webots_ros2_msgs/share/webots_ros2_msgs/package.bash'
[9.321s] INFO:colcon.colcon_core.shell:Creating package script '/MRTP/MRTP/src/install/webots_ros2_msgs/share/webots_ros2_msgs/package.zsh'
[9.321s] Level 1:colcon.colcon_core.environment:create_file_with_runtime_dependencies(/MRTP/MRTP/src/install/webots_ros2_msgs/share/colcon-core/packages/webots_ros2_msgs)
[9.322s] Level 1:colcon.colcon_core.environment:create_environment_scripts_only(webots_ros2_msgs)
[9.322s] Level 1:colcon.colcon_core.environment:checking '/MRTP/MRTP/src/install/webots_ros2_msgs' for CMake module files
[9.324s] Level 1:colcon.colcon_core.environment:checking '/MRTP/MRTP/src/install/webots_ros2_msgs' for CMake config files
[9.331s] Level 1:colcon.colcon_core.shell:create_environment_hook('webots_ros2_msgs', 'cmake_prefix_path')
[9.331s] INFO:colcon.colcon_core.shell:Creating environment hook '/MRTP/MRTP/src/install/webots_ros2_msgs/share/webots_ros2_msgs/hook/cmake_prefix_path.ps1'
[9.332s] INFO:colcon.colcon_core.shell:Creating environment descriptor '/MRTP/MRTP/src/install/webots_ros2_msgs/share/webots_ros2_msgs/hook/cmake_prefix_path.dsv'
[9.332s] INFO:colcon.colcon_core.shell:Creating environment hook '/MRTP/MRTP/src/install/webots_ros2_msgs/share/webots_ros2_msgs/hook/cmake_prefix_path.sh'
[9.332s] Level 1:colcon.colcon_core.environment:checking '/MRTP/MRTP/src/install/webots_ros2_msgs/lib'
[9.333s] Level 1:colcon.colcon_core.shell:create_environment_hook('webots_ros2_msgs', 'ld_library_path_lib')
[9.333s] INFO:colcon.colcon_core.shell:Creating environment hook '/MRTP/MRTP/src/install/webots_ros2_msgs/share/webots_ros2_msgs/hook/ld_library_path_lib.ps1'
[9.333s] INFO:colcon.colcon_core.shell:Creating environment descriptor '/MRTP/MRTP/src/install/webots_ros2_msgs/share/webots_ros2_msgs/hook/ld_library_path_lib.dsv'
[9.333s] INFO:colcon.colcon_core.shell:Creating environment hook '/MRTP/MRTP/src/install/webots_ros2_msgs/share/webots_ros2_msgs/hook/ld_library_path_lib.sh'
[9.334s] Level 1:colcon.colcon_core.environment:checking '/MRTP/MRTP/src/install/webots_ros2_msgs/bin'
[9.334s] Level 1:colcon.colcon_core.environment:checking '/MRTP/MRTP/src/install/webots_ros2_msgs/lib/pkgconfig/webots_ros2_msgs.pc'
[9.334s] Level 1:colcon.colcon_core.environment:checking '/MRTP/MRTP/src/install/webots_ros2_msgs/lib/python3.12/site-packages'
[9.334s] Level 1:colcon.colcon_core.shell:create_environment_hook('webots_ros2_msgs', 'pythonpath')
[9.334s] INFO:colcon.colcon_core.shell:Creating environment hook '/MRTP/MRTP/src/install/webots_ros2_msgs/share/webots_ros2_msgs/hook/pythonpath.ps1'
[9.334s] INFO:colcon.colcon_core.shell:Creating environment descriptor '/MRTP/MRTP/src/install/webots_ros2_msgs/share/webots_ros2_msgs/hook/pythonpath.dsv'
[9.334s] INFO:colcon.colcon_core.shell:Creating environment hook '/MRTP/MRTP/src/install/webots_ros2_msgs/share/webots_ros2_msgs/hook/pythonpath.sh'
[9.335s] Level 1:colcon.colcon_core.environment:checking '/MRTP/MRTP/src/install/webots_ros2_msgs/bin'
[9.335s] INFO:colcon.colcon_core.shell:Creating package script '/MRTP/MRTP/src/install/webots_ros2_msgs/share/webots_ros2_msgs/package.ps1'
[9.335s] INFO:colcon.colcon_core.shell:Creating package descriptor '/MRTP/MRTP/src/install/webots_ros2_msgs/share/webots_ros2_msgs/package.dsv'
[9.336s] INFO:colcon.colcon_core.shell:Creating package script '/MRTP/MRTP/src/install/webots_ros2_msgs/share/webots_ros2_msgs/package.sh'
[9.336s] INFO:colcon.colcon_core.shell:Creating package script '/MRTP/MRTP/src/install/webots_ros2_msgs/share/webots_ros2_msgs/package.bash'
[9.336s] INFO:colcon.colcon_core.shell:Creating package script '/MRTP/MRTP/src/install/webots_ros2_msgs/share/webots_ros2_msgs/package.zsh'
[9.337s] Level 1:colcon.colcon_core.environment:create_file_with_runtime_dependencies(/MRTP/MRTP/src/install/webots_ros2_msgs/share/colcon-core/packages/webots_ros2_msgs)
[9.337s] INFO:colcon.colcon_ros.task.ament_cmake.build:Building ROS package in '/MRTP/MRTP/src/webots_ros2/webots_ros2_driver' with build type 'ament_cmake'
[9.337s] INFO:colcon.colcon_cmake.task.cmake.build:Building CMake package in '/MRTP/MRTP/src/webots_ros2/webots_ros2_driver'
[9.337s] INFO:colcon.colcon_core.shell:Skip shell extension 'powershell' for command environment: Not usable outside of PowerShell
[9.337s] DEBUG:colcon.colcon_core.shell:Skip shell extension 'dsv' for command environment
[9.347s] DEBUG:colcon.colcon_core.event_handler.log_command:Invoking command in '/MRTP/MRTP/src/build/webots_ros2_driver': AMENT_PREFIX_PATH=/MRTP/MRTP/src/install/webots_ros2_msgs:/MRTP/MRTP/src/install/webots_ros2_importer:${AMENT_PREFIX_PATH} CMAKE_PREFIX_PATH=/MRTP/MRTP/src/install/webots_ros2_msgs:/opt/ros/jazzy/opt/gz_sim_vendor:/opt/ros/jazzy/opt/gz_sensors_vendor:/opt/ros/jazzy/opt/gz_physics_vendor:/opt/ros/jazzy/opt/sdformat_vendor:/opt/ros/jazzy/opt/gz_gui_vendor:/opt/ros/jazzy/opt/gz_transport_vendor:/opt/ros/jazzy/opt/gz_rendering_vendor:/opt/ros/jazzy/opt/gz_plugin_vendor:/opt/ros/jazzy/opt/gz_fuel_tools_vendor:/opt/ros/jazzy/opt/gz_msgs_vendor:/opt/ros/jazzy/opt/gz_common_vendor:/opt/ros/jazzy/opt/gz_math_vendor:/opt/ros/jazzy/opt/gz_utils_vendor:/opt/ros/jazzy/opt/gz_tools_vendor:/opt/ros/jazzy/opt/gz_ogre_next_vendor:/opt/ros/jazzy/opt/gz_dartsim_vendor:/opt/ros/jazzy/opt/gz_cmake_vendor:/opt/ros/jazzy LD_LIBRARY_PATH=/MRTP/MRTP/src/install/webots_ros2_msgs/lib:${LD_LIBRARY_PATH} PS1=(.venv) \[\e]0;\u@\h: \w\a\]${debian_chroot:+($debian_chroot)}\u@\h:\w\$ PYTHONPATH=/MRTP/MRTP/src/install/webots_ros2_msgs/lib/python3.12/site-packages:/MRTP/MRTP/src/build/webots_ros2_importer:/MRTP/MRTP/src/install/webots_ros2_importer/lib/python3.12/site-packages:${PYTHONPATH} VIRTUAL_ENV_PROMPT=(.venv) /usr/bin/cmake /MRTP/MRTP/src/webots_ros2/webots_ros2_driver -DAMENT_CMAKE_SYMLINK_INSTALL=1 -DCMAKE_INSTALL_PREFIX=/MRTP/MRTP/src/install/webots_ros2_driver
[10.620s] DEBUG:colcon.colcon_core.event_handler.log_command:Invoked command in '/MRTP/MRTP/src/build/webots_ros2_driver' returned '0': AMENT_PREFIX_PATH=/MRTP/MRTP/src/install/webots_ros2_msgs:/MRTP/MRTP/src/install/webots_ros2_importer:${AMENT_PREFIX_PATH} CMAKE_PREFIX_PATH=/MRTP/MRTP/src/install/webots_ros2_msgs:/opt/ros/jazzy/opt/gz_sim_vendor:/opt/ros/jazzy/opt/gz_sensors_vendor:/opt/ros/jazzy/opt/gz_physics_vendor:/opt/ros/jazzy/opt/sdformat_vendor:/opt/ros/jazzy/opt/gz_gui_vendor:/opt/ros/jazzy/opt/gz_transport_vendor:/opt/ros/jazzy/opt/gz_rendering_vendor:/opt/ros/jazzy/opt/gz_plugin_vendor:/opt/ros/jazzy/opt/gz_fuel_tools_vendor:/opt/ros/jazzy/opt/gz_msgs_vendor:/opt/ros/jazzy/opt/gz_common_vendor:/opt/ros/jazzy/opt/gz_math_vendor:/opt/ros/jazzy/opt/gz_utils_vendor:/opt/ros/jazzy/opt/gz_tools_vendor:/opt/ros/jazzy/opt/gz_ogre_next_vendor:/opt/ros/jazzy/opt/gz_dartsim_vendor:/opt/ros/jazzy/opt/gz_cmake_vendor:/opt/ros/jazzy LD_LIBRARY_PATH=/MRTP/MRTP/src/install/webots_ros2_msgs/lib:${LD_LIBRARY_PATH} PS1=(.venv) \[\e]0;\u@\h: \w\a\]${debian_chroot:+($debian_chroot)}\u@\h:\w\$ PYTHONPATH=/MRTP/MRTP/src/install/webots_ros2_msgs/lib/python3.12/site-packages:/MRTP/MRTP/src/build/webots_ros2_importer:/MRTP/MRTP/src/install/webots_ros2_importer/lib/python3.12/site-packages:${PYTHONPATH} VIRTUAL_ENV_PROMPT=(.venv) /usr/bin/cmake /MRTP/MRTP/src/webots_ros2/webots_ros2_driver -DAMENT_CMAKE_SYMLINK_INSTALL=1 -DCMAKE_INSTALL_PREFIX=/MRTP/MRTP/src/install/webots_ros2_driver
[10.621s] DEBUG:colcon.colcon_core.event_handler.log_command:Invoking command in '/MRTP/MRTP/src/build/webots_ros2_driver': AMENT_PREFIX_PATH=/MRTP/MRTP/src/install/webots_ros2_msgs:/MRTP/MRTP/src/install/webots_ros2_importer:${AMENT_PREFIX_PATH} CMAKE_PREFIX_PATH=/MRTP/MRTP/src/install/webots_ros2_msgs:/opt/ros/jazzy/opt/gz_sim_vendor:/opt/ros/jazzy/opt/gz_sensors_vendor:/opt/ros/jazzy/opt/gz_physics_vendor:/opt/ros/jazzy/opt/sdformat_vendor:/opt/ros/jazzy/opt/gz_gui_vendor:/opt/ros/jazzy/opt/gz_transport_vendor:/opt/ros/jazzy/opt/gz_rendering_vendor:/opt/ros/jazzy/opt/gz_plugin_vendor:/opt/ros/jazzy/opt/gz_fuel_tools_vendor:/opt/ros/jazzy/opt/gz_msgs_vendor:/opt/ros/jazzy/opt/gz_common_vendor:/opt/ros/jazzy/opt/gz_math_vendor:/opt/ros/jazzy/opt/gz_utils_vendor:/opt/ros/jazzy/opt/gz_tools_vendor:/opt/ros/jazzy/opt/gz_ogre_next_vendor:/opt/ros/jazzy/opt/gz_dartsim_vendor:/opt/ros/jazzy/opt/gz_cmake_vendor:/opt/ros/jazzy LD_LIBRARY_PATH=/MRTP/MRTP/src/install/webots_ros2_msgs/lib:${LD_LIBRARY_PATH} PS1=(.venv) \[\e]0;\u@\h: \w\a\]${debian_chroot:+($debian_chroot)}\u@\h:\w\$ PYTHONPATH=/MRTP/MRTP/src/install/webots_ros2_msgs/lib/python3.12/site-packages:/MRTP/MRTP/src/build/webots_ros2_importer:/MRTP/MRTP/src/install/webots_ros2_importer/lib/python3.12/site-packages:${PYTHONPATH} VIRTUAL_ENV_PROMPT=(.venv) /usr/bin/cmake --build /MRTP/MRTP/src/build/webots_ros2_driver -- -j12 -l12
[10.883s] DEBUG:colcon.colcon_core.event_handler.log_command:Invoked command in '/MRTP/MRTP/src/build/webots_ros2_driver' returned '2': AMENT_PREFIX_PATH=/MRTP/MRTP/src/install/webots_ros2_msgs:/MRTP/MRTP/src/install/webots_ros2_importer:${AMENT_PREFIX_PATH} CMAKE_PREFIX_PATH=/MRTP/MRTP/src/install/webots_ros2_msgs:/opt/ros/jazzy/opt/gz_sim_vendor:/opt/ros/jazzy/opt/gz_sensors_vendor:/opt/ros/jazzy/opt/gz_physics_vendor:/opt/ros/jazzy/opt/sdformat_vendor:/opt/ros/jazzy/opt/gz_gui_vendor:/opt/ros/jazzy/opt/gz_transport_vendor:/opt/ros/jazzy/opt/gz_rendering_vendor:/opt/ros/jazzy/opt/gz_plugin_vendor:/opt/ros/jazzy/opt/gz_fuel_tools_vendor:/opt/ros/jazzy/opt/gz_msgs_vendor:/opt/ros/jazzy/opt/gz_common_vendor:/opt/ros/jazzy/opt/gz_math_vendor:/opt/ros/jazzy/opt/gz_utils_vendor:/opt/ros/jazzy/opt/gz_tools_vendor:/opt/ros/jazzy/opt/gz_ogre_next_vendor:/opt/ros/jazzy/opt/gz_dartsim_vendor:/opt/ros/jazzy/opt/gz_cmake_vendor:/opt/ros/jazzy LD_LIBRARY_PATH=/MRTP/MRTP/src/install/webots_ros2_msgs/lib:${LD_LIBRARY_PATH} PS1=(.venv) \[\e]0;\u@\h: \w\a\]${debian_chroot:+($debian_chroot)}\u@\h:\w\$ PYTHONPATH=/MRTP/MRTP/src/install/webots_ros2_msgs/lib/python3.12/site-packages:/MRTP/MRTP/src/build/webots_ros2_importer:/MRTP/MRTP/src/install/webots_ros2_importer/lib/python3.12/site-packages:${PYTHONPATH} VIRTUAL_ENV_PROMPT=(.venv) /usr/bin/cmake --build /MRTP/MRTP/src/build/webots_ros2_driver -- -j12 -l12
[10.883s] Level 1:colcon.colcon_core.environment:create_environment_scripts_only(webots_ros2_driver)
[10.883s] Level 1:colcon.colcon_core.environment:checking '/MRTP/MRTP/src/install/webots_ros2_driver' for CMake module files
[10.884s] Level 1:colcon.colcon_core.environment:checking '/MRTP/MRTP/src/install/webots_ros2_driver' for CMake config files
[10.884s] Level 1:colcon.colcon_core.environment:checking '/MRTP/MRTP/src/install/webots_ros2_driver/bin'
[10.884s] Level 1:colcon.colcon_core.environment:checking '/MRTP/MRTP/src/install/webots_ros2_driver/lib/pkgconfig/webots_ros2_driver.pc'
[10.884s] Level 1:colcon.colcon_core.environment:checking '/MRTP/MRTP/src/install/webots_ros2_driver/lib/python3.12/site-packages'
[10.885s] Level 1:colcon.colcon_core.environment:checking '/MRTP/MRTP/src/install/webots_ros2_driver/bin'
[10.885s] INFO:colcon.colcon_core.shell:Creating package script '/MRTP/MRTP/src/install/webots_ros2_driver/share/webots_ros2_driver/package.ps1'
[10.886s] INFO:colcon.colcon_core.shell:Creating package descriptor '/MRTP/MRTP/src/install/webots_ros2_driver/share/webots_ros2_driver/package.dsv'
[10.886s] INFO:colcon.colcon_core.shell:Creating package script '/MRTP/MRTP/src/install/webots_ros2_driver/share/webots_ros2_driver/package.sh'
[10.887s] INFO:colcon.colcon_core.shell:Creating package script '/MRTP/MRTP/src/install/webots_ros2_driver/share/webots_ros2_driver/package.bash'
[10.887s] INFO:colcon.colcon_core.shell:Creating package script '/MRTP/MRTP/src/install/webots_ros2_driver/share/webots_ros2_driver/package.zsh'
[10.887s] Level 1:colcon.colcon_core.environment:create_file_with_runtime_dependencies(/MRTP/MRTP/src/install/webots_ros2_driver/share/colcon-core/packages/webots_ros2_driver)
[10.899s] DEBUG:colcon.colcon_parallel_executor.executor.parallel:closing loop
[10.899s] DEBUG:colcon.colcon_parallel_executor.executor.parallel:loop closed
[10.899s] DEBUG:colcon.colcon_parallel_executor.executor.parallel:run_until_complete finished with '2'
[10.899s] DEBUG:colcon.colcon_core.event_reactor:joining thread
[10.918s] INFO:colcon.colcon_core.plugin_system:Skipping extension 'colcon_notification.desktop_notification.notify_send': Could not find 'notify-send'
[10.918s] INFO:colcon.colcon_core.plugin_system:Skipping extension 'colcon_notification.desktop_notification.terminal_notifier': Not used on non-Darwin systems
[10.919s] INFO:colcon.colcon_core.plugin_system:Skipping extension 'colcon_notification.desktop_notification.win32': Not used on non-Windows systems
[10.919s] INFO:colcon.colcon_notification.desktop_notification:Sending desktop notification using 'notify2'
[10.928s] DEBUG:colcon.colcon_notification.desktop_notification.notify2:Failed to initialize notify2: org.freedesktop.DBus.Error.Spawn.ExecFailed: /usr/bin/dbus-launch terminated abnormally with the following error: Autolaunch error: X11 initialization failed.

[10.928s] DEBUG:colcon.colcon_core.event_reactor:joined thread
[10.928s] INFO:colcon.colcon_core.shell:Creating prefix script '/MRTP/MRTP/src/install/local_setup.ps1'
[10.929s] INFO:colcon.colcon_core.shell:Creating prefix util module '/MRTP/MRTP/src/install/_local_setup_util_ps1.py'
[10.930s] INFO:colcon.colcon_core.shell:Creating prefix chain script '/MRTP/MRTP/src/install/setup.ps1'
[10.931s] INFO:colcon.colcon_core.shell:Creating prefix script '/MRTP/MRTP/src/install/local_setup.sh'
[10.933s] INFO:colcon.colcon_core.shell:Creating prefix util module '/MRTP/MRTP/src/install/_local_setup_util_sh.py'
[10.935s] INFO:colcon.colcon_core.shell:Creating prefix chain script '/MRTP/MRTP/src/install/setup.sh'
[10.937s] INFO:colcon.colcon_core.shell:Creating prefix script '/MRTP/MRTP/src/install/local_setup.bash'
[10.937s] INFO:colcon.colcon_core.shell:Creating prefix chain script '/MRTP/MRTP/src/install/setup.bash'
[10.938s] INFO:colcon.colcon_core.shell:Creating prefix script '/MRTP/MRTP/src/install/local_setup.zsh'
[10.938s] INFO:colcon.colcon_core.shell:Creating prefix chain script '/MRTP/MRTP/src/install/setup.zsh'
