running develop
running egg_info
creating gazeboenvs.egg-info
writing gazeboenvs.egg-info/PKG-INFO
writing dependency_links to gazeboenvs.egg-info/dependency_links.txt
writing requirements to gazeboenvs.egg-info/requires.txt
writing top-level names to gazeboenvs.egg-info/top_level.txt
writing manifest file 'gazeboenvs.egg-info/SOURCES.txt'
reading manifest file 'gazeboenvs.egg-info/SOURCES.txt'
writing manifest file 'gazeboenvs.egg-info/SOURCES.txt'
running build_ext
Creating /MRTP/MRTP/src/install/gazeboenvs/lib/python3.12/site-packages/gazeboenvs.egg-link (link to .)

Installed /MRTP/MRTP/src/build/gazeboenvs
running symlink_data
creating /MRTP/MRTP/src/install/gazeboenvs/share/ament_index
creating /MRTP/MRTP/src/install/gazeboenvs/share/ament_index/resource_index
creating /MRTP/MRTP/src/install/gazeboenvs/share/ament_index/resource_index/packages
symbolically linking /MRTP/MRTP/src/build/gazeboenvs/resource/gazeboenvs -> /MRTP/MRTP/src/install/gazeboenvs/share/ament_index/resource_index/packages
symbolically linking /MRTP/MRTP/src/build/gazeboenvs/package.xml -> /MRTP/MRTP/src/install/gazeboenvs/share/gazeboenvs
creating /MRTP/MRTP/src/install/gazeboenvs/share/gazeboenvs/launch
symbolically linking /MRTP/MRTP/src/build/gazeboenvs/launch/husky_orchard.launch.py -> /MRTP/MRTP/src/install/gazeboenvs/share/gazeboenvs/launch
symbolically linking /MRTP/MRTP/src/build/gazeboenvs/launch/tb4_warehouse.launch.py -> /MRTP/MRTP/src/install/gazeboenvs/share/gazeboenvs/launch
symbolically linking /MRTP/MRTP/src/build/gazeboenvs/launch/tb4_simulation.launch.py -> /MRTP/MRTP/src/install/gazeboenvs/share/gazeboenvs/launch
symbolically linking /MRTP/MRTP/src/build/gazeboenvs/launch/gazebo_husky.launch.py -> /MRTP/MRTP/src/install/gazeboenvs/share/gazeboenvs/launch
symbolically linking /MRTP/MRTP/src/build/gazeboenvs/launch/tb3_simulation.launch.py -> /MRTP/MRTP/src/install/gazeboenvs/share/gazeboenvs/launch
creating /MRTP/MRTP/src/install/gazeboenvs/share/gazeboenvs/params
symbolically linking /MRTP/MRTP/src/build/gazeboenvs/params/nav2_params_tb4.yaml -> /MRTP/MRTP/src/install/gazeboenvs/share/gazeboenvs/params
symbolically linking /MRTP/MRTP/src/build/gazeboenvs/params/nav2_params_wh_tb4.yaml -> /MRTP/MRTP/src/install/gazeboenvs/share/gazeboenvs/params
creating /MRTP/MRTP/src/install/gazeboenvs/share/gazeboenvs/params/indoor
symbolically linking /MRTP/MRTP/src/build/gazeboenvs/params/indoor/robot.yaml -> /MRTP/MRTP/src/install/gazeboenvs/share/gazeboenvs/params/indoor
creating /MRTP/MRTP/src/install/gazeboenvs/share/gazeboenvs/params/outdoor
symbolically linking /MRTP/MRTP/src/build/gazeboenvs/params/outdoor/robot.yaml -> /MRTP/MRTP/src/install/gazeboenvs/share/gazeboenvs/params/outdoor
