[0.503s] Invoking command in '/MRTP/MRTP/src/build/gazeboenvs': PS1=(.venv) \[\e]0;\u@\h: \w\a\]${debian_chroot:+($debian_chroot)}\u@\h:\w\$ PYTHONPATH=/MRTP/MRTP/src/build/gazeboenvs/prefix_override:/usr/lib/python3/dist-packages/colcon_core/task/python/colcon_distutils_commands:/MRTP/MRTP/src/install/gazeboenvs/lib/python3.12/site-packages:${PYTHONPATH} VIRTUAL_ENV_PROMPT=(.venv) /usr/bin/python3 -W ignore:setup.py install is deprecated -W ignore:easy_install command is deprecated setup.py develop --editable --build-directory /MRTP/MRTP/src/build/gazeboenvs/build --no-deps symlink_data
[0.655s] running develop
[0.749s] running egg_info
[0.750s] creating gazeboenvs.egg-info
[0.757s] writing gazeboenvs.egg-info/PKG-INFO
[0.761s] writing dependency_links to gazeboenvs.egg-info/dependency_links.txt
[0.761s] writing requirements to gazeboenvs.egg-info/requires.txt
[0.762s] writing top-level names to gazeboenvs.egg-info/top_level.txt
[0.762s] writing manifest file 'gazeboenvs.egg-info/SOURCES.txt'
[0.787s] reading manifest file 'gazeboenvs.egg-info/SOURCES.txt'
[0.788s] writing manifest file 'gazeboenvs.egg-info/SOURCES.txt'
[0.797s] running build_ext
[0.798s] Creating /MRTP/MRTP/src/install/gazeboenvs/lib/python3.12/site-packages/gazeboenvs.egg-link (link to .)
[0.798s] 
[0.799s] Installed /MRTP/MRTP/src/build/gazeboenvs
[0.800s] running symlink_data
[0.800s] creating /MRTP/MRTP/src/install/gazeboenvs/share/ament_index
[0.802s] creating /MRTP/MRTP/src/install/gazeboenvs/share/ament_index/resource_index
[0.802s] creating /MRTP/MRTP/src/install/gazeboenvs/share/ament_index/resource_index/packages
[0.803s] symbolically linking /MRTP/MRTP/src/build/gazeboenvs/resource/gazeboenvs -> /MRTP/MRTP/src/install/gazeboenvs/share/ament_index/resource_index/packages
[0.803s] symbolically linking /MRTP/MRTP/src/build/gazeboenvs/package.xml -> /MRTP/MRTP/src/install/gazeboenvs/share/gazeboenvs
[0.803s] creating /MRTP/MRTP/src/install/gazeboenvs/share/gazeboenvs/launch
[0.804s] symbolically linking /MRTP/MRTP/src/build/gazeboenvs/launch/husky_orchard.launch.py -> /MRTP/MRTP/src/install/gazeboenvs/share/gazeboenvs/launch
[0.804s] symbolically linking /MRTP/MRTP/src/build/gazeboenvs/launch/tb4_warehouse.launch.py -> /MRTP/MRTP/src/install/gazeboenvs/share/gazeboenvs/launch
[0.805s] symbolically linking /MRTP/MRTP/src/build/gazeboenvs/launch/tb4_simulation.launch.py -> /MRTP/MRTP/src/install/gazeboenvs/share/gazeboenvs/launch
[0.805s] symbolically linking /MRTP/MRTP/src/build/gazeboenvs/launch/gazebo_husky.launch.py -> /MRTP/MRTP/src/install/gazeboenvs/share/gazeboenvs/launch
[0.805s] symbolically linking /MRTP/MRTP/src/build/gazeboenvs/launch/tb3_simulation.launch.py -> /MRTP/MRTP/src/install/gazeboenvs/share/gazeboenvs/launch
[0.806s] creating /MRTP/MRTP/src/install/gazeboenvs/share/gazeboenvs/params
[0.806s] symbolically linking /MRTP/MRTP/src/build/gazeboenvs/params/nav2_params_tb4.yaml -> /MRTP/MRTP/src/install/gazeboenvs/share/gazeboenvs/params
[0.807s] symbolically linking /MRTP/MRTP/src/build/gazeboenvs/params/nav2_params_wh_tb4.yaml -> /MRTP/MRTP/src/install/gazeboenvs/share/gazeboenvs/params
[0.807s] creating /MRTP/MRTP/src/install/gazeboenvs/share/gazeboenvs/params/indoor
[0.807s] symbolically linking /MRTP/MRTP/src/build/gazeboenvs/params/indoor/robot.yaml -> /MRTP/MRTP/src/install/gazeboenvs/share/gazeboenvs/params/indoor
[0.808s] creating /MRTP/MRTP/src/install/gazeboenvs/share/gazeboenvs/params/outdoor
[0.808s] symbolically linking /MRTP/MRTP/src/build/gazeboenvs/params/outdoor/robot.yaml -> /MRTP/MRTP/src/install/gazeboenvs/share/gazeboenvs/params/outdoor
[0.829s] Invoked command in '/MRTP/MRTP/src/build/gazeboenvs' returned '0': PS1=(.venv) \[\e]0;\u@\h: \w\a\]${debian_chroot:+($debian_chroot)}\u@\h:\w\$ PYTHONPATH=/MRTP/MRTP/src/build/gazeboenvs/prefix_override:/usr/lib/python3/dist-packages/colcon_core/task/python/colcon_distutils_commands:/MRTP/MRTP/src/install/gazeboenvs/lib/python3.12/site-packages:${PYTHONPATH} VIRTUAL_ENV_PROMPT=(.venv) /usr/bin/python3 -W ignore:setup.py install is deprecated -W ignore:easy_install command is deprecated setup.py develop --editable --build-directory /MRTP/MRTP/src/build/gazeboenvs/build --no-deps symlink_data
